2023-10-18 22:07:52,417 [INFO] Activator:176 - 


2023-10-18 22:07:52,424 [INFO] Activator:177 - !SESSION log4j initialized
2023-10-18 22:08:00,211 [INFO] LogOutputStream:77 - [STDOUT_REDIRECT] 
2023-10-18 22:08:08,545 [INFO] ApplicationProperties:184 - Using Application install path: C:\ST\STM32CubeIDE_1.13.2\STM32CubeIDE\plugins\com.st.stm32cube.common.mx_6.9.2.202309101412
2023-10-18 22:08:08,562 [INFO] DbMcusXml:78 - Set database path to: C:\ST\STM32CubeIDE_1.13.2\STM32CubeIDE\plugins\com.st.stm32cube.common.mx_6.9.2.202309101412\\db\/mcu/
2023-10-18 22:08:08,562 [INFO] ApiDb:274 - Set plugin database path to: C:\ST\STM32CubeIDE_1.13.2\STM32CubeIDE\plugins\com.st.stm32cube.common.mx_6.9.2.202309101412\\db\/plugins/boardmanager/
2023-10-18 22:08:08,563 [WARN] ApiDb:259 - Overriding images path with different value:  => C:\ST\STM32CubeIDE_1.13.2\STM32CubeIDE\plugins\com.st.stm32cube.common.mx_6.9.2.202309101412\\db\/plugins/mcufinder/images/
2023-10-18 22:08:08,575 [INFO] ApiDb:250 - Set database path to: C:\Users\57310\.stmcufinder\plugins\mcufinder//mcu/
2023-10-18 22:08:08,576 [INFO] DbMcusAds:125 - Set database path to: C:\Users\57310\.stmcufinder\plugins\mcufinder//mcu/
2023-10-18 22:08:08,578 [INFO] CrossReferenceDbSqlite:203 - Set database path to: C:\Users\57310\.stmcufinder\plugins\mcufinder//mcu/cs/
2023-10-18 22:08:08,721 [INFO] RulesReader:64 - Compatibility file has been processed (293 Rules)
2023-10-18 22:08:08,813 [INFO] DbMcusXml:78 - Set database path to: C:\ST\STM32CubeIDE_1.13.2\STM32CubeIDE\plugins\com.st.stm32cube.common.mx_6.9.2.202309101412\\db\/mcu/
2023-10-18 22:08:08,813 [INFO] ApiDb:274 - Set plugin database path to: C:\ST\STM32CubeIDE_1.13.2\STM32CubeIDE\plugins\com.st.stm32cube.common.mx_6.9.2.202309101412\\db\/plugins/boardmanager/
2023-10-18 22:08:08,813 [INFO] ApiDb:261 - Set plugin images path to: C:\ST\STM32CubeIDE_1.13.2\STM32CubeIDE\plugins\com.st.stm32cube.common.mx_6.9.2.202309101412\\db\/plugins/mcufinder/images/
2023-10-18 22:08:08,814 [WARN] DbFile:41 - Overriding database path with different value: C:\Users\57310\.stmcufinder\plugins\mcufinder/ => C:\Users\57310\.stmcufinder\plugins\mcufinder
2023-10-18 22:08:08,814 [INFO] ApiDb:250 - Set database path to: C:\Users\57310\.stmcufinder\plugins\mcufinder//mcu/
2023-10-18 22:08:08,814 [WARN] DbFile:41 - Overriding database path with different value: C:\Users\57310\.stmcufinder\plugins\mcufinder/ => C:\Users\57310\.stmcufinder\plugins\mcufinder
2023-10-18 22:08:08,814 [INFO] DbMcusAds:125 - Set database path to: C:\Users\57310\.stmcufinder\plugins\mcufinder//mcu/
2023-10-18 22:08:08,814 [WARN] DbFile:41 - Overriding database path with different value: C:\Users\57310\.stmcufinder\plugins\mcufinder/ => C:\Users\57310\.stmcufinder\plugins\mcufinder
2023-10-18 22:08:08,814 [WARN] DbFile:41 - Overriding database path with different value: C:\Users\57310\.stmcufinder\plugins\mcufinder/ => C:\Users\57310\.stmcufinder\plugins\mcufinder
2023-10-18 22:08:08,814 [INFO] CrossReferenceDbSqlite:203 - Set database path to: C:\Users\57310\.stmcufinder\plugins\mcufinder//mcu/cs/
2023-10-18 22:08:08,895 [INFO] MainPanel:262 - HeapMemory: 268435456
2023-10-18 22:08:08,965 [INFO] DbMcusXml:78 - Set database path to: C:\ST\STM32CubeIDE_1.13.2\STM32CubeIDE\plugins\com.st.stm32cube.common.mx_6.9.2.202309101412\\db\/mcu/
2023-10-18 22:08:08,965 [INFO] ApiDb:274 - Set plugin database path to: C:\ST\STM32CubeIDE_1.13.2\STM32CubeIDE\plugins\com.st.stm32cube.common.mx_6.9.2.202309101412\\db\/plugins/boardmanager/
2023-10-18 22:08:08,965 [INFO] ApiDb:261 - Set plugin images path to: C:\ST\STM32CubeIDE_1.13.2\STM32CubeIDE\plugins\com.st.stm32cube.common.mx_6.9.2.202309101412\\db\/plugins/mcufinder/images/
2023-10-18 22:08:08,965 [WARN] DbFile:41 - Overriding database path with different value: C:\Users\57310\.stmcufinder\plugins\mcufinder/ => C:\Users\57310\.stmcufinder\plugins\mcufinder
2023-10-18 22:08:08,965 [INFO] ApiDb:250 - Set database path to: C:\Users\57310\.stmcufinder\plugins\mcufinder//mcu/
2023-10-18 22:08:08,966 [WARN] DbFile:41 - Overriding database path with different value: C:\Users\57310\.stmcufinder\plugins\mcufinder/ => C:\Users\57310\.stmcufinder\plugins\mcufinder
2023-10-18 22:08:08,966 [INFO] DbMcusAds:125 - Set database path to: C:\Users\57310\.stmcufinder\plugins\mcufinder//mcu/
2023-10-18 22:08:08,966 [WARN] DbFile:41 - Overriding database path with different value: C:\Users\57310\.stmcufinder\plugins\mcufinder/ => C:\Users\57310\.stmcufinder\plugins\mcufinder
2023-10-18 22:08:08,966 [WARN] DbFile:41 - Overriding database path with different value: C:\Users\57310\.stmcufinder\plugins\mcufinder/ => C:\Users\57310\.stmcufinder\plugins\mcufinder
2023-10-18 22:08:08,966 [INFO] CrossReferenceDbSqlite:203 - Set database path to: C:\Users\57310\.stmcufinder\plugins\mcufinder//mcu/cs/
2023-10-18 22:08:08,983 [INFO] ApplicationProperties:184 - Using Application install path: C:\ST\STM32CubeIDE_1.13.2\STM32CubeIDE\plugins\com.st.stm32cube.common.mx_6.9.2.202309101412
2023-10-18 22:08:08,984 [INFO] PluginManage:196 - Search for loadable plugins [exclusion list=, ]
2023-10-18 22:08:08,986 [INFO] PluginManage:310 - Check plugin analytics
2023-10-18 22:08:13,742 [INFO] AnalyticsPlugin:253 - Accepted Software Licenses: 
2023-10-18 22:08:13,742 [INFO] AnalyticsPlugin:255 - Accepted CMSIS Pack Licenses: 
2023-10-18 22:08:13,743 [INFO] AnalyticsPlugin:257 - Accepted Firmware Licenses: 
2023-10-18 22:08:13,746 [INFO] PluginManage:359 - Loaded plugin analytics (category:tool,tabindex:-1)
2023-10-18 22:08:13,747 [INFO] PluginManage:310 - Check plugin cadmodel
2023-10-18 22:08:13,753 [INFO] CADModel:105 - Init CAD model plugin
2023-10-18 22:08:13,753 [INFO] PluginManage:359 - Loaded plugin cadmodel (category:power,tabindex:5)
2023-10-18 22:08:13,754 [INFO] PluginManage:310 - Check plugin clock
2023-10-18 22:08:13,764 [INFO] PluginManage:359 - Loaded plugin clock (category:base,tabindex:2)
2023-10-18 22:08:13,765 [INFO] PluginManage:310 - Check plugin ddr
2023-10-18 22:08:13,767 [INFO] PluginManage:359 - Loaded plugin ddr (category:tool,tabindex:6)
2023-10-18 22:08:13,767 [INFO] PluginManage:310 - Check plugin filemanager
2023-10-18 22:08:13,892 [INFO] PluginManage:359 - Loaded plugin filemanager (category:base,tabindex:10)
2023-10-18 22:08:13,892 [INFO] PluginManage:310 - Check plugin ipmanager
2023-10-18 22:08:13,900 [INFO] PluginManage:359 - Loaded plugin ipmanager (category:base,tabindex:5)
2023-10-18 22:08:13,901 [INFO] PluginManage:310 - Check plugin lpbam
2023-10-18 22:08:13,909 [INFO] PluginManage:359 - Loaded plugin lpbam (category:base,tabindex:0)
2023-10-18 22:08:13,909 [INFO] PluginManage:310 - Check plugin memorymap
2023-10-18 22:08:13,919 [INFO] PluginManage:359 - Loaded plugin memorymap (category:base,tabindex:4)
2023-10-18 22:08:13,919 [INFO] PluginManage:310 - Check plugin pinoutandconfiguration
2023-10-18 22:08:13,927 [INFO] PluginManage:359 - Loaded plugin pinoutandconfiguration (category:base,tabindex:1)
2023-10-18 22:08:13,927 [INFO] PluginManage:310 - Check plugin pinoutconfig
2023-10-18 22:08:14,013 [WARN] SupportedApi:132 - Cannot load RTOS API schema: s4s-elt-must-match.1: The content of 'definitions' must match (annotation?, (simpleType | complexType)?, (unique | key | keyref)*)). A problem was found starting at: attribute.
2023-10-18 22:08:14,182 [INFO] PluginManage:359 - Loaded plugin pinoutconfig (category:base,tabindex:0)
2023-10-18 22:08:14,182 [INFO] PluginManage:310 - Check plugin power
2023-10-18 22:08:14,192 [INFO] PluginManage:359 - Loaded plugin power (category:power,tabindex:4)
2023-10-18 22:08:14,192 [INFO] PluginManage:310 - Check plugin projectmanager
2023-10-18 22:08:14,207 [INFO] PluginManage:359 - Loaded plugin projectmanager (category:projectmanager,tabindex:3)
2023-10-18 22:08:14,207 [INFO] PluginManage:310 - Check plugin thirdparty
2023-10-18 22:08:14,470 [INFO] PluginManage:359 - Loaded plugin thirdparty (category:base,tabindex:-1)
2023-10-18 22:08:14,470 [INFO] PluginManage:310 - Check plugin tools
2023-10-18 22:08:14,470 [WARN] IntegrityCheckThread:84 - waiting for thirdparty lock release [integrity check]
2023-10-18 22:08:14,470 [INFO] IntegrityCheckThread:86 - entering critical section [integrity check]
2023-10-18 22:08:14,471 [INFO] ThirdPartyUpdaterWithRetryManager:70 - Updater plugin not ready yet. [1/15]
2023-10-18 22:08:14,475 [INFO] PluginManage:359 - Loaded plugin tools (category:base,tabindex:7)
2023-10-18 22:08:14,475 [INFO] PluginManage:310 - Check plugin tutovideos
2023-10-18 22:08:14,676 [INFO] PluginManage:359 - Loaded plugin tutovideos (category:base,tabindex:-1)
2023-10-18 22:08:14,677 [INFO] PluginManage:310 - Check plugin updater
2023-10-18 22:08:14,690 [INFO] PluginManage:359 - Loaded plugin updater (category:base,tabindex:12)
2023-10-18 22:08:14,690 [INFO] PluginManage:310 - Check plugin userauth
2023-10-18 22:08:14,698 [INFO] UserAuth:113 - Init User Auth plugin
2023-10-18 22:08:14,698 [INFO] PluginManage:359 - Loaded plugin userauth (category:base,tabindex:14)
2023-10-18 22:08:14,699 [INFO] PluginManage:283 - PluginManage : Loaded plugins [17]
2023-10-18 22:08:14,919 [INFO] PinOutPanel:1499 - setPackage(No Configuration,No Configuration)
2023-10-18 22:08:15,034 [INFO] CADModel:165 - CPN selected for project level
2023-10-18 22:08:15,035 [INFO] CADModel:114 - Register for checkConnection events
2023-10-18 22:08:15,052 [INFO] IPUIPlugin:80 - create IPUIPlugin
2023-10-18 22:08:15,052 [INFO] PluginManager:220 - loadIPPluginJar : add adc
2023-10-18 22:08:15,055 [INFO] IPUIPlugin:80 - create IPUIPlugin
2023-10-18 22:08:15,055 [INFO] PluginManager:220 - loadIPPluginJar : add aes
2023-10-18 22:08:15,059 [INFO] IPUIPlugin:80 - create IPUIPlugin
2023-10-18 22:08:15,059 [INFO] PluginManager:220 - loadIPPluginJar : add can
2023-10-18 22:08:15,061 [INFO] IPUIPlugin:80 - create IPUIPlugin
2023-10-18 22:08:15,061 [INFO] PluginManager:220 - loadIPPluginJar : add comp
2023-10-18 22:08:15,064 [INFO] IPUIPlugin:80 - create IPUIPlugin
2023-10-18 22:08:15,064 [INFO] PluginManager:220 - loadIPPluginJar : add cryp
2023-10-18 22:08:15,068 [INFO] IPUIPlugin:80 - create IPUIPlugin
2023-10-18 22:08:15,068 [INFO] PluginManager:220 - loadIPPluginJar : add dfsdm
2023-10-18 22:08:15,073 [INFO] IPUIPlugin:80 - create IPUIPlugin
2023-10-18 22:08:15,074 [INFO] PluginManager:220 - loadIPPluginJar : add dma
2023-10-18 22:08:15,077 [INFO] IPUIPlugin:80 - create IPUIPlugin
2023-10-18 22:08:15,077 [INFO] PluginManager:220 - loadIPPluginJar : add dma3
2023-10-18 22:08:15,078 [INFO] IPUIPlugin:80 - create IPUIPlugin
2023-10-18 22:08:15,079 [INFO] PluginManager:220 - loadIPPluginJar : add fatfs
2023-10-18 22:08:15,083 [INFO] IPUIPlugin:80 - create IPUIPlugin
2023-10-18 22:08:15,083 [INFO] PluginManager:220 - loadIPPluginJar : add fmc
2023-10-18 22:08:15,088 [INFO] IPUIPlugin:80 - create IPUIPlugin
2023-10-18 22:08:15,088 [INFO] PluginManager:220 - loadIPPluginJar : add freertos
2023-10-18 22:08:15,089 [INFO] IPUIPlugin:80 - create IPUIPlugin
2023-10-18 22:08:15,089 [INFO] PluginManager:220 - loadIPPluginJar : add genericplugin
2023-10-18 22:08:15,092 [INFO] IPUIPlugin:80 - create IPUIPlugin
2023-10-18 22:08:15,092 [INFO] PluginManager:220 - loadIPPluginJar : add gfxmmu
2023-10-18 22:08:15,096 [INFO] IPUIPlugin:80 - create IPUIPlugin
2023-10-18 22:08:15,096 [INFO] PluginManager:220 - loadIPPluginJar : add gic
2023-10-18 22:08:15,100 [INFO] IPUIPlugin:80 - create IPUIPlugin
2023-10-18 22:08:15,100 [INFO] PluginManager:220 - loadIPPluginJar : add gpio
2023-10-18 22:08:15,103 [INFO] IPUIPlugin:80 - create IPUIPlugin
2023-10-18 22:08:15,103 [INFO] PluginManager:220 - loadIPPluginJar : add gtzc
2023-10-18 22:08:15,106 [INFO] IPUIPlugin:80 - create IPUIPlugin
2023-10-18 22:08:15,106 [INFO] PluginManager:220 - loadIPPluginJar : add hash
2023-10-18 22:08:15,109 [INFO] IPUIPlugin:80 - create IPUIPlugin
2023-10-18 22:08:15,109 [INFO] PluginManager:220 - loadIPPluginJar : add i2c
2023-10-18 22:08:15,112 [INFO] IPUIPlugin:80 - create IPUIPlugin
2023-10-18 22:08:15,113 [INFO] PluginManager:220 - loadIPPluginJar : add i2s
2023-10-18 22:08:15,115 [INFO] IPUIPlugin:80 - create IPUIPlugin
2023-10-18 22:08:15,116 [INFO] PluginManager:220 - loadIPPluginJar : add i3c
2023-10-18 22:08:15,118 [INFO] IPUIPlugin:80 - create IPUIPlugin
2023-10-18 22:08:15,119 [INFO] PluginManager:220 - loadIPPluginJar : add ipddr
2023-10-18 22:08:15,124 [INFO] IPUIPlugin:80 - create IPUIPlugin
2023-10-18 22:08:15,124 [INFO] PluginManager:220 - loadIPPluginJar : add linkedlist
2023-10-18 22:08:15,127 [INFO] IPUIPlugin:80 - create IPUIPlugin
2023-10-18 22:08:15,128 [INFO] PluginManager:220 - loadIPPluginJar : add lorawan
2023-10-18 22:08:15,129 [INFO] IPUIPlugin:80 - create IPUIPlugin
2023-10-18 22:08:15,130 [INFO] PluginManager:220 - loadIPPluginJar : add ltdc
2023-10-18 22:08:15,135 [INFO] IPUIPlugin:80 - create IPUIPlugin
2023-10-18 22:08:15,135 [INFO] PluginManager:220 - loadIPPluginJar : add mdma
2023-10-18 22:08:15,139 [INFO] IPUIPlugin:80 - create IPUIPlugin
2023-10-18 22:08:15,140 [INFO] PluginManager:220 - loadIPPluginJar : add nvic
2023-10-18 22:08:15,144 [INFO] IPUIPlugin:80 - create IPUIPlugin
2023-10-18 22:08:15,144 [INFO] PluginManager:220 - loadIPPluginJar : add opamp
2023-10-18 22:08:15,147 [INFO] IPUIPlugin:80 - create IPUIPlugin
2023-10-18 22:08:15,147 [INFO] PluginManager:220 - loadIPPluginJar : add openamp
2023-10-18 22:08:15,151 [INFO] IPUIPlugin:80 - create IPUIPlugin
2023-10-18 22:08:15,152 [INFO] PluginManager:220 - loadIPPluginJar : add pdm2pcm
2023-10-18 22:08:15,159 [INFO] IPUIPlugin:80 - create IPUIPlugin
2023-10-18 22:08:15,161 [INFO] PluginManager:220 - loadIPPluginJar : add plateformsettings
2023-10-18 22:08:15,163 [INFO] IPUIPlugin:80 - create IPUIPlugin
2023-10-18 22:08:15,163 [INFO] PluginManager:220 - loadIPPluginJar : add quadspi
2023-10-18 22:08:15,167 [INFO] IPUIPlugin:80 - create IPUIPlugin
2023-10-18 22:08:15,167 [INFO] PluginManager:220 - loadIPPluginJar : add resmgrutility
2023-10-18 22:08:15,170 [INFO] IPUIPlugin:80 - create IPUIPlugin
2023-10-18 22:08:15,170 [INFO] PluginManager:220 - loadIPPluginJar : add sai
2023-10-18 22:08:15,173 [INFO] IPUIPlugin:80 - create IPUIPlugin
2023-10-18 22:08:15,174 [INFO] PluginManager:220 - loadIPPluginJar : add spi
2023-10-18 22:08:15,180 [INFO] IPUIPlugin:80 - create IPUIPlugin
2023-10-18 22:08:15,180 [INFO] PluginManager:220 - loadIPPluginJar : add stm32_wpan
2023-10-18 22:08:15,182 [INFO] IPUIPlugin:80 - create IPUIPlugin
2023-10-18 22:08:15,182 [INFO] PluginManager:220 - loadIPPluginJar : add tim
2023-10-18 22:08:15,186 [INFO] IPUIPlugin:80 - create IPUIPlugin
2023-10-18 22:08:15,186 [INFO] PluginManager:220 - loadIPPluginJar : add touchsensing
2023-10-18 22:08:15,189 [INFO] IPUIPlugin:80 - create IPUIPlugin
2023-10-18 22:08:15,189 [INFO] PluginManager:220 - loadIPPluginJar : add tracer_emb
2023-10-18 22:08:15,191 [INFO] IPUIPlugin:80 - create IPUIPlugin
2023-10-18 22:08:15,191 [INFO] PluginManager:220 - loadIPPluginJar : add ts
2023-10-18 22:08:15,193 [INFO] IPUIPlugin:80 - create IPUIPlugin
2023-10-18 22:08:15,193 [INFO] PluginManager:220 - loadIPPluginJar : add tsc
2023-10-18 22:08:15,196 [INFO] IPUIPlugin:80 - create IPUIPlugin
2023-10-18 22:08:15,196 [INFO] PluginManager:220 - loadIPPluginJar : add ucpd
2023-10-18 22:08:15,200 [INFO] IPUIPlugin:80 - create IPUIPlugin
2023-10-18 22:08:15,200 [INFO] PluginManager:220 - loadIPPluginJar : add usart
2023-10-18 22:08:15,203 [INFO] IPUIPlugin:80 - create IPUIPlugin
2023-10-18 22:08:15,203 [INFO] PluginManager:220 - loadIPPluginJar : add usbx
2023-10-18 22:08:15,332 [INFO] CADModel:165 - CPN selected for project level
2023-10-18 22:08:15,332 [INFO] CADModel:114 - Register for checkConnection events
2023-10-18 22:08:15,332 [FATAL] Updater:308 - Updater called before beeing initialized
2023-10-18 22:08:15,332 [ERROR] CADModel:125 - Updater not yet initialized, retry later 
2023-10-18 22:08:15,485 [INFO] CADModel:165 - CPN selected for project level
2023-10-18 22:08:15,485 [INFO] CADModel:114 - Register for checkConnection events
2023-10-18 22:08:15,486 [FATAL] Updater:308 - Updater called before beeing initialized
2023-10-18 22:08:15,486 [ERROR] CADModel:125 - Updater not yet initialized, retry later 
2023-10-18 22:08:15,490 [FATAL] Updater:308 - Updater called before beeing initialized
2023-10-18 22:08:15,639 [FATAL] Updater:308 - Updater called before beeing initialized
2023-10-18 22:08:15,646 [INFO] DbMcusAds:53 - JSON generation date=Tue Mar 07 03:50:55 COT 2023 (1678179055114)
2023-10-18 22:08:15,646 [FATAL] Updater:308 - Updater called before beeing initialized
2023-10-18 22:08:15,688 [WARN] DetailPanel:346 - Failed to get advertising image, set to default
2023-10-18 22:08:15,780 [FATAL] Updater:308 - Updater called before beeing initialized
2023-10-18 22:08:15,782 [FATAL] Updater:308 - Updater called before beeing initialized
2023-10-18 22:08:15,782 [FATAL] Updater:308 - Updater called before beeing initialized
2023-10-18 22:08:15,782 [WARN] DetailPanel:346 - Failed to get advertising image, set to default
2023-10-18 22:08:15,783 [FATAL] Updater:308 - Updater called before beeing initialized
2023-10-18 22:08:15,847 [ERROR] Updater:1120 - MainUpdater not yet initialized. External WinMGr cannot be set.
2023-10-18 22:08:15,884 [INFO] Updater:1056 - Updater Version found : 6.9.2
2023-10-18 22:08:15,903 [INFO] ApplicationProperties:184 - Using Application install path: C:\ST\STM32CubeIDE_1.13.2\STM32CubeIDE\plugins\com.st.stm32cube.common.mx_6.9.2.202309101412
2023-10-18 22:08:16,271 [INFO] MainUpdater:2868 - connection check result : 10
2023-10-18 22:08:16,271 [INFO] MainUpdater:285 - Updater Check For Update Now.
2023-10-18 22:08:16,272 [INFO] MicroXplorer:498 - Change Database Version : DB.6.0.92
2023-10-18 22:08:16,300 [INFO] McuFinderGlobals:63 - Set McuFinder mode to 2 (CubeIDE integrated)
2023-10-18 22:08:16,301 [INFO] UserAuth:179 - activating auth plugin
2023-10-18 22:08:16,304 [INFO] UserAuth:393 - Internet connection configuration mode: 1
2023-10-18 22:08:16,329 [INFO] JxBrowserEngine:151 - Initiate JxBrowser Engine with user profile folder
2023-10-18 22:08:16,771 [INFO] CheckServerUpdateThread:120 - End of CheckServer Thread
2023-10-18 22:08:17,327 [INFO] WebApp:157 - Instantiating new browser for Auth
2023-10-18 22:08:18,023 [WARN] PackLoader:240 - Cannot read IP mode file for STMicroelectronics.X-CUBE-SMBUS.2.1.0
2023-10-18 22:08:18,177 [WARN] PackLoader:240 - Cannot read IP mode file for STMicroelectronics.X-CUBE-SUBG2.4.1.0
2023-10-18 22:08:18,611 [WARN] PackLoader:240 - Cannot read IP mode file for STMicroelectronics.X-CUBE-MEMS1.9.2.0
2023-10-18 22:08:18,999 [WARN] PackLoader:240 - Cannot read IP mode file for STMicroelectronics.X-CUBE-AZRTOS-F7.1.1.0
2023-10-18 22:08:19,156 [WARN] PackLoader:240 - Cannot read IP mode file for STMicroelectronics.X-CUBE-AI.7.1.0
2023-10-18 22:08:19,175 [INFO] WebApp:753 - Register for checkConnection events
2023-10-18 22:08:19,175 [INFO] WebApp:390 - Apply proxy settings
2023-10-18 22:08:19,175 [INFO] WebApp:475 - Chromium requires no authentication
2023-10-18 22:08:19,187 [INFO] WebApp:418 - Direct internet connection detected
2023-10-18 22:08:19,359 [WARN] PackLoader:240 - Cannot read IP mode file for STMicroelectronics.X-CUBE-TOUCHGFX.4.19.1
2023-10-18 22:08:19,373 [INFO] WebApp:188 - Starting web application
2023-10-18 22:08:19,374 [INFO] WebApp:520 - Web application path used C:\ST\STM32CubeIDE_1.13.2\STM32CubeIDE\plugins\com.st.stm32cube.common.mx_6.9.2.202309101412\db\plugins\mcufinder\reactClient1\index.html
2023-10-18 22:08:19,587 [WARN] PackLoader:240 - Cannot read IP mode file for STMicroelectronics.FP-SNS-MOTENV1.4.3.2
2023-10-18 22:08:19,773 [ERROR] RealEvaluatedCondition:428 - Found unsupported composite condition: CLASS='Data Exchange' GROUP='STM32_MetaDataManager'
2023-10-18 22:08:19,774 [ERROR] RealEvaluatedCondition:428 - Found unsupported composite condition: GROUP='STM32_MetaDataManager' CLASS='Data Exchange'
2023-10-18 22:08:19,776 [WARN] PackLoader:240 - Cannot read IP mode file for STMicroelectronics.FP-SNS-MOTENV1.4.3.1
2023-10-18 22:08:20,051 [WARN] PackLoader:240 - Cannot read IP mode file for STMicroelectronics.FP-SNS-FLIGHT1.5.0.1
2023-10-18 22:08:20,551 [WARN] PackLoader:240 - Cannot read IP mode file for STMicroelectronics.X-CUBE-BLE1.6.2.3
2023-10-18 22:08:21,020 [WARN] PackLoader:240 - Cannot read IP mode file for STMicroelectronics.X-CUBE-EEPRMA1.3.0.0
2023-10-18 22:08:21,334 [WARN] PackLoader:240 - Cannot read IP mode file for STMicroelectronics.X-CUBE-BLE1.6.2.4
2023-10-18 22:08:21,857 [WARN] PackLoader:240 - Cannot read IP mode file for STMicroelectronics.X-CUBE-BLE1.6.2.0
2023-10-18 22:08:22,028 [WARN] PackLoader:240 - Cannot read IP mode file for STMicroelectronics.FP-SNS-FLIGHT1.5.0.2
2023-10-18 22:08:22,149 [WARN] PackLoader:240 - Cannot read IP mode file for STMicroelectronics.X-CUBE-BLE2.3.2.2
2023-10-18 22:08:22,906 [WARN] PackLoader:240 - Cannot read IP mode file for STMicroelectronics.X-CUBE-BLE2.3.2.0
2023-10-18 22:08:23,430 [WARN] PackLoader:240 - Cannot read IP mode file for STMicroelectronics.X-CUBE-DISPLAY.3.0.0
2023-10-18 22:08:23,557 [WARN] PackLoader:240 - Cannot read IP mode file for STMicroelectronics.X-CUBE-BLE1.7.0.0
2023-10-18 22:08:23,833 [WARN] PackLoader:240 - Cannot read IP mode file for emotas.I-CUBE-CANOPEN.1.3.0
2023-10-18 22:08:24,108 [WARN] PackLoader:240 - Cannot read IP mode file for STMicroelectronics.X-CUBE-TOUCHGFX.4.22.0
2023-10-18 22:08:28,730 [WARN] PackLoader:240 - Cannot read IP mode file for STMicroelectronics.X-CUBE-TOUCHGFX.4.22.1
2023-10-18 22:08:29,307 [WARN] PackLoader:240 - Cannot read IP mode file for STMicroelectronics.X-CUBE-AZRTOS-H7.1.0.0
2023-10-18 22:08:29,587 [WARN] PackLoader:240 - Cannot read IP mode file for STMicroelectronics.X-CUBE-MEMS1.9.3.0
2023-10-18 22:08:29,849 [ERROR] LogOutputStream:75 - [STDERR_REDIRECT] 
