2023-10-15 22:29:53,226 [INFO] Activator:176 - 


2023-10-15 22:29:53,228 [INFO] Activator:177 - !SESSION log4j initialized
2023-10-15 22:30:01,371 [INFO] LogOutputStream:77 - [STDOUT_REDIRECT] 
2023-10-15 22:30:10,324 [INFO] ApplicationProperties:184 - Using Application install path: C:\ST\STM32CubeIDE_1.13.2\STM32CubeIDE\plugins\com.st.stm32cube.common.mx_6.9.2.202309101412
2023-10-15 22:30:10,381 [INFO] DbMcusXml:78 - Set database path to: C:\ST\STM32CubeIDE_1.13.2\STM32CubeIDE\plugins\com.st.stm32cube.common.mx_6.9.2.202309101412\\db\/mcu/
2023-10-15 22:30:10,381 [INFO] ApiDb:274 - Set plugin database path to: C:\ST\STM32CubeIDE_1.13.2\STM32CubeIDE\plugins\com.st.stm32cube.common.mx_6.9.2.202309101412\\db\/plugins/boardmanager/
2023-10-15 22:30:10,381 [WARN] ApiDb:259 - Overriding images path with different value:  => C:\ST\STM32CubeIDE_1.13.2\STM32CubeIDE\plugins\com.st.stm32cube.common.mx_6.9.2.202309101412\\db\/plugins/mcufinder/images/
2023-10-15 22:30:10,399 [INFO] ApiDb:250 - Set database path to: C:\Users\57310\.stmcufinder\plugins\mcufinder//mcu/
2023-10-15 22:30:10,400 [INFO] DbMcusAds:125 - Set database path to: C:\Users\57310\.stmcufinder\plugins\mcufinder//mcu/
2023-10-15 22:30:10,402 [INFO] CrossReferenceDbSqlite:203 - Set database path to: C:\Users\57310\.stmcufinder\plugins\mcufinder//mcu/cs/
2023-10-15 22:30:10,541 [INFO] RulesReader:64 - Compatibility file has been processed (293 Rules)
2023-10-15 22:30:10,910 [INFO] DbMcusXml:78 - Set database path to: C:\ST\STM32CubeIDE_1.13.2\STM32CubeIDE\plugins\com.st.stm32cube.common.mx_6.9.2.202309101412\\db\/mcu/
2023-10-15 22:30:10,910 [INFO] ApiDb:274 - Set plugin database path to: C:\ST\STM32CubeIDE_1.13.2\STM32CubeIDE\plugins\com.st.stm32cube.common.mx_6.9.2.202309101412\\db\/plugins/boardmanager/
2023-10-15 22:30:10,910 [INFO] ApiDb:261 - Set plugin images path to: C:\ST\STM32CubeIDE_1.13.2\STM32CubeIDE\plugins\com.st.stm32cube.common.mx_6.9.2.202309101412\\db\/plugins/mcufinder/images/
2023-10-15 22:30:10,911 [WARN] DbFile:41 - Overriding database path with different value: C:\Users\57310\.stmcufinder\plugins\mcufinder/ => C:\Users\57310\.stmcufinder\plugins\mcufinder
2023-10-15 22:30:10,911 [INFO] ApiDb:250 - Set database path to: C:\Users\57310\.stmcufinder\plugins\mcufinder//mcu/
2023-10-15 22:30:10,911 [WARN] DbFile:41 - Overriding database path with different value: C:\Users\57310\.stmcufinder\plugins\mcufinder/ => C:\Users\57310\.stmcufinder\plugins\mcufinder
2023-10-15 22:30:10,911 [INFO] DbMcusAds:125 - Set database path to: C:\Users\57310\.stmcufinder\plugins\mcufinder//mcu/
2023-10-15 22:30:10,911 [WARN] DbFile:41 - Overriding database path with different value: C:\Users\57310\.stmcufinder\plugins\mcufinder/ => C:\Users\57310\.stmcufinder\plugins\mcufinder
2023-10-15 22:30:10,911 [WARN] DbFile:41 - Overriding database path with different value: C:\Users\57310\.stmcufinder\plugins\mcufinder/ => C:\Users\57310\.stmcufinder\plugins\mcufinder
2023-10-15 22:30:10,912 [INFO] CrossReferenceDbSqlite:203 - Set database path to: C:\Users\57310\.stmcufinder\plugins\mcufinder//mcu/cs/
2023-10-15 22:30:11,175 [INFO] MainPanel:262 - HeapMemory: 268435456
2023-10-15 22:30:11,474 [INFO] DbMcusXml:78 - Set database path to: C:\ST\STM32CubeIDE_1.13.2\STM32CubeIDE\plugins\com.st.stm32cube.common.mx_6.9.2.202309101412\\db\/mcu/
2023-10-15 22:30:11,474 [INFO] ApiDb:274 - Set plugin database path to: C:\ST\STM32CubeIDE_1.13.2\STM32CubeIDE\plugins\com.st.stm32cube.common.mx_6.9.2.202309101412\\db\/plugins/boardmanager/
2023-10-15 22:30:11,475 [INFO] ApiDb:261 - Set plugin images path to: C:\ST\STM32CubeIDE_1.13.2\STM32CubeIDE\plugins\com.st.stm32cube.common.mx_6.9.2.202309101412\\db\/plugins/mcufinder/images/
2023-10-15 22:30:11,483 [WARN] DbFile:41 - Overriding database path with different value: C:\Users\57310\.stmcufinder\plugins\mcufinder/ => C:\Users\57310\.stmcufinder\plugins\mcufinder
2023-10-15 22:30:11,483 [INFO] ApiDb:250 - Set database path to: C:\Users\57310\.stmcufinder\plugins\mcufinder//mcu/
2023-10-15 22:30:11,484 [WARN] DbFile:41 - Overriding database path with different value: C:\Users\57310\.stmcufinder\plugins\mcufinder/ => C:\Users\57310\.stmcufinder\plugins\mcufinder
2023-10-15 22:30:11,484 [INFO] DbMcusAds:125 - Set database path to: C:\Users\57310\.stmcufinder\plugins\mcufinder//mcu/
2023-10-15 22:30:11,484 [WARN] DbFile:41 - Overriding database path with different value: C:\Users\57310\.stmcufinder\plugins\mcufinder/ => C:\Users\57310\.stmcufinder\plugins\mcufinder
2023-10-15 22:30:11,484 [WARN] DbFile:41 - Overriding database path with different value: C:\Users\57310\.stmcufinder\plugins\mcufinder/ => C:\Users\57310\.stmcufinder\plugins\mcufinder
2023-10-15 22:30:11,484 [INFO] CrossReferenceDbSqlite:203 - Set database path to: C:\Users\57310\.stmcufinder\plugins\mcufinder//mcu/cs/
2023-10-15 22:30:11,542 [INFO] ApplicationProperties:184 - Using Application install path: C:\ST\STM32CubeIDE_1.13.2\STM32CubeIDE\plugins\com.st.stm32cube.common.mx_6.9.2.202309101412
2023-10-15 22:30:11,543 [INFO] PluginManage:196 - Search for loadable plugins [exclusion list=, ]
2023-10-15 22:30:11,548 [INFO] PluginManage:310 - Check plugin analytics
2023-10-15 22:30:16,348 [INFO] AnalyticsPlugin:253 - Accepted Software Licenses: 
2023-10-15 22:30:16,348 [INFO] AnalyticsPlugin:255 - Accepted CMSIS Pack Licenses: 
2023-10-15 22:30:16,348 [INFO] AnalyticsPlugin:257 - Accepted Firmware Licenses: 
2023-10-15 22:30:16,352 [INFO] PluginManage:359 - Loaded plugin analytics (category:tool,tabindex:-1)
2023-10-15 22:30:16,353 [INFO] PluginManage:310 - Check plugin cadmodel
2023-10-15 22:30:16,392 [INFO] CADModel:105 - Init CAD model plugin
2023-10-15 22:30:16,392 [INFO] PluginManage:359 - Loaded plugin cadmodel (category:power,tabindex:5)
2023-10-15 22:30:16,393 [INFO] PluginManage:310 - Check plugin clock
2023-10-15 22:30:16,476 [INFO] PluginManage:359 - Loaded plugin clock (category:base,tabindex:2)
2023-10-15 22:30:16,476 [INFO] PluginManage:310 - Check plugin ddr
2023-10-15 22:30:16,492 [INFO] PluginManage:359 - Loaded plugin ddr (category:tool,tabindex:6)
2023-10-15 22:30:16,492 [INFO] PluginManage:310 - Check plugin filemanager
2023-10-15 22:30:16,915 [INFO] PluginManage:359 - Loaded plugin filemanager (category:base,tabindex:10)
2023-10-15 22:30:16,915 [INFO] PluginManage:310 - Check plugin ipmanager
2023-10-15 22:30:16,923 [INFO] PluginManage:359 - Loaded plugin ipmanager (category:base,tabindex:5)
2023-10-15 22:30:16,923 [INFO] PluginManage:310 - Check plugin lpbam
2023-10-15 22:30:16,952 [INFO] PluginManage:359 - Loaded plugin lpbam (category:base,tabindex:0)
2023-10-15 22:30:16,952 [INFO] PluginManage:310 - Check plugin memorymap
2023-10-15 22:30:17,011 [INFO] PluginManage:359 - Loaded plugin memorymap (category:base,tabindex:4)
2023-10-15 22:30:17,011 [INFO] PluginManage:310 - Check plugin pinoutandconfiguration
2023-10-15 22:30:17,018 [INFO] PluginManage:359 - Loaded plugin pinoutandconfiguration (category:base,tabindex:1)
2023-10-15 22:30:17,018 [INFO] PluginManage:310 - Check plugin pinoutconfig
2023-10-15 22:30:17,178 [WARN] SupportedApi:132 - Cannot load RTOS API schema: s4s-elt-must-match.1: The content of 'definitions' must match (annotation?, (simpleType | complexType)?, (unique | key | keyref)*)). A problem was found starting at: attribute.
2023-10-15 22:30:17,395 [INFO] PluginManage:359 - Loaded plugin pinoutconfig (category:base,tabindex:0)
2023-10-15 22:30:17,395 [INFO] PluginManage:310 - Check plugin power
2023-10-15 22:30:17,405 [INFO] PluginManage:359 - Loaded plugin power (category:power,tabindex:4)
2023-10-15 22:30:17,406 [INFO] PluginManage:310 - Check plugin projectmanager
2023-10-15 22:30:17,420 [INFO] PluginManage:359 - Loaded plugin projectmanager (category:projectmanager,tabindex:3)
2023-10-15 22:30:17,420 [INFO] PluginManage:310 - Check plugin thirdparty
2023-10-15 22:30:17,781 [INFO] PluginManage:359 - Loaded plugin thirdparty (category:base,tabindex:-1)
2023-10-15 22:30:17,781 [INFO] PluginManage:310 - Check plugin tools
2023-10-15 22:30:17,781 [WARN] IntegrityCheckThread:84 - waiting for thirdparty lock release [integrity check]
2023-10-15 22:30:17,782 [INFO] IntegrityCheckThread:86 - entering critical section [integrity check]
2023-10-15 22:30:17,782 [INFO] ThirdPartyUpdaterWithRetryManager:70 - Updater plugin not ready yet. [1/15]
2023-10-15 22:30:17,785 [INFO] PluginManage:359 - Loaded plugin tools (category:base,tabindex:7)
2023-10-15 22:30:17,785 [INFO] PluginManage:310 - Check plugin tutovideos
2023-10-15 22:30:18,035 [INFO] PluginManage:359 - Loaded plugin tutovideos (category:base,tabindex:-1)
2023-10-15 22:30:18,035 [INFO] PluginManage:310 - Check plugin updater
2023-10-15 22:30:18,045 [INFO] PluginManage:359 - Loaded plugin updater (category:base,tabindex:12)
2023-10-15 22:30:18,045 [INFO] PluginManage:310 - Check plugin userauth
2023-10-15 22:30:18,061 [INFO] UserAuth:113 - Init User Auth plugin
2023-10-15 22:30:18,061 [INFO] PluginManage:359 - Loaded plugin userauth (category:base,tabindex:14)
2023-10-15 22:30:18,062 [INFO] PluginManage:283 - PluginManage : Loaded plugins [17]
2023-10-15 22:30:18,537 [INFO] PinOutPanel:1499 - setPackage(No Configuration,No Configuration)
2023-10-15 22:30:18,764 [INFO] CADModel:165 - CPN selected for project level
2023-10-15 22:30:18,764 [INFO] CADModel:114 - Register for checkConnection events
2023-10-15 22:30:18,790 [INFO] IPUIPlugin:80 - create IPUIPlugin
2023-10-15 22:30:18,790 [INFO] PluginManager:220 - loadIPPluginJar : add adc
2023-10-15 22:30:18,793 [INFO] IPUIPlugin:80 - create IPUIPlugin
2023-10-15 22:30:18,794 [INFO] PluginManager:220 - loadIPPluginJar : add aes
2023-10-15 22:30:18,796 [INFO] IPUIPlugin:80 - create IPUIPlugin
2023-10-15 22:30:18,797 [INFO] PluginManager:220 - loadIPPluginJar : add can
2023-10-15 22:30:18,802 [INFO] IPUIPlugin:80 - create IPUIPlugin
2023-10-15 22:30:18,803 [INFO] PluginManager:220 - loadIPPluginJar : add comp
2023-10-15 22:30:18,812 [INFO] IPUIPlugin:80 - create IPUIPlugin
2023-10-15 22:30:18,812 [INFO] PluginManager:220 - loadIPPluginJar : add cryp
2023-10-15 22:30:18,821 [INFO] IPUIPlugin:80 - create IPUIPlugin
2023-10-15 22:30:18,822 [INFO] PluginManager:220 - loadIPPluginJar : add dfsdm
2023-10-15 22:30:18,831 [INFO] IPUIPlugin:80 - create IPUIPlugin
2023-10-15 22:30:18,832 [INFO] PluginManager:220 - loadIPPluginJar : add dma
2023-10-15 22:30:18,836 [INFO] IPUIPlugin:80 - create IPUIPlugin
2023-10-15 22:30:18,836 [INFO] PluginManager:220 - loadIPPluginJar : add dma3
2023-10-15 22:30:18,839 [INFO] IPUIPlugin:80 - create IPUIPlugin
2023-10-15 22:30:18,839 [INFO] PluginManager:220 - loadIPPluginJar : add fatfs
2023-10-15 22:30:18,846 [INFO] IPUIPlugin:80 - create IPUIPlugin
2023-10-15 22:30:18,846 [INFO] PluginManager:220 - loadIPPluginJar : add fmc
2023-10-15 22:30:18,862 [INFO] IPUIPlugin:80 - create IPUIPlugin
2023-10-15 22:30:18,862 [INFO] PluginManager:220 - loadIPPluginJar : add freertos
2023-10-15 22:30:18,864 [INFO] IPUIPlugin:80 - create IPUIPlugin
2023-10-15 22:30:18,864 [INFO] PluginManager:220 - loadIPPluginJar : add genericplugin
2023-10-15 22:30:18,866 [INFO] IPUIPlugin:80 - create IPUIPlugin
2023-10-15 22:30:18,866 [INFO] PluginManager:220 - loadIPPluginJar : add gfxmmu
2023-10-15 22:30:18,935 [INFO] IPUIPlugin:80 - create IPUIPlugin
2023-10-15 22:30:18,935 [INFO] PluginManager:220 - loadIPPluginJar : add gic
2023-10-15 22:30:18,944 [INFO] IPUIPlugin:80 - create IPUIPlugin
2023-10-15 22:30:18,944 [INFO] PluginManager:220 - loadIPPluginJar : add gpio
2023-10-15 22:30:18,952 [INFO] IPUIPlugin:80 - create IPUIPlugin
2023-10-15 22:30:18,952 [INFO] PluginManager:220 - loadIPPluginJar : add gtzc
2023-10-15 22:30:18,958 [INFO] IPUIPlugin:80 - create IPUIPlugin
2023-10-15 22:30:18,959 [INFO] PluginManager:220 - loadIPPluginJar : add hash
2023-10-15 22:30:18,968 [INFO] IPUIPlugin:80 - create IPUIPlugin
2023-10-15 22:30:18,968 [INFO] PluginManager:220 - loadIPPluginJar : add i2c
2023-10-15 22:30:18,976 [INFO] IPUIPlugin:80 - create IPUIPlugin
2023-10-15 22:30:18,976 [INFO] PluginManager:220 - loadIPPluginJar : add i2s
2023-10-15 22:30:18,980 [INFO] IPUIPlugin:80 - create IPUIPlugin
2023-10-15 22:30:18,980 [INFO] PluginManager:220 - loadIPPluginJar : add i3c
2023-10-15 22:30:19,027 [INFO] IPUIPlugin:80 - create IPUIPlugin
2023-10-15 22:30:19,027 [INFO] PluginManager:220 - loadIPPluginJar : add ipddr
2023-10-15 22:30:19,058 [INFO] IPUIPlugin:80 - create IPUIPlugin
2023-10-15 22:30:19,059 [INFO] PluginManager:220 - loadIPPluginJar : add linkedlist
2023-10-15 22:30:19,067 [INFO] IPUIPlugin:80 - create IPUIPlugin
2023-10-15 22:30:19,067 [INFO] PluginManager:220 - loadIPPluginJar : add lorawan
2023-10-15 22:30:19,070 [INFO] IPUIPlugin:80 - create IPUIPlugin
2023-10-15 22:30:19,070 [INFO] PluginManager:220 - loadIPPluginJar : add ltdc
2023-10-15 22:30:19,078 [INFO] IPUIPlugin:80 - create IPUIPlugin
2023-10-15 22:30:19,078 [INFO] PluginManager:220 - loadIPPluginJar : add mdma
2023-10-15 22:30:19,083 [INFO] IPUIPlugin:80 - create IPUIPlugin
2023-10-15 22:30:19,083 [INFO] PluginManager:220 - loadIPPluginJar : add nvic
2023-10-15 22:30:19,088 [INFO] IPUIPlugin:80 - create IPUIPlugin
2023-10-15 22:30:19,088 [INFO] PluginManager:220 - loadIPPluginJar : add opamp
2023-10-15 22:30:19,093 [INFO] IPUIPlugin:80 - create IPUIPlugin
2023-10-15 22:30:19,094 [INFO] PluginManager:220 - loadIPPluginJar : add openamp
2023-10-15 22:30:19,098 [INFO] IPUIPlugin:80 - create IPUIPlugin
2023-10-15 22:30:19,098 [INFO] PluginManager:220 - loadIPPluginJar : add pdm2pcm
2023-10-15 22:30:19,105 [INFO] IPUIPlugin:80 - create IPUIPlugin
2023-10-15 22:30:19,107 [INFO] PluginManager:220 - loadIPPluginJar : add plateformsettings
2023-10-15 22:30:19,109 [INFO] IPUIPlugin:80 - create IPUIPlugin
2023-10-15 22:30:19,109 [INFO] PluginManager:220 - loadIPPluginJar : add quadspi
2023-10-15 22:30:19,112 [INFO] IPUIPlugin:80 - create IPUIPlugin
2023-10-15 22:30:19,113 [INFO] PluginManager:220 - loadIPPluginJar : add resmgrutility
2023-10-15 22:30:19,116 [INFO] IPUIPlugin:80 - create IPUIPlugin
2023-10-15 22:30:19,116 [INFO] PluginManager:220 - loadIPPluginJar : add sai
2023-10-15 22:30:19,120 [INFO] IPUIPlugin:80 - create IPUIPlugin
2023-10-15 22:30:19,120 [INFO] PluginManager:220 - loadIPPluginJar : add spi
2023-10-15 22:30:19,126 [INFO] IPUIPlugin:80 - create IPUIPlugin
2023-10-15 22:30:19,126 [INFO] PluginManager:220 - loadIPPluginJar : add stm32_wpan
2023-10-15 22:30:19,128 [INFO] IPUIPlugin:80 - create IPUIPlugin
2023-10-15 22:30:19,128 [INFO] PluginManager:220 - loadIPPluginJar : add tim
2023-10-15 22:30:19,131 [INFO] IPUIPlugin:80 - create IPUIPlugin
2023-10-15 22:30:19,131 [INFO] PluginManager:220 - loadIPPluginJar : add touchsensing
2023-10-15 22:30:19,134 [INFO] IPUIPlugin:80 - create IPUIPlugin
2023-10-15 22:30:19,134 [INFO] PluginManager:220 - loadIPPluginJar : add tracer_emb
2023-10-15 22:30:19,137 [INFO] IPUIPlugin:80 - create IPUIPlugin
2023-10-15 22:30:19,137 [INFO] PluginManager:220 - loadIPPluginJar : add ts
2023-10-15 22:30:19,138 [INFO] IPUIPlugin:80 - create IPUIPlugin
2023-10-15 22:30:19,138 [INFO] PluginManager:220 - loadIPPluginJar : add tsc
2023-10-15 22:30:19,141 [INFO] IPUIPlugin:80 - create IPUIPlugin
2023-10-15 22:30:19,141 [INFO] PluginManager:220 - loadIPPluginJar : add ucpd
2023-10-15 22:30:19,145 [INFO] IPUIPlugin:80 - create IPUIPlugin
2023-10-15 22:30:19,145 [INFO] PluginManager:220 - loadIPPluginJar : add usart
2023-10-15 22:30:19,149 [INFO] IPUIPlugin:80 - create IPUIPlugin
2023-10-15 22:30:19,149 [INFO] PluginManager:220 - loadIPPluginJar : add usbx
2023-10-15 22:30:19,271 [INFO] CADModel:165 - CPN selected for project level
2023-10-15 22:30:19,271 [INFO] CADModel:114 - Register for checkConnection events
2023-10-15 22:30:19,272 [FATAL] Updater:308 - Updater called before beeing initialized
2023-10-15 22:30:19,272 [ERROR] CADModel:125 - Updater not yet initialized, retry later 
2023-10-15 22:30:19,664 [INFO] CADModel:165 - CPN selected for project level
2023-10-15 22:30:19,665 [INFO] CADModel:114 - Register for checkConnection events
2023-10-15 22:30:19,665 [FATAL] Updater:308 - Updater called before beeing initialized
2023-10-15 22:30:19,665 [ERROR] CADModel:125 - Updater not yet initialized, retry later 
2023-10-15 22:30:19,675 [FATAL] Updater:308 - Updater called before beeing initialized
2023-10-15 22:30:19,811 [FATAL] Updater:308 - Updater called before beeing initialized
2023-10-15 22:30:19,820 [INFO] DbMcusAds:53 - JSON generation date=Tue Mar 07 03:50:55 COT 2023 (1678179055114)
2023-10-15 22:30:19,820 [FATAL] Updater:308 - Updater called before beeing initialized
2023-10-15 22:30:19,918 [WARN] DetailPanel:346 - Failed to get advertising image, set to default
2023-10-15 22:30:20,021 [FATAL] Updater:308 - Updater called before beeing initialized
2023-10-15 22:30:20,036 [FATAL] Updater:308 - Updater called before beeing initialized
2023-10-15 22:30:20,036 [FATAL] Updater:308 - Updater called before beeing initialized
2023-10-15 22:30:20,037 [WARN] DetailPanel:346 - Failed to get advertising image, set to default
2023-10-15 22:30:20,037 [FATAL] Updater:308 - Updater called before beeing initialized
2023-10-15 22:30:20,133 [ERROR] Updater:1120 - MainUpdater not yet initialized. External WinMGr cannot be set.
2023-10-15 22:30:20,145 [INFO] Updater:1056 - Updater Version found : 6.9.2
2023-10-15 22:30:20,158 [INFO] ApplicationProperties:184 - Using Application install path: C:\ST\STM32CubeIDE_1.13.2\STM32CubeIDE\plugins\com.st.stm32cube.common.mx_6.9.2.202309101412
2023-10-15 22:30:20,550 [INFO] MainUpdater:2868 - connection check result : 10
2023-10-15 22:30:20,550 [INFO] MainUpdater:3562 - Updater definition file requires update
2023-10-15 22:30:20,551 [INFO] MainUpdater:285 - Updater Check For Update Now.
2023-10-15 22:30:20,552 [INFO] MicroXplorer:498 - Change Database Version : DB.6.0.92
2023-10-15 22:30:20,578 [INFO] McuFinderGlobals:63 - Set McuFinder mode to 2 (CubeIDE integrated)
2023-10-15 22:30:20,578 [INFO] UserAuth:179 - activating auth plugin
2023-10-15 22:30:20,583 [INFO] UserAuth:393 - Internet connection configuration mode: 1
2023-10-15 22:30:20,641 [INFO] ServerAccessManage:473 - Download File updaters.zip
2023-10-15 22:30:20,735 [INFO] JxBrowserEngine:151 - Initiate JxBrowser Engine with user profile folder
2023-10-15 22:30:20,783 [WARN] MainUpdater:1189 - Updater busy. Cannot search thirdparties
2023-10-15 22:30:20,783 [INFO] ThirdPartyUpdaterWithRetryManager:96 - Updater plugin is busy. [1/15]
2023-10-15 22:30:20,812 [INFO] FileExtend:240 - Unzip File : updaters.zip
2023-10-15 22:30:20,812 [INFO] FileExtend:255 - Standard Zip Deflate
2023-10-15 22:30:21,909 [INFO] ServerAccessManage:473 - Download File PacksControlFlags.xml
2023-10-15 22:30:22,105 [INFO] ServerAccessManage:473 - Download File cubemx.pidx
2023-10-15 22:30:22,328 [INFO] LoadServerUpdatesThread:373 - End of LoadServerUpdate Thread
2023-10-15 22:30:22,583 [INFO] CheckServerUpdateThread:120 - End of CheckServer Thread
2023-10-15 22:30:25,587 [WARN] PackLoader:240 - Cannot read IP mode file for STMicroelectronics.X-CUBE-SMBUS.2.1.0
2023-10-15 22:30:26,110 [WARN] PackLoader:240 - Cannot read IP mode file for STMicroelectronics.X-CUBE-SUBG2.4.1.0
2023-10-15 22:30:26,234 [WARN] PackLoader:240 - Cannot read IP mode file for STMicroelectronics.X-CUBE-MEMS1.9.2.0
2023-10-15 22:30:26,422 [WARN] PackLoader:240 - Cannot read IP mode file for STMicroelectronics.X-CUBE-AZRTOS-F7.1.1.0
2023-10-15 22:30:26,492 [WARN] PackLoader:240 - Cannot read IP mode file for STMicroelectronics.X-CUBE-AI.7.1.0
2023-10-15 22:30:26,538 [WARN] PackLoader:240 - Cannot read IP mode file for STMicroelectronics.X-CUBE-TOUCHGFX.4.19.1
2023-10-15 22:30:26,577 [WARN] PackLoader:240 - Cannot read IP mode file for STMicroelectronics.FP-SNS-MOTENV1.4.3.2
2023-10-15 22:30:26,629 [ERROR] RealEvaluatedCondition:428 - Found unsupported composite condition: GROUP='STM32_MetaDataManager' CLASS='Data Exchange'
2023-10-15 22:30:26,630 [ERROR] RealEvaluatedCondition:428 - Found unsupported composite condition: GROUP='STM32_MetaDataManager' CLASS='Data Exchange'
2023-10-15 22:30:26,631 [WARN] PackLoader:240 - Cannot read IP mode file for STMicroelectronics.FP-SNS-MOTENV1.4.3.1
2023-10-15 22:30:26,675 [WARN] PackLoader:240 - Cannot read IP mode file for STMicroelectronics.FP-SNS-FLIGHT1.5.0.1
2023-10-15 22:30:26,733 [WARN] PackLoader:240 - Cannot read IP mode file for STMicroelectronics.X-CUBE-BLE1.6.2.3
2023-10-15 22:30:26,784 [WARN] PackLoader:240 - Cannot read IP mode file for STMicroelectronics.X-CUBE-EEPRMA1.3.0.0
2023-10-15 22:30:26,820 [WARN] PackLoader:240 - Cannot read IP mode file for STMicroelectronics.X-CUBE-BLE1.6.2.4
2023-10-15 22:30:26,908 [WARN] PackLoader:240 - Cannot read IP mode file for STMicroelectronics.X-CUBE-BLE1.6.2.0
2023-10-15 22:30:26,915 [INFO] WebApp:157 - Instantiating new browser for Auth
2023-10-15 22:30:26,965 [WARN] PackLoader:240 - Cannot read IP mode file for STMicroelectronics.FP-SNS-FLIGHT1.5.0.2
2023-10-15 22:30:27,262 [WARN] PackLoader:240 - Cannot read IP mode file for STMicroelectronics.X-CUBE-BLE2.3.2.2
2023-10-15 22:30:27,305 [WARN] PackLoader:240 - Cannot read IP mode file for STMicroelectronics.X-CUBE-BLE2.3.2.0
2023-10-15 22:30:27,357 [WARN] PackLoader:240 - Cannot read IP mode file for STMicroelectronics.X-CUBE-DISPLAY.3.0.0
2023-10-15 22:30:27,566 [WARN] PackLoader:240 - Cannot read IP mode file for STMicroelectronics.X-CUBE-BLE1.7.0.0
2023-10-15 22:30:27,979 [WARN] PackLoader:240 - Cannot read IP mode file for emotas.I-CUBE-CANOPEN.1.3.0
2023-10-15 22:30:28,255 [WARN] PackLoader:240 - Cannot read IP mode file for STMicroelectronics.X-CUBE-TOUCHGFX.4.22.0
2023-10-15 22:30:28,590 [WARN] PackLoader:240 - Cannot read IP mode file for STMicroelectronics.X-CUBE-TOUCHGFX.4.22.1
2023-10-15 22:30:28,946 [WARN] PackLoader:240 - Cannot read IP mode file for STMicroelectronics.X-CUBE-AZRTOS-H7.1.0.0
2023-10-15 22:30:29,321 [WARN] PackLoader:240 - Cannot read IP mode file for STMicroelectronics.X-CUBE-MEMS1.9.3.0
2023-10-15 22:30:29,522 [WARN] PackLoader:240 - Cannot read IP mode file for STMicroelectronics.FP-SNS-SMARTAG2.1.2.0
2023-10-15 22:30:29,834 [INFO] LogOutputStream:77 - [STDOUT_REDIRECT] 1 : Invalid condition id : UX_CORESTACK_Condition cause : null
2023-10-15 22:30:29,836 [INFO] LogOutputStream:77 - [STDOUT_REDIRECT] 1 : Invalid condition id : UX_CORESTACK_Condition cause : null
2023-10-15 22:30:29,837 [INFO] LogOutputStream:77 - [STDOUT_REDIRECT] 1 : Invalid condition id : UX_CORESTACK_Condition cause : null
2023-10-15 22:30:29,839 [INFO] LogOutputStream:77 - [STDOUT_REDIRECT] 1 : Invalid condition id : UX_CORESTACK_Condition cause : null
2023-10-15 22:30:29,840 [INFO] LogOutputStream:77 - [STDOUT_REDIRECT] 1 : Invalid condition id : UX_CORESTACK_Condition cause : null
2023-10-15 22:30:29,844 [WARN] PackLoader:240 - Cannot read IP mode file for STMicroelectronics.X-CUBE-AZRTOS-WL.2.0.0
2023-10-15 22:30:30,044 [WARN] PackLoader:240 - Cannot read IP mode file for STMicroelectronics.X-CUBE-ALGOBUILD.1.2.0
2023-10-15 22:30:30,449 [WARN] PackLoader:240 - Cannot read IP mode file for WES.I-CUBE-Cesium.1.3.0
2023-10-15 22:30:30,800 [WARN] PackLoader:240 - Cannot read IP mode file for STMicroelectronics.X-CUBE-BLE2.3.3.0
2023-10-15 22:30:31,018 [WARN] PackLoader:240 - Cannot read IP mode file for STMicroelectronics.X-CUBE-DISPLAY.2.2.0
2023-10-15 22:30:31,121 [WARN] PackLoader:240 - Cannot read IP mode file for STMicroelectronics.X-CUBE-TOF1.3.2.0
2023-10-15 22:30:31,198 [WARN] PackLoader:240 - Cannot read IP mode file for STMicroelectronics.X-CUBE-AZRTOS-H7.2.1.0
2023-10-15 22:30:31,229 [WARN] PackLoader:240 - Cannot read IP mode file for STMicroelectronics.X-CUBE-TOUCHGFX.4.21.1
2023-10-15 22:30:31,264 [WARN] PackLoader:240 - Cannot read IP mode file for STMicroelectronics.X-CUBE-TOUCHGFX.4.21.0
2023-10-15 22:30:31,306 [WARN] PackLoader:240 - Cannot read IP mode file for STMicroelectronics.X-CUBE-TOUCHGFX.4.21.4
2023-10-15 22:30:31,350 [WARN] PackLoader:240 - Cannot read IP mode file for STMicroelectronics.X-CUBE-MEMS1.9.4.0
2023-10-15 22:30:31,741 [WARN] PackLoader:240 - Cannot read IP mode file for STMicroelectronics.X-CUBE-AI.7.3.0
2023-10-15 22:30:31,859 [WARN] PackLoader:240 - Cannot read IP mode file for STMicroelectronics.X-CUBE-ALGOBUILD.1.3.0
2023-10-15 22:30:32,468 [WARN] PackLoader:240 - Cannot read IP mode file for STMicroelectronics.X-CUBE-AZRTOS-G0.1.1.0
2023-10-15 22:30:32,985 [WARN] PackLoader:240 - Cannot read IP mode file for STMicroelectronics.X-CUBE-NFC4.3.0.0
2023-10-15 22:30:33,392 [WARN] PackLoader:240 - Cannot read IP mode file for SEGGER.I-CUBE-embOS.1.2.0
2023-10-15 22:30:33,708 [WARN] PackLoader:240 - Cannot read IP mode file for STMicroelectronics.X-CUBE-BLEMGR.1.3.0
2023-10-15 22:30:34,015 [WARN] PackLoader:240 - Cannot read IP mode file for STMicroelectronics.FP-ATR-SIGFOX1.3.2.0
2023-10-15 22:30:34,394 [WARN] PackLoader:240 - Cannot read IP mode file for emotas.I-CUBE-CANOPEN.1.1.2
2023-10-15 22:30:34,807 [WARN] PackLoader:240 - Cannot read IP mode file for STMicroelectronics.X-CUBE-TOUCHGFX.4.20.0
2023-10-15 22:30:35,363 [WARN] PackLoader:240 - Cannot read IP mode file for STMicroelectronics.X-CUBE-MEMS1.9.5.0
2023-10-15 22:30:35,630 [WARN] PackLoader:240 - Cannot read IP mode file for SEGGER.I-CUBE-embOS.1.3.1
2023-10-15 22:30:35,987 [WARN] PackLoader:240 - Cannot read IP mode file for STMicroelectronics.X-CUBE-TOUCHGFX.4.16.1
2023-10-15 22:30:36,237 [WARN] PackLoader:240 - Cannot read IP mode file for STMicroelectronics.X-CUBE-TOF1.3.0.0
2023-10-15 22:30:36,381 [WARN] PackLoader:240 - Cannot read IP mode file for STMicroelectronics.X-CUBE-GNSS1.6.0.0
2023-10-15 22:30:37,054 [WARN] PackLoader:240 - Cannot read IP mode file for STMicroelectronics.X-CUBE-AZRTOS-F4.1.1.0
2023-10-15 22:30:37,186 [WARN] PackLoader:240 - Cannot read IP mode file for wolfSSL.I-CUBE-wolfSSL.5.6.3
2023-10-15 22:30:37,249 [WARN] PackLoader:240 - Cannot read IP mode file for STMicroelectronics.X-CUBE-BLEMGR.1.2.0
2023-10-15 22:30:37,291 [WARN] PackLoader:240 - Cannot read IP mode file for STMicroelectronics.X-CUBE-AZRTOS-L5.2.0.0
2023-10-15 22:30:37,333 [WARN] PackLoader:240 - Cannot read IP mode file for STMicroelectronics.X-CUBE-MEMS1.9.6.0
2023-10-15 22:30:37,561 [WARN] PackLoader:240 - Cannot read IP mode file for ITTIA_DB.I-CUBE-ITTIADB.8.8.0
2023-10-15 22:30:37,581 [WARN] PackLoader:240 - Cannot read IP mode file for STMicroelectronics.X-CUBE-BLEMGR.2.0.0
2023-10-15 22:30:37,598 [WARN] PackLoader:240 - Cannot read IP mode file for STMicroelectronics.X-CUBE-NFC4.2.0.5
2023-10-15 22:30:37,614 [WARN] PackLoader:240 - Cannot read IP mode file for STMicroelectronics.X-CUBE-NFC4.2.0.4
2023-10-15 22:30:37,638 [WARN] PackLoader:240 - Cannot read IP mode file for STMicroelectronics.X-CUBE-NFC4.2.0.2
2023-10-15 22:30:37,670 [WARN] ConditionMgr:438 - getConditionDescription Invalid condition id : UX DEVICE CLASS RTOS Condition cause : null
2023-10-15 22:30:37,670 [WARN] ConditionMgr:438 - getConditionDescription Invalid condition id : UX DEVICE CLASS RTOS Condition cause : null
2023-10-15 22:30:37,672 [WARN] PackLoader:240 - Cannot read IP mode file for STMicroelectronics.X-CUBE-AZRTOS-H7.3.1.0
2023-10-15 22:30:37,673 [WARN] ConditionMgr:1039 - genDependencies : Invalid condition id : UX DEVICE CLASS RTOS Condition cause : null
2023-10-15 22:30:37,673 [WARN] ConditionMgr:1039 - genDependencies : Invalid condition id : UX DEVICE CLASS RTOS Condition cause : null
2023-10-15 22:30:37,673 [WARN] ConditionMgr:1039 - genDependencies : Invalid condition id : UX DEVICE CLASS RTOS Condition cause : null
2023-10-15 22:30:37,674 [WARN] ConditionMgr:1039 - genDependencies : Invalid condition id : UX DEVICE CLASS RTOS Condition cause : null
2023-10-15 22:30:37,674 [WARN] ConditionMgr:1039 - genDependencies : Invalid condition id : UX DEVICE CLASS RTOS Condition cause : null
2023-10-15 22:30:37,712 [WARN] PackLoader:240 - Cannot read IP mode file for STMicroelectronics.X-CUBE-SFXS2LP1.3.1.0
2023-10-15 22:30:37,733 [WARN] PackLoader:240 - Cannot read IP mode file for STMicroelectronics.X-CUBE-AZRTOS-F4.1.0.0
2023-10-15 22:30:37,754 [WARN] PackLoader:240 - Cannot read IP mode file for STMicroelectronics.X-CUBE-NFC7.1.0.1
2023-10-15 22:30:37,780 [WARN] PackLoader:240 - Cannot read IP mode file for STMicroelectronics.X-CUBE-NFC7.1.0.0
2023-10-15 22:30:37,797 [WARN] PackLoader:240 - Cannot read IP mode file for STMicroelectronics.X-CUBE-NFC6.3.0.0
2023-10-15 22:30:37,820 [WARN] PackLoader:240 - Cannot read IP mode file for STMicroelectronics.X-CUBE-EEPRMA1.4.1.0
2023-10-15 22:30:37,834 [WARN] PackLoader:240 - Cannot read IP mode file for STMicroelectronics.X-CUBE-DISPLAY.1.0.0
2023-10-15 22:30:37,842 [WARN] PackLoader:240 - Cannot read IP mode file for STMicroelectronics.X-CUBE-AI.8.1.0
2023-10-15 22:30:37,852 [WARN] PackLoader:240 - Cannot read IP mode file for STMicroelectronics.X-CUBE-AI.6.0.0
2023-10-15 22:30:37,871 [WARN] PackLoader:240 - Cannot read IP mode file for STMicroelectronics.X-CUBE-AZRTOS-G0.1.0.0
2023-10-15 22:30:37,898 [WARN] ConditionMgr:438 - getConditionDescription Invalid condition id : LAN8742 Phy interface Condition cause : null
2023-10-15 22:30:37,898 [WARN] PackLoader:240 - Cannot read IP mode file for STMicroelectronics.X-CUBE-AZRTOS-L4.2.0.0
2023-10-15 22:30:37,899 [WARN] ConditionMgr:1039 - genDependencies : Invalid condition id : LAN8742 Phy interface Condition cause : null
2023-10-15 22:30:37,899 [WARN] ConditionMgr:1039 - genDependencies : Invalid condition id : LAN8742 Phy interface Condition cause : null
2023-10-15 22:30:37,900 [WARN] ConditionMgr:1039 - genDependencies : Invalid condition id : LAN8742 Phy interface Condition cause : null
2023-10-15 22:30:37,925 [WARN] PackLoader:240 - Cannot read IP mode file for STMicroelectronics.X-CUBE-SFXS2LP1.4.0.0
2023-10-15 22:30:37,944 [WARN] PackLoader:240 - Cannot read IP mode file for wolfSSL.I-CUBE-wolfSSL.4.7.0
2023-10-15 22:30:37,983 [WARN] PackLoader:240 - Cannot read IP mode file for STMicroelectronics.X-CUBE-AZRTOS-H7.3.0.0
2023-10-15 22:30:38,008 [WARN] PackLoader:240 - Cannot read IP mode file for STMicroelectronics.X-CUBE-ISPU.1.1.0
2023-10-15 22:30:38,043 [WARN] PackLoader:240 - Cannot read IP mode file for RoweBots.I-CUBE-UNISONRTOS.5.5.0-4
2023-10-15 22:30:38,077 [WARN] PackLoader:240 - Cannot read IP mode file for STMicroelectronics.X-CUBE-SFXS2LP1.3.0.0
2023-10-15 22:30:38,131 [WARN] PackLoader:240 - Cannot read IP mode file for STMicroelectronics.X-CUBE-AI.8.0.0
2023-10-15 22:30:38,197 [WARN] ConditionMgr:438 - getConditionDescription Invalid condition id : UX DEVICE CLASS RTOS Condition cause : null
2023-10-15 22:30:38,197 [WARN] ConditionMgr:438 - getConditionDescription Invalid condition id : UX DEVICE CLASS RTOS Condition cause : null
2023-10-15 22:30:38,200 [WARN] PackLoader:240 - Cannot read IP mode file for STMicroelectronics.X-CUBE-AZRTOS-WB.2.0.0
2023-10-15 22:30:38,201 [WARN] ConditionMgr:1039 - genDependencies : Invalid condition id : UX DEVICE CLASS RTOS Condition cause : null
2023-10-15 22:30:38,201 [WARN] ConditionMgr:1039 - genDependencies : Invalid condition id : UX DEVICE CLASS RTOS Condition cause : null
2023-10-15 22:30:38,202 [WARN] ConditionMgr:1039 - genDependencies : Invalid condition id : UX DEVICE CLASS RTOS Condition cause : null
2023-10-15 22:30:38,202 [WARN] ConditionMgr:1039 - genDependencies : Invalid condition id : UX DEVICE CLASS RTOS Condition cause : null
2023-10-15 22:30:38,202 [WARN] ConditionMgr:1039 - genDependencies : Invalid condition id : UX DEVICE CLASS RTOS Condition cause : null
2023-10-15 22:30:38,237 [WARN] PackLoader:240 - Cannot read IP mode file for STMicroelectronics.X-CUBE-FREERTOS.1.0.0
2023-10-15 22:30:38,275 [WARN] PackLoader:240 - Cannot read IP mode file for STMicroelectronics.X-CUBE-FREERTOS.1.0.1
2023-10-15 22:30:38,326 [WARN] PackLoader:240 - Cannot read IP mode file for STMicroelectronics.X-CUBE-AZRTOS-L5.1.1.0
2023-10-15 22:30:38,350 [WARN] PackLoader:240 - Cannot read IP mode file for STMicroelectronics.X-CUBE-AI.8.0.1
2023-10-15 22:30:38,366 [WARN] PackLoader:240 - Cannot read IP mode file for STMicroelectronics.X-CUBE-SUBG2.5.0.0
2023-10-15 22:30:38,406 [WARN] PackLoader:240 - Cannot read IP mode file for STMicroelectronics.X-CUBE-TOF1.3.3.1
2023-10-15 22:30:38,449 [WARN] PackLoader:240 - Cannot read IP mode file for STMicroelectronics.X-CUBE-AZRTOS-G4.2.0.0
2023-10-15 22:30:38,477 [WARN] PackLoader:240 - Cannot read IP mode file for STMicroelectronics.X-CUBE-TOF1.3.3.0
2023-10-15 22:30:38,503 [WARN] PackLoader:240 - Cannot read IP mode file for STMicroelectronics.FP-ATR-ASTRA1.1.1.1
2023-10-15 22:30:38,548 [WARN] PackLoader:240 - Cannot read IP mode file for Infineon.AIROC-Wi-Fi-Bluetooth-STM32.1.5.1
2023-10-15 22:30:38,571 [WARN] PackLoader:240 - Cannot read IP mode file for STMicroelectronics.X-CUBE-AZRTOS-G4.1.0.0
2023-10-15 22:30:38,583 [WARN] PackLoader:240 - Cannot read IP mode file for wolfSSL.I-CUBE-wolfSSL.5.3.0
2023-10-15 22:30:38,643 [WARN] PackLoader:240 - Cannot read IP mode file for STMicroelectronics.X-CUBE-AZRTOS-L4.1.0.0
2023-10-15 22:30:38,667 [WARN] PackLoader:240 - Cannot read IP mode file for STMicroelectronics.X-CUBE-FREERTOS.1.1.0
2023-10-15 22:30:39,096 [WARN] PackLoader:240 - Cannot read IP mode file for STMicroelectronics.X-CUBE-AZRTOS-F7.1.0.0
2023-10-15 22:30:39,265 [WARN] PackLoader:240 - Cannot read IP mode file for STMicroelectronics.X-CUBE-AZRTOS-WL.1.0.0
2023-10-15 22:30:39,300 [WARN] PackLoader:240 - Cannot read IP mode file for STMicroelectronics.X-CUBE-TOF1.1.0.0
2023-10-15 22:30:39,322 [WARN] PackLoader:240 - Cannot read IP mode file for portGmbH.I-Cube-SoM-uGOAL.1.1.0
2023-10-15 22:30:39,428 [WARN] PackLoader:240 - Cannot read IP mode file for STMicroelectronics.X-CUBE-ALS.1.0.1
2023-10-15 22:30:39,433 [INFO] WebApp:753 - Register for checkConnection events
2023-10-15 22:30:39,433 [INFO] WebApp:390 - Apply proxy settings
2023-10-15 22:30:39,434 [INFO] WebApp:475 - Chromium requires no authentication
2023-10-15 22:30:39,453 [WARN] PackLoader:240 - Cannot read IP mode file for STMicroelectronics.X-CUBE-AZRTOS-WB.1.1.0
2023-10-15 22:30:39,455 [INFO] WebApp:418 - Direct internet connection detected
2023-10-15 22:30:39,504 [WARN] PackLoader:240 - Cannot read IP mode file for STMicroelectronics.X-CUBE-MEMS1.8.3.0
2023-10-15 22:30:39,579 [WARN] PackLoader:240 - Cannot read IP mode file for STMicroelectronics.X-CUBE-AZRTOS-L5.1.0.0
2023-10-15 22:30:39,613 [WARN] PackLoader:240 - Cannot read IP mode file for STMicroelectronics.X-CUBE-EEPRMA1.3.1.1
2023-10-15 22:30:39,630 [WARN] PackLoader:240 - Cannot read IP mode file for STMicroelectronics.X-CUBE-GNSS1.5.2.0
2023-10-15 22:30:39,649 [WARN] PackLoader:240 - Cannot read IP mode file for STMicroelectronics.FP-ATR-ASTRA1.2.0.0
2023-10-15 22:30:39,650 [INFO] ThirdParty:978 - Integrity check success = true
2023-10-15 22:30:39,650 [INFO] IntegrityCheckThread:100 - exiting critical section [integrity check]
2023-10-15 22:30:39,650 [INFO] IntegrityCheckThread:103 - End integrity checks thread
2023-10-15 22:30:39,797 [INFO] WebApp:188 - Starting web application
2023-10-15 22:30:39,797 [INFO] WebApp:520 - Web application path used C:\ST\STM32CubeIDE_1.13.2\STM32CubeIDE\plugins\com.st.stm32cube.common.mx_6.9.2.202309101412\db\plugins\mcufinder\reactClient1\index.html
2023-10-15 22:31:01,280 [ERROR] LogOutputStream:75 - [STDERR_REDIRECT] SLF4J: Failed to load class "org.slf4j.impl.StaticLoggerBinder".
2023-10-15 22:31:01,281 [ERROR] LogOutputStream:75 - [STDERR_REDIRECT] SLF4J: Defaulting to no-operation (NOP) logger implementation
2023-10-15 22:31:01,282 [ERROR] LogOutputStream:75 - [STDERR_REDIRECT] SLF4J: See http://www.slf4j.org/codes.html#StaticLoggerBinder for further details.
2023-10-15 22:31:10,471 [ERROR] LogOutputStream:75 - [STDERR_REDIRECT] 
