2023-10-01 11:02:27,669 [INFO] Activator:176 - 


2023-10-01 11:02:27,671 [INFO] Activator:177 - !SESSION log4j initialized
2023-10-01 11:02:30,054 [INFO] LogOutputStream:77 - [STDOUT_REDIRECT] 
2023-10-01 11:02:37,009 [INFO] ApplicationProperties:184 - Using Application install path: C:\ST\STM32CubeIDE_1.13.2\STM32CubeIDE\plugins\com.st.stm32cube.common.mx_6.9.2.202309101412
2023-10-01 11:02:37,032 [INFO] DbMcusXml:78 - Set database path to: C:\ST\STM32CubeIDE_1.13.2\STM32CubeIDE\plugins\com.st.stm32cube.common.mx_6.9.2.202309101412\\db\/mcu/
2023-10-01 11:02:37,033 [INFO] ApiDb:274 - Set plugin database path to: C:\ST\STM32CubeIDE_1.13.2\STM32CubeIDE\plugins\com.st.stm32cube.common.mx_6.9.2.202309101412\\db\/plugins/boardmanager/
2023-10-01 11:02:37,033 [WARN] ApiDb:259 - Overriding images path with different value:  => C:\ST\STM32CubeIDE_1.13.2\STM32CubeIDE\plugins\com.st.stm32cube.common.mx_6.9.2.202309101412\\db\/plugins/mcufinder/images/
2023-10-01 11:02:37,045 [INFO] ApiDb:250 - Set database path to: C:\Users\57310\.stmcufinder\plugins\mcufinder//mcu/
2023-10-01 11:02:37,047 [INFO] DbMcusAds:125 - Set database path to: C:\Users\57310\.stmcufinder\plugins\mcufinder//mcu/
2023-10-01 11:02:37,049 [INFO] CrossReferenceDbSqlite:203 - Set database path to: C:\Users\57310\.stmcufinder\plugins\mcufinder//mcu/cs/
2023-10-01 11:02:37,145 [INFO] RulesReader:64 - Compatibility file has been processed (293 Rules)
2023-10-01 11:02:37,214 [INFO] DbMcusXml:78 - Set database path to: C:\ST\STM32CubeIDE_1.13.2\STM32CubeIDE\plugins\com.st.stm32cube.common.mx_6.9.2.202309101412\\db\/mcu/
2023-10-01 11:02:37,214 [INFO] ApiDb:274 - Set plugin database path to: C:\ST\STM32CubeIDE_1.13.2\STM32CubeIDE\plugins\com.st.stm32cube.common.mx_6.9.2.202309101412\\db\/plugins/boardmanager/
2023-10-01 11:02:37,214 [INFO] ApiDb:261 - Set plugin images path to: C:\ST\STM32CubeIDE_1.13.2\STM32CubeIDE\plugins\com.st.stm32cube.common.mx_6.9.2.202309101412\\db\/plugins/mcufinder/images/
2023-10-01 11:02:37,215 [WARN] DbFile:41 - Overriding database path with different value: C:\Users\57310\.stmcufinder\plugins\mcufinder/ => C:\Users\57310\.stmcufinder\plugins\mcufinder
2023-10-01 11:02:37,215 [INFO] ApiDb:250 - Set database path to: C:\Users\57310\.stmcufinder\plugins\mcufinder//mcu/
2023-10-01 11:02:37,215 [WARN] DbFile:41 - Overriding database path with different value: C:\Users\57310\.stmcufinder\plugins\mcufinder/ => C:\Users\57310\.stmcufinder\plugins\mcufinder
2023-10-01 11:02:37,215 [INFO] DbMcusAds:125 - Set database path to: C:\Users\57310\.stmcufinder\plugins\mcufinder//mcu/
2023-10-01 11:02:37,215 [WARN] DbFile:41 - Overriding database path with different value: C:\Users\57310\.stmcufinder\plugins\mcufinder/ => C:\Users\57310\.stmcufinder\plugins\mcufinder
2023-10-01 11:02:37,215 [WARN] DbFile:41 - Overriding database path with different value: C:\Users\57310\.stmcufinder\plugins\mcufinder/ => C:\Users\57310\.stmcufinder\plugins\mcufinder
2023-10-01 11:02:37,215 [INFO] CrossReferenceDbSqlite:203 - Set database path to: C:\Users\57310\.stmcufinder\plugins\mcufinder//mcu/cs/
2023-10-01 11:02:37,274 [INFO] MainPanel:262 - HeapMemory: 268435456
2023-10-01 11:02:37,327 [INFO] DbMcusXml:78 - Set database path to: C:\ST\STM32CubeIDE_1.13.2\STM32CubeIDE\plugins\com.st.stm32cube.common.mx_6.9.2.202309101412\\db\/mcu/
2023-10-01 11:02:37,327 [INFO] ApiDb:274 - Set plugin database path to: C:\ST\STM32CubeIDE_1.13.2\STM32CubeIDE\plugins\com.st.stm32cube.common.mx_6.9.2.202309101412\\db\/plugins/boardmanager/
2023-10-01 11:02:37,327 [INFO] ApiDb:261 - Set plugin images path to: C:\ST\STM32CubeIDE_1.13.2\STM32CubeIDE\plugins\com.st.stm32cube.common.mx_6.9.2.202309101412\\db\/plugins/mcufinder/images/
2023-10-01 11:02:37,327 [WARN] DbFile:41 - Overriding database path with different value: C:\Users\57310\.stmcufinder\plugins\mcufinder/ => C:\Users\57310\.stmcufinder\plugins\mcufinder
2023-10-01 11:02:37,327 [INFO] ApiDb:250 - Set database path to: C:\Users\57310\.stmcufinder\plugins\mcufinder//mcu/
2023-10-01 11:02:37,328 [WARN] DbFile:41 - Overriding database path with different value: C:\Users\57310\.stmcufinder\plugins\mcufinder/ => C:\Users\57310\.stmcufinder\plugins\mcufinder
2023-10-01 11:02:37,328 [INFO] DbMcusAds:125 - Set database path to: C:\Users\57310\.stmcufinder\plugins\mcufinder//mcu/
2023-10-01 11:02:37,328 [WARN] DbFile:41 - Overriding database path with different value: C:\Users\57310\.stmcufinder\plugins\mcufinder/ => C:\Users\57310\.stmcufinder\plugins\mcufinder
2023-10-01 11:02:37,328 [WARN] DbFile:41 - Overriding database path with different value: C:\Users\57310\.stmcufinder\plugins\mcufinder/ => C:\Users\57310\.stmcufinder\plugins\mcufinder
2023-10-01 11:02:37,328 [INFO] CrossReferenceDbSqlite:203 - Set database path to: C:\Users\57310\.stmcufinder\plugins\mcufinder//mcu/cs/
2023-10-01 11:02:37,345 [INFO] ApplicationProperties:184 - Using Application install path: C:\ST\STM32CubeIDE_1.13.2\STM32CubeIDE\plugins\com.st.stm32cube.common.mx_6.9.2.202309101412
2023-10-01 11:02:37,346 [INFO] PluginManage:196 - Search for loadable plugins [exclusion list=, ]
2023-10-01 11:02:37,347 [INFO] PluginManage:310 - Check plugin analytics
2023-10-01 11:02:42,061 [INFO] AnalyticsPlugin:253 - Accepted Software Licenses: 
2023-10-01 11:02:42,062 [INFO] AnalyticsPlugin:255 - Accepted CMSIS Pack Licenses: 
2023-10-01 11:02:42,062 [INFO] AnalyticsPlugin:257 - Accepted Firmware Licenses: 
2023-10-01 11:02:42,065 [INFO] PluginManage:359 - Loaded plugin analytics (category:tool,tabindex:-1)
2023-10-01 11:02:42,065 [INFO] PluginManage:310 - Check plugin cadmodel
2023-10-01 11:02:42,069 [INFO] CADModel:105 - Init CAD model plugin
2023-10-01 11:02:42,069 [INFO] PluginManage:359 - Loaded plugin cadmodel (category:power,tabindex:5)
2023-10-01 11:02:42,070 [INFO] PluginManage:310 - Check plugin clock
2023-10-01 11:02:42,079 [INFO] PluginManage:359 - Loaded plugin clock (category:base,tabindex:2)
2023-10-01 11:02:42,079 [INFO] PluginManage:310 - Check plugin ddr
2023-10-01 11:02:42,081 [INFO] PluginManage:359 - Loaded plugin ddr (category:tool,tabindex:6)
2023-10-01 11:02:42,081 [INFO] PluginManage:310 - Check plugin filemanager
2023-10-01 11:02:42,196 [INFO] PluginManage:359 - Loaded plugin filemanager (category:base,tabindex:10)
2023-10-01 11:02:42,196 [INFO] PluginManage:310 - Check plugin ipmanager
2023-10-01 11:02:42,204 [INFO] PluginManage:359 - Loaded plugin ipmanager (category:base,tabindex:5)
2023-10-01 11:02:42,204 [INFO] PluginManage:310 - Check plugin lpbam
2023-10-01 11:02:42,214 [INFO] PluginManage:359 - Loaded plugin lpbam (category:base,tabindex:0)
2023-10-01 11:02:42,214 [INFO] PluginManage:310 - Check plugin memorymap
2023-10-01 11:02:42,226 [INFO] PluginManage:359 - Loaded plugin memorymap (category:base,tabindex:4)
2023-10-01 11:02:42,227 [INFO] PluginManage:310 - Check plugin pinoutandconfiguration
2023-10-01 11:02:42,233 [INFO] PluginManage:359 - Loaded plugin pinoutandconfiguration (category:base,tabindex:1)
2023-10-01 11:02:42,234 [INFO] PluginManage:310 - Check plugin pinoutconfig
2023-10-01 11:02:42,374 [WARN] SupportedApi:132 - Cannot load RTOS API schema: s4s-elt-must-match.1: The content of 'definitions' must match (annotation?, (simpleType | complexType)?, (unique | key | keyref)*)). A problem was found starting at: attribute.
2023-10-01 11:02:42,530 [INFO] PluginManage:359 - Loaded plugin pinoutconfig (category:base,tabindex:0)
2023-10-01 11:02:42,530 [INFO] PluginManage:310 - Check plugin power
2023-10-01 11:02:42,538 [INFO] PluginManage:359 - Loaded plugin power (category:power,tabindex:4)
2023-10-01 11:02:42,538 [INFO] PluginManage:310 - Check plugin projectmanager
2023-10-01 11:02:42,550 [INFO] PluginManage:359 - Loaded plugin projectmanager (category:projectmanager,tabindex:3)
2023-10-01 11:02:42,550 [INFO] PluginManage:310 - Check plugin thirdparty
2023-10-01 11:02:42,661 [INFO] PluginManage:359 - Loaded plugin thirdparty (category:base,tabindex:-1)
2023-10-01 11:02:42,661 [INFO] PluginManage:310 - Check plugin tools
2023-10-01 11:02:42,661 [WARN] IntegrityCheckThread:84 - waiting for thirdparty lock release [integrity check]
2023-10-01 11:02:42,661 [INFO] IntegrityCheckThread:86 - entering critical section [integrity check]
2023-10-01 11:02:42,662 [INFO] ThirdPartyUpdaterWithRetryManager:70 - Updater plugin not ready yet. [1/15]
2023-10-01 11:02:42,664 [INFO] PluginManage:359 - Loaded plugin tools (category:base,tabindex:7)
2023-10-01 11:02:42,664 [INFO] PluginManage:310 - Check plugin tutovideos
2023-10-01 11:02:42,809 [INFO] PluginManage:359 - Loaded plugin tutovideos (category:base,tabindex:-1)
2023-10-01 11:02:42,809 [INFO] PluginManage:310 - Check plugin updater
2023-10-01 11:02:42,821 [INFO] PluginManage:359 - Loaded plugin updater (category:base,tabindex:12)
2023-10-01 11:02:42,822 [INFO] PluginManage:310 - Check plugin userauth
2023-10-01 11:02:42,827 [INFO] UserAuth:113 - Init User Auth plugin
2023-10-01 11:02:42,827 [INFO] PluginManage:359 - Loaded plugin userauth (category:base,tabindex:14)
2023-10-01 11:02:42,828 [INFO] PluginManage:283 - PluginManage : Loaded plugins [17]
2023-10-01 11:02:43,031 [INFO] PinOutPanel:1499 - setPackage(No Configuration,No Configuration)
2023-10-01 11:02:43,135 [INFO] CADModel:165 - CPN selected for project level
2023-10-01 11:02:43,135 [INFO] CADModel:114 - Register for checkConnection events
2023-10-01 11:02:43,150 [INFO] IPUIPlugin:80 - create IPUIPlugin
2023-10-01 11:02:43,151 [INFO] PluginManager:220 - loadIPPluginJar : add adc
2023-10-01 11:02:43,154 [INFO] IPUIPlugin:80 - create IPUIPlugin
2023-10-01 11:02:43,154 [INFO] PluginManager:220 - loadIPPluginJar : add aes
2023-10-01 11:02:43,156 [INFO] IPUIPlugin:80 - create IPUIPlugin
2023-10-01 11:02:43,156 [INFO] PluginManager:220 - loadIPPluginJar : add can
2023-10-01 11:02:43,158 [INFO] IPUIPlugin:80 - create IPUIPlugin
2023-10-01 11:02:43,158 [INFO] PluginManager:220 - loadIPPluginJar : add comp
2023-10-01 11:02:43,161 [INFO] IPUIPlugin:80 - create IPUIPlugin
2023-10-01 11:02:43,161 [INFO] PluginManager:220 - loadIPPluginJar : add cryp
2023-10-01 11:02:43,164 [INFO] IPUIPlugin:80 - create IPUIPlugin
2023-10-01 11:02:43,164 [INFO] PluginManager:220 - loadIPPluginJar : add dfsdm
2023-10-01 11:02:43,169 [INFO] IPUIPlugin:80 - create IPUIPlugin
2023-10-01 11:02:43,170 [INFO] PluginManager:220 - loadIPPluginJar : add dma
2023-10-01 11:02:43,173 [INFO] IPUIPlugin:80 - create IPUIPlugin
2023-10-01 11:02:43,173 [INFO] PluginManager:220 - loadIPPluginJar : add dma3
2023-10-01 11:02:43,175 [INFO] IPUIPlugin:80 - create IPUIPlugin
2023-10-01 11:02:43,175 [INFO] PluginManager:220 - loadIPPluginJar : add fatfs
2023-10-01 11:02:43,179 [INFO] IPUIPlugin:80 - create IPUIPlugin
2023-10-01 11:02:43,179 [INFO] PluginManager:220 - loadIPPluginJar : add fmc
2023-10-01 11:02:43,184 [INFO] IPUIPlugin:80 - create IPUIPlugin
2023-10-01 11:02:43,184 [INFO] PluginManager:220 - loadIPPluginJar : add freertos
2023-10-01 11:02:43,185 [INFO] IPUIPlugin:80 - create IPUIPlugin
2023-10-01 11:02:43,186 [INFO] PluginManager:220 - loadIPPluginJar : add genericplugin
2023-10-01 11:02:43,188 [INFO] IPUIPlugin:80 - create IPUIPlugin
2023-10-01 11:02:43,188 [INFO] PluginManager:220 - loadIPPluginJar : add gfxmmu
2023-10-01 11:02:43,192 [INFO] IPUIPlugin:80 - create IPUIPlugin
2023-10-01 11:02:43,192 [INFO] PluginManager:220 - loadIPPluginJar : add gic
2023-10-01 11:02:43,196 [INFO] IPUIPlugin:80 - create IPUIPlugin
2023-10-01 11:02:43,196 [INFO] PluginManager:220 - loadIPPluginJar : add gpio
2023-10-01 11:02:43,199 [INFO] IPUIPlugin:80 - create IPUIPlugin
2023-10-01 11:02:43,199 [INFO] PluginManager:220 - loadIPPluginJar : add gtzc
2023-10-01 11:02:43,201 [INFO] IPUIPlugin:80 - create IPUIPlugin
2023-10-01 11:02:43,202 [INFO] PluginManager:220 - loadIPPluginJar : add hash
2023-10-01 11:02:43,205 [INFO] IPUIPlugin:80 - create IPUIPlugin
2023-10-01 11:02:43,205 [INFO] PluginManager:220 - loadIPPluginJar : add i2c
2023-10-01 11:02:43,208 [INFO] IPUIPlugin:80 - create IPUIPlugin
2023-10-01 11:02:43,208 [INFO] PluginManager:220 - loadIPPluginJar : add i2s
2023-10-01 11:02:43,211 [INFO] IPUIPlugin:80 - create IPUIPlugin
2023-10-01 11:02:43,211 [INFO] PluginManager:220 - loadIPPluginJar : add i3c
2023-10-01 11:02:43,214 [INFO] IPUIPlugin:80 - create IPUIPlugin
2023-10-01 11:02:43,214 [INFO] PluginManager:220 - loadIPPluginJar : add ipddr
2023-10-01 11:02:43,220 [INFO] IPUIPlugin:80 - create IPUIPlugin
2023-10-01 11:02:43,220 [INFO] PluginManager:220 - loadIPPluginJar : add linkedlist
2023-10-01 11:02:43,223 [INFO] IPUIPlugin:80 - create IPUIPlugin
2023-10-01 11:02:43,223 [INFO] PluginManager:220 - loadIPPluginJar : add lorawan
2023-10-01 11:02:43,224 [INFO] IPUIPlugin:80 - create IPUIPlugin
2023-10-01 11:02:43,225 [INFO] PluginManager:220 - loadIPPluginJar : add ltdc
2023-10-01 11:02:43,229 [INFO] IPUIPlugin:80 - create IPUIPlugin
2023-10-01 11:02:43,230 [INFO] PluginManager:220 - loadIPPluginJar : add mdma
2023-10-01 11:02:43,233 [INFO] IPUIPlugin:80 - create IPUIPlugin
2023-10-01 11:02:43,233 [INFO] PluginManager:220 - loadIPPluginJar : add nvic
2023-10-01 11:02:43,236 [INFO] IPUIPlugin:80 - create IPUIPlugin
2023-10-01 11:02:43,236 [INFO] PluginManager:220 - loadIPPluginJar : add opamp
2023-10-01 11:02:43,240 [INFO] IPUIPlugin:80 - create IPUIPlugin
2023-10-01 11:02:43,240 [INFO] PluginManager:220 - loadIPPluginJar : add openamp
2023-10-01 11:02:43,244 [INFO] IPUIPlugin:80 - create IPUIPlugin
2023-10-01 11:02:43,244 [INFO] PluginManager:220 - loadIPPluginJar : add pdm2pcm
2023-10-01 11:02:43,250 [INFO] IPUIPlugin:80 - create IPUIPlugin
2023-10-01 11:02:43,253 [INFO] PluginManager:220 - loadIPPluginJar : add plateformsettings
2023-10-01 11:02:43,255 [INFO] IPUIPlugin:80 - create IPUIPlugin
2023-10-01 11:02:43,255 [INFO] PluginManager:220 - loadIPPluginJar : add quadspi
2023-10-01 11:02:43,259 [INFO] IPUIPlugin:80 - create IPUIPlugin
2023-10-01 11:02:43,259 [INFO] PluginManager:220 - loadIPPluginJar : add resmgrutility
2023-10-01 11:02:43,263 [INFO] IPUIPlugin:80 - create IPUIPlugin
2023-10-01 11:02:43,263 [INFO] PluginManager:220 - loadIPPluginJar : add sai
2023-10-01 11:02:43,266 [INFO] IPUIPlugin:80 - create IPUIPlugin
2023-10-01 11:02:43,266 [INFO] PluginManager:220 - loadIPPluginJar : add spi
2023-10-01 11:02:43,272 [INFO] IPUIPlugin:80 - create IPUIPlugin
2023-10-01 11:02:43,272 [INFO] PluginManager:220 - loadIPPluginJar : add stm32_wpan
2023-10-01 11:02:43,274 [INFO] IPUIPlugin:80 - create IPUIPlugin
2023-10-01 11:02:43,274 [INFO] PluginManager:220 - loadIPPluginJar : add tim
2023-10-01 11:02:43,278 [INFO] IPUIPlugin:80 - create IPUIPlugin
2023-10-01 11:02:43,278 [INFO] PluginManager:220 - loadIPPluginJar : add touchsensing
2023-10-01 11:02:43,280 [INFO] IPUIPlugin:80 - create IPUIPlugin
2023-10-01 11:02:43,280 [INFO] PluginManager:220 - loadIPPluginJar : add tracer_emb
2023-10-01 11:02:43,282 [INFO] IPUIPlugin:80 - create IPUIPlugin
2023-10-01 11:02:43,283 [INFO] PluginManager:220 - loadIPPluginJar : add ts
2023-10-01 11:02:43,285 [INFO] IPUIPlugin:80 - create IPUIPlugin
2023-10-01 11:02:43,285 [INFO] PluginManager:220 - loadIPPluginJar : add tsc
2023-10-01 11:02:43,287 [INFO] IPUIPlugin:80 - create IPUIPlugin
2023-10-01 11:02:43,287 [INFO] PluginManager:220 - loadIPPluginJar : add ucpd
2023-10-01 11:02:43,290 [INFO] IPUIPlugin:80 - create IPUIPlugin
2023-10-01 11:02:43,290 [INFO] PluginManager:220 - loadIPPluginJar : add usart
2023-10-01 11:02:43,294 [INFO] IPUIPlugin:80 - create IPUIPlugin
2023-10-01 11:02:43,294 [INFO] PluginManager:220 - loadIPPluginJar : add usbx
2023-10-01 11:02:43,411 [INFO] CADModel:165 - CPN selected for project level
2023-10-01 11:02:43,411 [INFO] CADModel:114 - Register for checkConnection events
2023-10-01 11:02:43,411 [FATAL] Updater:308 - Updater called before beeing initialized
2023-10-01 11:02:43,411 [ERROR] CADModel:125 - Updater not yet initialized, retry later 
2023-10-01 11:02:43,542 [INFO] CADModel:165 - CPN selected for project level
2023-10-01 11:02:43,542 [INFO] CADModel:114 - Register for checkConnection events
2023-10-01 11:02:43,543 [FATAL] Updater:308 - Updater called before beeing initialized
2023-10-01 11:02:43,543 [ERROR] CADModel:125 - Updater not yet initialized, retry later 
2023-10-01 11:02:43,545 [FATAL] Updater:308 - Updater called before beeing initialized
2023-10-01 11:02:43,641 [FATAL] Updater:308 - Updater called before beeing initialized
2023-10-01 11:02:43,646 [INFO] DbMcusAds:53 - JSON generation date=Tue Mar 07 03:50:55 COT 2023 (1678179055114)
2023-10-01 11:02:43,646 [FATAL] Updater:308 - Updater called before beeing initialized
2023-10-01 11:02:43,677 [WARN] DetailPanel:346 - Failed to get advertising image, set to default
2023-10-01 11:02:43,759 [FATAL] Updater:308 - Updater called before beeing initialized
2023-10-01 11:02:43,760 [FATAL] Updater:308 - Updater called before beeing initialized
2023-10-01 11:02:43,760 [FATAL] Updater:308 - Updater called before beeing initialized
2023-10-01 11:02:43,761 [WARN] DetailPanel:346 - Failed to get advertising image, set to default
2023-10-01 11:02:43,761 [FATAL] Updater:308 - Updater called before beeing initialized
2023-10-01 11:02:43,810 [ERROR] Updater:1120 - MainUpdater not yet initialized. External WinMGr cannot be set.
2023-10-01 11:02:43,813 [INFO] Updater:1056 - Updater Version found : 6.9.2
2023-10-01 11:02:43,830 [INFO] ApplicationProperties:184 - Using Application install path: C:\ST\STM32CubeIDE_1.13.2\STM32CubeIDE\plugins\com.st.stm32cube.common.mx_6.9.2.202309101412
2023-10-01 11:02:44,064 [INFO] MainUpdater:2868 - connection check result : 10
2023-10-01 11:02:44,065 [INFO] MainUpdater:285 - Updater Check For Update Now.
2023-10-01 11:02:44,065 [INFO] MicroXplorer:498 - Change Database Version : DB.6.0.92
2023-10-01 11:02:44,072 [INFO] McuFinderGlobals:63 - Set McuFinder mode to 2 (CubeIDE integrated)
2023-10-01 11:02:44,072 [INFO] UserAuth:179 - activating auth plugin
2023-10-01 11:02:44,075 [INFO] UserAuth:393 - Internet connection configuration mode: 1
2023-10-01 11:02:44,094 [INFO] JxBrowserEngine:151 - Initiate JxBrowser Engine with user profile folder
2023-10-01 11:02:44,242 [INFO] CheckServerUpdateThread:120 - End of CheckServer Thread
2023-10-01 11:02:44,915 [INFO] WebApp:157 - Instantiating new browser for Auth
2023-10-01 11:02:46,552 [INFO] WebApp:753 - Register for checkConnection events
2023-10-01 11:02:46,552 [INFO] WebApp:390 - Apply proxy settings
2023-10-01 11:02:46,553 [INFO] WebApp:475 - Chromium requires no authentication
2023-10-01 11:02:46,558 [INFO] WebApp:418 - Direct internet connection detected
2023-10-01 11:02:46,662 [INFO] WebApp:188 - Starting web application
2023-10-01 11:02:46,662 [INFO] WebApp:520 - Web application path used C:\ST\STM32CubeIDE_1.13.2\STM32CubeIDE\plugins\com.st.stm32cube.common.mx_6.9.2.202309101412\db\plugins\mcufinder\reactClient1\index.html
2023-10-01 11:02:47,247 [WARN] PackLoader:240 - Cannot read IP mode file for STMicroelectronics.X-CUBE-SMBUS.2.1.0
2023-10-01 11:02:47,272 [WARN] PackLoader:240 - Cannot read IP mode file for STMicroelectronics.X-CUBE-SUBG2.4.1.0
2023-10-01 11:02:47,540 [WARN] PackLoader:240 - Cannot read IP mode file for STMicroelectronics.X-CUBE-MEMS1.9.2.0
2023-10-01 11:02:47,761 [WARN] PackLoader:240 - Cannot read IP mode file for STMicroelectronics.X-CUBE-AZRTOS-F7.1.1.0
2023-10-01 11:02:47,769 [WARN] PackLoader:240 - Cannot read IP mode file for STMicroelectronics.X-CUBE-AI.7.1.0
2023-10-01 11:02:47,776 [WARN] PackLoader:240 - Cannot read IP mode file for STMicroelectronics.X-CUBE-TOUCHGFX.4.19.1
2023-10-01 11:02:47,782 [WARN] PackLoader:240 - Cannot read IP mode file for STMicroelectronics.FP-SNS-MOTENV1.4.3.2
2023-10-01 11:02:48,114 [ERROR] RealEvaluatedCondition:428 - Found unsupported composite condition: CLASS='Data Exchange' GROUP='STM32_MetaDataManager'
2023-10-01 11:02:48,114 [ERROR] RealEvaluatedCondition:428 - Found unsupported composite condition: GROUP='STM32_MetaDataManager' CLASS='Data Exchange'
2023-10-01 11:02:48,115 [WARN] PackLoader:240 - Cannot read IP mode file for STMicroelectronics.FP-SNS-MOTENV1.4.3.1
2023-10-01 11:02:48,121 [WARN] PackLoader:240 - Cannot read IP mode file for STMicroelectronics.FP-SNS-FLIGHT1.5.0.1
2023-10-01 11:02:48,127 [WARN] PackLoader:240 - Cannot read IP mode file for STMicroelectronics.X-CUBE-BLE1.6.2.3
2023-10-01 11:02:48,133 [WARN] PackLoader:240 - Cannot read IP mode file for STMicroelectronics.X-CUBE-EEPRMA1.3.0.0
2023-10-01 11:02:48,138 [WARN] PackLoader:240 - Cannot read IP mode file for STMicroelectronics.X-CUBE-BLE1.6.2.4
2023-10-01 11:02:48,201 [WARN] PackLoader:240 - Cannot read IP mode file for STMicroelectronics.X-CUBE-BLE1.6.2.0
2023-10-01 11:02:48,205 [WARN] PackLoader:240 - Cannot read IP mode file for STMicroelectronics.FP-SNS-FLIGHT1.5.0.2
2023-10-01 11:02:48,210 [WARN] PackLoader:240 - Cannot read IP mode file for STMicroelectronics.X-CUBE-BLE2.3.2.2
2023-10-01 11:02:48,215 [WARN] PackLoader:240 - Cannot read IP mode file for STMicroelectronics.X-CUBE-BLE2.3.2.0
2023-10-01 11:02:48,221 [WARN] PackLoader:240 - Cannot read IP mode file for STMicroelectronics.X-CUBE-DISPLAY.3.0.0
2023-10-01 11:02:48,226 [WARN] PackLoader:240 - Cannot read IP mode file for STMicroelectronics.X-CUBE-BLE1.7.0.0
2023-10-01 11:02:48,231 [WARN] PackLoader:240 - Cannot read IP mode file for emotas.I-CUBE-CANOPEN.1.3.0
2023-10-01 11:02:48,234 [WARN] PackLoader:240 - Cannot read IP mode file for STMicroelectronics.X-CUBE-TOUCHGFX.4.22.0
2023-10-01 11:02:48,251 [WARN] PackLoader:240 - Cannot read IP mode file for STMicroelectronics.X-CUBE-AZRTOS-H7.1.0.0
2023-10-01 11:02:48,298 [WARN] PackLoader:240 - Cannot read IP mode file for STMicroelectronics.X-CUBE-MEMS1.9.3.0
2023-10-01 11:02:48,569 [WARN] PackLoader:240 - Cannot read IP mode file for STMicroelectronics.FP-SNS-SMARTAG2.1.2.0
2023-10-01 11:02:48,576 [INFO] LogOutputStream:77 - [STDOUT_REDIRECT] 1 : Invalid condition id : UX_CORESTACK_Condition cause : null
2023-10-01 11:02:48,577 [INFO] LogOutputStream:77 - [STDOUT_REDIRECT] 1 : Invalid condition id : UX_CORESTACK_Condition cause : null
2023-10-01 11:02:48,577 [INFO] LogOutputStream:77 - [STDOUT_REDIRECT] 1 : Invalid condition id : UX_CORESTACK_Condition cause : null
2023-10-01 11:02:48,578 [INFO] LogOutputStream:77 - [STDOUT_REDIRECT] 1 : Invalid condition id : UX_CORESTACK_Condition cause : null
2023-10-01 11:02:48,579 [INFO] LogOutputStream:77 - [STDOUT_REDIRECT] 1 : Invalid condition id : UX_CORESTACK_Condition cause : null
2023-10-01 11:02:48,581 [WARN] PackLoader:240 - Cannot read IP mode file for STMicroelectronics.X-CUBE-AZRTOS-WL.2.0.0
2023-10-01 11:02:48,630 [WARN] PackLoader:240 - Cannot read IP mode file for STMicroelectronics.X-CUBE-ALGOBUILD.1.2.0
2023-10-01 11:02:48,658 [WARN] PackLoader:240 - Cannot read IP mode file for WES.I-CUBE-Cesium.1.3.0
2023-10-01 11:02:48,726 [WARN] PackLoader:240 - Cannot read IP mode file for STMicroelectronics.X-CUBE-BLE2.3.3.0
2023-10-01 11:02:48,731 [WARN] PackLoader:240 - Cannot read IP mode file for STMicroelectronics.X-CUBE-DISPLAY.2.2.0
2023-10-01 11:02:48,800 [WARN] PackLoader:240 - Cannot read IP mode file for STMicroelectronics.X-CUBE-TOF1.3.2.0
2023-10-01 11:02:48,815 [WARN] PackLoader:240 - Cannot read IP mode file for STMicroelectronics.X-CUBE-AZRTOS-H7.2.1.0
2023-10-01 11:02:48,850 [WARN] PackLoader:240 - Cannot read IP mode file for STMicroelectronics.X-CUBE-TOUCHGFX.4.21.1
2023-10-01 11:02:48,853 [WARN] PackLoader:240 - Cannot read IP mode file for STMicroelectronics.X-CUBE-TOUCHGFX.4.21.0
2023-10-01 11:02:48,855 [WARN] PackLoader:240 - Cannot read IP mode file for STMicroelectronics.X-CUBE-TOUCHGFX.4.21.4
2023-10-01 11:02:48,977 [WARN] PackLoader:240 - Cannot read IP mode file for STMicroelectronics.X-CUBE-MEMS1.9.4.0
2023-10-01 11:02:49,076 [WARN] PackLoader:240 - Cannot read IP mode file for STMicroelectronics.X-CUBE-AI.7.3.0
2023-10-01 11:02:49,081 [WARN] PackLoader:240 - Cannot read IP mode file for STMicroelectronics.X-CUBE-ALGOBUILD.1.3.0
2023-10-01 11:02:49,142 [WARN] PackLoader:240 - Cannot read IP mode file for STMicroelectronics.X-CUBE-AZRTOS-G0.1.1.0
2023-10-01 11:02:49,156 [WARN] PackLoader:240 - Cannot read IP mode file for STMicroelectronics.X-CUBE-NFC4.3.0.0
2023-10-01 11:02:49,402 [WARN] PackLoader:240 - Cannot read IP mode file for SEGGER.I-CUBE-embOS.1.2.0
2023-10-01 11:02:49,439 [WARN] PackLoader:240 - Cannot read IP mode file for STMicroelectronics.X-CUBE-BLEMGR.1.3.0
2023-10-01 11:02:49,538 [WARN] PackLoader:240 - Cannot read IP mode file for STMicroelectronics.FP-ATR-SIGFOX1.3.2.0
2023-10-01 11:02:49,571 [WARN] PackLoader:240 - Cannot read IP mode file for emotas.I-CUBE-CANOPEN.1.1.2
2023-10-01 11:02:49,574 [WARN] PackLoader:240 - Cannot read IP mode file for STMicroelectronics.X-CUBE-TOUCHGFX.4.20.0
2023-10-01 11:02:49,594 [WARN] PackLoader:240 - Cannot read IP mode file for STMicroelectronics.X-CUBE-MEMS1.9.5.0
2023-10-01 11:02:49,740 [WARN] PackLoader:240 - Cannot read IP mode file for SEGGER.I-CUBE-embOS.1.3.1
2023-10-01 11:02:49,777 [WARN] PackLoader:240 - Cannot read IP mode file for STMicroelectronics.X-CUBE-TOUCHGFX.4.16.1
2023-10-01 11:02:49,783 [WARN] PackLoader:240 - Cannot read IP mode file for STMicroelectronics.X-CUBE-TOF1.3.0.0
2023-10-01 11:02:49,796 [WARN] PackLoader:240 - Cannot read IP mode file for STMicroelectronics.X-CUBE-GNSS1.6.0.0
2023-10-01 11:02:49,816 [WARN] PackLoader:240 - Cannot read IP mode file for STMicroelectronics.X-CUBE-AZRTOS-F4.1.1.0
2023-10-01 11:02:49,826 [WARN] PackLoader:240 - Cannot read IP mode file for wolfSSL.I-CUBE-wolfSSL.5.6.3
2023-10-01 11:02:49,833 [WARN] PackLoader:240 - Cannot read IP mode file for STMicroelectronics.X-CUBE-BLEMGR.1.2.0
2023-10-01 11:02:49,848 [WARN] PackLoader:240 - Cannot read IP mode file for STMicroelectronics.X-CUBE-AZRTOS-L5.2.0.0
2023-10-01 11:02:49,880 [WARN] PackLoader:240 - Cannot read IP mode file for STMicroelectronics.X-CUBE-MEMS1.9.6.0
2023-10-01 11:02:49,982 [WARN] PackLoader:240 - Cannot read IP mode file for STMicroelectronics.X-CUBE-BLEMGR.2.0.0
2023-10-01 11:02:49,987 [WARN] PackLoader:240 - Cannot read IP mode file for STMicroelectronics.X-CUBE-NFC4.2.0.5
2023-10-01 11:02:49,992 [WARN] PackLoader:240 - Cannot read IP mode file for STMicroelectronics.X-CUBE-NFC4.2.0.4
2023-10-01 11:02:49,998 [WARN] PackLoader:240 - Cannot read IP mode file for STMicroelectronics.X-CUBE-NFC4.2.0.2
2023-10-01 11:02:50,009 [WARN] ConditionMgr:438 - getConditionDescription Invalid condition id : UX DEVICE CLASS RTOS Condition cause : null
2023-10-01 11:02:50,010 [WARN] ConditionMgr:438 - getConditionDescription Invalid condition id : UX DEVICE CLASS RTOS Condition cause : null
2023-10-01 11:02:50,012 [WARN] PackLoader:240 - Cannot read IP mode file for STMicroelectronics.X-CUBE-AZRTOS-H7.3.1.0
2023-10-01 11:02:50,013 [WARN] ConditionMgr:1039 - genDependencies : Invalid condition id : UX DEVICE CLASS RTOS Condition cause : null
2023-10-01 11:02:50,013 [WARN] ConditionMgr:1039 - genDependencies : Invalid condition id : UX DEVICE CLASS RTOS Condition cause : null
2023-10-01 11:02:50,013 [WARN] ConditionMgr:1039 - genDependencies : Invalid condition id : UX DEVICE CLASS RTOS Condition cause : null
2023-10-01 11:02:50,014 [WARN] ConditionMgr:1039 - genDependencies : Invalid condition id : UX DEVICE CLASS RTOS Condition cause : null
2023-10-01 11:02:50,014 [WARN] ConditionMgr:1039 - genDependencies : Invalid condition id : UX DEVICE CLASS RTOS Condition cause : null
2023-10-01 11:02:50,023 [WARN] PackLoader:240 - Cannot read IP mode file for STMicroelectronics.X-CUBE-SFXS2LP1.3.1.0
2023-10-01 11:02:50,033 [WARN] PackLoader:240 - Cannot read IP mode file for STMicroelectronics.X-CUBE-AZRTOS-F4.1.0.0
2023-10-01 11:02:50,039 [WARN] PackLoader:240 - Cannot read IP mode file for STMicroelectronics.X-CUBE-NFC7.1.0.1
2023-10-01 11:02:50,044 [WARN] PackLoader:240 - Cannot read IP mode file for STMicroelectronics.X-CUBE-NFC7.1.0.0
2023-10-01 11:02:50,050 [WARN] PackLoader:240 - Cannot read IP mode file for STMicroelectronics.X-CUBE-NFC6.3.0.0
2023-10-01 11:02:50,054 [WARN] PackLoader:240 - Cannot read IP mode file for STMicroelectronics.X-CUBE-EEPRMA1.4.1.0
2023-10-01 11:02:50,058 [WARN] PackLoader:240 - Cannot read IP mode file for STMicroelectronics.X-CUBE-DISPLAY.1.0.0
2023-10-01 11:02:50,061 [WARN] PackLoader:240 - Cannot read IP mode file for STMicroelectronics.X-CUBE-AI.8.1.0
2023-10-01 11:02:50,065 [WARN] PackLoader:240 - Cannot read IP mode file for STMicroelectronics.X-CUBE-AI.6.0.0
2023-10-01 11:02:50,074 [WARN] PackLoader:240 - Cannot read IP mode file for STMicroelectronics.X-CUBE-AZRTOS-G0.1.0.0
2023-10-01 11:02:50,087 [WARN] ConditionMgr:438 - getConditionDescription Invalid condition id : LAN8742 Phy interface Condition cause : null
2023-10-01 11:02:50,087 [WARN] PackLoader:240 - Cannot read IP mode file for STMicroelectronics.X-CUBE-AZRTOS-L4.2.0.0
2023-10-01 11:02:50,088 [WARN] ConditionMgr:1039 - genDependencies : Invalid condition id : LAN8742 Phy interface Condition cause : null
2023-10-01 11:02:50,088 [WARN] ConditionMgr:1039 - genDependencies : Invalid condition id : LAN8742 Phy interface Condition cause : null
2023-10-01 11:02:50,089 [WARN] ConditionMgr:1039 - genDependencies : Invalid condition id : LAN8742 Phy interface Condition cause : null
2023-10-01 11:02:50,093 [WARN] PackLoader:240 - Cannot read IP mode file for STMicroelectronics.X-CUBE-SFXS2LP1.4.0.0
2023-10-01 11:02:50,105 [WARN] PackLoader:240 - Cannot read IP mode file for wolfSSL.I-CUBE-wolfSSL.4.7.0
2023-10-01 11:02:50,116 [WARN] PackLoader:240 - Cannot read IP mode file for STMicroelectronics.X-CUBE-AZRTOS-H7.3.0.0
2023-10-01 11:02:50,121 [WARN] PackLoader:240 - Cannot read IP mode file for STMicroelectronics.X-CUBE-ISPU.1.1.0
2023-10-01 11:02:50,127 [WARN] PackLoader:240 - Cannot read IP mode file for RoweBots.I-CUBE-UNISONRTOS.5.5.0-4
2023-10-01 11:02:50,131 [WARN] PackLoader:240 - Cannot read IP mode file for STMicroelectronics.X-CUBE-SFXS2LP1.3.0.0
2023-10-01 11:02:50,134 [WARN] PackLoader:240 - Cannot read IP mode file for STMicroelectronics.X-CUBE-AI.8.0.0
2023-10-01 11:02:50,142 [WARN] ConditionMgr:438 - getConditionDescription Invalid condition id : UX DEVICE CLASS RTOS Condition cause : null
2023-10-01 11:02:50,143 [WARN] ConditionMgr:438 - getConditionDescription Invalid condition id : UX DEVICE CLASS RTOS Condition cause : null
2023-10-01 11:02:50,144 [WARN] PackLoader:240 - Cannot read IP mode file for STMicroelectronics.X-CUBE-AZRTOS-WB.2.0.0
2023-10-01 11:02:50,144 [WARN] ConditionMgr:1039 - genDependencies : Invalid condition id : UX DEVICE CLASS RTOS Condition cause : null
2023-10-01 11:02:50,145 [WARN] ConditionMgr:1039 - genDependencies : Invalid condition id : UX DEVICE CLASS RTOS Condition cause : null
2023-10-01 11:02:50,145 [WARN] ConditionMgr:1039 - genDependencies : Invalid condition id : UX DEVICE CLASS RTOS Condition cause : null
2023-10-01 11:02:50,145 [WARN] ConditionMgr:1039 - genDependencies : Invalid condition id : UX DEVICE CLASS RTOS Condition cause : null
2023-10-01 11:02:50,145 [WARN] ConditionMgr:1039 - genDependencies : Invalid condition id : UX DEVICE CLASS RTOS Condition cause : null
2023-10-01 11:02:50,149 [WARN] PackLoader:240 - Cannot read IP mode file for STMicroelectronics.X-CUBE-FREERTOS.1.0.0
2023-10-01 11:02:50,152 [WARN] PackLoader:240 - Cannot read IP mode file for STMicroelectronics.X-CUBE-FREERTOS.1.0.1
2023-10-01 11:02:50,161 [WARN] PackLoader:240 - Cannot read IP mode file for STMicroelectronics.X-CUBE-AZRTOS-L5.1.1.0
2023-10-01 11:02:50,165 [WARN] PackLoader:240 - Cannot read IP mode file for STMicroelectronics.X-CUBE-AI.8.0.1
2023-10-01 11:02:50,172 [WARN] PackLoader:240 - Cannot read IP mode file for STMicroelectronics.X-CUBE-SUBG2.5.0.0
2023-10-01 11:02:50,182 [WARN] PackLoader:240 - Cannot read IP mode file for STMicroelectronics.X-CUBE-TOF1.3.3.1
2023-10-01 11:02:50,196 [WARN] PackLoader:240 - Cannot read IP mode file for STMicroelectronics.X-CUBE-AZRTOS-G4.2.0.0
2023-10-01 11:02:50,202 [WARN] PackLoader:240 - Cannot read IP mode file for STMicroelectronics.X-CUBE-TOF1.3.3.0
2023-10-01 11:02:50,210 [WARN] PackLoader:240 - Cannot read IP mode file for STMicroelectronics.FP-ATR-ASTRA1.1.1.1
2023-10-01 11:02:50,217 [WARN] PackLoader:240 - Cannot read IP mode file for STMicroelectronics.X-CUBE-AZRTOS-G4.1.0.0
2023-10-01 11:02:50,221 [WARN] PackLoader:240 - Cannot read IP mode file for wolfSSL.I-CUBE-wolfSSL.5.3.0
2023-10-01 11:02:50,230 [WARN] PackLoader:240 - Cannot read IP mode file for STMicroelectronics.X-CUBE-AZRTOS-L4.1.0.0
2023-10-01 11:02:50,236 [WARN] PackLoader:240 - Cannot read IP mode file for STMicroelectronics.X-CUBE-FREERTOS.1.1.0
2023-10-01 11:02:50,245 [WARN] PackLoader:240 - Cannot read IP mode file for STMicroelectronics.X-CUBE-AZRTOS-F7.1.0.0
2023-10-01 11:02:50,253 [WARN] PackLoader:240 - Cannot read IP mode file for STMicroelectronics.X-CUBE-AZRTOS-WL.1.0.0
2023-10-01 11:02:50,257 [WARN] PackLoader:240 - Cannot read IP mode file for STMicroelectronics.X-CUBE-TOF1.1.0.0
2023-10-01 11:02:50,262 [WARN] PackLoader:240 - Cannot read IP mode file for portGmbH.I-Cube-SoM-uGOAL.1.1.0
2023-10-01 11:02:50,266 [WARN] PackLoader:240 - Cannot read IP mode file for STMicroelectronics.X-CUBE-ALS.1.0.1
2023-10-01 11:02:50,274 [WARN] PackLoader:240 - Cannot read IP mode file for STMicroelectronics.X-CUBE-AZRTOS-WB.1.1.0
2023-10-01 11:02:50,306 [WARN] PackLoader:240 - Cannot read IP mode file for STMicroelectronics.X-CUBE-MEMS1.8.3.0
2023-10-01 11:02:50,377 [WARN] PackLoader:240 - Cannot read IP mode file for STMicroelectronics.X-CUBE-AZRTOS-L5.1.0.0
2023-10-01 11:02:50,382 [WARN] PackLoader:240 - Cannot read IP mode file for STMicroelectronics.X-CUBE-EEPRMA1.3.1.1
2023-10-01 11:02:50,388 [WARN] PackLoader:240 - Cannot read IP mode file for STMicroelectronics.X-CUBE-GNSS1.5.2.0
2023-10-01 11:02:50,391 [WARN] PackLoader:240 - Cannot read IP mode file for STMicroelectronics.FP-ATR-ASTRA1.2.0.0
2023-10-01 11:02:50,392 [INFO] ThirdParty:978 - Integrity check success = true
2023-10-01 11:02:50,392 [INFO] IntegrityCheckThread:100 - exiting critical section [integrity check]
2023-10-01 11:02:50,392 [INFO] IntegrityCheckThread:103 - End integrity checks thread
2023-10-01 11:03:07,411 [ERROR] LogOutputStream:75 - [STDERR_REDIRECT] SLF4J: Failed to load class "org.slf4j.impl.StaticLoggerBinder".
2023-10-01 11:03:07,412 [ERROR] LogOutputStream:75 - [STDERR_REDIRECT] SLF4J: Defaulting to no-operation (NOP) logger implementation
2023-10-01 11:03:07,413 [ERROR] LogOutputStream:75 - [STDERR_REDIRECT] SLF4J: See http://www.slf4j.org/codes.html#StaticLoggerBinder for further details.
2023-10-01 11:04:44,977 [INFO] McuFinderGlobals:63 - Set McuFinder mode to 2 (CubeIDE integrated)
2023-10-01 11:04:46,638 [INFO] MainUpdater:2868 - connection check result : 10
2023-10-01 11:04:46,638 [INFO] MainUpdater:2868 - connection check result : 10
2023-10-01 11:04:46,675 [INFO] MicroXplorer:468 - Change Database Path : 
2023-10-01 11:04:46,676 [INFO] MicroXplorer:498 - Change Database Version : DB.6.0.92
2023-10-01 11:04:46,680 [WARN] ThirdParty:871 - waiting for thirdparty lock release [close project]
2023-10-01 11:04:46,680 [INFO] ThirdParty:873 - entering critical section [close project]
2023-10-01 11:04:46,683 [INFO] ThirdParty:883 - exiting critical section [close project]
2023-10-01 11:04:46,685 [INFO] PinOutPanel:1499 - setPackage(No Configuration,No Configuration)
2023-10-01 11:04:46,692 [INFO] UtilMem:75 - Begin LoadConfig() Used Memory: 591819736 Bytes (795869184)
2023-10-01 11:04:46,710 [INFO] MicroXplorer:468 - Change Database Path : C:/Users/57310/.stm32cubemx/databases/DB.6.0.60/db/
2023-10-01 11:04:46,711 [INFO] MicroXplorer:498 - Change Database Version : DB.6.0.60
2023-10-01 11:04:48,124 [INFO] MicroXplorer:468 - Change Database Path : 
2023-10-01 11:04:48,124 [INFO] MicroXplorer:498 - Change Database Version : DB.6.0.92
2023-10-01 11:04:48,124 [INFO] OpenFileManager:308 - Change cursor
2023-10-01 11:04:48,148 [INFO] Mcu:1946 - Initializing MCU STM32F411R(C-E)Tx STM32F411RETx STM32F411RET6
2023-10-01 11:04:49,325 [INFO] Context:659 - Trying to add GPIOservice into a context  which must be forbidden
2023-10-01 11:04:49,597 [INFO] Rule:228 - rule WakeUp0 Mode is applicable
2023-10-01 11:04:49,597 [INFO] Rule:228 - rule WakeUp0 SIGNAL is applicable
2023-10-01 11:04:49,597 [INFO] Rule:228 - rule WakeUp1 Mode is applicable
2023-10-01 11:04:49,597 [INFO] Rule:228 - rule WakeUp1 SIGNAL is applicable
2023-10-01 11:04:49,597 [INFO] Rule:228 - rule WakeUp2 Mode is applicable
2023-10-01 11:04:49,597 [INFO] Rule:228 - rule WakeUp2 SIGNAL is applicable
2023-10-01 11:04:49,597 [INFO] Rule:228 - rule WakeUp4 Mode is applicable
2023-10-01 11:04:49,597 [INFO] Rule:228 - rule WakeUp4 SIGNAL is applicable
2023-10-01 11:04:49,597 [INFO] Rule:228 - rule WakeUp5 Mode is applicable
2023-10-01 11:04:49,597 [INFO] Rule:228 - rule WakeUp5 SIGNAL is applicable
2023-10-01 11:04:49,598 [INFO] Rule:228 - rule Change Default Value for LSE Drive Capability for WB family is applicable
2023-10-01 11:04:49,598 [INFO] DbConfProperties:307 - Apply Compatibility (0/11 Rules)
2023-10-01 11:04:49,867 [INFO] RtosManager:555 - Registered RTOS mode: class=CMSIS, group=RTOS, mode=CMSIS_V1, owner=FREERTOS
2023-10-01 11:04:49,867 [INFO] RtosManager:555 - Registered RTOS mode: class=CMSIS, group=RTOS2, mode=CMSIS_V2, owner=FREERTOS
2023-10-01 11:04:49,867 [INFO] RtosManager:555 - Registered RTOS mode: class=RTOS, group=Core, mode=CMSIS_V1, owner=FREERTOS
2023-10-01 11:04:49,867 [INFO] RtosManager:555 - Registered RTOS mode: class=RTOS, group=Core, mode=CMSIS_V2, owner=FREERTOS
2023-10-01 11:04:49,867 [WARN] ModelIntegratedComponent:184 - Missing modes for component STMicroelectronics:FreeRTOS:0.0.1:STMicroelectronics:RTOS:FreeRTOS:Core:::10.2.0:
2023-10-01 11:04:49,875 [WARN] ModelIntegratedComponent:63 - No mode defined for component null
2023-10-01 11:04:49,875 [WARN] ModelIntegratedComponent:63 - No mode defined for component null
2023-10-01 11:04:49,875 [WARN] ModelIntegratedComponent:63 - No mode defined for component null
2023-10-01 11:04:49,875 [WARN] ModelIntegratedComponent:63 - No mode defined for component null
2023-10-01 11:04:49,875 [WARN] ModelIntegratedComponent:63 - No mode defined for component null
2023-10-01 11:04:49,875 [WARN] ModelIntegratedComponent:63 - No mode defined for component null
2023-10-01 11:04:49,875 [WARN] ModelIntegratedComponent:63 - No mode defined for component null
2023-10-01 11:04:49,875 [WARN] ModelIntegratedComponent:63 - No mode defined for component null
2023-10-01 11:04:49,875 [WARN] ModelIntegratedComponent:63 - No mode defined for component null
2023-10-01 11:04:49,875 [WARN] ModelIntegratedComponent:63 - No mode defined for component null
2023-10-01 11:04:49,876 [WARN] ModelIntegratedComponent:63 - No mode defined for component null
2023-10-01 11:04:49,876 [WARN] ModelIntegratedComponent:63 - No mode defined for component null
2023-10-01 11:04:49,876 [WARN] ModelIntegratedComponent:63 - No mode defined for component null
2023-10-01 11:04:49,876 [WARN] ModelIntegratedComponent:63 - No mode defined for component null
2023-10-01 11:04:49,876 [WARN] ModelIntegratedComponent:63 - No mode defined for component null
2023-10-01 11:04:49,876 [WARN] ModelIntegratedComponent:63 - No mode defined for component null
2023-10-01 11:04:49,876 [WARN] ModelIntegratedComponent:63 - No mode defined for component null
2023-10-01 11:04:49,876 [WARN] ModelIntegratedComponent:63 - No mode defined for component null
2023-10-01 11:04:49,876 [WARN] ModelIntegratedComponent:63 - No mode defined for component null
2023-10-01 11:04:49,876 [WARN] ModelIntegratedComponent:63 - No mode defined for component null
2023-10-01 11:04:49,876 [WARN] ModelIntegratedComponent:63 - No mode defined for component null
2023-10-01 11:04:49,876 [WARN] ModelIntegratedComponent:63 - No mode defined for component null
2023-10-01 11:04:49,876 [WARN] ModelIntegratedComponent:63 - No mode defined for component null
2023-10-01 11:04:49,876 [WARN] ModelIntegratedComponent:63 - No mode defined for component null
2023-10-01 11:04:49,876 [WARN] ModelIntegratedComponent:63 - No mode defined for component null
2023-10-01 11:04:49,876 [WARN] ModelIntegratedComponent:63 - No mode defined for component null
2023-10-01 11:04:49,876 [WARN] ModelIntegratedComponent:63 - No mode defined for component null
2023-10-01 11:04:49,877 [WARN] ModelIntegratedComponent:63 - No mode defined for component null
2023-10-01 11:04:49,877 [WARN] ModelIntegratedComponent:63 - No mode defined for component null
2023-10-01 11:04:49,877 [WARN] ModelIntegratedComponent:63 - No mode defined for component null
2023-10-01 11:04:49,877 [WARN] ModelIntegratedComponent:63 - No mode defined for component null
2023-10-01 11:04:49,877 [WARN] ModelIntegratedComponent:63 - No mode defined for component null
2023-10-01 11:04:49,877 [WARN] ModelIntegratedComponent:63 - No mode defined for component null
2023-10-01 11:04:49,940 [WARN] ModelIntegratedComponent:182 - Modes not found for component STMicroelectronics:USB_DEVICE:1.0.0:STMicroelectronics:USB::USB Device:Audio HS::1.0:USB_DEVICE_1_0_RESTRICTED_HS
2023-10-01 11:04:49,940 [WARN] ModelIntegratedComponent:188 - Modes not found for component STMicroelectronics:USB_DEVICE:1.0.0:STMicroelectronics:USB::USB Device:Audio HS::1.0:USB_DEVICE_1_0_RESTRICTED_HS
2023-10-01 11:04:49,940 [WARN] ModelIntegratedComponent:182 - Modes not found for component STMicroelectronics:USB_DEVICE:1.0.0:STMicroelectronics:USB::USB Device:CDC HS::1.0:USB_DEVICE_1_0_RESTRICTED_HS
2023-10-01 11:04:49,940 [WARN] ModelIntegratedComponent:188 - Modes not found for component STMicroelectronics:USB_DEVICE:1.0.0:STMicroelectronics:USB::USB Device:CDC HS::1.0:USB_DEVICE_1_0_RESTRICTED_HS
2023-10-01 11:04:49,940 [WARN] ModelIntegratedComponent:182 - Modes not found for component STMicroelectronics:USB_DEVICE:1.0.0:STMicroelectronics:USB::USB Device:DFU HS::1.0:USB_DEVICE_1_0_RESTRICTED_HS
2023-10-01 11:04:49,940 [WARN] ModelIntegratedComponent:188 - Modes not found for component STMicroelectronics:USB_DEVICE:1.0.0:STMicroelectronics:USB::USB Device:DFU HS::1.0:USB_DEVICE_1_0_RESTRICTED_HS
2023-10-01 11:04:49,940 [WARN] ModelIntegratedComponent:182 - Modes not found for component STMicroelectronics:USB_DEVICE:1.0.0:STMicroelectronics:USB::USB Device:HID HS::1.0:USB_DEVICE_1_0_RESTRICTED_HS
2023-10-01 11:04:49,940 [WARN] ModelIntegratedComponent:188 - Modes not found for component STMicroelectronics:USB_DEVICE:1.0.0:STMicroelectronics:USB::USB Device:HID HS::1.0:USB_DEVICE_1_0_RESTRICTED_HS
2023-10-01 11:04:49,940 [WARN] ModelIntegratedComponent:182 - Modes not found for component STMicroelectronics:USB_DEVICE:1.0.0:STMicroelectronics:USB::USB Device:Custom HID HS::1.0:USB_DEVICE_1_0_RESTRICTED_HS
2023-10-01 11:04:49,940 [WARN] ModelIntegratedComponent:188 - Modes not found for component STMicroelectronics:USB_DEVICE:1.0.0:STMicroelectronics:USB::USB Device:Custom HID HS::1.0:USB_DEVICE_1_0_RESTRICTED_HS
2023-10-01 11:04:49,940 [WARN] ModelIntegratedComponent:182 - Modes not found for component STMicroelectronics:USB_DEVICE:1.0.0:STMicroelectronics:USB::USB Device:MSC HS::1.0:USB_DEVICE_1_0_RESTRICTED_HS
2023-10-01 11:04:49,940 [WARN] ModelIntegratedComponent:188 - Modes not found for component STMicroelectronics:USB_DEVICE:1.0.0:STMicroelectronics:USB::USB Device:MSC HS::1.0:USB_DEVICE_1_0_RESTRICTED_HS
2023-10-01 11:04:50,018 [WARN] ModelIntegratedComponent:182 - Modes not found for component STMicroelectronics:USB_HOST:1.0.0:STMicroelectronics:USB::USB Host:Audio HS::1.0:USB_HOST_1_0_RESTRICTED_HS
2023-10-01 11:04:50,018 [WARN] ModelIntegratedComponent:188 - Modes not found for component STMicroelectronics:USB_HOST:1.0.0:STMicroelectronics:USB::USB Host:Audio HS::1.0:USB_HOST_1_0_RESTRICTED_HS
2023-10-01 11:04:50,018 [WARN] ModelIntegratedComponent:182 - Modes not found for component STMicroelectronics:USB_HOST:1.0.0:STMicroelectronics:USB::USB Host:CDC HS::1.0:USB_HOST_1_0_RESTRICTED_HS
2023-10-01 11:04:50,019 [WARN] ModelIntegratedComponent:188 - Modes not found for component STMicroelectronics:USB_HOST:1.0.0:STMicroelectronics:USB::USB Host:CDC HS::1.0:USB_HOST_1_0_RESTRICTED_HS
2023-10-01 11:04:50,019 [WARN] ModelIntegratedComponent:182 - Modes not found for component STMicroelectronics:USB_HOST:1.0.0:STMicroelectronics:USB::USB Host:MSC HS::1.0:USB_HOST_1_0_RESTRICTED_HS
2023-10-01 11:04:50,019 [WARN] ModelIntegratedComponent:188 - Modes not found for component STMicroelectronics:USB_HOST:1.0.0:STMicroelectronics:USB::USB Host:MSC HS::1.0:USB_HOST_1_0_RESTRICTED_HS
2023-10-01 11:04:50,019 [WARN] ModelIntegratedComponent:182 - Modes not found for component STMicroelectronics:USB_HOST:1.0.0:STMicroelectronics:USB::USB Host:HID HS::1.0:USB_HOST_1_0_RESTRICTED_HS
2023-10-01 11:04:50,019 [WARN] ModelIntegratedComponent:188 - Modes not found for component STMicroelectronics:USB_HOST:1.0.0:STMicroelectronics:USB::USB Host:HID HS::1.0:USB_HOST_1_0_RESTRICTED_HS
2023-10-01 11:04:50,019 [WARN] ModelIntegratedComponent:182 - Modes not found for component STMicroelectronics:USB_HOST:1.0.0:STMicroelectronics:USB::USB Host:MTP HS::1.0:USB_HOST_1_0_RESTRICTED_HS
2023-10-01 11:04:50,019 [WARN] ModelIntegratedComponent:188 - Modes not found for component STMicroelectronics:USB_HOST:1.0.0:STMicroelectronics:USB::USB Host:MTP HS::1.0:USB_HOST_1_0_RESTRICTED_HS
2023-10-01 11:04:50,176 [INFO] ThirdPartyModel:298 - Start build external matchings
2023-10-01 11:04:53,283 [INFO] ThirdPartyModel:316 - End build external matchings
2023-10-01 11:04:53,344 [INFO] ImportTextPane:194 - (OptionalMessage_ERROR) IP (RCC) : Parameter (RTCHSEDivFreq_Value) has invalid value (4000000)
2023-10-01 11:04:53,634 [INFO] UtilMem:75 - End LoadConfig() Used Memory: 729992496 Bytes (1073741824)
2023-10-01 11:04:54,121 [INFO] ApiDb:581 - Connected to CubeFinder SQLite database (C:\Users\57310\.stmcufinder\plugins\mcufinder\mcu\cube-finder-db.db)
2023-10-01 11:04:54,177 [INFO] ApiDb:668 - CubeFinder database Data Model version=2.1
2023-10-01 11:04:54,178 [INFO] ApiDb:669 - CubeFinder database Configuration version=3.0.37
2023-10-01 11:04:54,178 [INFO] ApiDb:670 - CubeFinder database generation date=2023-08-09 (1691586011)
2023-10-01 11:04:54,178 [INFO] ApiDb:671 - CubeFinder database FW Pack versions=[FP-ATR-ASTRA1_V2.0.0, FP-SNS-FLIGHT1_V5.0.1, FP-SNS-FLIGHT1_V5.0.2, FP-SNS-MOTENV1_V4.3.1, FP-SNS-MOTENV1_V4.3.2, STM32Cube_FW_C0_V1.1.0, STM32Cube_FW_F4_V1.27.1, STM32Cube_FW_F7_V1.17.0, STM32Cube_FW_G0_V1.6.1, STM32Cube_FW_G4_V1.5.1, STM32Cube_FW_H5_V0.5.1, STM32Cube_FW_H5_V1.1.0, STM32Cube_FW_H7_V1.11.0, STM32Cube_FW_L0_V1.12.2, STM32Cube_FW_L5_V1.5.0, STM32Cube_FW_U5_V1.3.0, STM32Cube_FW_U5_V1.3.0RC4, STM32Cube_FW_WBA_V1.0.0RC1, STM32Cube_FW_WBA_V1.1.0, STM32Cube_FW_WBA_V1.1.0RC1, STM32Cube_FW_WB_V1.15.0RC1, STM32Cube_FW_WB_V1.16.0, STM32Cube_FW_WB_V1.16.0RC2, STM32Cube_FW_WB_V1.17.0, STM32Cube_FW_WL_V1.3.0, X-CUBE-ALGOBUILD_V1.3.0, X-CUBE-ALS_V1.0.1, X-CUBE-AZRTOS-F4_V1.1.0, X-CUBE-AZRTOS-F7_V1.1.0, X-CUBE-AZRTOS-G0_V1.1.0, X-CUBE-AZRTOS-G4_V2.0.0, X-CUBE-AZRTOS-H7_V3.1.0, X-CUBE-AZRTOS-L4_V1.0.0, X-CUBE-AZRTOS-L4_V2.0.0, X-CUBE-AZRTOS-L5_V1.1.0, X-CUBE-AZRTOS-WB_V1.1.0, X-CUBE-AZRTOS-WL_V2.0.0, X-CUBE-BLE1_V7.0.0, X-CUBE-BLE2_V3.3.0, X-CUBE-BLEMGR_V2.0.0, X-CUBE-EEPRMA1_V4.1.0, X-CUBE-FREERTOS_V1.1.0, X-CUBE-GNSS1_V6.0.0, X-CUBE-MEMS1_V9.1.0, X-CUBE-MEMS1_V9.4.0, X-CUBE-MEMS1_V9.6.0, X-CUBE-NFC4_V3.0.0, X-CUBE-NFC7_V1.0.0, X-CUBE-SFXS2LP1_V4.0.0, X-CUBE-SUBG2_V5.0.0, X-CUBE-TOF1_V3.3.1]
2023-10-01 11:04:55,785 [INFO] ApiDb:240 - Found 323 in-development CPN: [B-G473E-ZEST1S, B-WB1M-WPAN1, B-WL5M-SUBG1, NUCLEO-C031C6, NUCLEO-H503RB, NUCLEO-H563ZI, NUCLEO-U545RE-Q, NUCLEO-U5A5ZJ-Q, NUCLEO-WBA52CG, STEVAL-PROTEUS1, STEVAL-SMARTAG2, STEVAL-STWINBX1, STM320518-EVAL, STM32C0116-DK, STM32C011D6Y3TR, STM32C011D6Y6TR, STM32C011F4P3, STM32C011F4P6, STM32C011F4U3, STM32C011F4U6TR, STM32C011F6P3, STM32C011F6P6, STM32C011F6U3, STM32C011F6U6TR, STM32C011J4M3, STM32C011J4M6, STM32C011J6M3, STM32C011J6M6, STM32C0316-DK, STM32C031C4T3, STM32C031C4T6, STM32C031C4U3, STM32C031C4U6, STM32C031C6T3, STM32C031C6T6, STM32C031C6U3, STM32C031C6U6, STM32C031F4P3, STM32C031F4P6, STM32C031F6P3, STM32C031F6P6, STM32C031G4U3, STM32C031G4U6, STM32C031G6U3, STM32C031G6U6, STM32C031K4T3, STM32C031K4T6, STM32C031K4U3, STM32C031K4U6, STM32C031K6T3, STM32C031K6T6, STM32C031K6U3, STM32C031K6U6, STM32G071K8TXN, STM32G071K8UXN, STM32G081GBU6N, STM32G081KBT6N, STM32G081KBUXN, STM32G0B1CCT6N, STM32G0B1KCT6, STM32G0B1NEY6TR, STM32G0B1RCT6N, STM32G0C1CCT6, STM32G0C1CCT6N, STM32G0C1CCU6N, STM32G0C1CET6N, STM32G0C1CEU6N, STM32G0C1KCT6, STM32G0C1NEY6TR, STM32G0C1RCI6N, STM32G0C1RCT6N, STM32G0C1REI6N, STM32G0C1RET6N, STM32G0C1VCI6, STM32G0C1VEI6, STM32G471CCT6, STM32G471CCU6, STM32G471CET3, STM32G471CET6, STM32G471CEU3, STM32G471CEU6, STM32G471MCT6, STM32G471MET3, STM32G471MET6, STM32G471MEY6TR, STM32G471QCT6, STM32G471QET3, STM32G471RCT6, STM32G471RET3, STM32G471RET6, STM32G471VCH6, STM32G471VCI6, STM32G471VCT6, STM32G471VEH3, STM32G471VEH6, STM32G471VEI3, STM32G471VEI6, STM32G471VET3, STM32G471VET6, STM32G474CCT6, STM32H503CBT6, STM32H503CBU6, STM32H503EBY6TR, STM32H503KBU6, STM32H503RBT6, STM32H562AGI6, STM32H562AII6, STM32H562IGK6, STM32H562IGT6, STM32H562IIK6, STM32H562IIT6, STM32H562RGT6, STM32H562RGV6, STM32H562RIT6, STM32H562RIV6, STM32H562VGT6, STM32H562VIT6, STM32H562ZGT6, STM32H562ZIT6, STM32H563AGI6, STM32H563AII3Q, STM32H563AII6, STM32H563IGK6, STM32H563IGT6, STM32H563IIK3Q, STM32H563IIK6, STM32H563IIT3Q, STM32H563IIT6, STM32H563MIY3QTR, STM32H563RGT6, STM32H563RGV6, STM32H563RIT6, STM32H563RIV6, STM32H563VGT6, STM32H563VIT3Q, STM32H563VIT6, STM32H563ZGT6, STM32H563ZIT3Q, STM32H563ZIT6, STM32H573AII3Q, STM32H573AII6, STM32H573I-DK, STM32H573IIK3Q, STM32H573IIK6, STM32H573IIT3Q, STM32H573IIT6, STM32H573MIY3QTR, STM32H573RIT6, STM32H573RIV6, STM32H573VIT3Q, STM32H573VIT6, STM32H573ZIT3Q, STM32H573ZIT6, STM32L4R5QGI6STR, STM32MP131AAE3, STM32MP131AAF3, STM32MP131AAG3, STM32MP131CAE3, STM32MP131CAF3, STM32MP131CAG3, STM32MP131DAE7, STM32MP131DAF7, STM32MP131DAG7, STM32MP131FAE7, STM32MP131FAF7, STM32MP131FAG7, STM32MP133AAE3, STM32MP133AAF3, STM32MP133AAG3, STM32MP133CAE3, STM32MP133CAF3, STM32MP133CAG3, STM32MP133DAE7, STM32MP133DAF7, STM32MP133DAG7, STM32MP133FAE7, STM32MP133FAF7, STM32MP133FAG7, STM32MP135AAE3, STM32MP135AAF3, STM32MP135AAG3, STM32MP135CAE3, STM32MP135CAF3, STM32MP135CAG3, STM32MP135DAE7, STM32MP135DAF7, STM32MP135DAG7, STM32MP135F-DK, STM32MP135FAE7, STM32MP135FAF7, STM32MP135FAF7T, STM32MP135FAF7U, STM32MP135FAG7, STM32U535CBT6, STM32U535CBT6Q, STM32U535CBU6, STM32U535CBU6Q, STM32U535CCT6, STM32U535CCT6Q, STM32U535CCU6, STM32U535CCU6Q, STM32U535CET6, STM32U535CET6Q, STM32U535CEU6, STM32U535CEU6Q, STM32U535JEY6QTR, STM32U535NCY6QTR, STM32U535NEY6QTR, STM32U535RBI6, STM32U535RBI6Q, STM32U535RBT6, STM32U535RBT6Q, STM32U535RCI6, STM32U535RCI6Q, STM32U535RCT6, STM32U535RCT6Q, STM32U535REI6, STM32U535REI6Q, STM32U535RET6, STM32U535RET6Q, STM32U535VCI6, STM32U535VCI6Q, STM32U535VCT6, STM32U535VCT6Q, STM32U535VEI6, STM32U535VEI6Q, STM32U535VET6, STM32U535VET6Q, STM32U545CET6, STM32U545CET6Q, STM32U545CEU6, STM32U545CEU6Q, STM32U545JEY6QTR, STM32U545NEY6QTR, STM32U545REI6, STM32U545REI6Q, STM32U545RET6, STM32U545RET6Q, STM32U545VEI6, STM32U545VEI6Q, STM32U545VET6, STM32U545VET6Q, STM32U595AIH6, STM32U595AIH6Q, STM32U595AJH6, STM32U595AJH6Q, STM32U595QII6, STM32U595QII6Q, STM32U595QJI6, STM32U595QJI6Q, STM32U595RIT6, STM32U595RIT6Q, STM32U595RJT6, STM32U595RJT6Q, STM32U595VIT6, STM32U595VIT6Q, STM32U595VJT6, STM32U595VJT6Q, STM32U595ZIT6, STM32U595ZIT6Q, STM32U595ZIY6QTR, STM32U595ZJT6, STM32U595ZJT6Q, STM32U595ZJY6QTR, STM32U599BJY6QTR, STM32U599NIH6Q, STM32U599NJH6Q, STM32U599VIT6Q, STM32U599VJT6, STM32U599VJT6Q, STM32U599ZIT6Q, STM32U599ZIY6QTR, STM32U599ZJT6Q, STM32U599ZJY6QTR, STM32U5A5AJH6, STM32U5A5AJH6Q, STM32U5A5QJI6, STM32U5A5QJI6Q, STM32U5A5RJT6, STM32U5A5RJT6Q, STM32U5A5VJT6, STM32U5A5VJT6Q, STM32U5A5ZJT6, STM32U5A5ZJT6Q, STM32U5A5ZJY6QTR, STM32U5A9BJY6QTR, STM32U5A9J-DK, STM32U5A9NJH6Q, STM32U5A9VJT6Q, STM32U5A9ZJT6Q, STM32U5A9ZJY6QTR, STM32U5F7VIT6, STM32U5F7VIT6Q, STM32U5F7VJT6, STM32U5F7VJT6Q, STM32U5F9BJY6QTR, STM32U5F9NJH6Q, STM32U5F9VIT6Q, STM32U5F9VJT6Q, STM32U5F9ZIJ6QTR, STM32U5F9ZIT6Q, STM32U5F9ZJJ6QTR, STM32U5F9ZJT6Q, STM32U5G7VJT6, STM32U5G7VJT6Q, STM32U5G9BJY6QTR, STM32U5G9J-DK1, STM32U5G9J-DK2, STM32U5G9NJH6Q, STM32U5G9VJT6Q, STM32U5G9ZJJ6QTR, STM32U5G9ZJT6Q, STM32WB1MMCH6, STM32WBA52CEU6, STM32WBA52CEU6T, STM32WBA52CGU6, STM32WBA52CGU6T, STM32WBA52KEU6, STM32WBA52KEU6T, STM32WBA52KGU6, STM32WBA52KGU6T, STM32WL5MOCH6, STM32WL5MOCH6TR]
2023-10-01 11:04:55,788 [INFO] DbMcus:217 - Found 3848 MCUs, 3848 are supported
2023-10-01 11:04:55,788 [INFO] ApiDb:423 - Load user favorites file C:\Users\57310/.stm32cubeide/favorites.mcus.txt: 3 item(s)
2023-10-01 11:04:55,788 [INFO] ApiDb:427 - User favorites MCUs=[STM32C011F6P6TR, STM32F407VGT6, STM32F407VGT7]
2023-10-01 11:04:55,789 [INFO] DbMcus:223 - Set 3 / 3 favorites MCUs
2023-10-01 11:04:56,078 [WARN] ThirdParty:833 - waiting for thirdparty lock release [change project]
2023-10-01 11:04:56,078 [INFO] ThirdParty:835 - entering critical section [change project]
2023-10-01 11:04:56,078 [INFO] ThirdParty:1030 - CMSIS Pack Vendor :STMicroelectronics USBPD 4.1
2023-10-01 11:04:56,078 [INFO] ThirdParty:1030 - CMSIS Pack Vendor :STMicroelectronics X-CUBE-GNSS1 6.0.0
2023-10-01 11:04:56,078 [INFO] ThirdParty:1030 - CMSIS Pack Vendor :STMicroelectronics USB_HOST 2.0.0
2023-10-01 11:04:56,078 [INFO] ThirdParty:1030 - CMSIS Pack Vendor :STMicroelectronics X-CUBE-AZRTOS-F4 1.1.0
2023-10-01 11:04:56,078 [INFO] ThirdParty:1030 - CMSIS Pack Vendor :STMicroelectronics LIBJPEG 8.0.0
2023-10-01 11:04:56,078 [INFO] ThirdParty:1030 - CMSIS Pack Vendor :wolfSSL I-CUBE-wolfSSL 5.6.3
2023-10-01 11:04:56,078 [INFO] ThirdParty:1030 - CMSIS Pack Vendor :STMicroelectronics X-CUBE-SMBUS 2.1.0
2023-10-01 11:04:56,078 [INFO] ThirdParty:1030 - CMSIS Pack Vendor :STMicroelectronics X-CUBE-SUBG2 4.1.0
2023-10-01 11:04:56,078 [INFO] ThirdParty:1030 - CMSIS Pack Vendor :STMicroelectronics X-CUBE-MEMS1 9.2.0
2023-10-01 11:04:56,078 [INFO] ThirdParty:1030 - CMSIS Pack Vendor :STMicroelectronics X-CUBE-BLEMGR 1.2.0
2023-10-01 11:04:56,078 [INFO] ThirdParty:1030 - CMSIS Pack Vendor :STMicroelectronics X-CUBE-AZRTOS-F7 1.1.0
2023-10-01 11:04:56,078 [INFO] ThirdParty:1030 - CMSIS Pack Vendor :STMicroelectronics X-CUBE-AZRTOS-L5 2.0.0
2023-10-01 11:04:56,078 [INFO] ThirdParty:1030 - CMSIS Pack Vendor :STMicroelectronics USB_DEVICE 2.0.0
2023-10-01 11:04:56,078 [INFO] ThirdParty:1030 - CMSIS Pack Vendor :STMicroelectronics X-CUBE-MEMS1 9.6.0
2023-10-01 11:04:56,078 [INFO] ThirdParty:1030 - CMSIS Pack Vendor :STMicroelectronics X-CUBE-AI 7.1.0
2023-10-01 11:04:56,078 [INFO] ThirdParty:1030 - CMSIS Pack Vendor :STMicroelectronics X-CUBE-TOUCHGFX 4.19.1
2023-10-01 11:04:56,079 [INFO] ThirdParty:1030 - CMSIS Pack Vendor :STMicroelectronics FP-SNS-MOTENV1 4.3.2
2023-10-01 11:04:56,079 [INFO] ThirdParty:1030 - CMSIS Pack Vendor :STMicroelectronics FP-SNS-MOTENV1 4.3.1
2023-10-01 11:04:56,079 [INFO] ThirdParty:1030 - CMSIS Pack Vendor :STMicroelectronics FP-SNS-FLIGHT1 5.0.1
2023-10-01 11:04:56,079 [INFO] ThirdParty:1030 - CMSIS Pack Vendor :STMicroelectronics X-CUBE-BLE1 6.2.3
2023-10-01 11:04:56,079 [INFO] ThirdParty:1030 - CMSIS Pack Vendor :STMicroelectronics X-CUBE-EEPRMA1 3.0.0
2023-10-01 11:04:56,079 [INFO] ThirdParty:1030 - CMSIS Pack Vendor :STMicroelectronics X-CUBE-BLE1 6.2.4
2023-10-01 11:04:56,079 [INFO] ThirdParty:1030 - CMSIS Pack Vendor :STMicroelectronics FreeRTOS 0.0.1
2023-10-01 11:04:56,079 [INFO] ThirdParty:1030 - CMSIS Pack Vendor :STMicroelectronics X-CUBE-BLEMGR 2.0.0
2023-10-01 11:04:56,079 [INFO] ThirdParty:1030 - CMSIS Pack Vendor :STMicroelectronics X-CUBE-BLE1 6.2.0
2023-10-01 11:04:56,079 [INFO] ThirdParty:1030 - CMSIS Pack Vendor :STMicroelectronics FP-SNS-FLIGHT1 5.0.2
2023-10-01 11:04:56,079 [INFO] ThirdParty:1030 - CMSIS Pack Vendor :STMicroelectronics X-CUBE-NFC4 2.0.5
2023-10-01 11:04:56,079 [INFO] ThirdParty:1030 - CMSIS Pack Vendor :STMicroelectronics X-CUBE-BLE2 3.2.2
2023-10-01 11:04:56,079 [INFO] ThirdParty:1030 - CMSIS Pack Vendor :STMicroelectronics X-CUBE-NFC4 2.0.4
2023-10-01 11:04:56,079 [INFO] ThirdParty:1030 - CMSIS Pack Vendor :STMicroelectronics X-CUBE-NFC4 2.0.2
2023-10-01 11:04:56,079 [INFO] ThirdParty:1030 - CMSIS Pack Vendor :STMicroelectronics X-CUBE-AZRTOS-H7 3.1.0
2023-10-01 11:04:56,079 [INFO] ThirdParty:1030 - CMSIS Pack Vendor :STMicroelectronics PDM2PCM 3.3.0
2023-10-01 11:04:56,079 [INFO] ThirdParty:1030 - CMSIS Pack Vendor :STMicroelectronics X-CUBE-BLE2 3.2.0
2023-10-01 11:04:56,079 [INFO] ThirdParty:1030 - CMSIS Pack Vendor :STMicroelectronics X-CUBE-SFXS2LP1 3.1.0
2023-10-01 11:04:56,079 [INFO] ThirdParty:1030 - CMSIS Pack Vendor :STMicroelectronics X-CUBE-DISPLAY 3.0.0
2023-10-01 11:04:56,079 [INFO] ThirdParty:1030 - CMSIS Pack Vendor :STMicroelectronics X-CUBE-AZRTOS-F4 1.0.0
2023-10-01 11:04:56,079 [INFO] ThirdParty:1030 - CMSIS Pack Vendor :STMicroelectronics X-CUBE-BLE1 7.0.0
2023-10-01 11:04:56,079 [INFO] ThirdParty:1030 - CMSIS Pack Vendor :STMicroelectronics HAL Drivers 0.0.0
2023-10-01 11:04:56,079 [INFO] ThirdParty:1030 - CMSIS Pack Vendor :emotas I-CUBE-CANOPEN 1.3.0
2023-10-01 11:04:56,079 [INFO] ThirdParty:1030 - CMSIS Pack Vendor :STMicroelectronics X-CUBE-TOUCHGFX 4.22.0
2023-10-01 11:04:56,079 [INFO] ThirdParty:1030 - CMSIS Pack Vendor :STMicroelectronics X-CUBE-NFC7 1.0.1
2023-10-01 11:04:56,079 [INFO] ThirdParty:1030 - CMSIS Pack Vendor :STMicroelectronics MBEDTLS 2.14.1
2023-10-01 11:04:56,080 [INFO] ThirdParty:1030 - CMSIS Pack Vendor :STMicroelectronics X-CUBE-NFC7 1.0.0
2023-10-01 11:04:56,080 [INFO] ThirdParty:1030 - CMSIS Pack Vendor :STMicroelectronics X-CUBE-AZRTOS-H7 1.0.0
2023-10-01 11:04:56,080 [INFO] ThirdParty:1030 - CMSIS Pack Vendor :STMicroelectronics X-CUBE-NFC6 3.0.0
2023-10-01 11:04:56,080 [INFO] ThirdParty:1030 - CMSIS Pack Vendor :STMicroelectronics X-CUBE-MEMS1 9.3.0
2023-10-01 11:04:56,080 [INFO] ThirdParty:1030 - CMSIS Pack Vendor :STMicroelectronics X-CUBE-EEPRMA1 4.1.0
2023-10-01 11:04:56,080 [INFO] ThirdParty:1030 - CMSIS Pack Vendor :STMicroelectronics FP-SNS-SMARTAG2 1.2.0
2023-10-01 11:04:56,080 [INFO] ThirdParty:1030 - CMSIS Pack Vendor :STMicroelectronics X-CUBE-AZRTOS-WL 2.0.0
2023-10-01 11:04:56,080 [INFO] ThirdParty:1030 - CMSIS Pack Vendor :STMicroelectronics X-CUBE-DISPLAY 1.0.0
2023-10-01 11:04:56,080 [INFO] ThirdParty:1030 - CMSIS Pack Vendor :STMicroelectronics USB_DEVICE 1.0.0
2023-10-01 11:04:56,080 [INFO] ThirdParty:1030 - CMSIS Pack Vendor :STMicroelectronics X-CUBE-AI 8.1.0
2023-10-01 11:04:56,080 [INFO] ThirdParty:1030 - CMSIS Pack Vendor :STMicroelectronics X-CUBE-AI 6.0.0
2023-10-01 11:04:56,080 [INFO] ThirdParty:1030 - CMSIS Pack Vendor :STMicroelectronics X-CUBE-ALGOBUILD 1.2.0
2023-10-01 11:04:56,080 [INFO] ThirdParty:1030 - CMSIS Pack Vendor :STMicroelectronics X-CUBE-AZRTOS-G0 1.0.0
2023-10-01 11:04:56,080 [INFO] ThirdParty:1030 - CMSIS Pack Vendor :STMicroelectronics X-CUBE-AZRTOS-L4 2.0.0
2023-10-01 11:04:56,080 [INFO] ThirdParty:1030 - CMSIS Pack Vendor :STMicroelectronics ThreadX 0.0.2
2023-10-01 11:04:56,080 [INFO] ThirdParty:1030 - CMSIS Pack Vendor :WES I-CUBE-Cesium 1.3.0
2023-10-01 11:04:56,080 [INFO] ThirdParty:1030 - CMSIS Pack Vendor :STMicroelectronics lwIP 2.1.2
2023-10-01 11:04:56,080 [INFO] ThirdParty:1030 - CMSIS Pack Vendor :STMicroelectronics X-CUBE-SFXS2LP1 4.0.0
2023-10-01 11:04:56,080 [INFO] ThirdParty:1030 - CMSIS Pack Vendor :STMicroelectronics X-CUBE-BLE2 3.3.0
2023-10-01 11:04:56,080 [INFO] ThirdParty:1030 - CMSIS Pack Vendor :STMicroelectronics X-CUBE-DISPLAY 2.2.0
2023-10-01 11:04:56,080 [INFO] ThirdParty:1030 - CMSIS Pack Vendor :STMicroelectronics X-CUBE-TOF1 3.2.0
2023-10-01 11:04:56,080 [INFO] ThirdParty:1030 - CMSIS Pack Vendor :wolfSSL I-CUBE-wolfSSL 4.7.0
2023-10-01 11:04:56,080 [INFO] ThirdParty:1030 - CMSIS Pack Vendor :STMicroelectronics PDM2PCM 3.2.0
2023-10-01 11:04:56,080 [INFO] ThirdParty:1030 - CMSIS Pack Vendor :STMicroelectronics X-CUBE-AZRTOS-H7 3.0.0
2023-10-01 11:04:56,080 [INFO] ThirdParty:1030 - CMSIS Pack Vendor :STMicroelectronics X-CUBE-ISPU 1.1.0
2023-10-01 11:04:56,080 [INFO] ThirdParty:1030 - CMSIS Pack Vendor :RoweBots I-CUBE-UNISONRTOS 5.5.0-4
2023-10-01 11:04:56,080 [INFO] ThirdParty:1030 - CMSIS Pack Vendor :STMicroelectronics X-CUBE-SFXS2LP1 3.0.0
2023-10-01 11:04:56,080 [INFO] ThirdParty:1030 - CMSIS Pack Vendor :STMicroelectronics X-CUBE-AZRTOS-H7 2.1.0
2023-10-01 11:04:56,081 [INFO] ThirdParty:1030 - CMSIS Pack Vendor :STMicroelectronics USB_DEVICE 3.0.0
2023-10-01 11:04:56,081 [INFO] ThirdParty:1030 - CMSIS Pack Vendor :STMicroelectronics X-CUBE-AI 8.0.0
2023-10-01 11:04:56,081 [INFO] ThirdParty:1030 - CMSIS Pack Vendor :STMicroelectronics X-CUBE-AZRTOS-WB 2.0.0
2023-10-01 11:04:56,081 [INFO] ThirdParty:1030 - CMSIS Pack Vendor :STMicroelectronics X-CUBE-FREERTOS 1.0.0
2023-10-01 11:04:56,081 [INFO] ThirdParty:1030 - CMSIS Pack Vendor :STMicroelectronics X-CUBE-FREERTOS 1.0.1
2023-10-01 11:04:56,081 [INFO] ThirdParty:1030 - CMSIS Pack Vendor :STMicroelectronics X-CUBE-TOUCHGFX 4.21.1
2023-10-01 11:04:56,081 [INFO] ThirdParty:1030 - CMSIS Pack Vendor :STMicroelectronics X-CUBE-TOUCHGFX 4.21.0
2023-10-01 11:04:56,081 [INFO] ThirdParty:1030 - CMSIS Pack Vendor :STMicroelectronics X-CUBE-TOUCHGFX 4.21.4
2023-10-01 11:04:56,081 [INFO] ThirdParty:1030 - CMSIS Pack Vendor :STMicroelectronics X-CUBE-MEMS1 9.4.0
2023-10-01 11:04:56,081 [INFO] ThirdParty:1030 - CMSIS Pack Vendor :STMicroelectronics X-CUBE-AI 7.3.0
2023-10-01 11:04:56,081 [INFO] ThirdParty:1030 - CMSIS Pack Vendor :STMicroelectronics X-CUBE-ALGOBUILD 1.3.0
2023-10-01 11:04:56,081 [INFO] ThirdParty:1030 - CMSIS Pack Vendor :STMicroelectronics X-CUBE-AZRTOS-L5 1.1.0
2023-10-01 11:04:56,081 [INFO] ThirdParty:1030 - CMSIS Pack Vendor :STMicroelectronics X-CUBE-AZRTOS-G0 1.1.0
2023-10-01 11:04:56,081 [INFO] ThirdParty:1030 - CMSIS Pack Vendor :STMicroelectronics X-CUBE-AI 8.0.1
2023-10-01 11:04:56,081 [INFO] ThirdParty:1030 - CMSIS Pack Vendor :STMicroelectronics X-CUBE-NFC4 3.0.0
2023-10-01 11:04:56,081 [INFO] ThirdParty:1030 - CMSIS Pack Vendor :SEGGER I-CUBE-embOS 1.2.0
2023-10-01 11:04:56,081 [INFO] ThirdParty:1030 - CMSIS Pack Vendor :STMicroelectronics X-CUBE-SUBG2 5.0.0
2023-10-01 11:04:56,081 [INFO] ThirdParty:1030 - CMSIS Pack Vendor :STMicroelectronics STM32_WPAN 1.0.0
2023-10-01 11:04:56,081 [INFO] ThirdParty:1030 - CMSIS Pack Vendor :STMicroelectronics lwIP 2.0.3
2023-10-01 11:04:56,082 [INFO] ThirdParty:1030 - CMSIS Pack Vendor :STMicroelectronics USB_HOST 1.0.0
2023-10-01 11:04:56,082 [INFO] ThirdParty:1030 - CMSIS Pack Vendor :STMicroelectronics X-CUBE-TOF1 3.3.1
2023-10-01 11:04:56,082 [INFO] ThirdParty:1030 - CMSIS Pack Vendor :STMicroelectronics X-CUBE-AZRTOS-G4 2.0.0
2023-10-01 11:04:56,082 [INFO] ThirdParty:1030 - CMSIS Pack Vendor :STMicroelectronics PDM2PCM 3.1.0
2023-10-01 11:04:56,082 [INFO] ThirdParty:1030 - CMSIS Pack Vendor :STMicroelectronics X-CUBE-TOF1 3.3.0
2023-10-01 11:04:56,082 [INFO] ThirdParty:1030 - CMSIS Pack Vendor :STMicroelectronics FP-ATR-ASTRA1 1.1.1
2023-10-01 11:04:56,082 [INFO] ThirdParty:1030 - CMSIS Pack Vendor :STMicroelectronics X-CUBE-BLEMGR 1.3.0
2023-10-01 11:04:56,082 [INFO] ThirdParty:1030 - CMSIS Pack Vendor :STMicroelectronics FP-ATR-SIGFOX1 3.2.0
2023-10-01 11:04:56,082 [INFO] ThirdParty:1030 - CMSIS Pack Vendor :STMicroelectronics X-CUBE-AZRTOS-G4 1.0.0
2023-10-01 11:04:56,082 [INFO] ThirdParty:1030 - CMSIS Pack Vendor :wolfSSL I-CUBE-wolfSSL 5.3.0
2023-10-01 11:04:56,082 [INFO] ThirdParty:1030 - CMSIS Pack Vendor :STMicroelectronics X-CUBE-AZRTOS-L4 1.0.0
2023-10-01 11:04:56,082 [INFO] ThirdParty:1030 - CMSIS Pack Vendor :STMicroelectronics MBEDTLS 2.16.2
2023-10-01 11:04:56,082 [INFO] ThirdParty:1030 - CMSIS Pack Vendor :emotas I-CUBE-CANOPEN 1.1.2
2023-10-01 11:04:56,082 [INFO] ThirdParty:1030 - CMSIS Pack Vendor :STMicroelectronics X-CUBE-TOUCHGFX 4.20.0
2023-10-01 11:04:56,082 [INFO] ThirdParty:1030 - CMSIS Pack Vendor :STMicroelectronics X-CUBE-FREERTOS 1.1.0
2023-10-01 11:04:56,082 [INFO] ThirdParty:1030 - CMSIS Pack Vendor :STMicroelectronics X-CUBE-AZRTOS-F7 1.0.0
2023-10-01 11:04:56,082 [INFO] ThirdParty:1030 - CMSIS Pack Vendor :STMicroelectronics X-CUBE-AZRTOS-WL 1.0.0
2023-10-01 11:04:56,082 [INFO] ThirdParty:1030 - CMSIS Pack Vendor :STMicroelectronics X-CUBE-TOF1 1.0.0
2023-10-01 11:04:56,082 [INFO] ThirdParty:1030 - CMSIS Pack Vendor :portGmbH I-Cube-SoM-uGOAL 1.1.0
2023-10-01 11:04:56,082 [INFO] ThirdParty:1030 - CMSIS Pack Vendor :STMicroelectronics X-CUBE-ALS 1.0.1
2023-10-01 11:04:56,082 [INFO] ThirdParty:1030 - CMSIS Pack Vendor :STMicroelectronics X-CUBE-MEMS1 9.5.0
2023-10-01 11:04:56,082 [INFO] ThirdParty:1030 - CMSIS Pack Vendor :STMicroelectronics ThreadX 1.0.0
2023-10-01 11:04:56,082 [INFO] ThirdParty:1030 - CMSIS Pack Vendor :STMicroelectronics X-CUBE-AZRTOS-WB 1.1.0
2023-10-01 11:04:56,082 [INFO] ThirdParty:1030 - CMSIS Pack Vendor :SEGGER I-CUBE-embOS 1.3.1
2023-10-01 11:04:56,083 [INFO] ThirdParty:1030 - CMSIS Pack Vendor :STMicroelectronics X-CUBE-MEMS1 8.3.0
2023-10-01 11:04:56,083 [INFO] ThirdParty:1030 - CMSIS Pack Vendor :STMicroelectronics X-CUBE-AZRTOS-L5 1.0.0
2023-10-01 11:04:56,083 [INFO] ThirdParty:1030 - CMSIS Pack Vendor :STMicroelectronics X-CUBE-EEPRMA1 3.1.1
2023-10-01 11:04:56,083 [INFO] ThirdParty:1030 - CMSIS Pack Vendor :STMicroelectronics X-CUBE-GNSS1 5.2.0
2023-10-01 11:04:56,083 [INFO] ThirdParty:1030 - CMSIS Pack Vendor :STMicroelectronics FP-ATR-ASTRA1 2.0.0
2023-10-01 11:04:56,083 [INFO] ThirdParty:1030 - CMSIS Pack Vendor :STMicroelectronics X-CUBE-TOUCHGFX 4.16.1
2023-10-01 11:04:56,083 [INFO] ThirdParty:1030 - CMSIS Pack Vendor :STMicroelectronics X-CUBE-TOF1 3.0.0
2023-10-01 11:04:56,083 [INFO] ThirdParty:841 - exiting critical section [change project]
2023-10-01 11:04:56,378 [INFO] PinOutPanel:1499 - setPackage(No Configuration,No Configuration)
2023-10-01 11:04:56,379 [INFO] PinOutPanel:1499 - setPackage(STM32F411RETx,LQFP64)
2023-10-01 11:04:56,768 [INFO] UtilMem:75 - Before build in PCC Used Memory: 542355968 Bytes (1073741824)
2023-10-01 11:04:57,493 [INFO] UtilMem:75 - After build in PCC Used Memory: 630962688 Bytes (1073741824)
2023-10-01 11:04:57,519 [INFO] IPUIPlugin:80 - create IPUIPlugin
2023-10-01 11:04:57,520 [INFO] IPUIPlugin:80 - create IPUIPlugin
2023-10-01 11:04:57,520 [INFO] IPUIPlugin:80 - create IPUIPlugin
2023-10-01 11:04:57,520 [INFO] IPUIPlugin:80 - create IPUIPlugin
2023-10-01 11:04:57,520 [INFO] IPUIPlugin:80 - create IPUIPlugin
2023-10-01 11:04:57,520 [INFO] IPUIPlugin:80 - create IPUIPlugin
2023-10-01 11:04:57,521 [INFO] IPUIPlugin:80 - create IPUIPlugin
2023-10-01 11:04:57,521 [INFO] IPUIPlugin:80 - create IPUIPlugin
2023-10-01 11:04:57,521 [INFO] IPUIPlugin:80 - create IPUIPlugin
2023-10-01 11:04:57,521 [INFO] IPUIPlugin:80 - create IPUIPlugin
2023-10-01 11:04:57,521 [INFO] IPUIPlugin:80 - create IPUIPlugin
2023-10-01 11:04:57,521 [INFO] IPUIPlugin:80 - create IPUIPlugin
2023-10-01 11:04:57,521 [INFO] IPUIPlugin:80 - create IPUIPlugin
2023-10-01 11:04:57,521 [INFO] IPUIPlugin:80 - create IPUIPlugin
2023-10-01 11:04:57,522 [INFO] IPUIPlugin:80 - create IPUIPlugin
2023-10-01 11:04:57,522 [INFO] IPUIPlugin:80 - create IPUIPlugin
2023-10-01 11:04:57,522 [INFO] IPUIPlugin:80 - create IPUIPlugin
2023-10-01 11:04:57,522 [INFO] IPUIPlugin:80 - create IPUIPlugin
2023-10-01 11:04:57,523 [INFO] IPUIPlugin:80 - create IPUIPlugin
2023-10-01 11:04:57,523 [INFO] IPUIPlugin:80 - create IPUIPlugin
2023-10-01 11:04:57,523 [INFO] IPUIPlugin:80 - create IPUIPlugin
2023-10-01 11:04:57,523 [INFO] IPUIPlugin:80 - create IPUIPlugin
2023-10-01 11:04:57,524 [INFO] IPUIPlugin:80 - create IPUIPlugin
2023-10-01 11:04:57,524 [INFO] IPUIPlugin:80 - create IPUIPlugin
2023-10-01 11:04:57,524 [INFO] IPUIPlugin:80 - create IPUIPlugin
2023-10-01 11:04:57,524 [INFO] IPUIPlugin:80 - create IPUIPlugin
2023-10-01 11:04:57,524 [INFO] IPUIPlugin:80 - create IPUIPlugin
2023-10-01 11:04:57,525 [INFO] IPUIPlugin:80 - create IPUIPlugin
2023-10-01 11:04:57,525 [INFO] IPUIPlugin:80 - create IPUIPlugin
2023-10-01 11:04:57,525 [INFO] IPUIPlugin:80 - create IPUIPlugin
2023-10-01 11:04:57,525 [INFO] IPUIPlugin:80 - create IPUIPlugin
2023-10-01 11:04:57,525 [INFO] IPUIPlugin:80 - create IPUIPlugin
2023-10-01 11:04:57,525 [INFO] IPUIPlugin:80 - create IPUIPlugin
2023-10-01 11:04:57,526 [INFO] IPUIPlugin:80 - create IPUIPlugin
2023-10-01 11:04:57,526 [INFO] IPUIPlugin:80 - create IPUIPlugin
2023-10-01 11:04:57,526 [INFO] IPUIPlugin:80 - create IPUIPlugin
2023-10-01 11:04:57,526 [INFO] IPUIPlugin:80 - create IPUIPlugin
2023-10-01 11:04:57,526 [INFO] IPUIPlugin:80 - create IPUIPlugin
2023-10-01 11:04:57,527 [INFO] IPUIPlugin:80 - create IPUIPlugin
2023-10-01 11:04:57,527 [INFO] IPUIPlugin:80 - create IPUIPlugin
2023-10-01 11:04:57,527 [INFO] IPUIPlugin:80 - create IPUIPlugin
2023-10-01 11:04:57,527 [INFO] IPUIPlugin:80 - create IPUIPlugin
2023-10-01 11:04:57,528 [INFO] IPUIPlugin:80 - create IPUIPlugin
2023-10-01 11:04:57,583 [INFO] ApiDbMcu:507 - Load IP Config File for PDM2PCM
2023-10-01 11:04:57,849 [INFO] CADModel:165 - CPN selected for project levelSTM32F411RET6
2023-10-01 11:04:57,850 [INFO] CADModel:114 - Register for checkConnection events
2023-10-01 11:04:57,901 [INFO] OpenFileManager:328 - Restore cursor
2023-10-01 11:05:10,644 [INFO] UtilMem:75 - End SaveConfig() Used Memory: 672121056 Bytes (1073741824)
2023-10-01 11:05:13,238 [INFO] UtilMem:75 - End SaveConfig() Used Memory: 797289248 Bytes (1073741824)
2023-10-01 11:05:13,779 [INFO] BlockDiagram:2759 - set Specific Code input for plugin: NVIC
2023-10-01 11:05:13,780 [INFO] BlockDiagram:2759 - set Specific Code input for plugin: USART
2023-10-01 11:05:13,780 [INFO] BlockDiagram:2759 - set Specific Code input for plugin: TIM1_8
2023-10-01 11:05:13,780 [INFO] BlockDiagram:2759 - set Specific Code input for plugin: TIM1_8
2023-10-01 11:05:13,780 [INFO] BlockDiagram:2759 - set Specific Code input for plugin: SYS
2023-10-01 11:05:13,780 [INFO] BlockDiagram:2759 - set Specific Code input for plugin: GPIO
2023-10-01 11:05:13,780 [INFO] BlockDiagram:2759 - set Specific Code input for plugin: RCC
2023-10-01 11:05:13,782 [INFO] CodeGenerator:799 - code generatio: config db path: C:\ST\STM32CubeIDE_1.13.2\STM32CubeIDE\plugins\com.st.stm32cube.common.mx_6.9.2.202309101412\\db\
2023-10-01 11:05:14,104 [INFO] CodeEngine:255 - oldGeneratedFile, C:\Users\57310\STM32CubeIDE\workspace_1.10.1_411\Laboratorio_1.7_Frecuency_Counter_1_4\MXTmpFiles\license.tmp_save
2023-10-01 11:05:14,453 [INFO] CodeEngine:279 - Generated code: C:\Users\57310\STM32CubeIDE\workspace_1.10.1_411\Laboratorio_1.7_Frecuency_Counter_1_4\MXTmpFiles\license.tmp
2023-10-01 11:05:14,549 [INFO] CodeEngine:255 - oldGeneratedFile, C:\Users\57310\STM32CubeIDE\workspace_1.10.1_411\Laboratorio_1.7_Frecuency_Counter_1_4\MXTmpFiles\gpio.tmp_save
2023-10-01 11:05:14,686 [INFO] CodeEngine:279 - Generated code: C:\Users\57310\STM32CubeIDE\workspace_1.10.1_411\Laboratorio_1.7_Frecuency_Counter_1_4\MXTmpFiles\gpio.tmp
2023-10-01 11:05:14,881 [INFO] CodeEngine:255 - oldGeneratedFile, C:\Users\57310\STM32CubeIDE\workspace_1.10.1_411\Laboratorio_1.7_Frecuency_Counter_1_4\Core\Src\stm32f4xx_it.c_save
2023-10-01 11:05:15,005 [INFO] CodeEngine:279 - Generated code: C:\Users\57310\STM32CubeIDE\workspace_1.10.1_411\Laboratorio_1.7_Frecuency_Counter_1_4\Core\Src\stm32f4xx_it.c
2023-10-01 11:05:15,015 [INFO] CodeEngine:255 - oldGeneratedFile, C:\Users\57310\STM32CubeIDE\workspace_1.10.1_411\Laboratorio_1.7_Frecuency_Counter_1_4\Core\Inc\stm32f4xx_it.h_save
2023-10-01 11:05:15,103 [INFO] CodeEngine:279 - Generated code: C:\Users\57310\STM32CubeIDE\workspace_1.10.1_411\Laboratorio_1.7_Frecuency_Counter_1_4\Core\Inc\stm32f4xx_it.h
2023-10-01 11:05:15,123 [INFO] CodeEngine:255 - oldGeneratedFile, C:\Users\57310\STM32CubeIDE\workspace_1.10.1_411\Laboratorio_1.7_Frecuency_Counter_1_4\Core\Src\stm32f4xx_hal_msp.c_save
2023-10-01 11:05:15,251 [INFO] CodeEngine:279 - Generated code: C:\Users\57310\STM32CubeIDE\workspace_1.10.1_411\Laboratorio_1.7_Frecuency_Counter_1_4\Core\Src\stm32f4xx_hal_msp.c
2023-10-01 11:05:15,260 [INFO] CodeEngine:255 - oldGeneratedFile, C:\Users\57310\STM32CubeIDE\workspace_1.10.1_411\Laboratorio_1.7_Frecuency_Counter_1_4\MXTmpFiles\system.tmp_save
2023-10-01 11:05:15,320 [INFO] CodeEngine:279 - Generated code: C:\Users\57310\STM32CubeIDE\workspace_1.10.1_411\Laboratorio_1.7_Frecuency_Counter_1_4\MXTmpFiles\system.tmp
2023-10-01 11:05:15,336 [INFO] CodeEngine:311 - oldGeneratedFile, C:\Users\57310\STM32CubeIDE\workspace_1.10.1_411\Laboratorio_1.7_Frecuency_Counter_1_4\Core\Inc\stm32f4xx_hal_conf.h_save
2023-10-01 11:05:15,417 [INFO] CodeEngine:335 - Generated code: C:\Users\57310\STM32CubeIDE\workspace_1.10.1_411\Laboratorio_1.7_Frecuency_Counter_1_4\Core\Inc\stm32f4xx_hal_conf.h
2023-10-01 11:05:15,460 [WARN] IPConfigManager:3431 - IP not found : TIM
2023-10-01 11:05:15,462 [WARN] CodeGenerator:3764 - IP not found : null
2023-10-01 11:05:15,477 [INFO] CodeEngine:255 - oldGeneratedFile, C:\Users\57310\STM32CubeIDE\workspace_1.10.1_411\Laboratorio_1.7_Frecuency_Counter_1_4\Core\Inc\main.h_save
2023-10-01 11:05:15,558 [INFO] CodeEngine:279 - Generated code: C:\Users\57310\STM32CubeIDE\workspace_1.10.1_411\Laboratorio_1.7_Frecuency_Counter_1_4\Core\Inc\main.h
2023-10-01 11:05:15,569 [INFO] CodeEngine:255 - oldGeneratedFile, C:\Users\57310\STM32CubeIDE\workspace_1.10.1_411\Laboratorio_1.7_Frecuency_Counter_1_4\Core\Src\main.c_save
2023-10-01 11:05:15,754 [INFO] CodeEngine:279 - Generated code: C:\Users\57310\STM32CubeIDE\workspace_1.10.1_411\Laboratorio_1.7_Frecuency_Counter_1_4\Core\Src\main.c
2023-10-01 11:05:16,505 [INFO] ProjectBuilder:3064 - Time for Copy HAL[1] : 295mS.
2023-10-01 11:05:16,514 [INFO] ProjectBuilder:4404 - Project Generator version: 4.1.0
2023-10-01 11:05:16,831 [INFO] ConfigFileManager:1457 - The Die is : DIE431
2023-10-01 11:05:16,844 [INFO] ApiDbMcu:507 - Load IP Config File for FATFS
2023-10-01 11:05:16,870 [INFO] ApiDbMcu:507 - Load IP Config File for FREERTOS
2023-10-01 11:05:16,875 [INFO] ApiDbMcu:507 - Load IP Config File for LIBJPEG
2023-10-01 11:05:16,926 [INFO] ApiDbMcu:507 - Load IP Config File for MBEDTLS
2023-10-01 11:05:16,960 [INFO] ApiDbMcu:507 - Load IP Config File for USB_DEVICE
2023-10-01 11:05:16,969 [INFO] ApiDbMcu:507 - Load IP Config File for USB_HOST
2023-10-01 11:05:17,789 [INFO] LogOutputStream:77 - [STDOUT_REDIRECT] 
2023-10-01 11:05:19,095 [INFO] ProjectBuilder:4626 - Time for Generating toolchain IDE Files: 2580mS.
2023-10-01 11:05:19,097 [INFO] ProjectBuilder:2935 - Time for Copy CMSIS : 2mS.
2023-10-01 11:05:19,106 [INFO] ProjectBuilder:2935 - Time for Copy CMSIS : 0mS.
2023-10-01 11:08:00,860 [ERROR] LogOutputStream:75 - [STDERR_REDIRECT] 
