2023-10-01 11:08:50,423 [INFO] Activator:176 - 


2023-10-01 11:08:50,424 [INFO] Activator:177 - !SESSION log4j initialized
2023-10-01 11:08:52,490 [INFO] LogOutputStream:77 - [STDOUT_REDIRECT] 
2023-10-01 11:08:59,295 [INFO] ApplicationProperties:184 - Using Application install path: C:\ST\STM32CubeIDE_1.13.2\STM32CubeIDE\plugins\com.st.stm32cube.common.mx_6.9.2.202309101412
2023-10-01 11:08:59,313 [INFO] DbMcusXml:78 - Set database path to: C:\ST\STM32CubeIDE_1.13.2\STM32CubeIDE\plugins\com.st.stm32cube.common.mx_6.9.2.202309101412\\db\/mcu/
2023-10-01 11:08:59,313 [INFO] ApiDb:274 - Set plugin database path to: C:\ST\STM32CubeIDE_1.13.2\STM32CubeIDE\plugins\com.st.stm32cube.common.mx_6.9.2.202309101412\\db\/plugins/boardmanager/
2023-10-01 11:08:59,314 [WARN] ApiDb:259 - Overriding images path with different value:  => C:\ST\STM32CubeIDE_1.13.2\STM32CubeIDE\plugins\com.st.stm32cube.common.mx_6.9.2.202309101412\\db\/plugins/mcufinder/images/
2023-10-01 11:08:59,327 [INFO] ApiDb:250 - Set database path to: C:\Users\57310\.stmcufinder\plugins\mcufinder//mcu/
2023-10-01 11:08:59,330 [INFO] DbMcusAds:125 - Set database path to: C:\Users\57310\.stmcufinder\plugins\mcufinder//mcu/
2023-10-01 11:08:59,331 [INFO] CrossReferenceDbSqlite:203 - Set database path to: C:\Users\57310\.stmcufinder\plugins\mcufinder//mcu/cs/
2023-10-01 11:08:59,416 [INFO] RulesReader:64 - Compatibility file has been processed (293 Rules)
2023-10-01 11:08:59,485 [INFO] DbMcusXml:78 - Set database path to: C:\ST\STM32CubeIDE_1.13.2\STM32CubeIDE\plugins\com.st.stm32cube.common.mx_6.9.2.202309101412\\db\/mcu/
2023-10-01 11:08:59,485 [INFO] ApiDb:274 - Set plugin database path to: C:\ST\STM32CubeIDE_1.13.2\STM32CubeIDE\plugins\com.st.stm32cube.common.mx_6.9.2.202309101412\\db\/plugins/boardmanager/
2023-10-01 11:08:59,485 [INFO] ApiDb:261 - Set plugin images path to: C:\ST\STM32CubeIDE_1.13.2\STM32CubeIDE\plugins\com.st.stm32cube.common.mx_6.9.2.202309101412\\db\/plugins/mcufinder/images/
2023-10-01 11:08:59,485 [WARN] DbFile:41 - Overriding database path with different value: C:\Users\57310\.stmcufinder\plugins\mcufinder/ => C:\Users\57310\.stmcufinder\plugins\mcufinder
2023-10-01 11:08:59,487 [INFO] ApiDb:250 - Set database path to: C:\Users\57310\.stmcufinder\plugins\mcufinder//mcu/
2023-10-01 11:08:59,487 [WARN] DbFile:41 - Overriding database path with different value: C:\Users\57310\.stmcufinder\plugins\mcufinder/ => C:\Users\57310\.stmcufinder\plugins\mcufinder
2023-10-01 11:08:59,487 [INFO] DbMcusAds:125 - Set database path to: C:\Users\57310\.stmcufinder\plugins\mcufinder//mcu/
2023-10-01 11:08:59,487 [WARN] DbFile:41 - Overriding database path with different value: C:\Users\57310\.stmcufinder\plugins\mcufinder/ => C:\Users\57310\.stmcufinder\plugins\mcufinder
2023-10-01 11:08:59,487 [WARN] DbFile:41 - Overriding database path with different value: C:\Users\57310\.stmcufinder\plugins\mcufinder/ => C:\Users\57310\.stmcufinder\plugins\mcufinder
2023-10-01 11:08:59,487 [INFO] CrossReferenceDbSqlite:203 - Set database path to: C:\Users\57310\.stmcufinder\plugins\mcufinder//mcu/cs/
2023-10-01 11:08:59,542 [INFO] MainPanel:262 - HeapMemory: 268435456
2023-10-01 11:08:59,603 [INFO] DbMcusXml:78 - Set database path to: C:\ST\STM32CubeIDE_1.13.2\STM32CubeIDE\plugins\com.st.stm32cube.common.mx_6.9.2.202309101412\\db\/mcu/
2023-10-01 11:08:59,603 [INFO] ApiDb:274 - Set plugin database path to: C:\ST\STM32CubeIDE_1.13.2\STM32CubeIDE\plugins\com.st.stm32cube.common.mx_6.9.2.202309101412\\db\/plugins/boardmanager/
2023-10-01 11:08:59,603 [INFO] ApiDb:261 - Set plugin images path to: C:\ST\STM32CubeIDE_1.13.2\STM32CubeIDE\plugins\com.st.stm32cube.common.mx_6.9.2.202309101412\\db\/plugins/mcufinder/images/
2023-10-01 11:08:59,603 [WARN] DbFile:41 - Overriding database path with different value: C:\Users\57310\.stmcufinder\plugins\mcufinder/ => C:\Users\57310\.stmcufinder\plugins\mcufinder
2023-10-01 11:08:59,603 [INFO] ApiDb:250 - Set database path to: C:\Users\57310\.stmcufinder\plugins\mcufinder//mcu/
2023-10-01 11:08:59,603 [WARN] DbFile:41 - Overriding database path with different value: C:\Users\57310\.stmcufinder\plugins\mcufinder/ => C:\Users\57310\.stmcufinder\plugins\mcufinder
2023-10-01 11:08:59,603 [INFO] DbMcusAds:125 - Set database path to: C:\Users\57310\.stmcufinder\plugins\mcufinder//mcu/
2023-10-01 11:08:59,603 [WARN] DbFile:41 - Overriding database path with different value: C:\Users\57310\.stmcufinder\plugins\mcufinder/ => C:\Users\57310\.stmcufinder\plugins\mcufinder
2023-10-01 11:08:59,603 [WARN] DbFile:41 - Overriding database path with different value: C:\Users\57310\.stmcufinder\plugins\mcufinder/ => C:\Users\57310\.stmcufinder\plugins\mcufinder
2023-10-01 11:08:59,604 [INFO] CrossReferenceDbSqlite:203 - Set database path to: C:\Users\57310\.stmcufinder\plugins\mcufinder//mcu/cs/
2023-10-01 11:08:59,618 [INFO] ApplicationProperties:184 - Using Application install path: C:\ST\STM32CubeIDE_1.13.2\STM32CubeIDE\plugins\com.st.stm32cube.common.mx_6.9.2.202309101412
2023-10-01 11:08:59,619 [INFO] PluginManage:196 - Search for loadable plugins [exclusion list=, ]
2023-10-01 11:08:59,620 [INFO] PluginManage:310 - Check plugin analytics
2023-10-01 11:09:04,339 [INFO] AnalyticsPlugin:253 - Accepted Software Licenses: 
2023-10-01 11:09:04,339 [INFO] AnalyticsPlugin:255 - Accepted CMSIS Pack Licenses: 
2023-10-01 11:09:04,339 [INFO] AnalyticsPlugin:257 - Accepted Firmware Licenses: 
2023-10-01 11:09:04,341 [INFO] PluginManage:359 - Loaded plugin analytics (category:tool,tabindex:-1)
2023-10-01 11:09:04,342 [INFO] PluginManage:310 - Check plugin cadmodel
2023-10-01 11:09:04,347 [INFO] CADModel:105 - Init CAD model plugin
2023-10-01 11:09:04,347 [INFO] PluginManage:359 - Loaded plugin cadmodel (category:power,tabindex:5)
2023-10-01 11:09:04,347 [INFO] PluginManage:310 - Check plugin clock
2023-10-01 11:09:04,357 [INFO] PluginManage:359 - Loaded plugin clock (category:base,tabindex:2)
2023-10-01 11:09:04,357 [INFO] PluginManage:310 - Check plugin ddr
2023-10-01 11:09:04,360 [INFO] PluginManage:359 - Loaded plugin ddr (category:tool,tabindex:6)
2023-10-01 11:09:04,360 [INFO] PluginManage:310 - Check plugin filemanager
2023-10-01 11:09:04,465 [INFO] PluginManage:359 - Loaded plugin filemanager (category:base,tabindex:10)
2023-10-01 11:09:04,465 [INFO] PluginManage:310 - Check plugin ipmanager
2023-10-01 11:09:04,471 [INFO] PluginManage:359 - Loaded plugin ipmanager (category:base,tabindex:5)
2023-10-01 11:09:04,471 [INFO] PluginManage:310 - Check plugin lpbam
2023-10-01 11:09:04,480 [INFO] PluginManage:359 - Loaded plugin lpbam (category:base,tabindex:0)
2023-10-01 11:09:04,480 [INFO] PluginManage:310 - Check plugin memorymap
2023-10-01 11:09:04,489 [INFO] PluginManage:359 - Loaded plugin memorymap (category:base,tabindex:4)
2023-10-01 11:09:04,489 [INFO] PluginManage:310 - Check plugin pinoutandconfiguration
2023-10-01 11:09:04,495 [INFO] PluginManage:359 - Loaded plugin pinoutandconfiguration (category:base,tabindex:1)
2023-10-01 11:09:04,495 [INFO] PluginManage:310 - Check plugin pinoutconfig
2023-10-01 11:09:04,566 [WARN] SupportedApi:132 - Cannot load RTOS API schema: s4s-elt-must-match.1: The content of 'definitions' must match (annotation?, (simpleType | complexType)?, (unique | key | keyref)*)). A problem was found starting at: attribute.
2023-10-01 11:09:04,704 [INFO] PluginManage:359 - Loaded plugin pinoutconfig (category:base,tabindex:0)
2023-10-01 11:09:04,704 [INFO] PluginManage:310 - Check plugin power
2023-10-01 11:09:04,712 [INFO] PluginManage:359 - Loaded plugin power (category:power,tabindex:4)
2023-10-01 11:09:04,712 [INFO] PluginManage:310 - Check plugin projectmanager
2023-10-01 11:09:04,726 [INFO] PluginManage:359 - Loaded plugin projectmanager (category:projectmanager,tabindex:3)
2023-10-01 11:09:04,726 [INFO] PluginManage:310 - Check plugin thirdparty
2023-10-01 11:09:04,842 [INFO] PluginManage:359 - Loaded plugin thirdparty (category:base,tabindex:-1)
2023-10-01 11:09:04,842 [WARN] IntegrityCheckThread:84 - waiting for thirdparty lock release [integrity check]
2023-10-01 11:09:04,842 [INFO] PluginManage:310 - Check plugin tools
2023-10-01 11:09:04,842 [INFO] IntegrityCheckThread:86 - entering critical section [integrity check]
2023-10-01 11:09:04,843 [INFO] ThirdPartyUpdaterWithRetryManager:70 - Updater plugin not ready yet. [1/15]
2023-10-01 11:09:04,847 [INFO] PluginManage:359 - Loaded plugin tools (category:base,tabindex:7)
2023-10-01 11:09:04,847 [INFO] PluginManage:310 - Check plugin tutovideos
2023-10-01 11:09:04,987 [INFO] PluginManage:359 - Loaded plugin tutovideos (category:base,tabindex:-1)
2023-10-01 11:09:04,987 [INFO] PluginManage:310 - Check plugin updater
2023-10-01 11:09:04,997 [INFO] PluginManage:359 - Loaded plugin updater (category:base,tabindex:12)
2023-10-01 11:09:04,997 [INFO] PluginManage:310 - Check plugin userauth
2023-10-01 11:09:05,001 [INFO] UserAuth:113 - Init User Auth plugin
2023-10-01 11:09:05,001 [INFO] PluginManage:359 - Loaded plugin userauth (category:base,tabindex:14)
2023-10-01 11:09:05,002 [INFO] PluginManage:283 - PluginManage : Loaded plugins [17]
2023-10-01 11:09:05,180 [INFO] PinOutPanel:1499 - setPackage(No Configuration,No Configuration)
2023-10-01 11:09:05,309 [INFO] CADModel:165 - CPN selected for project level
2023-10-01 11:09:05,309 [INFO] CADModel:114 - Register for checkConnection events
2023-10-01 11:09:05,324 [INFO] IPUIPlugin:80 - create IPUIPlugin
2023-10-01 11:09:05,324 [INFO] PluginManager:220 - loadIPPluginJar : add adc
2023-10-01 11:09:05,327 [INFO] IPUIPlugin:80 - create IPUIPlugin
2023-10-01 11:09:05,327 [INFO] PluginManager:220 - loadIPPluginJar : add aes
2023-10-01 11:09:05,330 [INFO] IPUIPlugin:80 - create IPUIPlugin
2023-10-01 11:09:05,330 [INFO] PluginManager:220 - loadIPPluginJar : add can
2023-10-01 11:09:05,332 [INFO] IPUIPlugin:80 - create IPUIPlugin
2023-10-01 11:09:05,332 [INFO] PluginManager:220 - loadIPPluginJar : add comp
2023-10-01 11:09:05,335 [INFO] IPUIPlugin:80 - create IPUIPlugin
2023-10-01 11:09:05,335 [INFO] PluginManager:220 - loadIPPluginJar : add cryp
2023-10-01 11:09:05,337 [INFO] IPUIPlugin:80 - create IPUIPlugin
2023-10-01 11:09:05,338 [INFO] PluginManager:220 - loadIPPluginJar : add dfsdm
2023-10-01 11:09:05,343 [INFO] IPUIPlugin:80 - create IPUIPlugin
2023-10-01 11:09:05,343 [INFO] PluginManager:220 - loadIPPluginJar : add dma
2023-10-01 11:09:05,346 [INFO] IPUIPlugin:80 - create IPUIPlugin
2023-10-01 11:09:05,346 [INFO] PluginManager:220 - loadIPPluginJar : add dma3
2023-10-01 11:09:05,348 [INFO] IPUIPlugin:80 - create IPUIPlugin
2023-10-01 11:09:05,348 [INFO] PluginManager:220 - loadIPPluginJar : add fatfs
2023-10-01 11:09:05,353 [INFO] IPUIPlugin:80 - create IPUIPlugin
2023-10-01 11:09:05,353 [INFO] PluginManager:220 - loadIPPluginJar : add fmc
2023-10-01 11:09:05,357 [INFO] IPUIPlugin:80 - create IPUIPlugin
2023-10-01 11:09:05,357 [INFO] PluginManager:220 - loadIPPluginJar : add freertos
2023-10-01 11:09:05,359 [INFO] IPUIPlugin:80 - create IPUIPlugin
2023-10-01 11:09:05,359 [INFO] PluginManager:220 - loadIPPluginJar : add genericplugin
2023-10-01 11:09:05,362 [INFO] IPUIPlugin:80 - create IPUIPlugin
2023-10-01 11:09:05,362 [INFO] PluginManager:220 - loadIPPluginJar : add gfxmmu
2023-10-01 11:09:05,367 [INFO] IPUIPlugin:80 - create IPUIPlugin
2023-10-01 11:09:05,367 [INFO] PluginManager:220 - loadIPPluginJar : add gic
2023-10-01 11:09:05,372 [INFO] IPUIPlugin:80 - create IPUIPlugin
2023-10-01 11:09:05,373 [INFO] PluginManager:220 - loadIPPluginJar : add gpio
2023-10-01 11:09:05,376 [INFO] IPUIPlugin:80 - create IPUIPlugin
2023-10-01 11:09:05,377 [INFO] PluginManager:220 - loadIPPluginJar : add gtzc
2023-10-01 11:09:05,380 [INFO] IPUIPlugin:80 - create IPUIPlugin
2023-10-01 11:09:05,380 [INFO] PluginManager:220 - loadIPPluginJar : add hash
2023-10-01 11:09:05,383 [INFO] IPUIPlugin:80 - create IPUIPlugin
2023-10-01 11:09:05,383 [INFO] PluginManager:220 - loadIPPluginJar : add i2c
2023-10-01 11:09:05,386 [INFO] IPUIPlugin:80 - create IPUIPlugin
2023-10-01 11:09:05,386 [INFO] PluginManager:220 - loadIPPluginJar : add i2s
2023-10-01 11:09:05,389 [INFO] IPUIPlugin:80 - create IPUIPlugin
2023-10-01 11:09:05,389 [INFO] PluginManager:220 - loadIPPluginJar : add i3c
2023-10-01 11:09:05,392 [INFO] IPUIPlugin:80 - create IPUIPlugin
2023-10-01 11:09:05,392 [INFO] PluginManager:220 - loadIPPluginJar : add ipddr
2023-10-01 11:09:05,398 [INFO] IPUIPlugin:80 - create IPUIPlugin
2023-10-01 11:09:05,398 [INFO] PluginManager:220 - loadIPPluginJar : add linkedlist
2023-10-01 11:09:05,401 [INFO] IPUIPlugin:80 - create IPUIPlugin
2023-10-01 11:09:05,401 [INFO] PluginManager:220 - loadIPPluginJar : add lorawan
2023-10-01 11:09:05,403 [INFO] IPUIPlugin:80 - create IPUIPlugin
2023-10-01 11:09:05,403 [INFO] PluginManager:220 - loadIPPluginJar : add ltdc
2023-10-01 11:09:05,408 [INFO] IPUIPlugin:80 - create IPUIPlugin
2023-10-01 11:09:05,409 [INFO] PluginManager:220 - loadIPPluginJar : add mdma
2023-10-01 11:09:05,412 [INFO] IPUIPlugin:80 - create IPUIPlugin
2023-10-01 11:09:05,412 [INFO] PluginManager:220 - loadIPPluginJar : add nvic
2023-10-01 11:09:05,415 [INFO] IPUIPlugin:80 - create IPUIPlugin
2023-10-01 11:09:05,415 [INFO] PluginManager:220 - loadIPPluginJar : add opamp
2023-10-01 11:09:05,419 [INFO] IPUIPlugin:80 - create IPUIPlugin
2023-10-01 11:09:05,419 [INFO] PluginManager:220 - loadIPPluginJar : add openamp
2023-10-01 11:09:05,423 [INFO] IPUIPlugin:80 - create IPUIPlugin
2023-10-01 11:09:05,423 [INFO] PluginManager:220 - loadIPPluginJar : add pdm2pcm
2023-10-01 11:09:05,432 [INFO] IPUIPlugin:80 - create IPUIPlugin
2023-10-01 11:09:05,435 [INFO] PluginManager:220 - loadIPPluginJar : add plateformsettings
2023-10-01 11:09:05,437 [INFO] IPUIPlugin:80 - create IPUIPlugin
2023-10-01 11:09:05,437 [INFO] PluginManager:220 - loadIPPluginJar : add quadspi
2023-10-01 11:09:05,441 [INFO] IPUIPlugin:80 - create IPUIPlugin
2023-10-01 11:09:05,442 [INFO] PluginManager:220 - loadIPPluginJar : add resmgrutility
2023-10-01 11:09:05,446 [INFO] IPUIPlugin:80 - create IPUIPlugin
2023-10-01 11:09:05,446 [INFO] PluginManager:220 - loadIPPluginJar : add sai
2023-10-01 11:09:05,449 [INFO] IPUIPlugin:80 - create IPUIPlugin
2023-10-01 11:09:05,449 [INFO] PluginManager:220 - loadIPPluginJar : add spi
2023-10-01 11:09:05,455 [INFO] IPUIPlugin:80 - create IPUIPlugin
2023-10-01 11:09:05,455 [INFO] PluginManager:220 - loadIPPluginJar : add stm32_wpan
2023-10-01 11:09:05,458 [INFO] IPUIPlugin:80 - create IPUIPlugin
2023-10-01 11:09:05,458 [INFO] PluginManager:220 - loadIPPluginJar : add tim
2023-10-01 11:09:05,462 [INFO] IPUIPlugin:80 - create IPUIPlugin
2023-10-01 11:09:05,462 [INFO] PluginManager:220 - loadIPPluginJar : add touchsensing
2023-10-01 11:09:05,464 [INFO] IPUIPlugin:80 - create IPUIPlugin
2023-10-01 11:09:05,464 [INFO] PluginManager:220 - loadIPPluginJar : add tracer_emb
2023-10-01 11:09:05,466 [INFO] IPUIPlugin:80 - create IPUIPlugin
2023-10-01 11:09:05,467 [INFO] PluginManager:220 - loadIPPluginJar : add ts
2023-10-01 11:09:05,468 [INFO] IPUIPlugin:80 - create IPUIPlugin
2023-10-01 11:09:05,469 [INFO] PluginManager:220 - loadIPPluginJar : add tsc
2023-10-01 11:09:05,471 [INFO] IPUIPlugin:80 - create IPUIPlugin
2023-10-01 11:09:05,471 [INFO] PluginManager:220 - loadIPPluginJar : add ucpd
2023-10-01 11:09:05,476 [INFO] IPUIPlugin:80 - create IPUIPlugin
2023-10-01 11:09:05,476 [INFO] PluginManager:220 - loadIPPluginJar : add usart
2023-10-01 11:09:05,481 [INFO] IPUIPlugin:80 - create IPUIPlugin
2023-10-01 11:09:05,481 [INFO] PluginManager:220 - loadIPPluginJar : add usbx
2023-10-01 11:09:05,615 [INFO] CADModel:165 - CPN selected for project level
2023-10-01 11:09:05,616 [INFO] CADModel:114 - Register for checkConnection events
2023-10-01 11:09:05,616 [FATAL] Updater:308 - Updater called before beeing initialized
2023-10-01 11:09:05,616 [ERROR] CADModel:125 - Updater not yet initialized, retry later 
2023-10-01 11:09:05,729 [INFO] CADModel:165 - CPN selected for project level
2023-10-01 11:09:05,730 [INFO] CADModel:114 - Register for checkConnection events
2023-10-01 11:09:05,730 [FATAL] Updater:308 - Updater called before beeing initialized
2023-10-01 11:09:05,730 [ERROR] CADModel:125 - Updater not yet initialized, retry later 
2023-10-01 11:09:05,733 [FATAL] Updater:308 - Updater called before beeing initialized
2023-10-01 11:09:05,850 [FATAL] Updater:308 - Updater called before beeing initialized
2023-10-01 11:09:05,855 [INFO] DbMcusAds:53 - JSON generation date=Tue Mar 07 03:50:55 COT 2023 (1678179055114)
2023-10-01 11:09:05,856 [FATAL] Updater:308 - Updater called before beeing initialized
2023-10-01 11:09:05,894 [WARN] DetailPanel:346 - Failed to get advertising image, set to default
2023-10-01 11:09:05,982 [FATAL] Updater:308 - Updater called before beeing initialized
2023-10-01 11:09:05,984 [FATAL] Updater:308 - Updater called before beeing initialized
2023-10-01 11:09:05,984 [FATAL] Updater:308 - Updater called before beeing initialized
2023-10-01 11:09:05,985 [WARN] DetailPanel:346 - Failed to get advertising image, set to default
2023-10-01 11:09:05,985 [FATAL] Updater:308 - Updater called before beeing initialized
2023-10-01 11:09:06,032 [ERROR] Updater:1120 - MainUpdater not yet initialized. External WinMGr cannot be set.
2023-10-01 11:09:06,034 [INFO] Updater:1056 - Updater Version found : 6.9.2
2023-10-01 11:09:06,053 [INFO] ApplicationProperties:184 - Using Application install path: C:\ST\STM32CubeIDE_1.13.2\STM32CubeIDE\plugins\com.st.stm32cube.common.mx_6.9.2.202309101412
2023-10-01 11:09:06,326 [INFO] MainUpdater:2868 - connection check result : 10
2023-10-01 11:09:06,327 [INFO] MainUpdater:285 - Updater Check For Update Now.
2023-10-01 11:09:06,328 [INFO] MicroXplorer:498 - Change Database Version : DB.6.0.92
2023-10-01 11:09:06,333 [INFO] McuFinderGlobals:63 - Set McuFinder mode to 2 (CubeIDE integrated)
2023-10-01 11:09:06,334 [INFO] UserAuth:179 - activating auth plugin
2023-10-01 11:09:06,337 [INFO] UserAuth:393 - Internet connection configuration mode: 1
2023-10-01 11:09:06,358 [INFO] JxBrowserEngine:151 - Initiate JxBrowser Engine with user profile folder
2023-10-01 11:09:06,519 [INFO] CheckServerUpdateThread:120 - End of CheckServer Thread
2023-10-01 11:09:07,433 [INFO] WebApp:157 - Instantiating new browser for Auth
2023-10-01 11:09:08,195 [WARN] PackLoader:240 - Cannot read IP mode file for STMicroelectronics.X-CUBE-SMBUS.2.1.0
2023-10-01 11:09:08,221 [WARN] PackLoader:240 - Cannot read IP mode file for STMicroelectronics.X-CUBE-SUBG2.4.1.0
2023-10-01 11:09:08,443 [WARN] PackLoader:240 - Cannot read IP mode file for STMicroelectronics.X-CUBE-MEMS1.9.2.0
2023-10-01 11:09:08,719 [WARN] PackLoader:240 - Cannot read IP mode file for STMicroelectronics.X-CUBE-AZRTOS-F7.1.1.0
2023-10-01 11:09:08,730 [WARN] PackLoader:240 - Cannot read IP mode file for STMicroelectronics.X-CUBE-AI.7.1.0
2023-10-01 11:09:08,736 [WARN] PackLoader:240 - Cannot read IP mode file for STMicroelectronics.X-CUBE-TOUCHGFX.4.19.1
2023-10-01 11:09:08,744 [WARN] PackLoader:240 - Cannot read IP mode file for STMicroelectronics.FP-SNS-MOTENV1.4.3.2
2023-10-01 11:09:08,751 [ERROR] RealEvaluatedCondition:428 - Found unsupported composite condition: GROUP='STM32_MetaDataManager' CLASS='Data Exchange'
2023-10-01 11:09:08,752 [ERROR] RealEvaluatedCondition:428 - Found unsupported composite condition: CLASS='Data Exchange' GROUP='STM32_MetaDataManager'
2023-10-01 11:09:08,753 [WARN] PackLoader:240 - Cannot read IP mode file for STMicroelectronics.FP-SNS-MOTENV1.4.3.1
2023-10-01 11:09:08,761 [WARN] PackLoader:240 - Cannot read IP mode file for STMicroelectronics.FP-SNS-FLIGHT1.5.0.1
2023-10-01 11:09:08,768 [WARN] PackLoader:240 - Cannot read IP mode file for STMicroelectronics.X-CUBE-BLE1.6.2.3
2023-10-01 11:09:08,775 [WARN] PackLoader:240 - Cannot read IP mode file for STMicroelectronics.X-CUBE-EEPRMA1.3.0.0
2023-10-01 11:09:08,781 [WARN] PackLoader:240 - Cannot read IP mode file for STMicroelectronics.X-CUBE-BLE1.6.2.4
2023-10-01 11:09:08,802 [WARN] PackLoader:240 - Cannot read IP mode file for STMicroelectronics.X-CUBE-BLE1.6.2.0
2023-10-01 11:09:08,805 [WARN] PackLoader:240 - Cannot read IP mode file for STMicroelectronics.FP-SNS-FLIGHT1.5.0.2
2023-10-01 11:09:08,810 [WARN] PackLoader:240 - Cannot read IP mode file for STMicroelectronics.X-CUBE-BLE2.3.2.2
2023-10-01 11:09:08,816 [WARN] PackLoader:240 - Cannot read IP mode file for STMicroelectronics.X-CUBE-BLE2.3.2.0
2023-10-01 11:09:08,826 [WARN] PackLoader:240 - Cannot read IP mode file for STMicroelectronics.X-CUBE-DISPLAY.3.0.0
2023-10-01 11:09:08,834 [WARN] PackLoader:240 - Cannot read IP mode file for STMicroelectronics.X-CUBE-BLE1.7.0.0
2023-10-01 11:09:08,841 [WARN] PackLoader:240 - Cannot read IP mode file for emotas.I-CUBE-CANOPEN.1.3.0
2023-10-01 11:09:08,845 [WARN] PackLoader:240 - Cannot read IP mode file for STMicroelectronics.X-CUBE-TOUCHGFX.4.22.0
2023-10-01 11:09:08,871 [WARN] PackLoader:240 - Cannot read IP mode file for STMicroelectronics.X-CUBE-AZRTOS-H7.1.0.0
2023-10-01 11:09:08,927 [WARN] PackLoader:240 - Cannot read IP mode file for STMicroelectronics.X-CUBE-MEMS1.9.3.0
2023-10-01 11:09:09,036 [WARN] PackLoader:240 - Cannot read IP mode file for STMicroelectronics.FP-SNS-SMARTAG2.1.2.0
2023-10-01 11:09:09,044 [INFO] LogOutputStream:77 - [STDOUT_REDIRECT] 1 : Invalid condition id : UX_CORESTACK_Condition cause : null
2023-10-01 11:09:09,044 [INFO] LogOutputStream:77 - [STDOUT_REDIRECT] 1 : Invalid condition id : UX_CORESTACK_Condition cause : null
2023-10-01 11:09:09,045 [INFO] LogOutputStream:77 - [STDOUT_REDIRECT] 1 : Invalid condition id : UX_CORESTACK_Condition cause : null
2023-10-01 11:09:09,047 [INFO] LogOutputStream:77 - [STDOUT_REDIRECT] 1 : Invalid condition id : UX_CORESTACK_Condition cause : null
2023-10-01 11:09:09,048 [INFO] LogOutputStream:77 - [STDOUT_REDIRECT] 1 : Invalid condition id : UX_CORESTACK_Condition cause : null
2023-10-01 11:09:09,051 [WARN] PackLoader:240 - Cannot read IP mode file for STMicroelectronics.X-CUBE-AZRTOS-WL.2.0.0
2023-10-01 11:09:09,059 [WARN] PackLoader:240 - Cannot read IP mode file for STMicroelectronics.X-CUBE-ALGOBUILD.1.2.0
2023-10-01 11:09:09,068 [WARN] PackLoader:240 - Cannot read IP mode file for WES.I-CUBE-Cesium.1.3.0
2023-10-01 11:09:09,138 [WARN] PackLoader:240 - Cannot read IP mode file for STMicroelectronics.X-CUBE-BLE2.3.3.0
2023-10-01 11:09:09,143 [INFO] WebApp:753 - Register for checkConnection events
2023-10-01 11:09:09,143 [INFO] WebApp:390 - Apply proxy settings
2023-10-01 11:09:09,143 [INFO] WebApp:475 - Chromium requires no authentication
2023-10-01 11:09:09,144 [WARN] PackLoader:240 - Cannot read IP mode file for STMicroelectronics.X-CUBE-DISPLAY.2.2.0
2023-10-01 11:09:09,153 [INFO] WebApp:418 - Direct internet connection detected
2023-10-01 11:09:09,154 [WARN] PackLoader:240 - Cannot read IP mode file for STMicroelectronics.X-CUBE-TOF1.3.2.0
2023-10-01 11:09:09,177 [WARN] PackLoader:240 - Cannot read IP mode file for STMicroelectronics.X-CUBE-AZRTOS-H7.2.1.0
2023-10-01 11:09:09,289 [WARN] PackLoader:240 - Cannot read IP mode file for STMicroelectronics.X-CUBE-TOUCHGFX.4.21.1
2023-10-01 11:09:09,313 [INFO] WebApp:188 - Starting web application
2023-10-01 11:09:09,314 [INFO] WebApp:520 - Web application path used C:\ST\STM32CubeIDE_1.13.2\STM32CubeIDE\plugins\com.st.stm32cube.common.mx_6.9.2.202309101412\db\plugins\mcufinder\reactClient1\index.html
2023-10-01 11:09:09,639 [WARN] PackLoader:240 - Cannot read IP mode file for STMicroelectronics.X-CUBE-TOUCHGFX.4.21.0
2023-10-01 11:09:10,007 [WARN] PackLoader:240 - Cannot read IP mode file for STMicroelectronics.X-CUBE-TOUCHGFX.4.21.4
2023-10-01 11:09:10,212 [WARN] PackLoader:240 - Cannot read IP mode file for STMicroelectronics.X-CUBE-MEMS1.9.4.0
2023-10-01 11:09:10,387 [WARN] PackLoader:240 - Cannot read IP mode file for STMicroelectronics.X-CUBE-AI.7.3.0
2023-10-01 11:09:10,670 [WARN] PackLoader:240 - Cannot read IP mode file for STMicroelectronics.X-CUBE-ALGOBUILD.1.3.0
2023-10-01 11:09:10,815 [WARN] PackLoader:240 - Cannot read IP mode file for STMicroelectronics.X-CUBE-AZRTOS-G0.1.1.0
2023-10-01 11:09:11,107 [WARN] PackLoader:240 - Cannot read IP mode file for STMicroelectronics.X-CUBE-NFC4.3.0.0
2023-10-01 11:09:11,181 [WARN] PackLoader:240 - Cannot read IP mode file for SEGGER.I-CUBE-embOS.1.2.0
2023-10-01 11:09:11,239 [WARN] PackLoader:240 - Cannot read IP mode file for STMicroelectronics.X-CUBE-BLEMGR.1.3.0
2023-10-01 11:09:11,261 [WARN] PackLoader:240 - Cannot read IP mode file for STMicroelectronics.FP-ATR-SIGFOX1.3.2.0
2023-10-01 11:09:11,423 [WARN] PackLoader:240 - Cannot read IP mode file for emotas.I-CUBE-CANOPEN.1.1.2
2023-10-01 11:09:11,426 [WARN] PackLoader:240 - Cannot read IP mode file for STMicroelectronics.X-CUBE-TOUCHGFX.4.20.0
2023-10-01 11:09:11,449 [WARN] PackLoader:240 - Cannot read IP mode file for STMicroelectronics.X-CUBE-MEMS1.9.5.0
2023-10-01 11:09:11,616 [WARN] PackLoader:240 - Cannot read IP mode file for SEGGER.I-CUBE-embOS.1.3.1
2023-10-01 11:09:11,642 [WARN] PackLoader:240 - Cannot read IP mode file for STMicroelectronics.X-CUBE-TOUCHGFX.4.16.1
2023-10-01 11:09:11,648 [WARN] PackLoader:240 - Cannot read IP mode file for STMicroelectronics.X-CUBE-TOF1.3.0.0
2023-10-01 11:09:11,691 [WARN] PackLoader:240 - Cannot read IP mode file for STMicroelectronics.X-CUBE-GNSS1.6.0.0
2023-10-01 11:09:11,838 [WARN] PackLoader:240 - Cannot read IP mode file for STMicroelectronics.X-CUBE-AZRTOS-F4.1.1.0
2023-10-01 11:09:11,901 [WARN] PackLoader:240 - Cannot read IP mode file for wolfSSL.I-CUBE-wolfSSL.5.6.3
2023-10-01 11:09:11,905 [WARN] PackLoader:240 - Cannot read IP mode file for STMicroelectronics.X-CUBE-BLEMGR.1.2.0
2023-10-01 11:09:11,980 [WARN] PackLoader:240 - Cannot read IP mode file for STMicroelectronics.X-CUBE-AZRTOS-L5.2.0.0
2023-10-01 11:09:12,004 [WARN] PackLoader:240 - Cannot read IP mode file for STMicroelectronics.X-CUBE-MEMS1.9.6.0
2023-10-01 11:09:12,158 [WARN] PackLoader:240 - Cannot read IP mode file for STMicroelectronics.X-CUBE-BLEMGR.2.0.0
2023-10-01 11:09:12,215 [WARN] PackLoader:240 - Cannot read IP mode file for STMicroelectronics.X-CUBE-NFC4.2.0.5
2023-10-01 11:09:12,545 [WARN] PackLoader:240 - Cannot read IP mode file for STMicroelectronics.X-CUBE-NFC4.2.0.4
2023-10-01 11:09:12,659 [WARN] PackLoader:240 - Cannot read IP mode file for STMicroelectronics.X-CUBE-NFC4.2.0.2
2023-10-01 11:09:12,744 [WARN] ConditionMgr:438 - getConditionDescription Invalid condition id : UX DEVICE CLASS RTOS Condition cause : null
2023-10-01 11:09:12,745 [WARN] ConditionMgr:438 - getConditionDescription Invalid condition id : UX DEVICE CLASS RTOS Condition cause : null
2023-10-01 11:09:12,747 [WARN] PackLoader:240 - Cannot read IP mode file for STMicroelectronics.X-CUBE-AZRTOS-H7.3.1.0
2023-10-01 11:09:12,748 [WARN] ConditionMgr:1039 - genDependencies : Invalid condition id : UX DEVICE CLASS RTOS Condition cause : null
2023-10-01 11:09:12,748 [WARN] ConditionMgr:1039 - genDependencies : Invalid condition id : UX DEVICE CLASS RTOS Condition cause : null
2023-10-01 11:09:12,748 [WARN] ConditionMgr:1039 - genDependencies : Invalid condition id : UX DEVICE CLASS RTOS Condition cause : null
2023-10-01 11:09:12,749 [WARN] ConditionMgr:1039 - genDependencies : Invalid condition id : UX DEVICE CLASS RTOS Condition cause : null
2023-10-01 11:09:12,749 [WARN] ConditionMgr:1039 - genDependencies : Invalid condition id : UX DEVICE CLASS RTOS Condition cause : null
2023-10-01 11:09:12,754 [WARN] PackLoader:240 - Cannot read IP mode file for STMicroelectronics.X-CUBE-SFXS2LP1.3.1.0
2023-10-01 11:09:12,765 [WARN] PackLoader:240 - Cannot read IP mode file for STMicroelectronics.X-CUBE-AZRTOS-F4.1.0.0
2023-10-01 11:09:12,811 [WARN] PackLoader:240 - Cannot read IP mode file for STMicroelectronics.X-CUBE-NFC7.1.0.1
2023-10-01 11:09:12,815 [WARN] PackLoader:240 - Cannot read IP mode file for STMicroelectronics.X-CUBE-NFC7.1.0.0
2023-10-01 11:09:12,899 [WARN] PackLoader:240 - Cannot read IP mode file for STMicroelectronics.X-CUBE-NFC6.3.0.0
2023-10-01 11:09:12,904 [WARN] PackLoader:240 - Cannot read IP mode file for STMicroelectronics.X-CUBE-EEPRMA1.4.1.0
2023-10-01 11:09:13,015 [WARN] PackLoader:240 - Cannot read IP mode file for STMicroelectronics.X-CUBE-DISPLAY.1.0.0
2023-10-01 11:09:13,073 [WARN] PackLoader:240 - Cannot read IP mode file for STMicroelectronics.X-CUBE-AI.8.1.0
2023-10-01 11:09:13,130 [WARN] PackLoader:240 - Cannot read IP mode file for STMicroelectronics.X-CUBE-AI.6.0.0
2023-10-01 11:09:13,225 [WARN] PackLoader:240 - Cannot read IP mode file for STMicroelectronics.X-CUBE-AZRTOS-G0.1.0.0
2023-10-01 11:09:13,251 [WARN] ConditionMgr:438 - getConditionDescription Invalid condition id : LAN8742 Phy interface Condition cause : null
2023-10-01 11:09:13,251 [WARN] PackLoader:240 - Cannot read IP mode file for STMicroelectronics.X-CUBE-AZRTOS-L4.2.0.0
2023-10-01 11:09:13,253 [WARN] ConditionMgr:1039 - genDependencies : Invalid condition id : LAN8742 Phy interface Condition cause : null
2023-10-01 11:09:13,253 [WARN] ConditionMgr:1039 - genDependencies : Invalid condition id : LAN8742 Phy interface Condition cause : null
2023-10-01 11:09:13,254 [WARN] ConditionMgr:1039 - genDependencies : Invalid condition id : LAN8742 Phy interface Condition cause : null
2023-10-01 11:09:13,274 [WARN] PackLoader:240 - Cannot read IP mode file for STMicroelectronics.X-CUBE-SFXS2LP1.4.0.0
2023-10-01 11:09:13,277 [WARN] PackLoader:240 - Cannot read IP mode file for wolfSSL.I-CUBE-wolfSSL.4.7.0
2023-10-01 11:09:13,288 [WARN] PackLoader:240 - Cannot read IP mode file for STMicroelectronics.X-CUBE-AZRTOS-H7.3.0.0
2023-10-01 11:09:13,331 [WARN] PackLoader:240 - Cannot read IP mode file for STMicroelectronics.X-CUBE-ISPU.1.1.0
2023-10-01 11:09:13,389 [WARN] PackLoader:240 - Cannot read IP mode file for RoweBots.I-CUBE-UNISONRTOS.5.5.0-4
2023-10-01 11:09:13,405 [WARN] PackLoader:240 - Cannot read IP mode file for STMicroelectronics.X-CUBE-SFXS2LP1.3.0.0
2023-10-01 11:09:13,413 [WARN] PackLoader:240 - Cannot read IP mode file for STMicroelectronics.X-CUBE-AI.8.0.0
2023-10-01 11:09:13,474 [WARN] ConditionMgr:438 - getConditionDescription Invalid condition id : UX DEVICE CLASS RTOS Condition cause : null
2023-10-01 11:09:13,475 [WARN] ConditionMgr:438 - getConditionDescription Invalid condition id : UX DEVICE CLASS RTOS Condition cause : null
2023-10-01 11:09:13,476 [WARN] PackLoader:240 - Cannot read IP mode file for STMicroelectronics.X-CUBE-AZRTOS-WB.2.0.0
2023-10-01 11:09:13,477 [WARN] ConditionMgr:1039 - genDependencies : Invalid condition id : UX DEVICE CLASS RTOS Condition cause : null
2023-10-01 11:09:13,477 [WARN] ConditionMgr:1039 - genDependencies : Invalid condition id : UX DEVICE CLASS RTOS Condition cause : null
2023-10-01 11:09:13,477 [WARN] ConditionMgr:1039 - genDependencies : Invalid condition id : UX DEVICE CLASS RTOS Condition cause : null
2023-10-01 11:09:13,477 [WARN] ConditionMgr:1039 - genDependencies : Invalid condition id : UX DEVICE CLASS RTOS Condition cause : null
2023-10-01 11:09:13,477 [WARN] ConditionMgr:1039 - genDependencies : Invalid condition id : UX DEVICE CLASS RTOS Condition cause : null
2023-10-01 11:09:13,482 [WARN] PackLoader:240 - Cannot read IP mode file for STMicroelectronics.X-CUBE-FREERTOS.1.0.0
2023-10-01 11:09:13,485 [WARN] PackLoader:240 - Cannot read IP mode file for STMicroelectronics.X-CUBE-FREERTOS.1.0.1
2023-10-01 11:09:13,494 [WARN] PackLoader:240 - Cannot read IP mode file for STMicroelectronics.X-CUBE-AZRTOS-L5.1.1.0
2023-10-01 11:09:13,499 [WARN] PackLoader:240 - Cannot read IP mode file for STMicroelectronics.X-CUBE-AI.8.0.1
2023-10-01 11:09:13,505 [WARN] PackLoader:240 - Cannot read IP mode file for STMicroelectronics.X-CUBE-SUBG2.5.0.0
2023-10-01 11:09:13,603 [WARN] PackLoader:240 - Cannot read IP mode file for STMicroelectronics.X-CUBE-TOF1.3.3.1
2023-10-01 11:09:13,616 [WARN] PackLoader:240 - Cannot read IP mode file for STMicroelectronics.X-CUBE-AZRTOS-G4.2.0.0
2023-10-01 11:09:13,623 [WARN] PackLoader:240 - Cannot read IP mode file for STMicroelectronics.X-CUBE-TOF1.3.3.0
2023-10-01 11:09:13,631 [WARN] PackLoader:240 - Cannot read IP mode file for STMicroelectronics.FP-ATR-ASTRA1.1.1.1
2023-10-01 11:09:13,639 [WARN] PackLoader:240 - Cannot read IP mode file for STMicroelectronics.X-CUBE-AZRTOS-G4.1.0.0
2023-10-01 11:09:13,642 [WARN] PackLoader:240 - Cannot read IP mode file for wolfSSL.I-CUBE-wolfSSL.5.3.0
2023-10-01 11:09:13,652 [WARN] PackLoader:240 - Cannot read IP mode file for STMicroelectronics.X-CUBE-AZRTOS-L4.1.0.0
2023-10-01 11:09:13,657 [WARN] PackLoader:240 - Cannot read IP mode file for STMicroelectronics.X-CUBE-FREERTOS.1.1.0
2023-10-01 11:09:13,667 [WARN] PackLoader:240 - Cannot read IP mode file for STMicroelectronics.X-CUBE-AZRTOS-F7.1.0.0
2023-10-01 11:09:13,675 [WARN] PackLoader:240 - Cannot read IP mode file for STMicroelectronics.X-CUBE-AZRTOS-WL.1.0.0
2023-10-01 11:09:13,679 [WARN] PackLoader:240 - Cannot read IP mode file for STMicroelectronics.X-CUBE-TOF1.1.0.0
2023-10-01 11:09:13,683 [WARN] PackLoader:240 - Cannot read IP mode file for portGmbH.I-Cube-SoM-uGOAL.1.1.0
2023-10-01 11:09:13,687 [WARN] PackLoader:240 - Cannot read IP mode file for STMicroelectronics.X-CUBE-ALS.1.0.1
2023-10-01 11:09:13,695 [WARN] PackLoader:240 - Cannot read IP mode file for STMicroelectronics.X-CUBE-AZRTOS-WB.1.1.0
2023-10-01 11:09:13,714 [WARN] PackLoader:240 - Cannot read IP mode file for STMicroelectronics.X-CUBE-MEMS1.8.3.0
2023-10-01 11:09:13,777 [WARN] PackLoader:240 - Cannot read IP mode file for STMicroelectronics.X-CUBE-AZRTOS-L5.1.0.0
2023-10-01 11:09:13,781 [WARN] PackLoader:240 - Cannot read IP mode file for STMicroelectronics.X-CUBE-EEPRMA1.3.1.1
2023-10-01 11:09:13,785 [WARN] PackLoader:240 - Cannot read IP mode file for STMicroelectronics.X-CUBE-GNSS1.5.2.0
2023-10-01 11:09:13,787 [WARN] PackLoader:240 - Cannot read IP mode file for STMicroelectronics.FP-ATR-ASTRA1.2.0.0
2023-10-01 11:09:13,788 [INFO] ThirdParty:978 - Integrity check success = true
2023-10-01 11:09:13,788 [INFO] IntegrityCheckThread:100 - exiting critical section [integrity check]
2023-10-01 11:09:13,788 [INFO] IntegrityCheckThread:103 - End integrity checks thread
2023-10-01 11:09:30,119 [ERROR] LogOutputStream:75 - [STDERR_REDIRECT] SLF4J: Failed to load class "org.slf4j.impl.StaticLoggerBinder".
2023-10-01 11:09:30,119 [ERROR] LogOutputStream:75 - [STDERR_REDIRECT] SLF4J: Defaulting to no-operation (NOP) logger implementation
2023-10-01 11:09:30,120 [ERROR] LogOutputStream:75 - [STDERR_REDIRECT] SLF4J: See http://www.slf4j.org/codes.html#StaticLoggerBinder for further details.
2023-10-01 11:10:13,341 [INFO] McuFinderGlobals:63 - Set McuFinder mode to 2 (CubeIDE integrated)
2023-10-01 11:10:15,495 [INFO] MainUpdater:2868 - connection check result : 10
2023-10-01 11:10:15,496 [INFO] MainUpdater:2868 - connection check result : 10
2023-10-01 11:10:15,536 [INFO] MicroXplorer:468 - Change Database Path : 
2023-10-01 11:10:15,537 [INFO] MicroXplorer:498 - Change Database Version : DB.6.0.92
2023-10-01 11:10:15,543 [WARN] ThirdParty:871 - waiting for thirdparty lock release [close project]
2023-10-01 11:10:15,544 [INFO] ThirdParty:873 - entering critical section [close project]
2023-10-01 11:10:15,547 [INFO] ThirdParty:883 - exiting critical section [close project]
2023-10-01 11:10:15,550 [INFO] PinOutPanel:1499 - setPackage(No Configuration,No Configuration)
2023-10-01 11:10:15,558 [INFO] UtilMem:75 - Begin LoadConfig() Used Memory: 428893368 Bytes (702545920)
2023-10-01 11:10:15,581 [INFO] MicroXplorer:468 - Change Database Path : C:/Users/57310/.stm32cubemx/databases/DB.6.0.60/db/
2023-10-01 11:10:15,581 [INFO] MicroXplorer:498 - Change Database Version : DB.6.0.60
2023-10-01 11:10:16,713 [INFO] MicroXplorer:468 - Change Database Path : 
2023-10-01 11:10:16,713 [INFO] MicroXplorer:498 - Change Database Version : DB.6.0.92
2023-10-01 11:10:16,713 [INFO] OpenFileManager:308 - Change cursor
2023-10-01 11:10:16,736 [INFO] Mcu:1946 - Initializing MCU STM32F411R(C-E)Tx STM32F411RETx STM32F411RET6
2023-10-01 11:10:17,899 [INFO] Context:659 - Trying to add GPIOservice into a context  which must be forbidden
2023-10-01 11:10:18,304 [INFO] Rule:228 - rule WakeUp0 Mode is applicable
2023-10-01 11:10:18,305 [INFO] Rule:228 - rule WakeUp0 SIGNAL is applicable
2023-10-01 11:10:18,305 [INFO] Rule:228 - rule WakeUp1 Mode is applicable
2023-10-01 11:10:18,305 [INFO] Rule:228 - rule WakeUp1 SIGNAL is applicable
2023-10-01 11:10:18,305 [INFO] Rule:228 - rule WakeUp2 Mode is applicable
2023-10-01 11:10:18,305 [INFO] Rule:228 - rule WakeUp2 SIGNAL is applicable
2023-10-01 11:10:18,305 [INFO] Rule:228 - rule WakeUp4 Mode is applicable
2023-10-01 11:10:18,305 [INFO] Rule:228 - rule WakeUp4 SIGNAL is applicable
2023-10-01 11:10:18,306 [INFO] Rule:228 - rule WakeUp5 Mode is applicable
2023-10-01 11:10:18,306 [INFO] Rule:228 - rule WakeUp5 SIGNAL is applicable
2023-10-01 11:10:18,306 [INFO] Rule:228 - rule Change Default Value for LSE Drive Capability for WB family is applicable
2023-10-01 11:10:18,306 [INFO] DbConfProperties:307 - Apply Compatibility (0/11 Rules)
2023-10-01 11:10:18,621 [INFO] RtosManager:555 - Registered RTOS mode: class=CMSIS, group=RTOS, mode=CMSIS_V1, owner=FREERTOS
2023-10-01 11:10:18,621 [INFO] RtosManager:555 - Registered RTOS mode: class=CMSIS, group=RTOS2, mode=CMSIS_V2, owner=FREERTOS
2023-10-01 11:10:18,622 [INFO] RtosManager:555 - Registered RTOS mode: class=RTOS, group=Core, mode=CMSIS_V1, owner=FREERTOS
2023-10-01 11:10:18,622 [INFO] RtosManager:555 - Registered RTOS mode: class=RTOS, group=Core, mode=CMSIS_V2, owner=FREERTOS
2023-10-01 11:10:18,622 [WARN] ModelIntegratedComponent:184 - Missing modes for component STMicroelectronics:FreeRTOS:0.0.1:STMicroelectronics:RTOS:FreeRTOS:Core:::10.2.0:
2023-10-01 11:10:18,629 [WARN] ModelIntegratedComponent:63 - No mode defined for component null
2023-10-01 11:10:18,629 [WARN] ModelIntegratedComponent:63 - No mode defined for component null
2023-10-01 11:10:18,629 [WARN] ModelIntegratedComponent:63 - No mode defined for component null
2023-10-01 11:10:18,629 [WARN] ModelIntegratedComponent:63 - No mode defined for component null
2023-10-01 11:10:18,629 [WARN] ModelIntegratedComponent:63 - No mode defined for component null
2023-10-01 11:10:18,629 [WARN] ModelIntegratedComponent:63 - No mode defined for component null
2023-10-01 11:10:18,630 [WARN] ModelIntegratedComponent:63 - No mode defined for component null
2023-10-01 11:10:18,630 [WARN] ModelIntegratedComponent:63 - No mode defined for component null
2023-10-01 11:10:18,630 [WARN] ModelIntegratedComponent:63 - No mode defined for component null
2023-10-01 11:10:18,630 [WARN] ModelIntegratedComponent:63 - No mode defined for component null
2023-10-01 11:10:18,630 [WARN] ModelIntegratedComponent:63 - No mode defined for component null
2023-10-01 11:10:18,630 [WARN] ModelIntegratedComponent:63 - No mode defined for component null
2023-10-01 11:10:18,630 [WARN] ModelIntegratedComponent:63 - No mode defined for component null
2023-10-01 11:10:18,630 [WARN] ModelIntegratedComponent:63 - No mode defined for component null
2023-10-01 11:10:18,630 [WARN] ModelIntegratedComponent:63 - No mode defined for component null
2023-10-01 11:10:18,630 [WARN] ModelIntegratedComponent:63 - No mode defined for component null
2023-10-01 11:10:18,630 [WARN] ModelIntegratedComponent:63 - No mode defined for component null
2023-10-01 11:10:18,630 [WARN] ModelIntegratedComponent:63 - No mode defined for component null
2023-10-01 11:10:18,630 [WARN] ModelIntegratedComponent:63 - No mode defined for component null
2023-10-01 11:10:18,630 [WARN] ModelIntegratedComponent:63 - No mode defined for component null
2023-10-01 11:10:18,630 [WARN] ModelIntegratedComponent:63 - No mode defined for component null
2023-10-01 11:10:18,630 [WARN] ModelIntegratedComponent:63 - No mode defined for component null
2023-10-01 11:10:18,630 [WARN] ModelIntegratedComponent:63 - No mode defined for component null
2023-10-01 11:10:18,630 [WARN] ModelIntegratedComponent:63 - No mode defined for component null
2023-10-01 11:10:18,630 [WARN] ModelIntegratedComponent:63 - No mode defined for component null
2023-10-01 11:10:18,631 [WARN] ModelIntegratedComponent:63 - No mode defined for component null
2023-10-01 11:10:18,631 [WARN] ModelIntegratedComponent:63 - No mode defined for component null
2023-10-01 11:10:18,631 [WARN] ModelIntegratedComponent:63 - No mode defined for component null
2023-10-01 11:10:18,631 [WARN] ModelIntegratedComponent:63 - No mode defined for component null
2023-10-01 11:10:18,631 [WARN] ModelIntegratedComponent:63 - No mode defined for component null
2023-10-01 11:10:18,631 [WARN] ModelIntegratedComponent:63 - No mode defined for component null
2023-10-01 11:10:18,631 [WARN] ModelIntegratedComponent:63 - No mode defined for component null
2023-10-01 11:10:18,631 [WARN] ModelIntegratedComponent:63 - No mode defined for component null
2023-10-01 11:10:18,689 [WARN] ModelIntegratedComponent:182 - Modes not found for component STMicroelectronics:USB_DEVICE:1.0.0:STMicroelectronics:USB::USB Device:Audio HS::1.0:USB_DEVICE_1_0_RESTRICTED_HS
2023-10-01 11:10:18,689 [WARN] ModelIntegratedComponent:188 - Modes not found for component STMicroelectronics:USB_DEVICE:1.0.0:STMicroelectronics:USB::USB Device:Audio HS::1.0:USB_DEVICE_1_0_RESTRICTED_HS
2023-10-01 11:10:18,689 [WARN] ModelIntegratedComponent:182 - Modes not found for component STMicroelectronics:USB_DEVICE:1.0.0:STMicroelectronics:USB::USB Device:CDC HS::1.0:USB_DEVICE_1_0_RESTRICTED_HS
2023-10-01 11:10:18,689 [WARN] ModelIntegratedComponent:188 - Modes not found for component STMicroelectronics:USB_DEVICE:1.0.0:STMicroelectronics:USB::USB Device:CDC HS::1.0:USB_DEVICE_1_0_RESTRICTED_HS
2023-10-01 11:10:18,689 [WARN] ModelIntegratedComponent:182 - Modes not found for component STMicroelectronics:USB_DEVICE:1.0.0:STMicroelectronics:USB::USB Device:DFU HS::1.0:USB_DEVICE_1_0_RESTRICTED_HS
2023-10-01 11:10:18,689 [WARN] ModelIntegratedComponent:188 - Modes not found for component STMicroelectronics:USB_DEVICE:1.0.0:STMicroelectronics:USB::USB Device:DFU HS::1.0:USB_DEVICE_1_0_RESTRICTED_HS
2023-10-01 11:10:18,689 [WARN] ModelIntegratedComponent:182 - Modes not found for component STMicroelectronics:USB_DEVICE:1.0.0:STMicroelectronics:USB::USB Device:HID HS::1.0:USB_DEVICE_1_0_RESTRICTED_HS
2023-10-01 11:10:18,689 [WARN] ModelIntegratedComponent:188 - Modes not found for component STMicroelectronics:USB_DEVICE:1.0.0:STMicroelectronics:USB::USB Device:HID HS::1.0:USB_DEVICE_1_0_RESTRICTED_HS
2023-10-01 11:10:18,689 [WARN] ModelIntegratedComponent:182 - Modes not found for component STMicroelectronics:USB_DEVICE:1.0.0:STMicroelectronics:USB::USB Device:Custom HID HS::1.0:USB_DEVICE_1_0_RESTRICTED_HS
2023-10-01 11:10:18,689 [WARN] ModelIntegratedComponent:188 - Modes not found for component STMicroelectronics:USB_DEVICE:1.0.0:STMicroelectronics:USB::USB Device:Custom HID HS::1.0:USB_DEVICE_1_0_RESTRICTED_HS
2023-10-01 11:10:18,689 [WARN] ModelIntegratedComponent:182 - Modes not found for component STMicroelectronics:USB_DEVICE:1.0.0:STMicroelectronics:USB::USB Device:MSC HS::1.0:USB_DEVICE_1_0_RESTRICTED_HS
2023-10-01 11:10:18,689 [WARN] ModelIntegratedComponent:188 - Modes not found for component STMicroelectronics:USB_DEVICE:1.0.0:STMicroelectronics:USB::USB Device:MSC HS::1.0:USB_DEVICE_1_0_RESTRICTED_HS
2023-10-01 11:10:18,763 [WARN] ModelIntegratedComponent:182 - Modes not found for component STMicroelectronics:USB_HOST:1.0.0:STMicroelectronics:USB::USB Host:Audio HS::1.0:USB_HOST_1_0_RESTRICTED_HS
2023-10-01 11:10:18,764 [WARN] ModelIntegratedComponent:188 - Modes not found for component STMicroelectronics:USB_HOST:1.0.0:STMicroelectronics:USB::USB Host:Audio HS::1.0:USB_HOST_1_0_RESTRICTED_HS
2023-10-01 11:10:18,764 [WARN] ModelIntegratedComponent:182 - Modes not found for component STMicroelectronics:USB_HOST:1.0.0:STMicroelectronics:USB::USB Host:CDC HS::1.0:USB_HOST_1_0_RESTRICTED_HS
2023-10-01 11:10:18,764 [WARN] ModelIntegratedComponent:188 - Modes not found for component STMicroelectronics:USB_HOST:1.0.0:STMicroelectronics:USB::USB Host:CDC HS::1.0:USB_HOST_1_0_RESTRICTED_HS
2023-10-01 11:10:18,764 [WARN] ModelIntegratedComponent:182 - Modes not found for component STMicroelectronics:USB_HOST:1.0.0:STMicroelectronics:USB::USB Host:MSC HS::1.0:USB_HOST_1_0_RESTRICTED_HS
2023-10-01 11:10:18,764 [WARN] ModelIntegratedComponent:188 - Modes not found for component STMicroelectronics:USB_HOST:1.0.0:STMicroelectronics:USB::USB Host:MSC HS::1.0:USB_HOST_1_0_RESTRICTED_HS
2023-10-01 11:10:18,764 [WARN] ModelIntegratedComponent:182 - Modes not found for component STMicroelectronics:USB_HOST:1.0.0:STMicroelectronics:USB::USB Host:HID HS::1.0:USB_HOST_1_0_RESTRICTED_HS
2023-10-01 11:10:18,764 [WARN] ModelIntegratedComponent:188 - Modes not found for component STMicroelectronics:USB_HOST:1.0.0:STMicroelectronics:USB::USB Host:HID HS::1.0:USB_HOST_1_0_RESTRICTED_HS
2023-10-01 11:10:18,764 [WARN] ModelIntegratedComponent:182 - Modes not found for component STMicroelectronics:USB_HOST:1.0.0:STMicroelectronics:USB::USB Host:MTP HS::1.0:USB_HOST_1_0_RESTRICTED_HS
2023-10-01 11:10:18,764 [WARN] ModelIntegratedComponent:188 - Modes not found for component STMicroelectronics:USB_HOST:1.0.0:STMicroelectronics:USB::USB Host:MTP HS::1.0:USB_HOST_1_0_RESTRICTED_HS
2023-10-01 11:10:18,898 [INFO] ThirdPartyModel:298 - Start build external matchings
2023-10-01 11:10:22,226 [INFO] ThirdPartyModel:316 - End build external matchings
2023-10-01 11:10:22,291 [INFO] ImportTextPane:194 - (OptionalMessage_ERROR) IP (RCC) : Parameter (RTCHSEDivFreq_Value) has invalid value (12500000)
2023-10-01 11:10:22,603 [INFO] UtilMem:75 - End LoadConfig() Used Memory: 451134400 Bytes (1073741824)
2023-10-01 11:10:22,951 [INFO] ApiDb:581 - Connected to CubeFinder SQLite database (C:\Users\57310\.stmcufinder\plugins\mcufinder\mcu\cube-finder-db.db)
2023-10-01 11:10:23,020 [INFO] ApiDb:668 - CubeFinder database Data Model version=2.1
2023-10-01 11:10:23,020 [INFO] ApiDb:669 - CubeFinder database Configuration version=3.0.37
2023-10-01 11:10:23,021 [INFO] ApiDb:670 - CubeFinder database generation date=2023-08-09 (1691586011)
2023-10-01 11:10:23,021 [INFO] ApiDb:671 - CubeFinder database FW Pack versions=[FP-ATR-ASTRA1_V2.0.0, FP-SNS-FLIGHT1_V5.0.1, FP-SNS-FLIGHT1_V5.0.2, FP-SNS-MOTENV1_V4.3.1, FP-SNS-MOTENV1_V4.3.2, STM32Cube_FW_C0_V1.1.0, STM32Cube_FW_F4_V1.27.1, STM32Cube_FW_F7_V1.17.0, STM32Cube_FW_G0_V1.6.1, STM32Cube_FW_G4_V1.5.1, STM32Cube_FW_H5_V0.5.1, STM32Cube_FW_H5_V1.1.0, STM32Cube_FW_H7_V1.11.0, STM32Cube_FW_L0_V1.12.2, STM32Cube_FW_L5_V1.5.0, STM32Cube_FW_U5_V1.3.0, STM32Cube_FW_U5_V1.3.0RC4, STM32Cube_FW_WBA_V1.0.0RC1, STM32Cube_FW_WBA_V1.1.0, STM32Cube_FW_WBA_V1.1.0RC1, STM32Cube_FW_WB_V1.15.0RC1, STM32Cube_FW_WB_V1.16.0, STM32Cube_FW_WB_V1.16.0RC2, STM32Cube_FW_WB_V1.17.0, STM32Cube_FW_WL_V1.3.0, X-CUBE-ALGOBUILD_V1.3.0, X-CUBE-ALS_V1.0.1, X-CUBE-AZRTOS-F4_V1.1.0, X-CUBE-AZRTOS-F7_V1.1.0, X-CUBE-AZRTOS-G0_V1.1.0, X-CUBE-AZRTOS-G4_V2.0.0, X-CUBE-AZRTOS-H7_V3.1.0, X-CUBE-AZRTOS-L4_V1.0.0, X-CUBE-AZRTOS-L4_V2.0.0, X-CUBE-AZRTOS-L5_V1.1.0, X-CUBE-AZRTOS-WB_V1.1.0, X-CUBE-AZRTOS-WL_V2.0.0, X-CUBE-BLE1_V7.0.0, X-CUBE-BLE2_V3.3.0, X-CUBE-BLEMGR_V2.0.0, X-CUBE-EEPRMA1_V4.1.0, X-CUBE-FREERTOS_V1.1.0, X-CUBE-GNSS1_V6.0.0, X-CUBE-MEMS1_V9.1.0, X-CUBE-MEMS1_V9.4.0, X-CUBE-MEMS1_V9.6.0, X-CUBE-NFC4_V3.0.0, X-CUBE-NFC7_V1.0.0, X-CUBE-SFXS2LP1_V4.0.0, X-CUBE-SUBG2_V5.0.0, X-CUBE-TOF1_V3.3.1]
2023-10-01 11:10:24,522 [INFO] ApiDb:240 - Found 323 in-development CPN: [B-G473E-ZEST1S, B-WB1M-WPAN1, B-WL5M-SUBG1, NUCLEO-C031C6, NUCLEO-H503RB, NUCLEO-H563ZI, NUCLEO-U545RE-Q, NUCLEO-U5A5ZJ-Q, NUCLEO-WBA52CG, STEVAL-PROTEUS1, STEVAL-SMARTAG2, STEVAL-STWINBX1, STM320518-EVAL, STM32C0116-DK, STM32C011D6Y3TR, STM32C011D6Y6TR, STM32C011F4P3, STM32C011F4P6, STM32C011F4U3, STM32C011F4U6TR, STM32C011F6P3, STM32C011F6P6, STM32C011F6U3, STM32C011F6U6TR, STM32C011J4M3, STM32C011J4M6, STM32C011J6M3, STM32C011J6M6, STM32C0316-DK, STM32C031C4T3, STM32C031C4T6, STM32C031C4U3, STM32C031C4U6, STM32C031C6T3, STM32C031C6T6, STM32C031C6U3, STM32C031C6U6, STM32C031F4P3, STM32C031F4P6, STM32C031F6P3, STM32C031F6P6, STM32C031G4U3, STM32C031G4U6, STM32C031G6U3, STM32C031G6U6, STM32C031K4T3, STM32C031K4T6, STM32C031K4U3, STM32C031K4U6, STM32C031K6T3, STM32C031K6T6, STM32C031K6U3, STM32C031K6U6, STM32G071K8TXN, STM32G071K8UXN, STM32G081GBU6N, STM32G081KBT6N, STM32G081KBUXN, STM32G0B1CCT6N, STM32G0B1KCT6, STM32G0B1NEY6TR, STM32G0B1RCT6N, STM32G0C1CCT6, STM32G0C1CCT6N, STM32G0C1CCU6N, STM32G0C1CET6N, STM32G0C1CEU6N, STM32G0C1KCT6, STM32G0C1NEY6TR, STM32G0C1RCI6N, STM32G0C1RCT6N, STM32G0C1REI6N, STM32G0C1RET6N, STM32G0C1VCI6, STM32G0C1VEI6, STM32G471CCT6, STM32G471CCU6, STM32G471CET3, STM32G471CET6, STM32G471CEU3, STM32G471CEU6, STM32G471MCT6, STM32G471MET3, STM32G471MET6, STM32G471MEY6TR, STM32G471QCT6, STM32G471QET3, STM32G471RCT6, STM32G471RET3, STM32G471RET6, STM32G471VCH6, STM32G471VCI6, STM32G471VCT6, STM32G471VEH3, STM32G471VEH6, STM32G471VEI3, STM32G471VEI6, STM32G471VET3, STM32G471VET6, STM32G474CCT6, STM32H503CBT6, STM32H503CBU6, STM32H503EBY6TR, STM32H503KBU6, STM32H503RBT6, STM32H562AGI6, STM32H562AII6, STM32H562IGK6, STM32H562IGT6, STM32H562IIK6, STM32H562IIT6, STM32H562RGT6, STM32H562RGV6, STM32H562RIT6, STM32H562RIV6, STM32H562VGT6, STM32H562VIT6, STM32H562ZGT6, STM32H562ZIT6, STM32H563AGI6, STM32H563AII3Q, STM32H563AII6, STM32H563IGK6, STM32H563IGT6, STM32H563IIK3Q, STM32H563IIK6, STM32H563IIT3Q, STM32H563IIT6, STM32H563MIY3QTR, STM32H563RGT6, STM32H563RGV6, STM32H563RIT6, STM32H563RIV6, STM32H563VGT6, STM32H563VIT3Q, STM32H563VIT6, STM32H563ZGT6, STM32H563ZIT3Q, STM32H563ZIT6, STM32H573AII3Q, STM32H573AII6, STM32H573I-DK, STM32H573IIK3Q, STM32H573IIK6, STM32H573IIT3Q, STM32H573IIT6, STM32H573MIY3QTR, STM32H573RIT6, STM32H573RIV6, STM32H573VIT3Q, STM32H573VIT6, STM32H573ZIT3Q, STM32H573ZIT6, STM32L4R5QGI6STR, STM32MP131AAE3, STM32MP131AAF3, STM32MP131AAG3, STM32MP131CAE3, STM32MP131CAF3, STM32MP131CAG3, STM32MP131DAE7, STM32MP131DAF7, STM32MP131DAG7, STM32MP131FAE7, STM32MP131FAF7, STM32MP131FAG7, STM32MP133AAE3, STM32MP133AAF3, STM32MP133AAG3, STM32MP133CAE3, STM32MP133CAF3, STM32MP133CAG3, STM32MP133DAE7, STM32MP133DAF7, STM32MP133DAG7, STM32MP133FAE7, STM32MP133FAF7, STM32MP133FAG7, STM32MP135AAE3, STM32MP135AAF3, STM32MP135AAG3, STM32MP135CAE3, STM32MP135CAF3, STM32MP135CAG3, STM32MP135DAE7, STM32MP135DAF7, STM32MP135DAG7, STM32MP135F-DK, STM32MP135FAE7, STM32MP135FAF7, STM32MP135FAF7T, STM32MP135FAF7U, STM32MP135FAG7, STM32U535CBT6, STM32U535CBT6Q, STM32U535CBU6, STM32U535CBU6Q, STM32U535CCT6, STM32U535CCT6Q, STM32U535CCU6, STM32U535CCU6Q, STM32U535CET6, STM32U535CET6Q, STM32U535CEU6, STM32U535CEU6Q, STM32U535JEY6QTR, STM32U535NCY6QTR, STM32U535NEY6QTR, STM32U535RBI6, STM32U535RBI6Q, STM32U535RBT6, STM32U535RBT6Q, STM32U535RCI6, STM32U535RCI6Q, STM32U535RCT6, STM32U535RCT6Q, STM32U535REI6, STM32U535REI6Q, STM32U535RET6, STM32U535RET6Q, STM32U535VCI6, STM32U535VCI6Q, STM32U535VCT6, STM32U535VCT6Q, STM32U535VEI6, STM32U535VEI6Q, STM32U535VET6, STM32U535VET6Q, STM32U545CET6, STM32U545CET6Q, STM32U545CEU6, STM32U545CEU6Q, STM32U545JEY6QTR, STM32U545NEY6QTR, STM32U545REI6, STM32U545REI6Q, STM32U545RET6, STM32U545RET6Q, STM32U545VEI6, STM32U545VEI6Q, STM32U545VET6, STM32U545VET6Q, STM32U595AIH6, STM32U595AIH6Q, STM32U595AJH6, STM32U595AJH6Q, STM32U595QII6, STM32U595QII6Q, STM32U595QJI6, STM32U595QJI6Q, STM32U595RIT6, STM32U595RIT6Q, STM32U595RJT6, STM32U595RJT6Q, STM32U595VIT6, STM32U595VIT6Q, STM32U595VJT6, STM32U595VJT6Q, STM32U595ZIT6, STM32U595ZIT6Q, STM32U595ZIY6QTR, STM32U595ZJT6, STM32U595ZJT6Q, STM32U595ZJY6QTR, STM32U599BJY6QTR, STM32U599NIH6Q, STM32U599NJH6Q, STM32U599VIT6Q, STM32U599VJT6, STM32U599VJT6Q, STM32U599ZIT6Q, STM32U599ZIY6QTR, STM32U599ZJT6Q, STM32U599ZJY6QTR, STM32U5A5AJH6, STM32U5A5AJH6Q, STM32U5A5QJI6, STM32U5A5QJI6Q, STM32U5A5RJT6, STM32U5A5RJT6Q, STM32U5A5VJT6, STM32U5A5VJT6Q, STM32U5A5ZJT6, STM32U5A5ZJT6Q, STM32U5A5ZJY6QTR, STM32U5A9BJY6QTR, STM32U5A9J-DK, STM32U5A9NJH6Q, STM32U5A9VJT6Q, STM32U5A9ZJT6Q, STM32U5A9ZJY6QTR, STM32U5F7VIT6, STM32U5F7VIT6Q, STM32U5F7VJT6, STM32U5F7VJT6Q, STM32U5F9BJY6QTR, STM32U5F9NJH6Q, STM32U5F9VIT6Q, STM32U5F9VJT6Q, STM32U5F9ZIJ6QTR, STM32U5F9ZIT6Q, STM32U5F9ZJJ6QTR, STM32U5F9ZJT6Q, STM32U5G7VJT6, STM32U5G7VJT6Q, STM32U5G9BJY6QTR, STM32U5G9J-DK1, STM32U5G9J-DK2, STM32U5G9NJH6Q, STM32U5G9VJT6Q, STM32U5G9ZJJ6QTR, STM32U5G9ZJT6Q, STM32WB1MMCH6, STM32WBA52CEU6, STM32WBA52CEU6T, STM32WBA52CGU6, STM32WBA52CGU6T, STM32WBA52KEU6, STM32WBA52KEU6T, STM32WBA52KGU6, STM32WBA52KGU6T, STM32WL5MOCH6, STM32WL5MOCH6TR]
2023-10-01 11:10:24,526 [INFO] DbMcus:217 - Found 3848 MCUs, 3848 are supported
2023-10-01 11:10:24,526 [INFO] ApiDb:423 - Load user favorites file C:\Users\57310/.stm32cubeide/favorites.mcus.txt: 3 item(s)
2023-10-01 11:10:24,527 [INFO] ApiDb:427 - User favorites MCUs=[STM32C011F6P6TR, STM32F407VGT6, STM32F407VGT7]
2023-10-01 11:10:24,527 [INFO] DbMcus:223 - Set 3 / 3 favorites MCUs
2023-10-01 11:10:24,852 [WARN] ThirdParty:833 - waiting for thirdparty lock release [change project]
2023-10-01 11:10:24,852 [INFO] ThirdParty:835 - entering critical section [change project]
2023-10-01 11:10:24,852 [INFO] ThirdParty:1030 - CMSIS Pack Vendor :STMicroelectronics USBPD 4.1
2023-10-01 11:10:24,852 [INFO] ThirdParty:1030 - CMSIS Pack Vendor :STMicroelectronics X-CUBE-GNSS1 6.0.0
2023-10-01 11:10:24,853 [INFO] ThirdParty:1030 - CMSIS Pack Vendor :STMicroelectronics USB_HOST 2.0.0
2023-10-01 11:10:24,853 [INFO] ThirdParty:1030 - CMSIS Pack Vendor :STMicroelectronics X-CUBE-AZRTOS-F4 1.1.0
2023-10-01 11:10:24,853 [INFO] ThirdParty:1030 - CMSIS Pack Vendor :STMicroelectronics LIBJPEG 8.0.0
2023-10-01 11:10:24,853 [INFO] ThirdParty:1030 - CMSIS Pack Vendor :wolfSSL I-CUBE-wolfSSL 5.6.3
2023-10-01 11:10:24,853 [INFO] ThirdParty:1030 - CMSIS Pack Vendor :STMicroelectronics X-CUBE-SMBUS 2.1.0
2023-10-01 11:10:24,853 [INFO] ThirdParty:1030 - CMSIS Pack Vendor :STMicroelectronics X-CUBE-SUBG2 4.1.0
2023-10-01 11:10:24,853 [INFO] ThirdParty:1030 - CMSIS Pack Vendor :STMicroelectronics X-CUBE-MEMS1 9.2.0
2023-10-01 11:10:24,853 [INFO] ThirdParty:1030 - CMSIS Pack Vendor :STMicroelectronics X-CUBE-BLEMGR 1.2.0
2023-10-01 11:10:24,853 [INFO] ThirdParty:1030 - CMSIS Pack Vendor :STMicroelectronics X-CUBE-AZRTOS-F7 1.1.0
2023-10-01 11:10:24,853 [INFO] ThirdParty:1030 - CMSIS Pack Vendor :STMicroelectronics X-CUBE-AZRTOS-L5 2.0.0
2023-10-01 11:10:24,853 [INFO] ThirdParty:1030 - CMSIS Pack Vendor :STMicroelectronics USB_DEVICE 2.0.0
2023-10-01 11:10:24,853 [INFO] ThirdParty:1030 - CMSIS Pack Vendor :STMicroelectronics X-CUBE-MEMS1 9.6.0
2023-10-01 11:10:24,853 [INFO] ThirdParty:1030 - CMSIS Pack Vendor :STMicroelectronics X-CUBE-AI 7.1.0
2023-10-01 11:10:24,853 [INFO] ThirdParty:1030 - CMSIS Pack Vendor :STMicroelectronics X-CUBE-TOUCHGFX 4.19.1
2023-10-01 11:10:24,853 [INFO] ThirdParty:1030 - CMSIS Pack Vendor :STMicroelectronics FP-SNS-MOTENV1 4.3.2
2023-10-01 11:10:24,853 [INFO] ThirdParty:1030 - CMSIS Pack Vendor :STMicroelectronics FP-SNS-MOTENV1 4.3.1
2023-10-01 11:10:24,853 [INFO] ThirdParty:1030 - CMSIS Pack Vendor :STMicroelectronics FP-SNS-FLIGHT1 5.0.1
2023-10-01 11:10:24,853 [INFO] ThirdParty:1030 - CMSIS Pack Vendor :STMicroelectronics X-CUBE-BLE1 6.2.3
2023-10-01 11:10:24,853 [INFO] ThirdParty:1030 - CMSIS Pack Vendor :STMicroelectronics X-CUBE-EEPRMA1 3.0.0
2023-10-01 11:10:24,853 [INFO] ThirdParty:1030 - CMSIS Pack Vendor :STMicroelectronics X-CUBE-BLE1 6.2.4
2023-10-01 11:10:24,853 [INFO] ThirdParty:1030 - CMSIS Pack Vendor :STMicroelectronics FreeRTOS 0.0.1
2023-10-01 11:10:24,853 [INFO] ThirdParty:1030 - CMSIS Pack Vendor :STMicroelectronics X-CUBE-BLEMGR 2.0.0
2023-10-01 11:10:24,853 [INFO] ThirdParty:1030 - CMSIS Pack Vendor :STMicroelectronics X-CUBE-BLE1 6.2.0
2023-10-01 11:10:24,853 [INFO] ThirdParty:1030 - CMSIS Pack Vendor :STMicroelectronics FP-SNS-FLIGHT1 5.0.2
2023-10-01 11:10:24,853 [INFO] ThirdParty:1030 - CMSIS Pack Vendor :STMicroelectronics X-CUBE-NFC4 2.0.5
2023-10-01 11:10:24,854 [INFO] ThirdParty:1030 - CMSIS Pack Vendor :STMicroelectronics X-CUBE-BLE2 3.2.2
2023-10-01 11:10:24,854 [INFO] ThirdParty:1030 - CMSIS Pack Vendor :STMicroelectronics X-CUBE-NFC4 2.0.4
2023-10-01 11:10:24,854 [INFO] ThirdParty:1030 - CMSIS Pack Vendor :STMicroelectronics X-CUBE-NFC4 2.0.2
2023-10-01 11:10:24,854 [INFO] ThirdParty:1030 - CMSIS Pack Vendor :STMicroelectronics X-CUBE-AZRTOS-H7 3.1.0
2023-10-01 11:10:24,854 [INFO] ThirdParty:1030 - CMSIS Pack Vendor :STMicroelectronics PDM2PCM 3.3.0
2023-10-01 11:10:24,854 [INFO] ThirdParty:1030 - CMSIS Pack Vendor :STMicroelectronics X-CUBE-BLE2 3.2.0
2023-10-01 11:10:24,854 [INFO] ThirdParty:1030 - CMSIS Pack Vendor :STMicroelectronics X-CUBE-SFXS2LP1 3.1.0
2023-10-01 11:10:24,854 [INFO] ThirdParty:1030 - CMSIS Pack Vendor :STMicroelectronics X-CUBE-DISPLAY 3.0.0
2023-10-01 11:10:24,854 [INFO] ThirdParty:1030 - CMSIS Pack Vendor :STMicroelectronics X-CUBE-AZRTOS-F4 1.0.0
2023-10-01 11:10:24,854 [INFO] ThirdParty:1030 - CMSIS Pack Vendor :STMicroelectronics X-CUBE-BLE1 7.0.0
2023-10-01 11:10:24,854 [INFO] ThirdParty:1030 - CMSIS Pack Vendor :STMicroelectronics HAL Drivers 0.0.0
2023-10-01 11:10:24,854 [INFO] ThirdParty:1030 - CMSIS Pack Vendor :emotas I-CUBE-CANOPEN 1.3.0
2023-10-01 11:10:24,854 [INFO] ThirdParty:1030 - CMSIS Pack Vendor :STMicroelectronics X-CUBE-TOUCHGFX 4.22.0
2023-10-01 11:10:24,854 [INFO] ThirdParty:1030 - CMSIS Pack Vendor :STMicroelectronics X-CUBE-NFC7 1.0.1
2023-10-01 11:10:24,854 [INFO] ThirdParty:1030 - CMSIS Pack Vendor :STMicroelectronics MBEDTLS 2.14.1
2023-10-01 11:10:24,854 [INFO] ThirdParty:1030 - CMSIS Pack Vendor :STMicroelectronics X-CUBE-NFC7 1.0.0
2023-10-01 11:10:24,854 [INFO] ThirdParty:1030 - CMSIS Pack Vendor :STMicroelectronics X-CUBE-AZRTOS-H7 1.0.0
2023-10-01 11:10:24,854 [INFO] ThirdParty:1030 - CMSIS Pack Vendor :STMicroelectronics X-CUBE-NFC6 3.0.0
2023-10-01 11:10:24,854 [INFO] ThirdParty:1030 - CMSIS Pack Vendor :STMicroelectronics X-CUBE-MEMS1 9.3.0
2023-10-01 11:10:24,854 [INFO] ThirdParty:1030 - CMSIS Pack Vendor :STMicroelectronics X-CUBE-EEPRMA1 4.1.0
2023-10-01 11:10:24,854 [INFO] ThirdParty:1030 - CMSIS Pack Vendor :STMicroelectronics FP-SNS-SMARTAG2 1.2.0
2023-10-01 11:10:24,854 [INFO] ThirdParty:1030 - CMSIS Pack Vendor :STMicroelectronics X-CUBE-AZRTOS-WL 2.0.0
2023-10-01 11:10:24,854 [INFO] ThirdParty:1030 - CMSIS Pack Vendor :STMicroelectronics X-CUBE-DISPLAY 1.0.0
2023-10-01 11:10:24,854 [INFO] ThirdParty:1030 - CMSIS Pack Vendor :STMicroelectronics USB_DEVICE 1.0.0
2023-10-01 11:10:24,854 [INFO] ThirdParty:1030 - CMSIS Pack Vendor :STMicroelectronics X-CUBE-AI 8.1.0
2023-10-01 11:10:24,855 [INFO] ThirdParty:1030 - CMSIS Pack Vendor :STMicroelectronics X-CUBE-AI 6.0.0
2023-10-01 11:10:24,855 [INFO] ThirdParty:1030 - CMSIS Pack Vendor :STMicroelectronics X-CUBE-ALGOBUILD 1.2.0
2023-10-01 11:10:24,855 [INFO] ThirdParty:1030 - CMSIS Pack Vendor :STMicroelectronics X-CUBE-AZRTOS-G0 1.0.0
2023-10-01 11:10:24,855 [INFO] ThirdParty:1030 - CMSIS Pack Vendor :STMicroelectronics X-CUBE-AZRTOS-L4 2.0.0
2023-10-01 11:10:24,855 [INFO] ThirdParty:1030 - CMSIS Pack Vendor :STMicroelectronics ThreadX 0.0.2
2023-10-01 11:10:24,855 [INFO] ThirdParty:1030 - CMSIS Pack Vendor :WES I-CUBE-Cesium 1.3.0
2023-10-01 11:10:24,855 [INFO] ThirdParty:1030 - CMSIS Pack Vendor :STMicroelectronics lwIP 2.1.2
2023-10-01 11:10:24,855 [INFO] ThirdParty:1030 - CMSIS Pack Vendor :STMicroelectronics X-CUBE-SFXS2LP1 4.0.0
2023-10-01 11:10:24,855 [INFO] ThirdParty:1030 - CMSIS Pack Vendor :STMicroelectronics X-CUBE-BLE2 3.3.0
2023-10-01 11:10:24,855 [INFO] ThirdParty:1030 - CMSIS Pack Vendor :STMicroelectronics X-CUBE-DISPLAY 2.2.0
2023-10-01 11:10:24,855 [INFO] ThirdParty:1030 - CMSIS Pack Vendor :STMicroelectronics X-CUBE-TOF1 3.2.0
2023-10-01 11:10:24,855 [INFO] ThirdParty:1030 - CMSIS Pack Vendor :wolfSSL I-CUBE-wolfSSL 4.7.0
2023-10-01 11:10:24,855 [INFO] ThirdParty:1030 - CMSIS Pack Vendor :STMicroelectronics PDM2PCM 3.2.0
2023-10-01 11:10:24,856 [INFO] ThirdParty:1030 - CMSIS Pack Vendor :STMicroelectronics X-CUBE-AZRTOS-H7 3.0.0
2023-10-01 11:10:24,856 [INFO] ThirdParty:1030 - CMSIS Pack Vendor :STMicroelectronics X-CUBE-ISPU 1.1.0
2023-10-01 11:10:24,856 [INFO] ThirdParty:1030 - CMSIS Pack Vendor :RoweBots I-CUBE-UNISONRTOS 5.5.0-4
2023-10-01 11:10:24,856 [INFO] ThirdParty:1030 - CMSIS Pack Vendor :STMicroelectronics X-CUBE-SFXS2LP1 3.0.0
2023-10-01 11:10:24,856 [INFO] ThirdParty:1030 - CMSIS Pack Vendor :STMicroelectronics X-CUBE-AZRTOS-H7 2.1.0
2023-10-01 11:10:24,856 [INFO] ThirdParty:1030 - CMSIS Pack Vendor :STMicroelectronics USB_DEVICE 3.0.0
2023-10-01 11:10:24,856 [INFO] ThirdParty:1030 - CMSIS Pack Vendor :STMicroelectronics X-CUBE-AI 8.0.0
2023-10-01 11:10:24,856 [INFO] ThirdParty:1030 - CMSIS Pack Vendor :STMicroelectronics X-CUBE-AZRTOS-WB 2.0.0
2023-10-01 11:10:24,856 [INFO] ThirdParty:1030 - CMSIS Pack Vendor :STMicroelectronics X-CUBE-FREERTOS 1.0.0
2023-10-01 11:10:24,856 [INFO] ThirdParty:1030 - CMSIS Pack Vendor :STMicroelectronics X-CUBE-FREERTOS 1.0.1
2023-10-01 11:10:24,856 [INFO] ThirdParty:1030 - CMSIS Pack Vendor :STMicroelectronics X-CUBE-TOUCHGFX 4.21.1
2023-10-01 11:10:24,856 [INFO] ThirdParty:1030 - CMSIS Pack Vendor :STMicroelectronics X-CUBE-TOUCHGFX 4.21.0
2023-10-01 11:10:24,856 [INFO] ThirdParty:1030 - CMSIS Pack Vendor :STMicroelectronics X-CUBE-TOUCHGFX 4.21.4
2023-10-01 11:10:24,856 [INFO] ThirdParty:1030 - CMSIS Pack Vendor :STMicroelectronics X-CUBE-MEMS1 9.4.0
2023-10-01 11:10:24,856 [INFO] ThirdParty:1030 - CMSIS Pack Vendor :STMicroelectronics X-CUBE-AI 7.3.0
2023-10-01 11:10:24,856 [INFO] ThirdParty:1030 - CMSIS Pack Vendor :STMicroelectronics X-CUBE-ALGOBUILD 1.3.0
2023-10-01 11:10:24,856 [INFO] ThirdParty:1030 - CMSIS Pack Vendor :STMicroelectronics X-CUBE-AZRTOS-L5 1.1.0
2023-10-01 11:10:24,856 [INFO] ThirdParty:1030 - CMSIS Pack Vendor :STMicroelectronics X-CUBE-AZRTOS-G0 1.1.0
2023-10-01 11:10:24,856 [INFO] ThirdParty:1030 - CMSIS Pack Vendor :STMicroelectronics X-CUBE-AI 8.0.1
2023-10-01 11:10:24,856 [INFO] ThirdParty:1030 - CMSIS Pack Vendor :STMicroelectronics X-CUBE-NFC4 3.0.0
2023-10-01 11:10:24,857 [INFO] ThirdParty:1030 - CMSIS Pack Vendor :SEGGER I-CUBE-embOS 1.2.0
2023-10-01 11:10:24,857 [INFO] ThirdParty:1030 - CMSIS Pack Vendor :STMicroelectronics X-CUBE-SUBG2 5.0.0
2023-10-01 11:10:24,857 [INFO] ThirdParty:1030 - CMSIS Pack Vendor :STMicroelectronics STM32_WPAN 1.0.0
2023-10-01 11:10:24,857 [INFO] ThirdParty:1030 - CMSIS Pack Vendor :STMicroelectronics lwIP 2.0.3
2023-10-01 11:10:24,857 [INFO] ThirdParty:1030 - CMSIS Pack Vendor :STMicroelectronics USB_HOST 1.0.0
2023-10-01 11:10:24,857 [INFO] ThirdParty:1030 - CMSIS Pack Vendor :STMicroelectronics X-CUBE-TOF1 3.3.1
2023-10-01 11:10:24,857 [INFO] ThirdParty:1030 - CMSIS Pack Vendor :STMicroelectronics X-CUBE-AZRTOS-G4 2.0.0
2023-10-01 11:10:24,857 [INFO] ThirdParty:1030 - CMSIS Pack Vendor :STMicroelectronics PDM2PCM 3.1.0
2023-10-01 11:10:24,857 [INFO] ThirdParty:1030 - CMSIS Pack Vendor :STMicroelectronics X-CUBE-TOF1 3.3.0
2023-10-01 11:10:24,857 [INFO] ThirdParty:1030 - CMSIS Pack Vendor :STMicroelectronics FP-ATR-ASTRA1 1.1.1
2023-10-01 11:10:24,857 [INFO] ThirdParty:1030 - CMSIS Pack Vendor :STMicroelectronics X-CUBE-BLEMGR 1.3.0
2023-10-01 11:10:24,857 [INFO] ThirdParty:1030 - CMSIS Pack Vendor :STMicroelectronics FP-ATR-SIGFOX1 3.2.0
2023-10-01 11:10:24,857 [INFO] ThirdParty:1030 - CMSIS Pack Vendor :STMicroelectronics X-CUBE-AZRTOS-G4 1.0.0
2023-10-01 11:10:24,857 [INFO] ThirdParty:1030 - CMSIS Pack Vendor :wolfSSL I-CUBE-wolfSSL 5.3.0
2023-10-01 11:10:24,857 [INFO] ThirdParty:1030 - CMSIS Pack Vendor :STMicroelectronics X-CUBE-AZRTOS-L4 1.0.0
2023-10-01 11:10:24,857 [INFO] ThirdParty:1030 - CMSIS Pack Vendor :STMicroelectronics MBEDTLS 2.16.2
2023-10-01 11:10:24,857 [INFO] ThirdParty:1030 - CMSIS Pack Vendor :emotas I-CUBE-CANOPEN 1.1.2
2023-10-01 11:10:24,857 [INFO] ThirdParty:1030 - CMSIS Pack Vendor :STMicroelectronics X-CUBE-TOUCHGFX 4.20.0
2023-10-01 11:10:24,857 [INFO] ThirdParty:1030 - CMSIS Pack Vendor :STMicroelectronics X-CUBE-FREERTOS 1.1.0
2023-10-01 11:10:24,857 [INFO] ThirdParty:1030 - CMSIS Pack Vendor :STMicroelectronics X-CUBE-AZRTOS-F7 1.0.0
2023-10-01 11:10:24,857 [INFO] ThirdParty:1030 - CMSIS Pack Vendor :STMicroelectronics X-CUBE-AZRTOS-WL 1.0.0
2023-10-01 11:10:24,857 [INFO] ThirdParty:1030 - CMSIS Pack Vendor :STMicroelectronics X-CUBE-TOF1 1.0.0
2023-10-01 11:10:24,857 [INFO] ThirdParty:1030 - CMSIS Pack Vendor :portGmbH I-Cube-SoM-uGOAL 1.1.0
2023-10-01 11:10:24,857 [INFO] ThirdParty:1030 - CMSIS Pack Vendor :STMicroelectronics X-CUBE-ALS 1.0.1
2023-10-01 11:10:24,857 [INFO] ThirdParty:1030 - CMSIS Pack Vendor :STMicroelectronics X-CUBE-MEMS1 9.5.0
2023-10-01 11:10:24,858 [INFO] ThirdParty:1030 - CMSIS Pack Vendor :STMicroelectronics ThreadX 1.0.0
2023-10-01 11:10:24,858 [INFO] ThirdParty:1030 - CMSIS Pack Vendor :STMicroelectronics X-CUBE-AZRTOS-WB 1.1.0
2023-10-01 11:10:24,858 [INFO] ThirdParty:1030 - CMSIS Pack Vendor :SEGGER I-CUBE-embOS 1.3.1
2023-10-01 11:10:24,858 [INFO] ThirdParty:1030 - CMSIS Pack Vendor :STMicroelectronics X-CUBE-MEMS1 8.3.0
2023-10-01 11:10:24,858 [INFO] ThirdParty:1030 - CMSIS Pack Vendor :STMicroelectronics X-CUBE-AZRTOS-L5 1.0.0
2023-10-01 11:10:24,858 [INFO] ThirdParty:1030 - CMSIS Pack Vendor :STMicroelectronics X-CUBE-EEPRMA1 3.1.1
2023-10-01 11:10:24,858 [INFO] ThirdParty:1030 - CMSIS Pack Vendor :STMicroelectronics X-CUBE-GNSS1 5.2.0
2023-10-01 11:10:24,858 [INFO] ThirdParty:1030 - CMSIS Pack Vendor :STMicroelectronics FP-ATR-ASTRA1 2.0.0
2023-10-01 11:10:24,858 [INFO] ThirdParty:1030 - CMSIS Pack Vendor :STMicroelectronics X-CUBE-TOUCHGFX 4.16.1
2023-10-01 11:10:24,858 [INFO] ThirdParty:1030 - CMSIS Pack Vendor :STMicroelectronics X-CUBE-TOF1 3.0.0
2023-10-01 11:10:24,858 [INFO] ThirdParty:841 - exiting critical section [change project]
2023-10-01 11:10:25,185 [INFO] PinOutPanel:1499 - setPackage(No Configuration,No Configuration)
2023-10-01 11:10:25,187 [INFO] PinOutPanel:1499 - setPackage(STM32F411RETx,LQFP64)
2023-10-01 11:10:25,660 [INFO] UtilMem:75 - Before build in PCC Used Memory: 543001088 Bytes (1073741824)
2023-10-01 11:10:26,493 [INFO] UtilMem:75 - After build in PCC Used Memory: 700289536 Bytes (1073741824)
2023-10-01 11:10:26,526 [INFO] IPUIPlugin:80 - create IPUIPlugin
2023-10-01 11:10:26,527 [INFO] IPUIPlugin:80 - create IPUIPlugin
2023-10-01 11:10:26,527 [INFO] IPUIPlugin:80 - create IPUIPlugin
2023-10-01 11:10:26,527 [INFO] IPUIPlugin:80 - create IPUIPlugin
2023-10-01 11:10:26,527 [INFO] IPUIPlugin:80 - create IPUIPlugin
2023-10-01 11:10:26,527 [INFO] IPUIPlugin:80 - create IPUIPlugin
2023-10-01 11:10:26,528 [INFO] IPUIPlugin:80 - create IPUIPlugin
2023-10-01 11:10:26,528 [INFO] IPUIPlugin:80 - create IPUIPlugin
2023-10-01 11:10:26,528 [INFO] IPUIPlugin:80 - create IPUIPlugin
2023-10-01 11:10:26,528 [INFO] IPUIPlugin:80 - create IPUIPlugin
2023-10-01 11:10:26,528 [INFO] IPUIPlugin:80 - create IPUIPlugin
2023-10-01 11:10:26,528 [INFO] IPUIPlugin:80 - create IPUIPlugin
2023-10-01 11:10:26,529 [INFO] IPUIPlugin:80 - create IPUIPlugin
2023-10-01 11:10:26,529 [INFO] IPUIPlugin:80 - create IPUIPlugin
2023-10-01 11:10:26,529 [INFO] IPUIPlugin:80 - create IPUIPlugin
2023-10-01 11:10:26,529 [INFO] IPUIPlugin:80 - create IPUIPlugin
2023-10-01 11:10:26,530 [INFO] IPUIPlugin:80 - create IPUIPlugin
2023-10-01 11:10:26,530 [INFO] IPUIPlugin:80 - create IPUIPlugin
2023-10-01 11:10:26,530 [INFO] IPUIPlugin:80 - create IPUIPlugin
2023-10-01 11:10:26,530 [INFO] IPUIPlugin:80 - create IPUIPlugin
2023-10-01 11:10:26,530 [INFO] IPUIPlugin:80 - create IPUIPlugin
2023-10-01 11:10:26,530 [INFO] IPUIPlugin:80 - create IPUIPlugin
2023-10-01 11:10:26,531 [INFO] IPUIPlugin:80 - create IPUIPlugin
2023-10-01 11:10:26,531 [INFO] IPUIPlugin:80 - create IPUIPlugin
2023-10-01 11:10:26,531 [INFO] IPUIPlugin:80 - create IPUIPlugin
2023-10-01 11:10:26,531 [INFO] IPUIPlugin:80 - create IPUIPlugin
2023-10-01 11:10:26,531 [INFO] IPUIPlugin:80 - create IPUIPlugin
2023-10-01 11:10:26,532 [INFO] IPUIPlugin:80 - create IPUIPlugin
2023-10-01 11:10:26,532 [INFO] IPUIPlugin:80 - create IPUIPlugin
2023-10-01 11:10:26,532 [INFO] IPUIPlugin:80 - create IPUIPlugin
2023-10-01 11:10:26,532 [INFO] IPUIPlugin:80 - create IPUIPlugin
2023-10-01 11:10:26,533 [INFO] IPUIPlugin:80 - create IPUIPlugin
2023-10-01 11:10:26,533 [INFO] IPUIPlugin:80 - create IPUIPlugin
2023-10-01 11:10:26,533 [INFO] IPUIPlugin:80 - create IPUIPlugin
2023-10-01 11:10:26,533 [INFO] IPUIPlugin:80 - create IPUIPlugin
2023-10-01 11:10:26,533 [INFO] IPUIPlugin:80 - create IPUIPlugin
2023-10-01 11:10:26,534 [INFO] IPUIPlugin:80 - create IPUIPlugin
2023-10-01 11:10:26,534 [INFO] IPUIPlugin:80 - create IPUIPlugin
2023-10-01 11:10:26,534 [INFO] IPUIPlugin:80 - create IPUIPlugin
2023-10-01 11:10:26,535 [INFO] IPUIPlugin:80 - create IPUIPlugin
2023-10-01 11:10:26,535 [INFO] IPUIPlugin:80 - create IPUIPlugin
2023-10-01 11:10:26,536 [INFO] IPUIPlugin:80 - create IPUIPlugin
2023-10-01 11:10:26,536 [INFO] IPUIPlugin:80 - create IPUIPlugin
2023-10-01 11:10:26,595 [INFO] ApiDbMcu:507 - Load IP Config File for PDM2PCM
2023-10-01 11:10:26,903 [INFO] CADModel:165 - CPN selected for project levelSTM32F411RET6
2023-10-01 11:10:26,904 [INFO] CADModel:114 - Register for checkConnection events
2023-10-01 11:10:26,956 [INFO] OpenFileManager:328 - Restore cursor
2023-10-01 11:10:32,124 [INFO] UtilMem:75 - End SaveConfig() Used Memory: 901269592 Bytes (1073741824)
2023-10-01 11:10:35,115 [INFO] UtilMem:75 - End SaveConfig() Used Memory: 644899968 Bytes (1073741824)
2023-10-01 11:10:35,735 [INFO] BlockDiagram:2759 - set Specific Code input for plugin: NVIC
2023-10-01 11:10:35,735 [INFO] BlockDiagram:2759 - set Specific Code input for plugin: USART
2023-10-01 11:10:35,735 [INFO] BlockDiagram:2759 - set Specific Code input for plugin: TIM1_8
2023-10-01 11:10:35,736 [INFO] BlockDiagram:2759 - set Specific Code input for plugin: SYS
2023-10-01 11:10:35,736 [INFO] BlockDiagram:2759 - set Specific Code input for plugin: GPIO
2023-10-01 11:10:35,736 [INFO] BlockDiagram:2759 - set Specific Code input for plugin: RCC
2023-10-01 11:10:35,738 [INFO] CodeGenerator:799 - code generatio: config db path: C:\ST\STM32CubeIDE_1.13.2\STM32CubeIDE\plugins\com.st.stm32cube.common.mx_6.9.2.202309101412\\db\
2023-10-01 11:10:35,958 [INFO] CodeEngine:255 - oldGeneratedFile, C:\Users\57310\STM32CubeIDE\workspace_1.10.1_411\Laboratorio_1.7_Frecuency_Counter_1_5\MXTmpFiles\license.tmp_save
2023-10-01 11:10:36,275 [INFO] CodeEngine:279 - Generated code: C:\Users\57310\STM32CubeIDE\workspace_1.10.1_411\Laboratorio_1.7_Frecuency_Counter_1_5\MXTmpFiles\license.tmp
2023-10-01 11:10:36,342 [INFO] CodeEngine:255 - oldGeneratedFile, C:\Users\57310\STM32CubeIDE\workspace_1.10.1_411\Laboratorio_1.7_Frecuency_Counter_1_5\MXTmpFiles\gpio.tmp_save
2023-10-01 11:10:36,443 [INFO] CodeEngine:279 - Generated code: C:\Users\57310\STM32CubeIDE\workspace_1.10.1_411\Laboratorio_1.7_Frecuency_Counter_1_5\MXTmpFiles\gpio.tmp
2023-10-01 11:10:36,645 [INFO] CodeEngine:255 - oldGeneratedFile, C:\Users\57310\STM32CubeIDE\workspace_1.10.1_411\Laboratorio_1.7_Frecuency_Counter_1_5\Core\Src\stm32f4xx_it.c_save
2023-10-01 11:10:36,772 [INFO] CodeEngine:279 - Generated code: C:\Users\57310\STM32CubeIDE\workspace_1.10.1_411\Laboratorio_1.7_Frecuency_Counter_1_5\Core\Src\stm32f4xx_it.c
2023-10-01 11:10:36,781 [INFO] CodeEngine:255 - oldGeneratedFile, C:\Users\57310\STM32CubeIDE\workspace_1.10.1_411\Laboratorio_1.7_Frecuency_Counter_1_5\Core\Inc\stm32f4xx_it.h_save
2023-10-01 11:10:36,860 [INFO] CodeEngine:279 - Generated code: C:\Users\57310\STM32CubeIDE\workspace_1.10.1_411\Laboratorio_1.7_Frecuency_Counter_1_5\Core\Inc\stm32f4xx_it.h
2023-10-01 11:10:36,880 [INFO] CodeEngine:255 - oldGeneratedFile, C:\Users\57310\STM32CubeIDE\workspace_1.10.1_411\Laboratorio_1.7_Frecuency_Counter_1_5\Core\Src\stm32f4xx_hal_msp.c_save
2023-10-01 11:10:37,010 [INFO] CodeEngine:279 - Generated code: C:\Users\57310\STM32CubeIDE\workspace_1.10.1_411\Laboratorio_1.7_Frecuency_Counter_1_5\Core\Src\stm32f4xx_hal_msp.c
2023-10-01 11:10:37,045 [INFO] CodeEngine:255 - oldGeneratedFile, C:\Users\57310\STM32CubeIDE\workspace_1.10.1_411\Laboratorio_1.7_Frecuency_Counter_1_5\MXTmpFiles\system.tmp_save
2023-10-01 11:10:37,107 [INFO] CodeEngine:279 - Generated code: C:\Users\57310\STM32CubeIDE\workspace_1.10.1_411\Laboratorio_1.7_Frecuency_Counter_1_5\MXTmpFiles\system.tmp
2023-10-01 11:10:37,124 [INFO] CodeEngine:311 - oldGeneratedFile, C:\Users\57310\STM32CubeIDE\workspace_1.10.1_411\Laboratorio_1.7_Frecuency_Counter_1_5\Core\Inc\stm32f4xx_hal_conf.h_save
2023-10-01 11:10:37,202 [INFO] CodeEngine:335 - Generated code: C:\Users\57310\STM32CubeIDE\workspace_1.10.1_411\Laboratorio_1.7_Frecuency_Counter_1_5\Core\Inc\stm32f4xx_hal_conf.h
2023-10-01 11:10:37,245 [WARN] IPConfigManager:3431 - IP not found : TIM
2023-10-01 11:10:37,247 [WARN] CodeGenerator:3764 - IP not found : null
2023-10-01 11:10:37,258 [INFO] CodeEngine:255 - oldGeneratedFile, C:\Users\57310\STM32CubeIDE\workspace_1.10.1_411\Laboratorio_1.7_Frecuency_Counter_1_5\Core\Inc\main.h_save
2023-10-01 11:10:37,348 [INFO] CodeEngine:279 - Generated code: C:\Users\57310\STM32CubeIDE\workspace_1.10.1_411\Laboratorio_1.7_Frecuency_Counter_1_5\Core\Inc\main.h
2023-10-01 11:10:37,358 [INFO] CodeEngine:255 - oldGeneratedFile, C:\Users\57310\STM32CubeIDE\workspace_1.10.1_411\Laboratorio_1.7_Frecuency_Counter_1_5\Core\Src\main.c_save
2023-10-01 11:10:37,502 [INFO] CodeEngine:279 - Generated code: C:\Users\57310\STM32CubeIDE\workspace_1.10.1_411\Laboratorio_1.7_Frecuency_Counter_1_5\Core\Src\main.c
2023-10-01 11:10:38,467 [INFO] ProjectBuilder:3064 - Time for Copy HAL[1] : 504mS.
2023-10-01 11:10:38,474 [INFO] ProjectBuilder:4404 - Project Generator version: 4.1.0
2023-10-01 11:10:38,694 [INFO] ConfigFileManager:1457 - The Die is : DIE431
2023-10-01 11:10:38,708 [INFO] ApiDbMcu:507 - Load IP Config File for FATFS
2023-10-01 11:10:38,731 [INFO] ApiDbMcu:507 - Load IP Config File for FREERTOS
2023-10-01 11:10:38,736 [INFO] ApiDbMcu:507 - Load IP Config File for LIBJPEG
2023-10-01 11:10:38,771 [INFO] ApiDbMcu:507 - Load IP Config File for MBEDTLS
2023-10-01 11:10:38,808 [INFO] ApiDbMcu:507 - Load IP Config File for USB_DEVICE
2023-10-01 11:10:38,818 [INFO] ApiDbMcu:507 - Load IP Config File for USB_HOST
2023-10-01 11:10:39,757 [INFO] LogOutputStream:77 - [STDOUT_REDIRECT] 
2023-10-01 11:10:41,151 [INFO] ProjectBuilder:4626 - Time for Generating toolchain IDE Files: 2676mS.
2023-10-01 11:10:41,153 [INFO] ProjectBuilder:2935 - Time for Copy CMSIS : 1mS.
2023-10-01 11:10:41,160 [INFO] ProjectBuilder:2935 - Time for Copy CMSIS : 0mS.
2023-10-01 11:10:51,056 [INFO] UtilMem:75 - End SaveConfig() Used Memory: 676241416 Bytes (1073741824)
2023-10-01 11:10:51,379 [INFO] BlockDiagram:2759 - set Specific Code input for plugin: NVIC
2023-10-01 11:10:51,379 [INFO] BlockDiagram:2759 - set Specific Code input for plugin: USART
2023-10-01 11:10:51,379 [INFO] BlockDiagram:2759 - set Specific Code input for plugin: TIM1_8
2023-10-01 11:10:51,379 [INFO] BlockDiagram:2759 - set Specific Code input for plugin: SYS
2023-10-01 11:10:51,380 [INFO] BlockDiagram:2759 - set Specific Code input for plugin: GPIO
2023-10-01 11:10:51,380 [INFO] BlockDiagram:2759 - set Specific Code input for plugin: RCC
2023-10-01 11:10:51,381 [INFO] CodeGenerator:799 - code generatio: config db path: C:\ST\STM32CubeIDE_1.13.2\STM32CubeIDE\plugins\com.st.stm32cube.common.mx_6.9.2.202309101412\\db\
2023-10-01 11:10:51,557 [INFO] CodeEngine:255 - oldGeneratedFile, C:\Users\57310\STM32CubeIDE\workspace_1.10.1_411\Laboratorio_1.7_Frecuency_Counter_1_5\MXTmpFiles\license.tmp_save
2023-10-01 11:10:51,623 [INFO] CodeEngine:279 - Generated code: C:\Users\57310\STM32CubeIDE\workspace_1.10.1_411\Laboratorio_1.7_Frecuency_Counter_1_5\MXTmpFiles\license.tmp
2023-10-01 11:10:51,653 [INFO] CodeEngine:255 - oldGeneratedFile, C:\Users\57310\STM32CubeIDE\workspace_1.10.1_411\Laboratorio_1.7_Frecuency_Counter_1_5\MXTmpFiles\gpio.tmp_save
2023-10-01 11:10:51,743 [INFO] CodeEngine:279 - Generated code: C:\Users\57310\STM32CubeIDE\workspace_1.10.1_411\Laboratorio_1.7_Frecuency_Counter_1_5\MXTmpFiles\gpio.tmp
2023-10-01 11:10:51,922 [INFO] CodeEngine:255 - oldGeneratedFile, C:\Users\57310\STM32CubeIDE\workspace_1.10.1_411\Laboratorio_1.7_Frecuency_Counter_1_5\Core\Src\stm32f4xx_it.c_save
2023-10-01 11:10:52,006 [INFO] CodeEngine:279 - Generated code: C:\Users\57310\STM32CubeIDE\workspace_1.10.1_411\Laboratorio_1.7_Frecuency_Counter_1_5\Core\Src\stm32f4xx_it.c
2023-10-01 11:10:52,015 [INFO] CodeEngine:255 - oldGeneratedFile, C:\Users\57310\STM32CubeIDE\workspace_1.10.1_411\Laboratorio_1.7_Frecuency_Counter_1_5\Core\Inc\stm32f4xx_it.h_save
2023-10-01 11:10:52,073 [INFO] CodeEngine:279 - Generated code: C:\Users\57310\STM32CubeIDE\workspace_1.10.1_411\Laboratorio_1.7_Frecuency_Counter_1_5\Core\Inc\stm32f4xx_it.h
2023-10-01 11:10:52,089 [INFO] CodeEngine:255 - oldGeneratedFile, C:\Users\57310\STM32CubeIDE\workspace_1.10.1_411\Laboratorio_1.7_Frecuency_Counter_1_5\Core\Src\stm32f4xx_hal_msp.c_save
2023-10-01 11:10:52,172 [INFO] CodeEngine:279 - Generated code: C:\Users\57310\STM32CubeIDE\workspace_1.10.1_411\Laboratorio_1.7_Frecuency_Counter_1_5\Core\Src\stm32f4xx_hal_msp.c
2023-10-01 11:10:52,181 [INFO] CodeEngine:255 - oldGeneratedFile, C:\Users\57310\STM32CubeIDE\workspace_1.10.1_411\Laboratorio_1.7_Frecuency_Counter_1_5\MXTmpFiles\system.tmp_save
2023-10-01 11:10:52,234 [INFO] CodeEngine:279 - Generated code: C:\Users\57310\STM32CubeIDE\workspace_1.10.1_411\Laboratorio_1.7_Frecuency_Counter_1_5\MXTmpFiles\system.tmp
2023-10-01 11:10:52,252 [INFO] CodeEngine:311 - oldGeneratedFile, C:\Users\57310\STM32CubeIDE\workspace_1.10.1_411\Laboratorio_1.7_Frecuency_Counter_1_5\Core\Inc\stm32f4xx_hal_conf.h_save
2023-10-01 11:10:52,315 [INFO] CodeEngine:335 - Generated code: C:\Users\57310\STM32CubeIDE\workspace_1.10.1_411\Laboratorio_1.7_Frecuency_Counter_1_5\Core\Inc\stm32f4xx_hal_conf.h
2023-10-01 11:10:52,347 [WARN] IPConfigManager:3431 - IP not found : TIM
2023-10-01 11:10:52,349 [WARN] CodeGenerator:3764 - IP not found : null
2023-10-01 11:10:52,360 [INFO] CodeEngine:255 - oldGeneratedFile, C:\Users\57310\STM32CubeIDE\workspace_1.10.1_411\Laboratorio_1.7_Frecuency_Counter_1_5\Core\Inc\main.h_save
2023-10-01 11:10:52,455 [INFO] CodeEngine:279 - Generated code: C:\Users\57310\STM32CubeIDE\workspace_1.10.1_411\Laboratorio_1.7_Frecuency_Counter_1_5\Core\Inc\main.h
2023-10-01 11:10:52,463 [INFO] CodeEngine:255 - oldGeneratedFile, C:\Users\57310\STM32CubeIDE\workspace_1.10.1_411\Laboratorio_1.7_Frecuency_Counter_1_5\Core\Src\main.c_save
2023-10-01 11:10:52,558 [INFO] CodeEngine:279 - Generated code: C:\Users\57310\STM32CubeIDE\workspace_1.10.1_411\Laboratorio_1.7_Frecuency_Counter_1_5\Core\Src\main.c
2023-10-01 11:10:53,185 [INFO] ProjectBuilder:3064 - Time for Copy HAL[1] : 254mS.
2023-10-01 11:10:53,191 [INFO] ProjectBuilder:4404 - Project Generator version: 4.1.0
2023-10-01 11:10:53,480 [INFO] ConfigFileManager:1457 - The Die is : DIE431
2023-10-01 11:10:55,116 [INFO] ProjectBuilder:4626 - Time for Generating toolchain IDE Files: 1924mS.
2023-10-01 11:10:55,117 [INFO] ProjectBuilder:2935 - Time for Copy CMSIS : 1mS.
2023-10-01 11:10:55,124 [INFO] ProjectBuilder:2935 - Time for Copy CMSIS : 0mS.
