2023-10-08 20:08:02,635 [INFO] Activator:176 - 


2023-10-08 20:08:02,640 [INFO] Activator:177 - !SESSION log4j initialized
2023-10-08 20:08:07,949 [INFO] LogOutputStream:77 - [STDOUT_REDIRECT] 
2023-10-08 20:08:17,438 [INFO] ApplicationProperties:184 - Using Application install path: C:\ST\STM32CubeIDE_1.13.2\STM32CubeIDE\plugins\com.st.stm32cube.common.mx_6.9.2.202309101412
2023-10-08 20:08:17,454 [INFO] DbMcusXml:78 - Set database path to: C:\ST\STM32CubeIDE_1.13.2\STM32CubeIDE\plugins\com.st.stm32cube.common.mx_6.9.2.202309101412\\db\/mcu/
2023-10-08 20:08:17,455 [INFO] ApiDb:274 - Set plugin database path to: C:\ST\STM32CubeIDE_1.13.2\STM32CubeIDE\plugins\com.st.stm32cube.common.mx_6.9.2.202309101412\\db\/plugins/boardmanager/
2023-10-08 20:08:17,455 [WARN] ApiDb:259 - Overriding images path with different value:  => C:\ST\STM32CubeIDE_1.13.2\STM32CubeIDE\plugins\com.st.stm32cube.common.mx_6.9.2.202309101412\\db\/plugins/mcufinder/images/
2023-10-08 20:08:17,465 [INFO] ApiDb:250 - Set database path to: C:\Users\57310\.stmcufinder\plugins\mcufinder//mcu/
2023-10-08 20:08:17,466 [INFO] DbMcusAds:125 - Set database path to: C:\Users\57310\.stmcufinder\plugins\mcufinder//mcu/
2023-10-08 20:08:17,468 [INFO] CrossReferenceDbSqlite:203 - Set database path to: C:\Users\57310\.stmcufinder\plugins\mcufinder//mcu/cs/
2023-10-08 20:08:17,564 [INFO] RulesReader:64 - Compatibility file has been processed (293 Rules)
2023-10-08 20:08:17,896 [INFO] DbMcusXml:78 - Set database path to: C:\ST\STM32CubeIDE_1.13.2\STM32CubeIDE\plugins\com.st.stm32cube.common.mx_6.9.2.202309101412\\db\/mcu/
2023-10-08 20:08:17,897 [INFO] ApiDb:274 - Set plugin database path to: C:\ST\STM32CubeIDE_1.13.2\STM32CubeIDE\plugins\com.st.stm32cube.common.mx_6.9.2.202309101412\\db\/plugins/boardmanager/
2023-10-08 20:08:17,897 [INFO] ApiDb:261 - Set plugin images path to: C:\ST\STM32CubeIDE_1.13.2\STM32CubeIDE\plugins\com.st.stm32cube.common.mx_6.9.2.202309101412\\db\/plugins/mcufinder/images/
2023-10-08 20:08:17,898 [WARN] DbFile:41 - Overriding database path with different value: C:\Users\57310\.stmcufinder\plugins\mcufinder/ => C:\Users\57310\.stmcufinder\plugins\mcufinder
2023-10-08 20:08:17,898 [INFO] ApiDb:250 - Set database path to: C:\Users\57310\.stmcufinder\plugins\mcufinder//mcu/
2023-10-08 20:08:17,899 [WARN] DbFile:41 - Overriding database path with different value: C:\Users\57310\.stmcufinder\plugins\mcufinder/ => C:\Users\57310\.stmcufinder\plugins\mcufinder
2023-10-08 20:08:17,899 [INFO] DbMcusAds:125 - Set database path to: C:\Users\57310\.stmcufinder\plugins\mcufinder//mcu/
2023-10-08 20:08:17,900 [WARN] DbFile:41 - Overriding database path with different value: C:\Users\57310\.stmcufinder\plugins\mcufinder/ => C:\Users\57310\.stmcufinder\plugins\mcufinder
2023-10-08 20:08:17,900 [WARN] DbFile:41 - Overriding database path with different value: C:\Users\57310\.stmcufinder\plugins\mcufinder/ => C:\Users\57310\.stmcufinder\plugins\mcufinder
2023-10-08 20:08:17,900 [INFO] CrossReferenceDbSqlite:203 - Set database path to: C:\Users\57310\.stmcufinder\plugins\mcufinder//mcu/cs/
2023-10-08 20:08:17,984 [INFO] MainPanel:262 - HeapMemory: 268435456
2023-10-08 20:08:18,042 [INFO] DbMcusXml:78 - Set database path to: C:\ST\STM32CubeIDE_1.13.2\STM32CubeIDE\plugins\com.st.stm32cube.common.mx_6.9.2.202309101412\\db\/mcu/
2023-10-08 20:08:18,042 [INFO] ApiDb:274 - Set plugin database path to: C:\ST\STM32CubeIDE_1.13.2\STM32CubeIDE\plugins\com.st.stm32cube.common.mx_6.9.2.202309101412\\db\/plugins/boardmanager/
2023-10-08 20:08:18,042 [INFO] ApiDb:261 - Set plugin images path to: C:\ST\STM32CubeIDE_1.13.2\STM32CubeIDE\plugins\com.st.stm32cube.common.mx_6.9.2.202309101412\\db\/plugins/mcufinder/images/
2023-10-08 20:08:18,043 [WARN] DbFile:41 - Overriding database path with different value: C:\Users\57310\.stmcufinder\plugins\mcufinder/ => C:\Users\57310\.stmcufinder\plugins\mcufinder
2023-10-08 20:08:18,043 [INFO] ApiDb:250 - Set database path to: C:\Users\57310\.stmcufinder\plugins\mcufinder//mcu/
2023-10-08 20:08:18,043 [WARN] DbFile:41 - Overriding database path with different value: C:\Users\57310\.stmcufinder\plugins\mcufinder/ => C:\Users\57310\.stmcufinder\plugins\mcufinder
2023-10-08 20:08:18,044 [INFO] DbMcusAds:125 - Set database path to: C:\Users\57310\.stmcufinder\plugins\mcufinder//mcu/
2023-10-08 20:08:18,044 [WARN] DbFile:41 - Overriding database path with different value: C:\Users\57310\.stmcufinder\plugins\mcufinder/ => C:\Users\57310\.stmcufinder\plugins\mcufinder
2023-10-08 20:08:18,044 [WARN] DbFile:41 - Overriding database path with different value: C:\Users\57310\.stmcufinder\plugins\mcufinder/ => C:\Users\57310\.stmcufinder\plugins\mcufinder
2023-10-08 20:08:18,044 [INFO] CrossReferenceDbSqlite:203 - Set database path to: C:\Users\57310\.stmcufinder\plugins\mcufinder//mcu/cs/
2023-10-08 20:08:18,058 [INFO] ApplicationProperties:184 - Using Application install path: C:\ST\STM32CubeIDE_1.13.2\STM32CubeIDE\plugins\com.st.stm32cube.common.mx_6.9.2.202309101412
2023-10-08 20:08:18,059 [INFO] PluginManage:196 - Search for loadable plugins [exclusion list=, ]
2023-10-08 20:08:18,060 [INFO] PluginManage:310 - Check plugin analytics
2023-10-08 20:08:22,775 [INFO] AnalyticsPlugin:253 - Accepted Software Licenses: 
2023-10-08 20:08:22,775 [INFO] AnalyticsPlugin:255 - Accepted CMSIS Pack Licenses: 
2023-10-08 20:08:22,775 [INFO] AnalyticsPlugin:257 - Accepted Firmware Licenses: 
2023-10-08 20:08:22,778 [INFO] PluginManage:359 - Loaded plugin analytics (category:tool,tabindex:-1)
2023-10-08 20:08:22,779 [INFO] PluginManage:310 - Check plugin cadmodel
2023-10-08 20:08:22,784 [INFO] CADModel:105 - Init CAD model plugin
2023-10-08 20:08:22,784 [INFO] PluginManage:359 - Loaded plugin cadmodel (category:power,tabindex:5)
2023-10-08 20:08:22,785 [INFO] PluginManage:310 - Check plugin clock
2023-10-08 20:08:22,795 [INFO] PluginManage:359 - Loaded plugin clock (category:base,tabindex:2)
2023-10-08 20:08:22,795 [INFO] PluginManage:310 - Check plugin ddr
2023-10-08 20:08:22,797 [INFO] PluginManage:359 - Loaded plugin ddr (category:tool,tabindex:6)
2023-10-08 20:08:22,797 [INFO] PluginManage:310 - Check plugin filemanager
2023-10-08 20:08:22,912 [INFO] PluginManage:359 - Loaded plugin filemanager (category:base,tabindex:10)
2023-10-08 20:08:22,912 [INFO] PluginManage:310 - Check plugin ipmanager
2023-10-08 20:08:22,918 [INFO] PluginManage:359 - Loaded plugin ipmanager (category:base,tabindex:5)
2023-10-08 20:08:22,918 [INFO] PluginManage:310 - Check plugin lpbam
2023-10-08 20:08:22,925 [INFO] PluginManage:359 - Loaded plugin lpbam (category:base,tabindex:0)
2023-10-08 20:08:22,925 [INFO] PluginManage:310 - Check plugin memorymap
2023-10-08 20:08:22,935 [INFO] PluginManage:359 - Loaded plugin memorymap (category:base,tabindex:4)
2023-10-08 20:08:22,935 [INFO] PluginManage:310 - Check plugin pinoutandconfiguration
2023-10-08 20:08:22,942 [INFO] PluginManage:359 - Loaded plugin pinoutandconfiguration (category:base,tabindex:1)
2023-10-08 20:08:22,942 [INFO] PluginManage:310 - Check plugin pinoutconfig
2023-10-08 20:08:23,016 [WARN] SupportedApi:132 - Cannot load RTOS API schema: s4s-elt-must-match.1: The content of 'definitions' must match (annotation?, (simpleType | complexType)?, (unique | key | keyref)*)). A problem was found starting at: attribute.
2023-10-08 20:08:23,125 [INFO] PluginManage:359 - Loaded plugin pinoutconfig (category:base,tabindex:0)
2023-10-08 20:08:23,125 [INFO] PluginManage:310 - Check plugin power
2023-10-08 20:08:23,135 [INFO] PluginManage:359 - Loaded plugin power (category:power,tabindex:4)
2023-10-08 20:08:23,135 [INFO] PluginManage:310 - Check plugin projectmanager
2023-10-08 20:08:23,151 [INFO] PluginManage:359 - Loaded plugin projectmanager (category:projectmanager,tabindex:3)
2023-10-08 20:08:23,151 [INFO] PluginManage:310 - Check plugin thirdparty
2023-10-08 20:08:23,269 [INFO] PluginManage:359 - Loaded plugin thirdparty (category:base,tabindex:-1)
2023-10-08 20:08:23,270 [INFO] PluginManage:310 - Check plugin tools
2023-10-08 20:08:23,269 [WARN] IntegrityCheckThread:84 - waiting for thirdparty lock release [integrity check]
2023-10-08 20:08:23,270 [INFO] IntegrityCheckThread:86 - entering critical section [integrity check]
2023-10-08 20:08:23,271 [INFO] ThirdPartyUpdaterWithRetryManager:70 - Updater plugin not ready yet. [1/15]
2023-10-08 20:08:23,273 [INFO] PluginManage:359 - Loaded plugin tools (category:base,tabindex:7)
2023-10-08 20:08:23,273 [INFO] PluginManage:310 - Check plugin tutovideos
2023-10-08 20:08:23,412 [INFO] PluginManage:359 - Loaded plugin tutovideos (category:base,tabindex:-1)
2023-10-08 20:08:23,412 [INFO] PluginManage:310 - Check plugin updater
2023-10-08 20:08:23,420 [INFO] PluginManage:359 - Loaded plugin updater (category:base,tabindex:12)
2023-10-08 20:08:23,420 [INFO] PluginManage:310 - Check plugin userauth
2023-10-08 20:08:23,424 [INFO] UserAuth:113 - Init User Auth plugin
2023-10-08 20:08:23,424 [INFO] PluginManage:359 - Loaded plugin userauth (category:base,tabindex:14)
2023-10-08 20:08:23,424 [INFO] PluginManage:283 - PluginManage : Loaded plugins [17]
2023-10-08 20:08:23,614 [INFO] PinOutPanel:1499 - setPackage(No Configuration,No Configuration)
2023-10-08 20:08:23,727 [INFO] CADModel:165 - CPN selected for project level
2023-10-08 20:08:23,727 [INFO] CADModel:114 - Register for checkConnection events
2023-10-08 20:08:23,743 [INFO] IPUIPlugin:80 - create IPUIPlugin
2023-10-08 20:08:23,743 [INFO] PluginManager:220 - loadIPPluginJar : add adc
2023-10-08 20:08:23,746 [INFO] IPUIPlugin:80 - create IPUIPlugin
2023-10-08 20:08:23,746 [INFO] PluginManager:220 - loadIPPluginJar : add aes
2023-10-08 20:08:23,749 [INFO] IPUIPlugin:80 - create IPUIPlugin
2023-10-08 20:08:23,749 [INFO] PluginManager:220 - loadIPPluginJar : add can
2023-10-08 20:08:23,751 [INFO] IPUIPlugin:80 - create IPUIPlugin
2023-10-08 20:08:23,752 [INFO] PluginManager:220 - loadIPPluginJar : add comp
2023-10-08 20:08:23,755 [INFO] IPUIPlugin:80 - create IPUIPlugin
2023-10-08 20:08:23,755 [INFO] PluginManager:220 - loadIPPluginJar : add cryp
2023-10-08 20:08:23,758 [INFO] IPUIPlugin:80 - create IPUIPlugin
2023-10-08 20:08:23,758 [INFO] PluginManager:220 - loadIPPluginJar : add dfsdm
2023-10-08 20:08:23,764 [INFO] IPUIPlugin:80 - create IPUIPlugin
2023-10-08 20:08:23,765 [INFO] PluginManager:220 - loadIPPluginJar : add dma
2023-10-08 20:08:23,768 [INFO] IPUIPlugin:80 - create IPUIPlugin
2023-10-08 20:08:23,768 [INFO] PluginManager:220 - loadIPPluginJar : add dma3
2023-10-08 20:08:23,771 [INFO] IPUIPlugin:80 - create IPUIPlugin
2023-10-08 20:08:23,771 [INFO] PluginManager:220 - loadIPPluginJar : add fatfs
2023-10-08 20:08:23,776 [INFO] IPUIPlugin:80 - create IPUIPlugin
2023-10-08 20:08:23,777 [INFO] PluginManager:220 - loadIPPluginJar : add fmc
2023-10-08 20:08:23,782 [INFO] IPUIPlugin:80 - create IPUIPlugin
2023-10-08 20:08:23,782 [INFO] PluginManager:220 - loadIPPluginJar : add freertos
2023-10-08 20:08:23,784 [INFO] IPUIPlugin:80 - create IPUIPlugin
2023-10-08 20:08:23,784 [INFO] PluginManager:220 - loadIPPluginJar : add genericplugin
2023-10-08 20:08:23,787 [INFO] IPUIPlugin:80 - create IPUIPlugin
2023-10-08 20:08:23,787 [INFO] PluginManager:220 - loadIPPluginJar : add gfxmmu
2023-10-08 20:08:23,792 [INFO] IPUIPlugin:80 - create IPUIPlugin
2023-10-08 20:08:23,793 [INFO] PluginManager:220 - loadIPPluginJar : add gic
2023-10-08 20:08:23,798 [INFO] IPUIPlugin:80 - create IPUIPlugin
2023-10-08 20:08:23,798 [INFO] PluginManager:220 - loadIPPluginJar : add gpio
2023-10-08 20:08:23,801 [INFO] IPUIPlugin:80 - create IPUIPlugin
2023-10-08 20:08:23,801 [INFO] PluginManager:220 - loadIPPluginJar : add gtzc
2023-10-08 20:08:23,804 [INFO] IPUIPlugin:80 - create IPUIPlugin
2023-10-08 20:08:23,804 [INFO] PluginManager:220 - loadIPPluginJar : add hash
2023-10-08 20:08:23,808 [INFO] IPUIPlugin:80 - create IPUIPlugin
2023-10-08 20:08:23,808 [INFO] PluginManager:220 - loadIPPluginJar : add i2c
2023-10-08 20:08:23,811 [INFO] IPUIPlugin:80 - create IPUIPlugin
2023-10-08 20:08:23,811 [INFO] PluginManager:220 - loadIPPluginJar : add i2s
2023-10-08 20:08:23,814 [INFO] IPUIPlugin:80 - create IPUIPlugin
2023-10-08 20:08:23,815 [INFO] PluginManager:220 - loadIPPluginJar : add i3c
2023-10-08 20:08:23,818 [INFO] IPUIPlugin:80 - create IPUIPlugin
2023-10-08 20:08:23,818 [INFO] PluginManager:220 - loadIPPluginJar : add ipddr
2023-10-08 20:08:23,824 [INFO] IPUIPlugin:80 - create IPUIPlugin
2023-10-08 20:08:23,824 [INFO] PluginManager:220 - loadIPPluginJar : add linkedlist
2023-10-08 20:08:23,827 [INFO] IPUIPlugin:80 - create IPUIPlugin
2023-10-08 20:08:23,828 [INFO] PluginManager:220 - loadIPPluginJar : add lorawan
2023-10-08 20:08:23,830 [INFO] IPUIPlugin:80 - create IPUIPlugin
2023-10-08 20:08:23,830 [INFO] PluginManager:220 - loadIPPluginJar : add ltdc
2023-10-08 20:08:23,836 [INFO] IPUIPlugin:80 - create IPUIPlugin
2023-10-08 20:08:23,837 [INFO] PluginManager:220 - loadIPPluginJar : add mdma
2023-10-08 20:08:23,841 [INFO] IPUIPlugin:80 - create IPUIPlugin
2023-10-08 20:08:23,841 [INFO] PluginManager:220 - loadIPPluginJar : add nvic
2023-10-08 20:08:23,845 [INFO] IPUIPlugin:80 - create IPUIPlugin
2023-10-08 20:08:23,845 [INFO] PluginManager:220 - loadIPPluginJar : add opamp
2023-10-08 20:08:23,849 [INFO] IPUIPlugin:80 - create IPUIPlugin
2023-10-08 20:08:23,849 [INFO] PluginManager:220 - loadIPPluginJar : add openamp
2023-10-08 20:08:23,852 [INFO] IPUIPlugin:80 - create IPUIPlugin
2023-10-08 20:08:23,853 [INFO] PluginManager:220 - loadIPPluginJar : add pdm2pcm
2023-10-08 20:08:23,860 [INFO] IPUIPlugin:80 - create IPUIPlugin
2023-10-08 20:08:23,863 [INFO] PluginManager:220 - loadIPPluginJar : add plateformsettings
2023-10-08 20:08:23,865 [INFO] IPUIPlugin:80 - create IPUIPlugin
2023-10-08 20:08:23,865 [INFO] PluginManager:220 - loadIPPluginJar : add quadspi
2023-10-08 20:08:23,869 [INFO] IPUIPlugin:80 - create IPUIPlugin
2023-10-08 20:08:23,869 [INFO] PluginManager:220 - loadIPPluginJar : add resmgrutility
2023-10-08 20:08:23,872 [INFO] IPUIPlugin:80 - create IPUIPlugin
2023-10-08 20:08:23,872 [INFO] PluginManager:220 - loadIPPluginJar : add sai
2023-10-08 20:08:23,875 [INFO] IPUIPlugin:80 - create IPUIPlugin
2023-10-08 20:08:23,875 [INFO] PluginManager:220 - loadIPPluginJar : add spi
2023-10-08 20:08:23,882 [INFO] IPUIPlugin:80 - create IPUIPlugin
2023-10-08 20:08:23,882 [INFO] PluginManager:220 - loadIPPluginJar : add stm32_wpan
2023-10-08 20:08:23,884 [INFO] IPUIPlugin:80 - create IPUIPlugin
2023-10-08 20:08:23,884 [INFO] PluginManager:220 - loadIPPluginJar : add tim
2023-10-08 20:08:23,888 [INFO] IPUIPlugin:80 - create IPUIPlugin
2023-10-08 20:08:23,888 [INFO] PluginManager:220 - loadIPPluginJar : add touchsensing
2023-10-08 20:08:23,890 [INFO] IPUIPlugin:80 - create IPUIPlugin
2023-10-08 20:08:23,890 [INFO] PluginManager:220 - loadIPPluginJar : add tracer_emb
2023-10-08 20:08:23,894 [INFO] IPUIPlugin:80 - create IPUIPlugin
2023-10-08 20:08:23,894 [INFO] PluginManager:220 - loadIPPluginJar : add ts
2023-10-08 20:08:23,898 [INFO] IPUIPlugin:80 - create IPUIPlugin
2023-10-08 20:08:23,898 [INFO] PluginManager:220 - loadIPPluginJar : add tsc
2023-10-08 20:08:23,901 [INFO] IPUIPlugin:80 - create IPUIPlugin
2023-10-08 20:08:23,902 [INFO] PluginManager:220 - loadIPPluginJar : add ucpd
2023-10-08 20:08:23,906 [INFO] IPUIPlugin:80 - create IPUIPlugin
2023-10-08 20:08:23,906 [INFO] PluginManager:220 - loadIPPluginJar : add usart
2023-10-08 20:08:23,912 [INFO] IPUIPlugin:80 - create IPUIPlugin
2023-10-08 20:08:23,912 [INFO] PluginManager:220 - loadIPPluginJar : add usbx
2023-10-08 20:08:24,045 [INFO] CADModel:165 - CPN selected for project level
2023-10-08 20:08:24,045 [INFO] CADModel:114 - Register for checkConnection events
2023-10-08 20:08:24,045 [FATAL] Updater:308 - Updater called before beeing initialized
2023-10-08 20:08:24,045 [ERROR] CADModel:125 - Updater not yet initialized, retry later 
2023-10-08 20:08:24,182 [INFO] CADModel:165 - CPN selected for project level
2023-10-08 20:08:24,183 [INFO] CADModel:114 - Register for checkConnection events
2023-10-08 20:08:24,183 [FATAL] Updater:308 - Updater called before beeing initialized
2023-10-08 20:08:24,183 [ERROR] CADModel:125 - Updater not yet initialized, retry later 
2023-10-08 20:08:24,186 [FATAL] Updater:308 - Updater called before beeing initialized
2023-10-08 20:08:24,285 [FATAL] Updater:308 - Updater called before beeing initialized
2023-10-08 20:08:24,290 [INFO] DbMcusAds:53 - JSON generation date=Tue Mar 07 03:50:55 COT 2023 (1678179055114)
2023-10-08 20:08:24,290 [FATAL] Updater:308 - Updater called before beeing initialized
2023-10-08 20:08:24,321 [WARN] DetailPanel:346 - Failed to get advertising image, set to default
2023-10-08 20:08:24,412 [FATAL] Updater:308 - Updater called before beeing initialized
2023-10-08 20:08:24,414 [FATAL] Updater:308 - Updater called before beeing initialized
2023-10-08 20:08:24,415 [FATAL] Updater:308 - Updater called before beeing initialized
2023-10-08 20:08:24,415 [WARN] DetailPanel:346 - Failed to get advertising image, set to default
2023-10-08 20:08:24,416 [FATAL] Updater:308 - Updater called before beeing initialized
2023-10-08 20:08:24,518 [ERROR] Updater:1120 - MainUpdater not yet initialized. External WinMGr cannot be set.
2023-10-08 20:08:24,520 [INFO] Updater:1056 - Updater Version found : 6.9.2
2023-10-08 20:08:24,538 [INFO] ApplicationProperties:184 - Using Application install path: C:\ST\STM32CubeIDE_1.13.2\STM32CubeIDE\plugins\com.st.stm32cube.common.mx_6.9.2.202309101412
2023-10-08 20:08:24,862 [INFO] MainUpdater:2868 - connection check result : 10
2023-10-08 20:08:24,863 [INFO] MainUpdater:285 - Updater Check For Update Now.
2023-10-08 20:08:24,863 [INFO] MicroXplorer:498 - Change Database Version : DB.6.0.92
2023-10-08 20:08:24,869 [INFO] McuFinderGlobals:63 - Set McuFinder mode to 2 (CubeIDE integrated)
2023-10-08 20:08:24,869 [INFO] UserAuth:179 - activating auth plugin
2023-10-08 20:08:24,871 [INFO] UserAuth:393 - Internet connection configuration mode: 1
2023-10-08 20:08:24,889 [INFO] JxBrowserEngine:151 - Initiate JxBrowser Engine with user profile folder
2023-10-08 20:08:25,033 [INFO] CheckServerUpdateThread:120 - End of CheckServer Thread
2023-10-08 20:08:26,152 [INFO] WebApp:157 - Instantiating new browser for Auth
2023-10-08 20:08:26,726 [INFO] WebApp:753 - Register for checkConnection events
2023-10-08 20:08:26,726 [INFO] WebApp:390 - Apply proxy settings
2023-10-08 20:08:26,727 [INFO] WebApp:475 - Chromium requires no authentication
2023-10-08 20:08:26,732 [INFO] WebApp:418 - Direct internet connection detected
2023-10-08 20:08:26,844 [INFO] WebApp:188 - Starting web application
2023-10-08 20:08:26,844 [INFO] WebApp:520 - Web application path used C:\ST\STM32CubeIDE_1.13.2\STM32CubeIDE\plugins\com.st.stm32cube.common.mx_6.9.2.202309101412\db\plugins\mcufinder\reactClient1\index.html
2023-10-08 20:08:39,789 [WARN] PackLoader:240 - Cannot read IP mode file for STMicroelectronics.X-CUBE-SMBUS.2.1.0
2023-10-08 20:08:39,907 [WARN] PackLoader:240 - Cannot read IP mode file for STMicroelectronics.X-CUBE-SUBG2.4.1.0
2023-10-08 20:08:40,044 [WARN] PackLoader:240 - Cannot read IP mode file for STMicroelectronics.X-CUBE-MEMS1.9.2.0
2023-10-08 20:08:40,586 [WARN] PackLoader:240 - Cannot read IP mode file for STMicroelectronics.X-CUBE-AZRTOS-F7.1.1.0
2023-10-08 20:08:40,705 [WARN] PackLoader:240 - Cannot read IP mode file for STMicroelectronics.X-CUBE-AI.7.1.0
2023-10-08 20:08:41,041 [WARN] PackLoader:240 - Cannot read IP mode file for STMicroelectronics.X-CUBE-TOUCHGFX.4.19.1
2023-10-08 20:08:41,218 [WARN] PackLoader:240 - Cannot read IP mode file for STMicroelectronics.FP-SNS-MOTENV1.4.3.2
2023-10-08 20:08:41,286 [ERROR] RealEvaluatedCondition:428 - Found unsupported composite condition: GROUP='STM32_MetaDataManager' CLASS='Data Exchange'
2023-10-08 20:08:41,286 [ERROR] RealEvaluatedCondition:428 - Found unsupported composite condition: GROUP='STM32_MetaDataManager' CLASS='Data Exchange'
2023-10-08 20:08:41,287 [WARN] PackLoader:240 - Cannot read IP mode file for STMicroelectronics.FP-SNS-MOTENV1.4.3.1
2023-10-08 20:08:41,394 [WARN] PackLoader:240 - Cannot read IP mode file for STMicroelectronics.FP-SNS-FLIGHT1.5.0.1
2023-10-08 20:08:41,502 [WARN] PackLoader:240 - Cannot read IP mode file for STMicroelectronics.X-CUBE-BLE1.6.2.3
2023-10-08 20:08:41,555 [WARN] PackLoader:240 - Cannot read IP mode file for STMicroelectronics.X-CUBE-EEPRMA1.3.0.0
2023-10-08 20:08:41,615 [WARN] PackLoader:240 - Cannot read IP mode file for STMicroelectronics.X-CUBE-BLE1.6.2.4
2023-10-08 20:08:41,696 [WARN] PackLoader:240 - Cannot read IP mode file for STMicroelectronics.X-CUBE-BLE1.6.2.0
2023-10-08 20:08:41,787 [WARN] PackLoader:240 - Cannot read IP mode file for STMicroelectronics.FP-SNS-FLIGHT1.5.0.2
2023-10-08 20:08:41,849 [WARN] PackLoader:240 - Cannot read IP mode file for STMicroelectronics.X-CUBE-BLE2.3.2.2
2023-10-08 20:08:41,912 [WARN] PackLoader:240 - Cannot read IP mode file for STMicroelectronics.X-CUBE-BLE2.3.2.0
2023-10-08 20:08:41,982 [WARN] PackLoader:240 - Cannot read IP mode file for STMicroelectronics.X-CUBE-DISPLAY.3.0.0
2023-10-08 20:08:42,059 [WARN] PackLoader:240 - Cannot read IP mode file for STMicroelectronics.X-CUBE-BLE1.7.0.0
2023-10-08 20:08:42,177 [WARN] PackLoader:240 - Cannot read IP mode file for emotas.I-CUBE-CANOPEN.1.3.0
2023-10-08 20:08:42,213 [WARN] PackLoader:240 - Cannot read IP mode file for STMicroelectronics.X-CUBE-TOUCHGFX.4.22.0
2023-10-08 20:08:42,342 [WARN] PackLoader:240 - Cannot read IP mode file for STMicroelectronics.X-CUBE-TOUCHGFX.4.22.1
2023-10-08 20:08:42,461 [WARN] PackLoader:240 - Cannot read IP mode file for STMicroelectronics.X-CUBE-AZRTOS-H7.1.0.0
2023-10-08 20:08:42,944 [WARN] PackLoader:240 - Cannot read IP mode file for STMicroelectronics.X-CUBE-MEMS1.9.3.0
2023-10-08 20:08:43,453 [WARN] PackLoader:240 - Cannot read IP mode file for STMicroelectronics.FP-SNS-SMARTAG2.1.2.0
2023-10-08 20:08:43,999 [INFO] LogOutputStream:77 - [STDOUT_REDIRECT] 1 : Invalid condition id : UX_CORESTACK_Condition cause : null
2023-10-08 20:08:43,999 [INFO] LogOutputStream:77 - [STDOUT_REDIRECT] 1 : Invalid condition id : UX_CORESTACK_Condition cause : null
2023-10-08 20:08:44,000 [INFO] LogOutputStream:77 - [STDOUT_REDIRECT] 1 : Invalid condition id : UX_CORESTACK_Condition cause : null
2023-10-08 20:08:44,001 [INFO] LogOutputStream:77 - [STDOUT_REDIRECT] 1 : Invalid condition id : UX_CORESTACK_Condition cause : null
2023-10-08 20:08:44,002 [INFO] LogOutputStream:77 - [STDOUT_REDIRECT] 1 : Invalid condition id : UX_CORESTACK_Condition cause : null
2023-10-08 20:08:44,004 [WARN] PackLoader:240 - Cannot read IP mode file for STMicroelectronics.X-CUBE-AZRTOS-WL.2.0.0
2023-10-08 20:08:44,103 [WARN] PackLoader:240 - Cannot read IP mode file for STMicroelectronics.X-CUBE-ALGOBUILD.1.2.0
2023-10-08 20:08:44,169 [WARN] PackLoader:240 - Cannot read IP mode file for WES.I-CUBE-Cesium.1.3.0
2023-10-08 20:08:44,252 [WARN] PackLoader:240 - Cannot read IP mode file for STMicroelectronics.X-CUBE-BLE2.3.3.0
2023-10-08 20:08:44,306 [WARN] PackLoader:240 - Cannot read IP mode file for STMicroelectronics.X-CUBE-DISPLAY.2.2.0
2023-10-08 20:08:44,359 [WARN] PackLoader:240 - Cannot read IP mode file for STMicroelectronics.X-CUBE-TOF1.3.2.0
2023-10-08 20:08:44,460 [WARN] PackLoader:240 - Cannot read IP mode file for STMicroelectronics.X-CUBE-AZRTOS-H7.2.1.0
2023-10-08 20:08:44,551 [WARN] PackLoader:240 - Cannot read IP mode file for STMicroelectronics.X-CUBE-TOUCHGFX.4.21.1
2023-10-08 20:08:44,685 [WARN] PackLoader:240 - Cannot read IP mode file for STMicroelectronics.X-CUBE-TOUCHGFX.4.21.0
2023-10-08 20:08:44,722 [WARN] PackLoader:240 - Cannot read IP mode file for STMicroelectronics.X-CUBE-TOUCHGFX.4.21.4
2023-10-08 20:08:44,810 [WARN] PackLoader:240 - Cannot read IP mode file for STMicroelectronics.X-CUBE-MEMS1.9.4.0
2023-10-08 20:08:44,940 [WARN] PackLoader:240 - Cannot read IP mode file for STMicroelectronics.X-CUBE-AI.7.3.0
2023-10-08 20:08:44,968 [WARN] PackLoader:240 - Cannot read IP mode file for STMicroelectronics.X-CUBE-ALGOBUILD.1.3.0
2023-10-08 20:08:45,113 [WARN] PackLoader:240 - Cannot read IP mode file for STMicroelectronics.X-CUBE-AZRTOS-G0.1.1.0
2023-10-08 20:08:45,228 [WARN] PackLoader:240 - Cannot read IP mode file for STMicroelectronics.X-CUBE-NFC4.3.0.0
2023-10-08 20:08:45,384 [WARN] PackLoader:240 - Cannot read IP mode file for SEGGER.I-CUBE-embOS.1.2.0
2023-10-08 20:08:45,586 [WARN] PackLoader:240 - Cannot read IP mode file for STMicroelectronics.X-CUBE-BLEMGR.1.3.0
2023-10-08 20:08:45,633 [WARN] PackLoader:240 - Cannot read IP mode file for STMicroelectronics.FP-ATR-SIGFOX1.3.2.0
2023-10-08 20:08:45,739 [WARN] PackLoader:240 - Cannot read IP mode file for emotas.I-CUBE-CANOPEN.1.1.2
2023-10-08 20:08:45,827 [WARN] PackLoader:240 - Cannot read IP mode file for STMicroelectronics.X-CUBE-TOUCHGFX.4.20.0
2023-10-08 20:08:46,040 [WARN] PackLoader:240 - Cannot read IP mode file for STMicroelectronics.X-CUBE-MEMS1.9.5.0
2023-10-08 20:08:46,180 [WARN] PackLoader:240 - Cannot read IP mode file for SEGGER.I-CUBE-embOS.1.3.1
2023-10-08 20:08:46,249 [WARN] PackLoader:240 - Cannot read IP mode file for STMicroelectronics.X-CUBE-TOUCHGFX.4.16.1
2023-10-08 20:08:46,323 [WARN] PackLoader:240 - Cannot read IP mode file for STMicroelectronics.X-CUBE-TOF1.3.0.0
2023-10-08 20:08:46,407 [WARN] PackLoader:240 - Cannot read IP mode file for STMicroelectronics.X-CUBE-GNSS1.6.0.0
2023-10-08 20:08:46,525 [WARN] PackLoader:240 - Cannot read IP mode file for STMicroelectronics.X-CUBE-AZRTOS-F4.1.1.0
2023-10-08 20:08:47,007 [WARN] PackLoader:240 - Cannot read IP mode file for wolfSSL.I-CUBE-wolfSSL.5.6.3
2023-10-08 20:08:47,023 [WARN] PackLoader:240 - Cannot read IP mode file for STMicroelectronics.X-CUBE-BLEMGR.1.2.0
2023-10-08 20:08:47,067 [WARN] PackLoader:240 - Cannot read IP mode file for STMicroelectronics.X-CUBE-AZRTOS-L5.2.0.0
2023-10-08 20:08:47,132 [WARN] PackLoader:240 - Cannot read IP mode file for STMicroelectronics.X-CUBE-MEMS1.9.6.0
2023-10-08 20:08:47,272 [WARN] PackLoader:240 - Cannot read IP mode file for ITTIA_DB.I-CUBE-ITTIADB.8.8.0
2023-10-08 20:08:47,305 [WARN] PackLoader:240 - Cannot read IP mode file for STMicroelectronics.X-CUBE-BLEMGR.2.0.0
2023-10-08 20:08:47,339 [WARN] PackLoader:240 - Cannot read IP mode file for STMicroelectronics.X-CUBE-NFC4.2.0.5
2023-10-08 20:08:47,362 [WARN] PackLoader:240 - Cannot read IP mode file for STMicroelectronics.X-CUBE-NFC4.2.0.4
2023-10-08 20:08:47,558 [WARN] PackLoader:240 - Cannot read IP mode file for STMicroelectronics.X-CUBE-NFC4.2.0.2
2023-10-08 20:08:47,629 [WARN] ConditionMgr:438 - getConditionDescription Invalid condition id : UX DEVICE CLASS RTOS Condition cause : null
2023-10-08 20:08:47,629 [WARN] ConditionMgr:438 - getConditionDescription Invalid condition id : UX DEVICE CLASS RTOS Condition cause : null
2023-10-08 20:08:47,631 [WARN] PackLoader:240 - Cannot read IP mode file for STMicroelectronics.X-CUBE-AZRTOS-H7.3.1.0
2023-10-08 20:08:47,632 [WARN] ConditionMgr:1039 - genDependencies : Invalid condition id : UX DEVICE CLASS RTOS Condition cause : null
2023-10-08 20:08:47,632 [WARN] ConditionMgr:1039 - genDependencies : Invalid condition id : UX DEVICE CLASS RTOS Condition cause : null
2023-10-08 20:08:47,633 [WARN] ConditionMgr:1039 - genDependencies : Invalid condition id : UX DEVICE CLASS RTOS Condition cause : null
2023-10-08 20:08:47,633 [WARN] ConditionMgr:1039 - genDependencies : Invalid condition id : UX DEVICE CLASS RTOS Condition cause : null
2023-10-08 20:08:47,633 [WARN] ConditionMgr:1039 - genDependencies : Invalid condition id : UX DEVICE CLASS RTOS Condition cause : null
2023-10-08 20:08:47,642 [ERROR] LogOutputStream:75 - [STDERR_REDIRECT] SLF4J: Failed to load class "org.slf4j.impl.StaticLoggerBinder".
2023-10-08 20:08:47,642 [ERROR] LogOutputStream:75 - [STDERR_REDIRECT] SLF4J: Defaulting to no-operation (NOP) logger implementation
2023-10-08 20:08:47,644 [ERROR] LogOutputStream:75 - [STDERR_REDIRECT] SLF4J: See http://www.slf4j.org/codes.html#StaticLoggerBinder for further details.
2023-10-08 20:08:47,675 [WARN] PackLoader:240 - Cannot read IP mode file for STMicroelectronics.X-CUBE-SFXS2LP1.3.1.0
2023-10-08 20:08:47,699 [WARN] PackLoader:240 - Cannot read IP mode file for STMicroelectronics.X-CUBE-AZRTOS-F4.1.0.0
2023-10-08 20:08:47,726 [WARN] PackLoader:240 - Cannot read IP mode file for STMicroelectronics.X-CUBE-NFC7.1.0.1
2023-10-08 20:08:47,775 [WARN] PackLoader:240 - Cannot read IP mode file for STMicroelectronics.X-CUBE-NFC7.1.0.0
2023-10-08 20:08:47,846 [WARN] PackLoader:240 - Cannot read IP mode file for STMicroelectronics.X-CUBE-NFC6.3.0.0
2023-10-08 20:08:47,883 [WARN] PackLoader:240 - Cannot read IP mode file for STMicroelectronics.X-CUBE-EEPRMA1.4.1.0
2023-10-08 20:08:47,899 [WARN] PackLoader:240 - Cannot read IP mode file for STMicroelectronics.X-CUBE-DISPLAY.1.0.0
2023-10-08 20:08:47,931 [WARN] PackLoader:240 - Cannot read IP mode file for STMicroelectronics.X-CUBE-AI.8.1.0
2023-10-08 20:08:47,940 [WARN] PackLoader:240 - Cannot read IP mode file for STMicroelectronics.X-CUBE-AI.6.0.0
2023-10-08 20:08:47,975 [WARN] PackLoader:240 - Cannot read IP mode file for STMicroelectronics.X-CUBE-AZRTOS-G0.1.0.0
2023-10-08 20:08:48,003 [WARN] ConditionMgr:438 - getConditionDescription Invalid condition id : LAN8742 Phy interface Condition cause : null
2023-10-08 20:08:48,003 [WARN] PackLoader:240 - Cannot read IP mode file for STMicroelectronics.X-CUBE-AZRTOS-L4.2.0.0
2023-10-08 20:08:48,004 [WARN] ConditionMgr:1039 - genDependencies : Invalid condition id : LAN8742 Phy interface Condition cause : null
2023-10-08 20:08:48,004 [WARN] ConditionMgr:1039 - genDependencies : Invalid condition id : LAN8742 Phy interface Condition cause : null
2023-10-08 20:08:48,005 [WARN] ConditionMgr:1039 - genDependencies : Invalid condition id : LAN8742 Phy interface Condition cause : null
2023-10-08 20:08:48,021 [WARN] PackLoader:240 - Cannot read IP mode file for STMicroelectronics.X-CUBE-SFXS2LP1.4.0.0
2023-10-08 20:08:48,040 [WARN] PackLoader:240 - Cannot read IP mode file for wolfSSL.I-CUBE-wolfSSL.4.7.0
2023-10-08 20:08:48,097 [WARN] PackLoader:240 - Cannot read IP mode file for STMicroelectronics.X-CUBE-AZRTOS-H7.3.0.0
2023-10-08 20:08:48,165 [WARN] PackLoader:240 - Cannot read IP mode file for STMicroelectronics.X-CUBE-ISPU.1.1.0
2023-10-08 20:08:48,232 [WARN] PackLoader:240 - Cannot read IP mode file for RoweBots.I-CUBE-UNISONRTOS.5.5.0-4
2023-10-08 20:08:48,305 [WARN] PackLoader:240 - Cannot read IP mode file for STMicroelectronics.X-CUBE-SFXS2LP1.3.0.0
2023-10-08 20:08:48,371 [WARN] PackLoader:240 - Cannot read IP mode file for STMicroelectronics.X-CUBE-AI.8.0.0
2023-10-08 20:08:48,450 [WARN] ConditionMgr:438 - getConditionDescription Invalid condition id : UX DEVICE CLASS RTOS Condition cause : null
2023-10-08 20:08:48,450 [WARN] ConditionMgr:438 - getConditionDescription Invalid condition id : UX DEVICE CLASS RTOS Condition cause : null
2023-10-08 20:08:48,453 [WARN] PackLoader:240 - Cannot read IP mode file for STMicroelectronics.X-CUBE-AZRTOS-WB.2.0.0
2023-10-08 20:08:48,453 [WARN] ConditionMgr:1039 - genDependencies : Invalid condition id : UX DEVICE CLASS RTOS Condition cause : null
2023-10-08 20:08:48,454 [WARN] ConditionMgr:1039 - genDependencies : Invalid condition id : UX DEVICE CLASS RTOS Condition cause : null
2023-10-08 20:08:48,454 [WARN] ConditionMgr:1039 - genDependencies : Invalid condition id : UX DEVICE CLASS RTOS Condition cause : null
2023-10-08 20:08:48,454 [WARN] ConditionMgr:1039 - genDependencies : Invalid condition id : UX DEVICE CLASS RTOS Condition cause : null
2023-10-08 20:08:48,455 [WARN] ConditionMgr:1039 - genDependencies : Invalid condition id : UX DEVICE CLASS RTOS Condition cause : null
2023-10-08 20:08:48,521 [WARN] PackLoader:240 - Cannot read IP mode file for STMicroelectronics.X-CUBE-FREERTOS.1.0.0
2023-10-08 20:08:48,573 [WARN] PackLoader:240 - Cannot read IP mode file for STMicroelectronics.X-CUBE-FREERTOS.1.0.1
2023-10-08 20:08:48,841 [WARN] PackLoader:240 - Cannot read IP mode file for STMicroelectronics.X-CUBE-AZRTOS-L5.1.1.0
2023-10-08 20:08:49,031 [WARN] PackLoader:240 - Cannot read IP mode file for STMicroelectronics.X-CUBE-AI.8.0.1
2023-10-08 20:08:49,074 [WARN] PackLoader:240 - Cannot read IP mode file for STMicroelectronics.X-CUBE-SUBG2.5.0.0
2023-10-08 20:08:49,140 [WARN] PackLoader:240 - Cannot read IP mode file for STMicroelectronics.X-CUBE-TOF1.3.3.1
2023-10-08 20:08:49,217 [WARN] PackLoader:240 - Cannot read IP mode file for STMicroelectronics.X-CUBE-AZRTOS-G4.2.0.0
2023-10-08 20:08:49,265 [WARN] PackLoader:240 - Cannot read IP mode file for STMicroelectronics.X-CUBE-TOF1.3.3.0
2023-10-08 20:08:49,343 [WARN] PackLoader:240 - Cannot read IP mode file for STMicroelectronics.FP-ATR-ASTRA1.1.1.1
2023-10-08 20:08:49,369 [WARN] PackLoader:240 - Cannot read IP mode file for STMicroelectronics.X-CUBE-AZRTOS-G4.1.0.0
2023-10-08 20:08:49,390 [WARN] PackLoader:240 - Cannot read IP mode file for wolfSSL.I-CUBE-wolfSSL.5.3.0
2023-10-08 20:08:49,426 [WARN] PackLoader:240 - Cannot read IP mode file for STMicroelectronics.X-CUBE-AZRTOS-L4.1.0.0
2023-10-08 20:08:49,489 [WARN] PackLoader:240 - Cannot read IP mode file for STMicroelectronics.X-CUBE-FREERTOS.1.1.0
2023-10-08 20:08:49,539 [WARN] PackLoader:240 - Cannot read IP mode file for STMicroelectronics.X-CUBE-AZRTOS-F7.1.0.0
2023-10-08 20:08:49,645 [WARN] PackLoader:240 - Cannot read IP mode file for STMicroelectronics.X-CUBE-AZRTOS-WL.1.0.0
2023-10-08 20:08:49,688 [WARN] PackLoader:240 - Cannot read IP mode file for STMicroelectronics.X-CUBE-TOF1.1.0.0
2023-10-08 20:08:49,716 [WARN] PackLoader:240 - Cannot read IP mode file for portGmbH.I-Cube-SoM-uGOAL.1.1.0
2023-10-08 20:08:49,800 [WARN] PackLoader:240 - Cannot read IP mode file for STMicroelectronics.X-CUBE-ALS.1.0.1
2023-10-08 20:08:49,837 [WARN] PackLoader:240 - Cannot read IP mode file for STMicroelectronics.X-CUBE-AZRTOS-WB.1.1.0
2023-10-08 20:08:50,079 [WARN] PackLoader:240 - Cannot read IP mode file for STMicroelectronics.X-CUBE-MEMS1.8.3.0
2023-10-08 20:08:50,213 [WARN] PackLoader:240 - Cannot read IP mode file for STMicroelectronics.X-CUBE-AZRTOS-L5.1.0.0
2023-10-08 20:08:50,252 [WARN] PackLoader:240 - Cannot read IP mode file for STMicroelectronics.X-CUBE-EEPRMA1.3.1.1
2023-10-08 20:08:50,285 [WARN] PackLoader:240 - Cannot read IP mode file for STMicroelectronics.X-CUBE-GNSS1.5.2.0
2023-10-08 20:08:50,345 [WARN] PackLoader:240 - Cannot read IP mode file for STMicroelectronics.FP-ATR-ASTRA1.2.0.0
2023-10-08 20:08:50,346 [INFO] ThirdParty:978 - Integrity check success = true
2023-10-08 20:08:50,346 [INFO] IntegrityCheckThread:100 - exiting critical section [integrity check]
2023-10-08 20:08:50,346 [INFO] IntegrityCheckThread:103 - End integrity checks thread
2023-10-08 20:08:53,499 [INFO] McuFinderGlobals:63 - Set McuFinder mode to 2 (CubeIDE integrated)
2023-10-08 20:08:53,539 [INFO] MainUpdater:2868 - connection check result : 10
2023-10-08 20:08:53,555 [INFO] MainUpdater:2868 - connection check result : 10
2023-10-08 20:08:53,966 [INFO] MicroXplorer:468 - Change Database Path : 
2023-10-08 20:08:53,966 [INFO] MicroXplorer:498 - Change Database Version : DB.6.0.92
2023-10-08 20:08:54,040 [WARN] ThirdParty:871 - waiting for thirdparty lock release [close project]
2023-10-08 20:08:54,041 [INFO] ThirdParty:873 - entering critical section [close project]
2023-10-08 20:08:54,041 [INFO] ThirdParty:883 - exiting critical section [close project]
2023-10-08 20:08:54,043 [INFO] PinOutPanel:1499 - setPackage(No Configuration,No Configuration)
2023-10-08 20:08:54,048 [INFO] UtilMem:75 - Begin LoadConfig() Used Memory: 277138440 Bytes (318767104)
2023-10-08 20:08:54,049 [INFO] MicroXplorer:468 - Change Database Path : 
2023-10-08 20:08:54,049 [INFO] MicroXplorer:498 - Change Database Version : DB.6.0.92
2023-10-08 20:08:54,049 [INFO] OpenFileManager:308 - Change cursor
2023-10-08 20:08:54,333 [INFO] Mcu:1946 - Initializing MCU STM32F411R(C-E)Tx STM32F411RETx STM32F411RET6
2023-10-08 20:08:56,872 [INFO] Context:659 - Trying to add GPIOservice into a context  which must be forbidden
2023-10-08 20:08:57,746 [INFO] RtosManager:555 - Registered RTOS mode: class=CMSIS, group=RTOS, mode=CMSIS_V1, owner=FREERTOS
2023-10-08 20:08:57,746 [INFO] RtosManager:555 - Registered RTOS mode: class=CMSIS, group=RTOS2, mode=CMSIS_V2, owner=FREERTOS
2023-10-08 20:08:57,746 [INFO] RtosManager:555 - Registered RTOS mode: class=RTOS, group=Core, mode=CMSIS_V1, owner=FREERTOS
2023-10-08 20:08:57,746 [INFO] RtosManager:555 - Registered RTOS mode: class=RTOS, group=Core, mode=CMSIS_V2, owner=FREERTOS
2023-10-08 20:08:57,747 [WARN] ModelIntegratedComponent:184 - Missing modes for component STMicroelectronics:FreeRTOS:0.0.1:STMicroelectronics:RTOS:FreeRTOS:Core:::10.2.0:
2023-10-08 20:08:57,754 [WARN] ModelIntegratedComponent:63 - No mode defined for component null
2023-10-08 20:08:57,754 [WARN] ModelIntegratedComponent:63 - No mode defined for component null
2023-10-08 20:08:57,754 [WARN] ModelIntegratedComponent:63 - No mode defined for component null
2023-10-08 20:08:57,754 [WARN] ModelIntegratedComponent:63 - No mode defined for component null
2023-10-08 20:08:57,754 [WARN] ModelIntegratedComponent:63 - No mode defined for component null
2023-10-08 20:08:57,754 [WARN] ModelIntegratedComponent:63 - No mode defined for component null
2023-10-08 20:08:57,754 [WARN] ModelIntegratedComponent:63 - No mode defined for component null
2023-10-08 20:08:57,754 [WARN] ModelIntegratedComponent:63 - No mode defined for component null
2023-10-08 20:08:57,754 [WARN] ModelIntegratedComponent:63 - No mode defined for component null
2023-10-08 20:08:57,754 [WARN] ModelIntegratedComponent:63 - No mode defined for component null
2023-10-08 20:08:57,754 [WARN] ModelIntegratedComponent:63 - No mode defined for component null
2023-10-08 20:08:57,754 [WARN] ModelIntegratedComponent:63 - No mode defined for component null
2023-10-08 20:08:57,754 [WARN] ModelIntegratedComponent:63 - No mode defined for component null
2023-10-08 20:08:57,754 [WARN] ModelIntegratedComponent:63 - No mode defined for component null
2023-10-08 20:08:57,754 [WARN] ModelIntegratedComponent:63 - No mode defined for component null
2023-10-08 20:08:57,754 [WARN] ModelIntegratedComponent:63 - No mode defined for component null
2023-10-08 20:08:57,755 [WARN] ModelIntegratedComponent:63 - No mode defined for component null
2023-10-08 20:08:57,755 [WARN] ModelIntegratedComponent:63 - No mode defined for component null
2023-10-08 20:08:57,755 [WARN] ModelIntegratedComponent:63 - No mode defined for component null
2023-10-08 20:08:57,755 [WARN] ModelIntegratedComponent:63 - No mode defined for component null
2023-10-08 20:08:57,755 [WARN] ModelIntegratedComponent:63 - No mode defined for component null
2023-10-08 20:08:57,755 [WARN] ModelIntegratedComponent:63 - No mode defined for component null
2023-10-08 20:08:57,755 [WARN] ModelIntegratedComponent:63 - No mode defined for component null
2023-10-08 20:08:57,755 [WARN] ModelIntegratedComponent:63 - No mode defined for component null
2023-10-08 20:08:57,755 [WARN] ModelIntegratedComponent:63 - No mode defined for component null
2023-10-08 20:08:57,755 [WARN] ModelIntegratedComponent:63 - No mode defined for component null
2023-10-08 20:08:57,755 [WARN] ModelIntegratedComponent:63 - No mode defined for component null
2023-10-08 20:08:57,755 [WARN] ModelIntegratedComponent:63 - No mode defined for component null
2023-10-08 20:08:57,755 [WARN] ModelIntegratedComponent:63 - No mode defined for component null
2023-10-08 20:08:57,755 [WARN] ModelIntegratedComponent:63 - No mode defined for component null
2023-10-08 20:08:57,755 [WARN] ModelIntegratedComponent:63 - No mode defined for component null
2023-10-08 20:08:57,755 [WARN] ModelIntegratedComponent:63 - No mode defined for component null
2023-10-08 20:08:57,755 [WARN] ModelIntegratedComponent:63 - No mode defined for component null
2023-10-08 20:08:57,817 [WARN] ModelIntegratedComponent:182 - Modes not found for component STMicroelectronics:USB_DEVICE:1.0.0:STMicroelectronics:USB::USB Device:Audio HS::1.0:USB_DEVICE_1_0_RESTRICTED_HS
2023-10-08 20:08:57,817 [WARN] ModelIntegratedComponent:188 - Modes not found for component STMicroelectronics:USB_DEVICE:1.0.0:STMicroelectronics:USB::USB Device:Audio HS::1.0:USB_DEVICE_1_0_RESTRICTED_HS
2023-10-08 20:08:57,817 [WARN] ModelIntegratedComponent:182 - Modes not found for component STMicroelectronics:USB_DEVICE:1.0.0:STMicroelectronics:USB::USB Device:CDC HS::1.0:USB_DEVICE_1_0_RESTRICTED_HS
2023-10-08 20:08:57,817 [WARN] ModelIntegratedComponent:188 - Modes not found for component STMicroelectronics:USB_DEVICE:1.0.0:STMicroelectronics:USB::USB Device:CDC HS::1.0:USB_DEVICE_1_0_RESTRICTED_HS
2023-10-08 20:08:57,817 [WARN] ModelIntegratedComponent:182 - Modes not found for component STMicroelectronics:USB_DEVICE:1.0.0:STMicroelectronics:USB::USB Device:DFU HS::1.0:USB_DEVICE_1_0_RESTRICTED_HS
2023-10-08 20:08:57,817 [WARN] ModelIntegratedComponent:188 - Modes not found for component STMicroelectronics:USB_DEVICE:1.0.0:STMicroelectronics:USB::USB Device:DFU HS::1.0:USB_DEVICE_1_0_RESTRICTED_HS
2023-10-08 20:08:57,817 [WARN] ModelIntegratedComponent:182 - Modes not found for component STMicroelectronics:USB_DEVICE:1.0.0:STMicroelectronics:USB::USB Device:HID HS::1.0:USB_DEVICE_1_0_RESTRICTED_HS
2023-10-08 20:08:57,817 [WARN] ModelIntegratedComponent:188 - Modes not found for component STMicroelectronics:USB_DEVICE:1.0.0:STMicroelectronics:USB::USB Device:HID HS::1.0:USB_DEVICE_1_0_RESTRICTED_HS
2023-10-08 20:08:57,817 [WARN] ModelIntegratedComponent:182 - Modes not found for component STMicroelectronics:USB_DEVICE:1.0.0:STMicroelectronics:USB::USB Device:Custom HID HS::1.0:USB_DEVICE_1_0_RESTRICTED_HS
2023-10-08 20:08:57,817 [WARN] ModelIntegratedComponent:188 - Modes not found for component STMicroelectronics:USB_DEVICE:1.0.0:STMicroelectronics:USB::USB Device:Custom HID HS::1.0:USB_DEVICE_1_0_RESTRICTED_HS
2023-10-08 20:08:57,818 [WARN] ModelIntegratedComponent:182 - Modes not found for component STMicroelectronics:USB_DEVICE:1.0.0:STMicroelectronics:USB::USB Device:MSC HS::1.0:USB_DEVICE_1_0_RESTRICTED_HS
2023-10-08 20:08:57,818 [WARN] ModelIntegratedComponent:188 - Modes not found for component STMicroelectronics:USB_DEVICE:1.0.0:STMicroelectronics:USB::USB Device:MSC HS::1.0:USB_DEVICE_1_0_RESTRICTED_HS
2023-10-08 20:08:57,888 [WARN] ModelIntegratedComponent:182 - Modes not found for component STMicroelectronics:USB_HOST:1.0.0:STMicroelectronics:USB::USB Host:Audio HS::1.0:USB_HOST_1_0_RESTRICTED_HS
2023-10-08 20:08:57,888 [WARN] ModelIntegratedComponent:188 - Modes not found for component STMicroelectronics:USB_HOST:1.0.0:STMicroelectronics:USB::USB Host:Audio HS::1.0:USB_HOST_1_0_RESTRICTED_HS
2023-10-08 20:08:57,888 [WARN] ModelIntegratedComponent:182 - Modes not found for component STMicroelectronics:USB_HOST:1.0.0:STMicroelectronics:USB::USB Host:CDC HS::1.0:USB_HOST_1_0_RESTRICTED_HS
2023-10-08 20:08:57,888 [WARN] ModelIntegratedComponent:188 - Modes not found for component STMicroelectronics:USB_HOST:1.0.0:STMicroelectronics:USB::USB Host:CDC HS::1.0:USB_HOST_1_0_RESTRICTED_HS
2023-10-08 20:08:57,888 [WARN] ModelIntegratedComponent:182 - Modes not found for component STMicroelectronics:USB_HOST:1.0.0:STMicroelectronics:USB::USB Host:MSC HS::1.0:USB_HOST_1_0_RESTRICTED_HS
2023-10-08 20:08:57,888 [WARN] ModelIntegratedComponent:188 - Modes not found for component STMicroelectronics:USB_HOST:1.0.0:STMicroelectronics:USB::USB Host:MSC HS::1.0:USB_HOST_1_0_RESTRICTED_HS
2023-10-08 20:08:57,888 [WARN] ModelIntegratedComponent:182 - Modes not found for component STMicroelectronics:USB_HOST:1.0.0:STMicroelectronics:USB::USB Host:HID HS::1.0:USB_HOST_1_0_RESTRICTED_HS
2023-10-08 20:08:57,888 [WARN] ModelIntegratedComponent:188 - Modes not found for component STMicroelectronics:USB_HOST:1.0.0:STMicroelectronics:USB::USB Host:HID HS::1.0:USB_HOST_1_0_RESTRICTED_HS
2023-10-08 20:08:57,888 [WARN] ModelIntegratedComponent:182 - Modes not found for component STMicroelectronics:USB_HOST:1.0.0:STMicroelectronics:USB::USB Host:MTP HS::1.0:USB_HOST_1_0_RESTRICTED_HS
2023-10-08 20:08:57,888 [WARN] ModelIntegratedComponent:188 - Modes not found for component STMicroelectronics:USB_HOST:1.0.0:STMicroelectronics:USB::USB Host:MTP HS::1.0:USB_HOST_1_0_RESTRICTED_HS
2023-10-08 20:08:58,125 [INFO] ThirdPartyModel:298 - Start build external matchings
2023-10-08 20:09:01,318 [INFO] ThirdPartyModel:316 - End build external matchings
2023-10-08 20:09:01,394 [INFO] ImportTextPane:194 - (OptionalMessage_ERROR) IP (RCC) : Parameter (FLatency) has Id (AdvancedSettings) currently not set
2023-10-08 20:09:01,395 [INFO] ImportTextPane:194 - (OptionalMessage_ERROR) IP (RCC) : Parameter (RTCHSEDivFreq_Value) has invalid value (4000000)
2023-10-08 20:09:01,674 [INFO] UtilMem:75 - End LoadConfig() Used Memory: 222268096 Bytes (643825664)
2023-10-08 20:09:02,552 [INFO] ApiDb:581 - Connected to CubeFinder SQLite database (C:\Users\57310\.stmcufinder\plugins\mcufinder\mcu\cube-finder-db.db)
2023-10-08 20:09:03,045 [INFO] ApiDb:668 - CubeFinder database Data Model version=2.1
2023-10-08 20:09:03,045 [INFO] ApiDb:669 - CubeFinder database Configuration version=3.0.37
2023-10-08 20:09:03,046 [INFO] ApiDb:670 - CubeFinder database generation date=2023-08-09 (1691586011)
2023-10-08 20:09:03,046 [INFO] ApiDb:671 - CubeFinder database FW Pack versions=[FP-ATR-ASTRA1_V2.0.0, FP-SNS-FLIGHT1_V5.0.1, FP-SNS-FLIGHT1_V5.0.2, FP-SNS-MOTENV1_V4.3.1, FP-SNS-MOTENV1_V4.3.2, STM32Cube_FW_C0_V1.1.0, STM32Cube_FW_F4_V1.27.1, STM32Cube_FW_F7_V1.17.0, STM32Cube_FW_G0_V1.6.1, STM32Cube_FW_G4_V1.5.1, STM32Cube_FW_H5_V0.5.1, STM32Cube_FW_H5_V1.1.0, STM32Cube_FW_H7_V1.11.0, STM32Cube_FW_L0_V1.12.2, STM32Cube_FW_L5_V1.5.0, STM32Cube_FW_U5_V1.3.0, STM32Cube_FW_U5_V1.3.0RC4, STM32Cube_FW_WBA_V1.0.0RC1, STM32Cube_FW_WBA_V1.1.0, STM32Cube_FW_WBA_V1.1.0RC1, STM32Cube_FW_WB_V1.15.0RC1, STM32Cube_FW_WB_V1.16.0, STM32Cube_FW_WB_V1.16.0RC2, STM32Cube_FW_WB_V1.17.0, STM32Cube_FW_WL_V1.3.0, X-CUBE-ALGOBUILD_V1.3.0, X-CUBE-ALS_V1.0.1, X-CUBE-AZRTOS-F4_V1.1.0, X-CUBE-AZRTOS-F7_V1.1.0, X-CUBE-AZRTOS-G0_V1.1.0, X-CUBE-AZRTOS-G4_V2.0.0, X-CUBE-AZRTOS-H7_V3.1.0, X-CUBE-AZRTOS-L4_V1.0.0, X-CUBE-AZRTOS-L4_V2.0.0, X-CUBE-AZRTOS-L5_V1.1.0, X-CUBE-AZRTOS-WB_V1.1.0, X-CUBE-AZRTOS-WL_V2.0.0, X-CUBE-BLE1_V7.0.0, X-CUBE-BLE2_V3.3.0, X-CUBE-BLEMGR_V2.0.0, X-CUBE-EEPRMA1_V4.1.0, X-CUBE-FREERTOS_V1.1.0, X-CUBE-GNSS1_V6.0.0, X-CUBE-MEMS1_V9.1.0, X-CUBE-MEMS1_V9.4.0, X-CUBE-MEMS1_V9.6.0, X-CUBE-NFC4_V3.0.0, X-CUBE-NFC7_V1.0.0, X-CUBE-SFXS2LP1_V4.0.0, X-CUBE-SUBG2_V5.0.0, X-CUBE-TOF1_V3.3.1]
2023-10-08 20:09:08,308 [INFO] ApiDb:240 - Found 323 in-development CPN: [B-G473E-ZEST1S, B-WB1M-WPAN1, B-WL5M-SUBG1, NUCLEO-C031C6, NUCLEO-H503RB, NUCLEO-H563ZI, NUCLEO-U545RE-Q, NUCLEO-U5A5ZJ-Q, NUCLEO-WBA52CG, STEVAL-PROTEUS1, STEVAL-SMARTAG2, STEVAL-STWINBX1, STM320518-EVAL, STM32C0116-DK, STM32C011D6Y3TR, STM32C011D6Y6TR, STM32C011F4P3, STM32C011F4P6, STM32C011F4U3, STM32C011F4U6TR, STM32C011F6P3, STM32C011F6P6, STM32C011F6U3, STM32C011F6U6TR, STM32C011J4M3, STM32C011J4M6, STM32C011J6M3, STM32C011J6M6, STM32C0316-DK, STM32C031C4T3, STM32C031C4T6, STM32C031C4U3, STM32C031C4U6, STM32C031C6T3, STM32C031C6T6, STM32C031C6U3, STM32C031C6U6, STM32C031F4P3, STM32C031F4P6, STM32C031F6P3, STM32C031F6P6, STM32C031G4U3, STM32C031G4U6, STM32C031G6U3, STM32C031G6U6, STM32C031K4T3, STM32C031K4T6, STM32C031K4U3, STM32C031K4U6, STM32C031K6T3, STM32C031K6T6, STM32C031K6U3, STM32C031K6U6, STM32G071K8TXN, STM32G071K8UXN, STM32G081GBU6N, STM32G081KBT6N, STM32G081KBUXN, STM32G0B1CCT6N, STM32G0B1KCT6, STM32G0B1NEY6TR, STM32G0B1RCT6N, STM32G0C1CCT6, STM32G0C1CCT6N, STM32G0C1CCU6N, STM32G0C1CET6N, STM32G0C1CEU6N, STM32G0C1KCT6, STM32G0C1NEY6TR, STM32G0C1RCI6N, STM32G0C1RCT6N, STM32G0C1REI6N, STM32G0C1RET6N, STM32G0C1VCI6, STM32G0C1VEI6, STM32G471CCT6, STM32G471CCU6, STM32G471CET3, STM32G471CET6, STM32G471CEU3, STM32G471CEU6, STM32G471MCT6, STM32G471MET3, STM32G471MET6, STM32G471MEY6TR, STM32G471QCT6, STM32G471QET3, STM32G471RCT6, STM32G471RET3, STM32G471RET6, STM32G471VCH6, STM32G471VCI6, STM32G471VCT6, STM32G471VEH3, STM32G471VEH6, STM32G471VEI3, STM32G471VEI6, STM32G471VET3, STM32G471VET6, STM32G474CCT6, STM32H503CBT6, STM32H503CBU6, STM32H503EBY6TR, STM32H503KBU6, STM32H503RBT6, STM32H562AGI6, STM32H562AII6, STM32H562IGK6, STM32H562IGT6, STM32H562IIK6, STM32H562IIT6, STM32H562RGT6, STM32H562RGV6, STM32H562RIT6, STM32H562RIV6, STM32H562VGT6, STM32H562VIT6, STM32H562ZGT6, STM32H562ZIT6, STM32H563AGI6, STM32H563AII3Q, STM32H563AII6, STM32H563IGK6, STM32H563IGT6, STM32H563IIK3Q, STM32H563IIK6, STM32H563IIT3Q, STM32H563IIT6, STM32H563MIY3QTR, STM32H563RGT6, STM32H563RGV6, STM32H563RIT6, STM32H563RIV6, STM32H563VGT6, STM32H563VIT3Q, STM32H563VIT6, STM32H563ZGT6, STM32H563ZIT3Q, STM32H563ZIT6, STM32H573AII3Q, STM32H573AII6, STM32H573I-DK, STM32H573IIK3Q, STM32H573IIK6, STM32H573IIT3Q, STM32H573IIT6, STM32H573MIY3QTR, STM32H573RIT6, STM32H573RIV6, STM32H573VIT3Q, STM32H573VIT6, STM32H573ZIT3Q, STM32H573ZIT6, STM32L4R5QGI6STR, STM32MP131AAE3, STM32MP131AAF3, STM32MP131AAG3, STM32MP131CAE3, STM32MP131CAF3, STM32MP131CAG3, STM32MP131DAE7, STM32MP131DAF7, STM32MP131DAG7, STM32MP131FAE7, STM32MP131FAF7, STM32MP131FAG7, STM32MP133AAE3, STM32MP133AAF3, STM32MP133AAG3, STM32MP133CAE3, STM32MP133CAF3, STM32MP133CAG3, STM32MP133DAE7, STM32MP133DAF7, STM32MP133DAG7, STM32MP133FAE7, STM32MP133FAF7, STM32MP133FAG7, STM32MP135AAE3, STM32MP135AAF3, STM32MP135AAG3, STM32MP135CAE3, STM32MP135CAF3, STM32MP135CAG3, STM32MP135DAE7, STM32MP135DAF7, STM32MP135DAG7, STM32MP135F-DK, STM32MP135FAE7, STM32MP135FAF7, STM32MP135FAF7T, STM32MP135FAF7U, STM32MP135FAG7, STM32U535CBT6, STM32U535CBT6Q, STM32U535CBU6, STM32U535CBU6Q, STM32U535CCT6, STM32U535CCT6Q, STM32U535CCU6, STM32U535CCU6Q, STM32U535CET6, STM32U535CET6Q, STM32U535CEU6, STM32U535CEU6Q, STM32U535JEY6QTR, STM32U535NCY6QTR, STM32U535NEY6QTR, STM32U535RBI6, STM32U535RBI6Q, STM32U535RBT6, STM32U535RBT6Q, STM32U535RCI6, STM32U535RCI6Q, STM32U535RCT6, STM32U535RCT6Q, STM32U535REI6, STM32U535REI6Q, STM32U535RET6, STM32U535RET6Q, STM32U535VCI6, STM32U535VCI6Q, STM32U535VCT6, STM32U535VCT6Q, STM32U535VEI6, STM32U535VEI6Q, STM32U535VET6, STM32U535VET6Q, STM32U545CET6, STM32U545CET6Q, STM32U545CEU6, STM32U545CEU6Q, STM32U545JEY6QTR, STM32U545NEY6QTR, STM32U545REI6, STM32U545REI6Q, STM32U545RET6, STM32U545RET6Q, STM32U545VEI6, STM32U545VEI6Q, STM32U545VET6, STM32U545VET6Q, STM32U595AIH6, STM32U595AIH6Q, STM32U595AJH6, STM32U595AJH6Q, STM32U595QII6, STM32U595QII6Q, STM32U595QJI6, STM32U595QJI6Q, STM32U595RIT6, STM32U595RIT6Q, STM32U595RJT6, STM32U595RJT6Q, STM32U595VIT6, STM32U595VIT6Q, STM32U595VJT6, STM32U595VJT6Q, STM32U595ZIT6, STM32U595ZIT6Q, STM32U595ZIY6QTR, STM32U595ZJT6, STM32U595ZJT6Q, STM32U595ZJY6QTR, STM32U599BJY6QTR, STM32U599NIH6Q, STM32U599NJH6Q, STM32U599VIT6Q, STM32U599VJT6, STM32U599VJT6Q, STM32U599ZIT6Q, STM32U599ZIY6QTR, STM32U599ZJT6Q, STM32U599ZJY6QTR, STM32U5A5AJH6, STM32U5A5AJH6Q, STM32U5A5QJI6, STM32U5A5QJI6Q, STM32U5A5RJT6, STM32U5A5RJT6Q, STM32U5A5VJT6, STM32U5A5VJT6Q, STM32U5A5ZJT6, STM32U5A5ZJT6Q, STM32U5A5ZJY6QTR, STM32U5A9BJY6QTR, STM32U5A9J-DK, STM32U5A9NJH6Q, STM32U5A9VJT6Q, STM32U5A9ZJT6Q, STM32U5A9ZJY6QTR, STM32U5F7VIT6, STM32U5F7VIT6Q, STM32U5F7VJT6, STM32U5F7VJT6Q, STM32U5F9BJY6QTR, STM32U5F9NJH6Q, STM32U5F9VIT6Q, STM32U5F9VJT6Q, STM32U5F9ZIJ6QTR, STM32U5F9ZIT6Q, STM32U5F9ZJJ6QTR, STM32U5F9ZJT6Q, STM32U5G7VJT6, STM32U5G7VJT6Q, STM32U5G9BJY6QTR, STM32U5G9J-DK1, STM32U5G9J-DK2, STM32U5G9NJH6Q, STM32U5G9VJT6Q, STM32U5G9ZJJ6QTR, STM32U5G9ZJT6Q, STM32WB1MMCH6, STM32WBA52CEU6, STM32WBA52CEU6T, STM32WBA52CGU6, STM32WBA52CGU6T, STM32WBA52KEU6, STM32WBA52KEU6T, STM32WBA52KGU6, STM32WBA52KGU6T, STM32WL5MOCH6, STM32WL5MOCH6TR]
2023-10-08 20:09:08,312 [INFO] DbMcus:217 - Found 3848 MCUs, 3848 are supported
2023-10-08 20:09:08,322 [INFO] ApiDb:423 - Load user favorites file C:\Users\57310/.stm32cubeide/favorites.mcus.txt: 3 item(s)
2023-10-08 20:09:08,322 [INFO] ApiDb:427 - User favorites MCUs=[STM32C011F6P6TR, STM32F407VGT6, STM32F407VGT7]
2023-10-08 20:09:08,322 [INFO] DbMcus:223 - Set 3 / 3 favorites MCUs
2023-10-08 20:09:08,807 [WARN] ThirdParty:833 - waiting for thirdparty lock release [change project]
2023-10-08 20:09:08,807 [INFO] ThirdParty:835 - entering critical section [change project]
2023-10-08 20:09:08,807 [INFO] ThirdParty:1030 - CMSIS Pack Vendor :STMicroelectronics USBPD 4.1
2023-10-08 20:09:08,807 [INFO] ThirdParty:1030 - CMSIS Pack Vendor :STMicroelectronics X-CUBE-GNSS1 6.0.0
2023-10-08 20:09:08,807 [INFO] ThirdParty:1030 - CMSIS Pack Vendor :STMicroelectronics USB_HOST 2.0.0
2023-10-08 20:09:08,807 [INFO] ThirdParty:1030 - CMSIS Pack Vendor :STMicroelectronics X-CUBE-AZRTOS-F4 1.1.0
2023-10-08 20:09:08,807 [INFO] ThirdParty:1030 - CMSIS Pack Vendor :STMicroelectronics LIBJPEG 8.0.0
2023-10-08 20:09:08,807 [INFO] ThirdParty:1030 - CMSIS Pack Vendor :wolfSSL I-CUBE-wolfSSL 5.6.3
2023-10-08 20:09:08,807 [INFO] ThirdParty:1030 - CMSIS Pack Vendor :STMicroelectronics X-CUBE-SMBUS 2.1.0
2023-10-08 20:09:08,807 [INFO] ThirdParty:1030 - CMSIS Pack Vendor :STMicroelectronics X-CUBE-SUBG2 4.1.0
2023-10-08 20:09:08,807 [INFO] ThirdParty:1030 - CMSIS Pack Vendor :STMicroelectronics X-CUBE-MEMS1 9.2.0
2023-10-08 20:09:08,807 [INFO] ThirdParty:1030 - CMSIS Pack Vendor :STMicroelectronics X-CUBE-BLEMGR 1.2.0
2023-10-08 20:09:08,807 [INFO] ThirdParty:1030 - CMSIS Pack Vendor :STMicroelectronics X-CUBE-AZRTOS-F7 1.1.0
2023-10-08 20:09:08,807 [INFO] ThirdParty:1030 - CMSIS Pack Vendor :STMicroelectronics X-CUBE-AZRTOS-L5 2.0.0
2023-10-08 20:09:08,807 [INFO] ThirdParty:1030 - CMSIS Pack Vendor :STMicroelectronics USB_DEVICE 2.0.0
2023-10-08 20:09:08,807 [INFO] ThirdParty:1030 - CMSIS Pack Vendor :STMicroelectronics X-CUBE-MEMS1 9.6.0
2023-10-08 20:09:08,807 [INFO] ThirdParty:1030 - CMSIS Pack Vendor :ITTIA_DB I-CUBE-ITTIADB 8.8.0
2023-10-08 20:09:08,807 [INFO] ThirdParty:1030 - CMSIS Pack Vendor :STMicroelectronics X-CUBE-AI 7.1.0
2023-10-08 20:09:08,807 [INFO] ThirdParty:1030 - CMSIS Pack Vendor :STMicroelectronics X-CUBE-TOUCHGFX 4.19.1
2023-10-08 20:09:08,807 [INFO] ThirdParty:1030 - CMSIS Pack Vendor :STMicroelectronics FP-SNS-MOTENV1 4.3.2
2023-10-08 20:09:08,807 [INFO] ThirdParty:1030 - CMSIS Pack Vendor :STMicroelectronics FP-SNS-MOTENV1 4.3.1
2023-10-08 20:09:08,807 [INFO] ThirdParty:1030 - CMSIS Pack Vendor :STMicroelectronics FP-SNS-FLIGHT1 5.0.1
2023-10-08 20:09:08,807 [INFO] ThirdParty:1030 - CMSIS Pack Vendor :STMicroelectronics X-CUBE-BLE1 6.2.3
2023-10-08 20:09:08,807 [INFO] ThirdParty:1030 - CMSIS Pack Vendor :STMicroelectronics X-CUBE-EEPRMA1 3.0.0
2023-10-08 20:09:08,807 [INFO] ThirdParty:1030 - CMSIS Pack Vendor :STMicroelectronics X-CUBE-BLE1 6.2.4
2023-10-08 20:09:08,807 [INFO] ThirdParty:1030 - CMSIS Pack Vendor :STMicroelectronics FreeRTOS 0.0.1
2023-10-08 20:09:08,807 [INFO] ThirdParty:1030 - CMSIS Pack Vendor :STMicroelectronics X-CUBE-BLEMGR 2.0.0
2023-10-08 20:09:08,807 [INFO] ThirdParty:1030 - CMSIS Pack Vendor :STMicroelectronics X-CUBE-BLE1 6.2.0
2023-10-08 20:09:08,807 [INFO] ThirdParty:1030 - CMSIS Pack Vendor :STMicroelectronics FP-SNS-FLIGHT1 5.0.2
2023-10-08 20:09:08,807 [INFO] ThirdParty:1030 - CMSIS Pack Vendor :STMicroelectronics X-CUBE-NFC4 2.0.5
2023-10-08 20:09:08,807 [INFO] ThirdParty:1030 - CMSIS Pack Vendor :STMicroelectronics X-CUBE-BLE2 3.2.2
2023-10-08 20:09:08,807 [INFO] ThirdParty:1030 - CMSIS Pack Vendor :STMicroelectronics X-CUBE-NFC4 2.0.4
2023-10-08 20:09:08,807 [INFO] ThirdParty:1030 - CMSIS Pack Vendor :STMicroelectronics X-CUBE-NFC4 2.0.2
2023-10-08 20:09:08,807 [INFO] ThirdParty:1030 - CMSIS Pack Vendor :STMicroelectronics X-CUBE-AZRTOS-H7 3.1.0
2023-10-08 20:09:08,807 [INFO] ThirdParty:1030 - CMSIS Pack Vendor :STMicroelectronics PDM2PCM 3.3.0
2023-10-08 20:09:08,807 [INFO] ThirdParty:1030 - CMSIS Pack Vendor :STMicroelectronics X-CUBE-BLE2 3.2.0
2023-10-08 20:09:08,807 [INFO] ThirdParty:1030 - CMSIS Pack Vendor :STMicroelectronics X-CUBE-SFXS2LP1 3.1.0
2023-10-08 20:09:08,807 [INFO] ThirdParty:1030 - CMSIS Pack Vendor :STMicroelectronics X-CUBE-DISPLAY 3.0.0
2023-10-08 20:09:08,808 [INFO] ThirdParty:1030 - CMSIS Pack Vendor :STMicroelectronics X-CUBE-AZRTOS-F4 1.0.0
2023-10-08 20:09:08,808 [INFO] ThirdParty:1030 - CMSIS Pack Vendor :STMicroelectronics X-CUBE-BLE1 7.0.0
2023-10-08 20:09:08,808 [INFO] ThirdParty:1030 - CMSIS Pack Vendor :STMicroelectronics HAL Drivers 0.0.0
2023-10-08 20:09:08,808 [INFO] ThirdParty:1030 - CMSIS Pack Vendor :emotas I-CUBE-CANOPEN 1.3.0
2023-10-08 20:09:08,808 [INFO] ThirdParty:1030 - CMSIS Pack Vendor :STMicroelectronics X-CUBE-TOUCHGFX 4.22.0
2023-10-08 20:09:08,808 [INFO] ThirdParty:1030 - CMSIS Pack Vendor :STMicroelectronics X-CUBE-NFC7 1.0.1
2023-10-08 20:09:08,808 [INFO] ThirdParty:1030 - CMSIS Pack Vendor :STMicroelectronics MBEDTLS 2.14.1
2023-10-08 20:09:08,808 [INFO] ThirdParty:1030 - CMSIS Pack Vendor :STMicroelectronics X-CUBE-NFC7 1.0.0
2023-10-08 20:09:08,808 [INFO] ThirdParty:1030 - CMSIS Pack Vendor :STMicroelectronics X-CUBE-TOUCHGFX 4.22.1
2023-10-08 20:09:08,808 [INFO] ThirdParty:1030 - CMSIS Pack Vendor :STMicroelectronics X-CUBE-AZRTOS-H7 1.0.0
2023-10-08 20:09:08,808 [INFO] ThirdParty:1030 - CMSIS Pack Vendor :STMicroelectronics X-CUBE-NFC6 3.0.0
2023-10-08 20:09:08,808 [INFO] ThirdParty:1030 - CMSIS Pack Vendor :STMicroelectronics X-CUBE-MEMS1 9.3.0
2023-10-08 20:09:08,808 [INFO] ThirdParty:1030 - CMSIS Pack Vendor :STMicroelectronics X-CUBE-EEPRMA1 4.1.0
2023-10-08 20:09:08,808 [INFO] ThirdParty:1030 - CMSIS Pack Vendor :STMicroelectronics FP-SNS-SMARTAG2 1.2.0
2023-10-08 20:09:08,808 [INFO] ThirdParty:1030 - CMSIS Pack Vendor :STMicroelectronics X-CUBE-AZRTOS-WL 2.0.0
2023-10-08 20:09:08,808 [INFO] ThirdParty:1030 - CMSIS Pack Vendor :STMicroelectronics X-CUBE-DISPLAY 1.0.0
2023-10-08 20:09:08,808 [INFO] ThirdParty:1030 - CMSIS Pack Vendor :STMicroelectronics USB_DEVICE 1.0.0
2023-10-08 20:09:08,808 [INFO] ThirdParty:1030 - CMSIS Pack Vendor :STMicroelectronics X-CUBE-AI 8.1.0
2023-10-08 20:09:08,808 [INFO] ThirdParty:1030 - CMSIS Pack Vendor :STMicroelectronics X-CUBE-AI 6.0.0
2023-10-08 20:09:08,808 [INFO] ThirdParty:1030 - CMSIS Pack Vendor :STMicroelectronics X-CUBE-ALGOBUILD 1.2.0
2023-10-08 20:09:08,808 [INFO] ThirdParty:1030 - CMSIS Pack Vendor :STMicroelectronics X-CUBE-AZRTOS-G0 1.0.0
2023-10-08 20:09:08,808 [INFO] ThirdParty:1030 - CMSIS Pack Vendor :STMicroelectronics X-CUBE-AZRTOS-L4 2.0.0
2023-10-08 20:09:08,808 [INFO] ThirdParty:1030 - CMSIS Pack Vendor :STMicroelectronics ThreadX 0.0.2
2023-10-08 20:09:08,808 [INFO] ThirdParty:1030 - CMSIS Pack Vendor :WES I-CUBE-Cesium 1.3.0
2023-10-08 20:09:08,808 [INFO] ThirdParty:1030 - CMSIS Pack Vendor :STMicroelectronics lwIP 2.1.2
2023-10-08 20:09:08,808 [INFO] ThirdParty:1030 - CMSIS Pack Vendor :STMicroelectronics X-CUBE-SFXS2LP1 4.0.0
2023-10-08 20:09:08,808 [INFO] ThirdParty:1030 - CMSIS Pack Vendor :STMicroelectronics X-CUBE-BLE2 3.3.0
2023-10-08 20:09:08,809 [INFO] ThirdParty:1030 - CMSIS Pack Vendor :STMicroelectronics X-CUBE-DISPLAY 2.2.0
2023-10-08 20:09:08,809 [INFO] ThirdParty:1030 - CMSIS Pack Vendor :STMicroelectronics X-CUBE-TOF1 3.2.0
2023-10-08 20:09:08,809 [INFO] ThirdParty:1030 - CMSIS Pack Vendor :wolfSSL I-CUBE-wolfSSL 4.7.0
2023-10-08 20:09:08,809 [INFO] ThirdParty:1030 - CMSIS Pack Vendor :STMicroelectronics PDM2PCM 3.2.0
2023-10-08 20:09:08,809 [INFO] ThirdParty:1030 - CMSIS Pack Vendor :STMicroelectronics X-CUBE-AZRTOS-H7 3.0.0
2023-10-08 20:09:08,809 [INFO] ThirdParty:1030 - CMSIS Pack Vendor :STMicroelectronics X-CUBE-ISPU 1.1.0
2023-10-08 20:09:08,809 [INFO] ThirdParty:1030 - CMSIS Pack Vendor :RoweBots I-CUBE-UNISONRTOS 5.5.0-4
2023-10-08 20:09:08,809 [INFO] ThirdParty:1030 - CMSIS Pack Vendor :STMicroelectronics X-CUBE-SFXS2LP1 3.0.0
2023-10-08 20:09:08,809 [INFO] ThirdParty:1030 - CMSIS Pack Vendor :STMicroelectronics X-CUBE-AZRTOS-H7 2.1.0
2023-10-08 20:09:08,809 [INFO] ThirdParty:1030 - CMSIS Pack Vendor :STMicroelectronics USB_DEVICE 3.0.0
2023-10-08 20:09:08,809 [INFO] ThirdParty:1030 - CMSIS Pack Vendor :STMicroelectronics X-CUBE-AI 8.0.0
2023-10-08 20:09:08,809 [INFO] ThirdParty:1030 - CMSIS Pack Vendor :STMicroelectronics X-CUBE-AZRTOS-WB 2.0.0
2023-10-08 20:09:08,809 [INFO] ThirdParty:1030 - CMSIS Pack Vendor :STMicroelectronics X-CUBE-FREERTOS 1.0.0
2023-10-08 20:09:08,809 [INFO] ThirdParty:1030 - CMSIS Pack Vendor :STMicroelectronics X-CUBE-FREERTOS 1.0.1
2023-10-08 20:09:08,809 [INFO] ThirdParty:1030 - CMSIS Pack Vendor :STMicroelectronics X-CUBE-TOUCHGFX 4.21.1
2023-10-08 20:09:08,809 [INFO] ThirdParty:1030 - CMSIS Pack Vendor :STMicroelectronics X-CUBE-TOUCHGFX 4.21.0
2023-10-08 20:09:08,809 [INFO] ThirdParty:1030 - CMSIS Pack Vendor :STMicroelectronics X-CUBE-TOUCHGFX 4.21.4
2023-10-08 20:09:08,809 [INFO] ThirdParty:1030 - CMSIS Pack Vendor :STMicroelectronics X-CUBE-MEMS1 9.4.0
2023-10-08 20:09:08,809 [INFO] ThirdParty:1030 - CMSIS Pack Vendor :STMicroelectronics X-CUBE-AI 7.3.0
2023-10-08 20:09:08,809 [INFO] ThirdParty:1030 - CMSIS Pack Vendor :STMicroelectronics X-CUBE-ALGOBUILD 1.3.0
2023-10-08 20:09:08,809 [INFO] ThirdParty:1030 - CMSIS Pack Vendor :STMicroelectronics X-CUBE-AZRTOS-L5 1.1.0
2023-10-08 20:09:08,809 [INFO] ThirdParty:1030 - CMSIS Pack Vendor :STMicroelectronics X-CUBE-AZRTOS-G0 1.1.0
2023-10-08 20:09:08,809 [INFO] ThirdParty:1030 - CMSIS Pack Vendor :STMicroelectronics X-CUBE-AI 8.0.1
2023-10-08 20:09:08,809 [INFO] ThirdParty:1030 - CMSIS Pack Vendor :STMicroelectronics X-CUBE-NFC4 3.0.0
2023-10-08 20:09:08,809 [INFO] ThirdParty:1030 - CMSIS Pack Vendor :SEGGER I-CUBE-embOS 1.2.0
2023-10-08 20:09:08,810 [INFO] ThirdParty:1030 - CMSIS Pack Vendor :STMicroelectronics X-CUBE-SUBG2 5.0.0
2023-10-08 20:09:08,810 [INFO] ThirdParty:1030 - CMSIS Pack Vendor :STMicroelectronics STM32_WPAN 1.0.0
2023-10-08 20:09:08,810 [INFO] ThirdParty:1030 - CMSIS Pack Vendor :STMicroelectronics lwIP 2.0.3
2023-10-08 20:09:08,810 [INFO] ThirdParty:1030 - CMSIS Pack Vendor :STMicroelectronics USB_HOST 1.0.0
2023-10-08 20:09:08,810 [INFO] ThirdParty:1030 - CMSIS Pack Vendor :STMicroelectronics X-CUBE-TOF1 3.3.1
2023-10-08 20:09:08,810 [INFO] ThirdParty:1030 - CMSIS Pack Vendor :STMicroelectronics X-CUBE-AZRTOS-G4 2.0.0
2023-10-08 20:09:08,810 [INFO] ThirdParty:1030 - CMSIS Pack Vendor :STMicroelectronics PDM2PCM 3.1.0
2023-10-08 20:09:08,810 [INFO] ThirdParty:1030 - CMSIS Pack Vendor :STMicroelectronics X-CUBE-TOF1 3.3.0
2023-10-08 20:09:08,810 [INFO] ThirdParty:1030 - CMSIS Pack Vendor :STMicroelectronics FP-ATR-ASTRA1 1.1.1
2023-10-08 20:09:08,810 [INFO] ThirdParty:1030 - CMSIS Pack Vendor :STMicroelectronics X-CUBE-BLEMGR 1.3.0
2023-10-08 20:09:08,810 [INFO] ThirdParty:1030 - CMSIS Pack Vendor :STMicroelectronics FP-ATR-SIGFOX1 3.2.0
2023-10-08 20:09:08,810 [INFO] ThirdParty:1030 - CMSIS Pack Vendor :STMicroelectronics X-CUBE-AZRTOS-G4 1.0.0
2023-10-08 20:09:08,810 [INFO] ThirdParty:1030 - CMSIS Pack Vendor :wolfSSL I-CUBE-wolfSSL 5.3.0
2023-10-08 20:09:08,810 [INFO] ThirdParty:1030 - CMSIS Pack Vendor :STMicroelectronics X-CUBE-AZRTOS-L4 1.0.0
2023-10-08 20:09:08,810 [INFO] ThirdParty:1030 - CMSIS Pack Vendor :STMicroelectronics MBEDTLS 2.16.2
2023-10-08 20:09:08,810 [INFO] ThirdParty:1030 - CMSIS Pack Vendor :emotas I-CUBE-CANOPEN 1.1.2
2023-10-08 20:09:08,810 [INFO] ThirdParty:1030 - CMSIS Pack Vendor :STMicroelectronics X-CUBE-TOUCHGFX 4.20.0
2023-10-08 20:09:08,811 [INFO] ThirdParty:1030 - CMSIS Pack Vendor :STMicroelectronics X-CUBE-FREERTOS 1.1.0
2023-10-08 20:09:08,811 [INFO] ThirdParty:1030 - CMSIS Pack Vendor :STMicroelectronics X-CUBE-AZRTOS-F7 1.0.0
2023-10-08 20:09:08,811 [INFO] ThirdParty:1030 - CMSIS Pack Vendor :STMicroelectronics X-CUBE-AZRTOS-WL 1.0.0
2023-10-08 20:09:08,811 [INFO] ThirdParty:1030 - CMSIS Pack Vendor :STMicroelectronics X-CUBE-TOF1 1.0.0
2023-10-08 20:09:08,811 [INFO] ThirdParty:1030 - CMSIS Pack Vendor :portGmbH I-Cube-SoM-uGOAL 1.1.0
2023-10-08 20:09:08,811 [INFO] ThirdParty:1030 - CMSIS Pack Vendor :STMicroelectronics X-CUBE-ALS 1.0.1
2023-10-08 20:09:08,811 [INFO] ThirdParty:1030 - CMSIS Pack Vendor :STMicroelectronics X-CUBE-MEMS1 9.5.0
2023-10-08 20:09:08,811 [INFO] ThirdParty:1030 - CMSIS Pack Vendor :STMicroelectronics ThreadX 1.0.0
2023-10-08 20:09:08,811 [INFO] ThirdParty:1030 - CMSIS Pack Vendor :STMicroelectronics X-CUBE-AZRTOS-WB 1.1.0
2023-10-08 20:09:08,811 [INFO] ThirdParty:1030 - CMSIS Pack Vendor :SEGGER I-CUBE-embOS 1.3.1
2023-10-08 20:09:08,811 [INFO] ThirdParty:1030 - CMSIS Pack Vendor :STMicroelectronics X-CUBE-MEMS1 8.3.0
2023-10-08 20:09:08,811 [INFO] ThirdParty:1030 - CMSIS Pack Vendor :STMicroelectronics X-CUBE-AZRTOS-L5 1.0.0
2023-10-08 20:09:08,811 [INFO] ThirdParty:1030 - CMSIS Pack Vendor :STMicroelectronics X-CUBE-EEPRMA1 3.1.1
2023-10-08 20:09:08,811 [INFO] ThirdParty:1030 - CMSIS Pack Vendor :STMicroelectronics X-CUBE-GNSS1 5.2.0
2023-10-08 20:09:08,811 [INFO] ThirdParty:1030 - CMSIS Pack Vendor :STMicroelectronics FP-ATR-ASTRA1 2.0.0
2023-10-08 20:09:08,811 [INFO] ThirdParty:1030 - CMSIS Pack Vendor :STMicroelectronics X-CUBE-TOUCHGFX 4.16.1
2023-10-08 20:09:08,811 [INFO] ThirdParty:1030 - CMSIS Pack Vendor :STMicroelectronics X-CUBE-TOF1 3.0.0
2023-10-08 20:09:08,811 [INFO] ThirdParty:841 - exiting critical section [change project]
2023-10-08 20:09:09,417 [INFO] PinOutPanel:1499 - setPackage(No Configuration,No Configuration)
2023-10-08 20:09:09,420 [INFO] PinOutPanel:1499 - setPackage(STM32F411RETx,LQFP64)
2023-10-08 20:09:09,983 [INFO] UtilMem:75 - Before build in PCC Used Memory: 364695248 Bytes (722468864)
2023-10-08 20:09:11,653 [INFO] UtilMem:75 - After build in PCC Used Memory: 581750480 Bytes (722468864)
2023-10-08 20:09:11,698 [INFO] IPUIPlugin:80 - create IPUIPlugin
2023-10-08 20:09:11,699 [INFO] IPUIPlugin:80 - create IPUIPlugin
2023-10-08 20:09:11,699 [INFO] IPUIPlugin:80 - create IPUIPlugin
2023-10-08 20:09:11,699 [INFO] IPUIPlugin:80 - create IPUIPlugin
2023-10-08 20:09:11,699 [INFO] IPUIPlugin:80 - create IPUIPlugin
2023-10-08 20:09:11,699 [INFO] IPUIPlugin:80 - create IPUIPlugin
2023-10-08 20:09:11,699 [INFO] IPUIPlugin:80 - create IPUIPlugin
2023-10-08 20:09:11,699 [INFO] IPUIPlugin:80 - create IPUIPlugin
2023-10-08 20:09:11,700 [INFO] IPUIPlugin:80 - create IPUIPlugin
2023-10-08 20:09:11,700 [INFO] IPUIPlugin:80 - create IPUIPlugin
2023-10-08 20:09:11,700 [INFO] IPUIPlugin:80 - create IPUIPlugin
2023-10-08 20:09:11,700 [INFO] IPUIPlugin:80 - create IPUIPlugin
2023-10-08 20:09:11,700 [INFO] IPUIPlugin:80 - create IPUIPlugin
2023-10-08 20:09:11,700 [INFO] IPUIPlugin:80 - create IPUIPlugin
2023-10-08 20:09:11,701 [INFO] IPUIPlugin:80 - create IPUIPlugin
2023-10-08 20:09:11,701 [INFO] IPUIPlugin:80 - create IPUIPlugin
2023-10-08 20:09:11,701 [INFO] IPUIPlugin:80 - create IPUIPlugin
2023-10-08 20:09:11,701 [INFO] IPUIPlugin:80 - create IPUIPlugin
2023-10-08 20:09:11,702 [INFO] IPUIPlugin:80 - create IPUIPlugin
2023-10-08 20:09:11,702 [INFO] IPUIPlugin:80 - create IPUIPlugin
2023-10-08 20:09:11,702 [INFO] IPUIPlugin:80 - create IPUIPlugin
2023-10-08 20:09:11,703 [INFO] IPUIPlugin:80 - create IPUIPlugin
2023-10-08 20:09:11,703 [INFO] IPUIPlugin:80 - create IPUIPlugin
2023-10-08 20:09:11,703 [INFO] IPUIPlugin:80 - create IPUIPlugin
2023-10-08 20:09:11,703 [INFO] IPUIPlugin:80 - create IPUIPlugin
2023-10-08 20:09:11,704 [INFO] IPUIPlugin:80 - create IPUIPlugin
2023-10-08 20:09:11,704 [INFO] IPUIPlugin:80 - create IPUIPlugin
2023-10-08 20:09:11,704 [INFO] IPUIPlugin:80 - create IPUIPlugin
2023-10-08 20:09:11,705 [INFO] IPUIPlugin:80 - create IPUIPlugin
2023-10-08 20:09:11,705 [INFO] IPUIPlugin:80 - create IPUIPlugin
2023-10-08 20:09:11,705 [INFO] IPUIPlugin:80 - create IPUIPlugin
2023-10-08 20:09:11,705 [INFO] IPUIPlugin:80 - create IPUIPlugin
2023-10-08 20:09:11,706 [INFO] IPUIPlugin:80 - create IPUIPlugin
2023-10-08 20:09:11,706 [INFO] IPUIPlugin:80 - create IPUIPlugin
2023-10-08 20:09:11,706 [INFO] IPUIPlugin:80 - create IPUIPlugin
2023-10-08 20:09:11,707 [INFO] IPUIPlugin:80 - create IPUIPlugin
2023-10-08 20:09:11,707 [INFO] IPUIPlugin:80 - create IPUIPlugin
2023-10-08 20:09:11,707 [INFO] IPUIPlugin:80 - create IPUIPlugin
2023-10-08 20:09:11,708 [INFO] IPUIPlugin:80 - create IPUIPlugin
2023-10-08 20:09:11,708 [INFO] IPUIPlugin:80 - create IPUIPlugin
2023-10-08 20:09:11,709 [INFO] IPUIPlugin:80 - create IPUIPlugin
2023-10-08 20:09:11,709 [INFO] IPUIPlugin:80 - create IPUIPlugin
2023-10-08 20:09:11,710 [INFO] IPUIPlugin:80 - create IPUIPlugin
2023-10-08 20:09:11,862 [INFO] ApiDbMcu:507 - Load IP Config File for PDM2PCM
2023-10-08 20:09:12,315 [INFO] CADModel:165 - CPN selected for project levelSTM32F411RET6
2023-10-08 20:09:12,316 [INFO] CADModel:114 - Register for checkConnection events
2023-10-08 20:09:12,384 [INFO] OpenFileManager:328 - Restore cursor
2023-10-08 21:20:44,773 [ERROR] LogOutputStream:75 - [STDERR_REDIRECT] 
