2023-10-01 11:12:10,084 [INFO] Activator:176 - 


2023-10-01 11:12:10,085 [INFO] Activator:177 - !SESSION log4j initialized
2023-10-01 11:12:12,305 [INFO] LogOutputStream:77 - [STDOUT_REDIRECT] 
2023-10-01 11:12:19,234 [INFO] ApplicationProperties:184 - Using Application install path: C:\ST\STM32CubeIDE_1.13.2\STM32CubeIDE\plugins\com.st.stm32cube.common.mx_6.9.2.202309101412
2023-10-01 11:12:19,248 [INFO] DbMcusXml:78 - Set database path to: C:\ST\STM32CubeIDE_1.13.2\STM32CubeIDE\plugins\com.st.stm32cube.common.mx_6.9.2.202309101412\\db\/mcu/
2023-10-01 11:12:19,249 [INFO] ApiDb:274 - Set plugin database path to: C:\ST\STM32CubeIDE_1.13.2\STM32CubeIDE\plugins\com.st.stm32cube.common.mx_6.9.2.202309101412\\db\/plugins/boardmanager/
2023-10-01 11:12:19,249 [WARN] ApiDb:259 - Overriding images path with different value:  => C:\ST\STM32CubeIDE_1.13.2\STM32CubeIDE\plugins\com.st.stm32cube.common.mx_6.9.2.202309101412\\db\/plugins/mcufinder/images/
2023-10-01 11:12:19,259 [INFO] ApiDb:250 - Set database path to: C:\Users\57310\.stmcufinder\plugins\mcufinder//mcu/
2023-10-01 11:12:19,260 [INFO] DbMcusAds:125 - Set database path to: C:\Users\57310\.stmcufinder\plugins\mcufinder//mcu/
2023-10-01 11:12:19,262 [INFO] CrossReferenceDbSqlite:203 - Set database path to: C:\Users\57310\.stmcufinder\plugins\mcufinder//mcu/cs/
2023-10-01 11:12:19,350 [INFO] RulesReader:64 - Compatibility file has been processed (293 Rules)
2023-10-01 11:12:19,417 [INFO] DbMcusXml:78 - Set database path to: C:\ST\STM32CubeIDE_1.13.2\STM32CubeIDE\plugins\com.st.stm32cube.common.mx_6.9.2.202309101412\\db\/mcu/
2023-10-01 11:12:19,417 [INFO] ApiDb:274 - Set plugin database path to: C:\ST\STM32CubeIDE_1.13.2\STM32CubeIDE\plugins\com.st.stm32cube.common.mx_6.9.2.202309101412\\db\/plugins/boardmanager/
2023-10-01 11:12:19,418 [INFO] ApiDb:261 - Set plugin images path to: C:\ST\STM32CubeIDE_1.13.2\STM32CubeIDE\plugins\com.st.stm32cube.common.mx_6.9.2.202309101412\\db\/plugins/mcufinder/images/
2023-10-01 11:12:19,418 [WARN] DbFile:41 - Overriding database path with different value: C:\Users\57310\.stmcufinder\plugins\mcufinder/ => C:\Users\57310\.stmcufinder\plugins\mcufinder
2023-10-01 11:12:19,418 [INFO] ApiDb:250 - Set database path to: C:\Users\57310\.stmcufinder\plugins\mcufinder//mcu/
2023-10-01 11:12:19,418 [WARN] DbFile:41 - Overriding database path with different value: C:\Users\57310\.stmcufinder\plugins\mcufinder/ => C:\Users\57310\.stmcufinder\plugins\mcufinder
2023-10-01 11:12:19,418 [INFO] DbMcusAds:125 - Set database path to: C:\Users\57310\.stmcufinder\plugins\mcufinder//mcu/
2023-10-01 11:12:19,418 [WARN] DbFile:41 - Overriding database path with different value: C:\Users\57310\.stmcufinder\plugins\mcufinder/ => C:\Users\57310\.stmcufinder\plugins\mcufinder
2023-10-01 11:12:19,418 [WARN] DbFile:41 - Overriding database path with different value: C:\Users\57310\.stmcufinder\plugins\mcufinder/ => C:\Users\57310\.stmcufinder\plugins\mcufinder
2023-10-01 11:12:19,418 [INFO] CrossReferenceDbSqlite:203 - Set database path to: C:\Users\57310\.stmcufinder\plugins\mcufinder//mcu/cs/
2023-10-01 11:12:19,475 [INFO] MainPanel:262 - HeapMemory: 268435456
2023-10-01 11:12:19,534 [INFO] DbMcusXml:78 - Set database path to: C:\ST\STM32CubeIDE_1.13.2\STM32CubeIDE\plugins\com.st.stm32cube.common.mx_6.9.2.202309101412\\db\/mcu/
2023-10-01 11:12:19,534 [INFO] ApiDb:274 - Set plugin database path to: C:\ST\STM32CubeIDE_1.13.2\STM32CubeIDE\plugins\com.st.stm32cube.common.mx_6.9.2.202309101412\\db\/plugins/boardmanager/
2023-10-01 11:12:19,534 [INFO] ApiDb:261 - Set plugin images path to: C:\ST\STM32CubeIDE_1.13.2\STM32CubeIDE\plugins\com.st.stm32cube.common.mx_6.9.2.202309101412\\db\/plugins/mcufinder/images/
2023-10-01 11:12:19,534 [WARN] DbFile:41 - Overriding database path with different value: C:\Users\57310\.stmcufinder\plugins\mcufinder/ => C:\Users\57310\.stmcufinder\plugins\mcufinder
2023-10-01 11:12:19,534 [INFO] ApiDb:250 - Set database path to: C:\Users\57310\.stmcufinder\plugins\mcufinder//mcu/
2023-10-01 11:12:19,534 [WARN] DbFile:41 - Overriding database path with different value: C:\Users\57310\.stmcufinder\plugins\mcufinder/ => C:\Users\57310\.stmcufinder\plugins\mcufinder
2023-10-01 11:12:19,534 [INFO] DbMcusAds:125 - Set database path to: C:\Users\57310\.stmcufinder\plugins\mcufinder//mcu/
2023-10-01 11:12:19,535 [WARN] DbFile:41 - Overriding database path with different value: C:\Users\57310\.stmcufinder\plugins\mcufinder/ => C:\Users\57310\.stmcufinder\plugins\mcufinder
2023-10-01 11:12:19,535 [WARN] DbFile:41 - Overriding database path with different value: C:\Users\57310\.stmcufinder\plugins\mcufinder/ => C:\Users\57310\.stmcufinder\plugins\mcufinder
2023-10-01 11:12:19,535 [INFO] CrossReferenceDbSqlite:203 - Set database path to: C:\Users\57310\.stmcufinder\plugins\mcufinder//mcu/cs/
2023-10-01 11:12:19,549 [INFO] ApplicationProperties:184 - Using Application install path: C:\ST\STM32CubeIDE_1.13.2\STM32CubeIDE\plugins\com.st.stm32cube.common.mx_6.9.2.202309101412
2023-10-01 11:12:19,550 [INFO] PluginManage:196 - Search for loadable plugins [exclusion list=, ]
2023-10-01 11:12:19,551 [INFO] PluginManage:310 - Check plugin analytics
2023-10-01 11:12:24,231 [INFO] AnalyticsPlugin:253 - Accepted Software Licenses: 
2023-10-01 11:12:24,232 [INFO] AnalyticsPlugin:255 - Accepted CMSIS Pack Licenses: 
2023-10-01 11:12:24,232 [INFO] AnalyticsPlugin:257 - Accepted Firmware Licenses: 
2023-10-01 11:12:24,237 [INFO] PluginManage:359 - Loaded plugin analytics (category:tool,tabindex:-1)
2023-10-01 11:12:24,238 [INFO] PluginManage:310 - Check plugin cadmodel
2023-10-01 11:12:24,241 [INFO] CADModel:105 - Init CAD model plugin
2023-10-01 11:12:24,242 [INFO] PluginManage:359 - Loaded plugin cadmodel (category:power,tabindex:5)
2023-10-01 11:12:24,242 [INFO] PluginManage:310 - Check plugin clock
2023-10-01 11:12:24,253 [INFO] PluginManage:359 - Loaded plugin clock (category:base,tabindex:2)
2023-10-01 11:12:24,253 [INFO] PluginManage:310 - Check plugin ddr
2023-10-01 11:12:24,255 [INFO] PluginManage:359 - Loaded plugin ddr (category:tool,tabindex:6)
2023-10-01 11:12:24,255 [INFO] PluginManage:310 - Check plugin filemanager
2023-10-01 11:12:24,356 [INFO] PluginManage:359 - Loaded plugin filemanager (category:base,tabindex:10)
2023-10-01 11:12:24,356 [INFO] PluginManage:310 - Check plugin ipmanager
2023-10-01 11:12:24,362 [INFO] PluginManage:359 - Loaded plugin ipmanager (category:base,tabindex:5)
2023-10-01 11:12:24,362 [INFO] PluginManage:310 - Check plugin lpbam
2023-10-01 11:12:24,369 [INFO] PluginManage:359 - Loaded plugin lpbam (category:base,tabindex:0)
2023-10-01 11:12:24,369 [INFO] PluginManage:310 - Check plugin memorymap
2023-10-01 11:12:24,379 [INFO] PluginManage:359 - Loaded plugin memorymap (category:base,tabindex:4)
2023-10-01 11:12:24,379 [INFO] PluginManage:310 - Check plugin pinoutandconfiguration
2023-10-01 11:12:24,386 [INFO] PluginManage:359 - Loaded plugin pinoutandconfiguration (category:base,tabindex:1)
2023-10-01 11:12:24,386 [INFO] PluginManage:310 - Check plugin pinoutconfig
2023-10-01 11:12:24,487 [WARN] SupportedApi:132 - Cannot load RTOS API schema: s4s-elt-must-match.1: The content of 'definitions' must match (annotation?, (simpleType | complexType)?, (unique | key | keyref)*)). A problem was found starting at: attribute.
2023-10-01 11:12:24,602 [INFO] PluginManage:359 - Loaded plugin pinoutconfig (category:base,tabindex:0)
2023-10-01 11:12:24,602 [INFO] PluginManage:310 - Check plugin power
2023-10-01 11:12:24,610 [INFO] PluginManage:359 - Loaded plugin power (category:power,tabindex:4)
2023-10-01 11:12:24,610 [INFO] PluginManage:310 - Check plugin projectmanager
2023-10-01 11:12:24,624 [INFO] PluginManage:359 - Loaded plugin projectmanager (category:projectmanager,tabindex:3)
2023-10-01 11:12:24,624 [INFO] PluginManage:310 - Check plugin thirdparty
2023-10-01 11:12:24,741 [INFO] PluginManage:359 - Loaded plugin thirdparty (category:base,tabindex:-1)
2023-10-01 11:12:24,741 [INFO] PluginManage:310 - Check plugin tools
2023-10-01 11:12:24,741 [WARN] IntegrityCheckThread:84 - waiting for thirdparty lock release [integrity check]
2023-10-01 11:12:24,742 [INFO] IntegrityCheckThread:86 - entering critical section [integrity check]
2023-10-01 11:12:24,742 [INFO] ThirdPartyUpdaterWithRetryManager:70 - Updater plugin not ready yet. [1/15]
2023-10-01 11:12:24,745 [INFO] PluginManage:359 - Loaded plugin tools (category:base,tabindex:7)
2023-10-01 11:12:24,745 [INFO] PluginManage:310 - Check plugin tutovideos
2023-10-01 11:12:24,882 [INFO] PluginManage:359 - Loaded plugin tutovideos (category:base,tabindex:-1)
2023-10-01 11:12:24,882 [INFO] PluginManage:310 - Check plugin updater
2023-10-01 11:12:24,892 [INFO] PluginManage:359 - Loaded plugin updater (category:base,tabindex:12)
2023-10-01 11:12:24,892 [INFO] PluginManage:310 - Check plugin userauth
2023-10-01 11:12:24,896 [INFO] UserAuth:113 - Init User Auth plugin
2023-10-01 11:12:24,896 [INFO] PluginManage:359 - Loaded plugin userauth (category:base,tabindex:14)
2023-10-01 11:12:24,896 [INFO] PluginManage:283 - PluginManage : Loaded plugins [17]
2023-10-01 11:12:25,070 [INFO] PinOutPanel:1499 - setPackage(No Configuration,No Configuration)
2023-10-01 11:12:25,162 [INFO] CADModel:165 - CPN selected for project level
2023-10-01 11:12:25,162 [INFO] CADModel:114 - Register for checkConnection events
2023-10-01 11:12:25,177 [INFO] IPUIPlugin:80 - create IPUIPlugin
2023-10-01 11:12:25,177 [INFO] PluginManager:220 - loadIPPluginJar : add adc
2023-10-01 11:12:25,180 [INFO] IPUIPlugin:80 - create IPUIPlugin
2023-10-01 11:12:25,181 [INFO] PluginManager:220 - loadIPPluginJar : add aes
2023-10-01 11:12:25,184 [INFO] IPUIPlugin:80 - create IPUIPlugin
2023-10-01 11:12:25,184 [INFO] PluginManager:220 - loadIPPluginJar : add can
2023-10-01 11:12:25,186 [INFO] IPUIPlugin:80 - create IPUIPlugin
2023-10-01 11:12:25,186 [INFO] PluginManager:220 - loadIPPluginJar : add comp
2023-10-01 11:12:25,189 [INFO] IPUIPlugin:80 - create IPUIPlugin
2023-10-01 11:12:25,189 [INFO] PluginManager:220 - loadIPPluginJar : add cryp
2023-10-01 11:12:25,192 [INFO] IPUIPlugin:80 - create IPUIPlugin
2023-10-01 11:12:25,192 [INFO] PluginManager:220 - loadIPPluginJar : add dfsdm
2023-10-01 11:12:25,196 [INFO] IPUIPlugin:80 - create IPUIPlugin
2023-10-01 11:12:25,197 [INFO] PluginManager:220 - loadIPPluginJar : add dma
2023-10-01 11:12:25,200 [INFO] IPUIPlugin:80 - create IPUIPlugin
2023-10-01 11:12:25,200 [INFO] PluginManager:220 - loadIPPluginJar : add dma3
2023-10-01 11:12:25,201 [INFO] IPUIPlugin:80 - create IPUIPlugin
2023-10-01 11:12:25,202 [INFO] PluginManager:220 - loadIPPluginJar : add fatfs
2023-10-01 11:12:25,206 [INFO] IPUIPlugin:80 - create IPUIPlugin
2023-10-01 11:12:25,206 [INFO] PluginManager:220 - loadIPPluginJar : add fmc
2023-10-01 11:12:25,211 [INFO] IPUIPlugin:80 - create IPUIPlugin
2023-10-01 11:12:25,211 [INFO] PluginManager:220 - loadIPPluginJar : add freertos
2023-10-01 11:12:25,213 [INFO] IPUIPlugin:80 - create IPUIPlugin
2023-10-01 11:12:25,213 [INFO] PluginManager:220 - loadIPPluginJar : add genericplugin
2023-10-01 11:12:25,215 [INFO] IPUIPlugin:80 - create IPUIPlugin
2023-10-01 11:12:25,215 [INFO] PluginManager:220 - loadIPPluginJar : add gfxmmu
2023-10-01 11:12:25,221 [INFO] IPUIPlugin:80 - create IPUIPlugin
2023-10-01 11:12:25,221 [INFO] PluginManager:220 - loadIPPluginJar : add gic
2023-10-01 11:12:25,227 [INFO] IPUIPlugin:80 - create IPUIPlugin
2023-10-01 11:12:25,227 [INFO] PluginManager:220 - loadIPPluginJar : add gpio
2023-10-01 11:12:25,229 [INFO] IPUIPlugin:80 - create IPUIPlugin
2023-10-01 11:12:25,230 [INFO] PluginManager:220 - loadIPPluginJar : add gtzc
2023-10-01 11:12:25,232 [INFO] IPUIPlugin:80 - create IPUIPlugin
2023-10-01 11:12:25,233 [INFO] PluginManager:220 - loadIPPluginJar : add hash
2023-10-01 11:12:25,236 [INFO] IPUIPlugin:80 - create IPUIPlugin
2023-10-01 11:12:25,236 [INFO] PluginManager:220 - loadIPPluginJar : add i2c
2023-10-01 11:12:25,238 [INFO] IPUIPlugin:80 - create IPUIPlugin
2023-10-01 11:12:25,238 [INFO] PluginManager:220 - loadIPPluginJar : add i2s
2023-10-01 11:12:25,240 [INFO] IPUIPlugin:80 - create IPUIPlugin
2023-10-01 11:12:25,240 [INFO] PluginManager:220 - loadIPPluginJar : add i3c
2023-10-01 11:12:25,243 [INFO] IPUIPlugin:80 - create IPUIPlugin
2023-10-01 11:12:25,243 [INFO] PluginManager:220 - loadIPPluginJar : add ipddr
2023-10-01 11:12:25,248 [INFO] IPUIPlugin:80 - create IPUIPlugin
2023-10-01 11:12:25,248 [INFO] PluginManager:220 - loadIPPluginJar : add linkedlist
2023-10-01 11:12:25,252 [INFO] IPUIPlugin:80 - create IPUIPlugin
2023-10-01 11:12:25,253 [INFO] PluginManager:220 - loadIPPluginJar : add lorawan
2023-10-01 11:12:25,254 [INFO] IPUIPlugin:80 - create IPUIPlugin
2023-10-01 11:12:25,255 [INFO] PluginManager:220 - loadIPPluginJar : add ltdc
2023-10-01 11:12:25,259 [INFO] IPUIPlugin:80 - create IPUIPlugin
2023-10-01 11:12:25,259 [INFO] PluginManager:220 - loadIPPluginJar : add mdma
2023-10-01 11:12:25,262 [INFO] IPUIPlugin:80 - create IPUIPlugin
2023-10-01 11:12:25,262 [INFO] PluginManager:220 - loadIPPluginJar : add nvic
2023-10-01 11:12:25,265 [INFO] IPUIPlugin:80 - create IPUIPlugin
2023-10-01 11:12:25,265 [INFO] PluginManager:220 - loadIPPluginJar : add opamp
2023-10-01 11:12:25,269 [INFO] IPUIPlugin:80 - create IPUIPlugin
2023-10-01 11:12:25,269 [INFO] PluginManager:220 - loadIPPluginJar : add openamp
2023-10-01 11:12:25,273 [INFO] IPUIPlugin:80 - create IPUIPlugin
2023-10-01 11:12:25,273 [INFO] PluginManager:220 - loadIPPluginJar : add pdm2pcm
2023-10-01 11:12:25,279 [INFO] IPUIPlugin:80 - create IPUIPlugin
2023-10-01 11:12:25,281 [INFO] PluginManager:220 - loadIPPluginJar : add plateformsettings
2023-10-01 11:12:25,283 [INFO] IPUIPlugin:80 - create IPUIPlugin
2023-10-01 11:12:25,283 [INFO] PluginManager:220 - loadIPPluginJar : add quadspi
2023-10-01 11:12:25,287 [INFO] IPUIPlugin:80 - create IPUIPlugin
2023-10-01 11:12:25,287 [INFO] PluginManager:220 - loadIPPluginJar : add resmgrutility
2023-10-01 11:12:25,290 [INFO] IPUIPlugin:80 - create IPUIPlugin
2023-10-01 11:12:25,290 [INFO] PluginManager:220 - loadIPPluginJar : add sai
2023-10-01 11:12:25,293 [INFO] IPUIPlugin:80 - create IPUIPlugin
2023-10-01 11:12:25,293 [INFO] PluginManager:220 - loadIPPluginJar : add spi
2023-10-01 11:12:25,298 [INFO] IPUIPlugin:80 - create IPUIPlugin
2023-10-01 11:12:25,298 [INFO] PluginManager:220 - loadIPPluginJar : add stm32_wpan
2023-10-01 11:12:25,301 [INFO] IPUIPlugin:80 - create IPUIPlugin
2023-10-01 11:12:25,302 [INFO] PluginManager:220 - loadIPPluginJar : add tim
2023-10-01 11:12:25,307 [INFO] IPUIPlugin:80 - create IPUIPlugin
2023-10-01 11:12:25,307 [INFO] PluginManager:220 - loadIPPluginJar : add touchsensing
2023-10-01 11:12:25,310 [INFO] IPUIPlugin:80 - create IPUIPlugin
2023-10-01 11:12:25,311 [INFO] PluginManager:220 - loadIPPluginJar : add tracer_emb
2023-10-01 11:12:25,314 [INFO] IPUIPlugin:80 - create IPUIPlugin
2023-10-01 11:12:25,314 [INFO] PluginManager:220 - loadIPPluginJar : add ts
2023-10-01 11:12:25,316 [INFO] IPUIPlugin:80 - create IPUIPlugin
2023-10-01 11:12:25,316 [INFO] PluginManager:220 - loadIPPluginJar : add tsc
2023-10-01 11:12:25,319 [INFO] IPUIPlugin:80 - create IPUIPlugin
2023-10-01 11:12:25,319 [INFO] PluginManager:220 - loadIPPluginJar : add ucpd
2023-10-01 11:12:25,323 [INFO] IPUIPlugin:80 - create IPUIPlugin
2023-10-01 11:12:25,323 [INFO] PluginManager:220 - loadIPPluginJar : add usart
2023-10-01 11:12:25,326 [INFO] IPUIPlugin:80 - create IPUIPlugin
2023-10-01 11:12:25,326 [INFO] PluginManager:220 - loadIPPluginJar : add usbx
2023-10-01 11:12:25,472 [INFO] CADModel:165 - CPN selected for project level
2023-10-01 11:12:25,472 [INFO] CADModel:114 - Register for checkConnection events
2023-10-01 11:12:25,472 [FATAL] Updater:308 - Updater called before beeing initialized
2023-10-01 11:12:25,472 [ERROR] CADModel:125 - Updater not yet initialized, retry later 
2023-10-01 11:12:25,644 [INFO] CADModel:165 - CPN selected for project level
2023-10-01 11:12:25,644 [INFO] CADModel:114 - Register for checkConnection events
2023-10-01 11:12:25,644 [FATAL] Updater:308 - Updater called before beeing initialized
2023-10-01 11:12:25,644 [ERROR] CADModel:125 - Updater not yet initialized, retry later 
2023-10-01 11:12:25,647 [FATAL] Updater:308 - Updater called before beeing initialized
2023-10-01 11:12:25,767 [FATAL] Updater:308 - Updater called before beeing initialized
2023-10-01 11:12:25,772 [INFO] DbMcusAds:53 - JSON generation date=Tue Mar 07 03:50:55 COT 2023 (1678179055114)
2023-10-01 11:12:25,772 [FATAL] Updater:308 - Updater called before beeing initialized
2023-10-01 11:12:25,806 [WARN] DetailPanel:346 - Failed to get advertising image, set to default
2023-10-01 11:12:25,889 [FATAL] Updater:308 - Updater called before beeing initialized
2023-10-01 11:12:25,891 [FATAL] Updater:308 - Updater called before beeing initialized
2023-10-01 11:12:25,891 [FATAL] Updater:308 - Updater called before beeing initialized
2023-10-01 11:12:25,891 [WARN] DetailPanel:346 - Failed to get advertising image, set to default
2023-10-01 11:12:25,892 [FATAL] Updater:308 - Updater called before beeing initialized
2023-10-01 11:12:25,932 [ERROR] Updater:1120 - MainUpdater not yet initialized. External WinMGr cannot be set.
2023-10-01 11:12:25,935 [INFO] Updater:1056 - Updater Version found : 6.9.2
2023-10-01 11:12:25,954 [INFO] ApplicationProperties:184 - Using Application install path: C:\ST\STM32CubeIDE_1.13.2\STM32CubeIDE\plugins\com.st.stm32cube.common.mx_6.9.2.202309101412
2023-10-01 11:12:26,422 [INFO] MainUpdater:2868 - connection check result : 10
2023-10-01 11:12:26,423 [INFO] MainUpdater:285 - Updater Check For Update Now.
2023-10-01 11:12:26,423 [INFO] MicroXplorer:498 - Change Database Version : DB.6.0.92
2023-10-01 11:12:26,428 [INFO] McuFinderGlobals:63 - Set McuFinder mode to 2 (CubeIDE integrated)
2023-10-01 11:12:26,428 [INFO] UserAuth:179 - activating auth plugin
2023-10-01 11:12:26,430 [INFO] UserAuth:393 - Internet connection configuration mode: 1
2023-10-01 11:12:26,450 [INFO] JxBrowserEngine:151 - Initiate JxBrowser Engine with user profile folder
2023-10-01 11:12:26,590 [INFO] CheckServerUpdateThread:120 - End of CheckServer Thread
2023-10-01 11:12:27,429 [INFO] WebApp:157 - Instantiating new browser for Auth
2023-10-01 11:12:28,396 [WARN] PackLoader:240 - Cannot read IP mode file for STMicroelectronics.X-CUBE-SMBUS.2.1.0
2023-10-01 11:12:28,418 [WARN] PackLoader:240 - Cannot read IP mode file for STMicroelectronics.X-CUBE-SUBG2.4.1.0
2023-10-01 11:12:28,631 [WARN] PackLoader:240 - Cannot read IP mode file for STMicroelectronics.X-CUBE-MEMS1.9.2.0
2023-10-01 11:12:28,838 [WARN] PackLoader:240 - Cannot read IP mode file for STMicroelectronics.X-CUBE-AZRTOS-F7.1.1.0
2023-10-01 11:12:28,853 [WARN] PackLoader:240 - Cannot read IP mode file for STMicroelectronics.X-CUBE-AI.7.1.0
2023-10-01 11:12:28,858 [WARN] PackLoader:240 - Cannot read IP mode file for STMicroelectronics.X-CUBE-TOUCHGFX.4.19.1
2023-10-01 11:12:28,892 [WARN] PackLoader:240 - Cannot read IP mode file for STMicroelectronics.FP-SNS-MOTENV1.4.3.2
2023-10-01 11:12:28,899 [ERROR] RealEvaluatedCondition:428 - Found unsupported composite condition: CLASS='Data Exchange' GROUP='STM32_MetaDataManager'
2023-10-01 11:12:28,899 [ERROR] RealEvaluatedCondition:428 - Found unsupported composite condition: CLASS='Data Exchange' GROUP='STM32_MetaDataManager'
2023-10-01 11:12:28,901 [WARN] PackLoader:240 - Cannot read IP mode file for STMicroelectronics.FP-SNS-MOTENV1.4.3.1
2023-10-01 11:12:28,908 [WARN] PackLoader:240 - Cannot read IP mode file for STMicroelectronics.FP-SNS-FLIGHT1.5.0.1
2023-10-01 11:12:28,916 [WARN] PackLoader:240 - Cannot read IP mode file for STMicroelectronics.X-CUBE-BLE1.6.2.3
2023-10-01 11:12:28,922 [WARN] PackLoader:240 - Cannot read IP mode file for STMicroelectronics.X-CUBE-EEPRMA1.3.0.0
2023-10-01 11:12:28,930 [WARN] PackLoader:240 - Cannot read IP mode file for STMicroelectronics.X-CUBE-BLE1.6.2.4
2023-10-01 11:12:28,958 [WARN] PackLoader:240 - Cannot read IP mode file for STMicroelectronics.X-CUBE-BLE1.6.2.0
2023-10-01 11:12:29,097 [INFO] WebApp:753 - Register for checkConnection events
2023-10-01 11:12:29,097 [INFO] WebApp:390 - Apply proxy settings
2023-10-01 11:12:29,098 [INFO] WebApp:475 - Chromium requires no authentication
2023-10-01 11:12:29,103 [INFO] WebApp:418 - Direct internet connection detected
2023-10-01 11:12:29,125 [WARN] PackLoader:240 - Cannot read IP mode file for STMicroelectronics.FP-SNS-FLIGHT1.5.0.2
2023-10-01 11:12:29,229 [INFO] WebApp:188 - Starting web application
2023-10-01 11:12:29,229 [INFO] WebApp:520 - Web application path used C:\ST\STM32CubeIDE_1.13.2\STM32CubeIDE\plugins\com.st.stm32cube.common.mx_6.9.2.202309101412\db\plugins\mcufinder\reactClient1\index.html
2023-10-01 11:12:29,273 [WARN] PackLoader:240 - Cannot read IP mode file for STMicroelectronics.X-CUBE-BLE2.3.2.2
2023-10-01 11:12:29,841 [WARN] PackLoader:240 - Cannot read IP mode file for STMicroelectronics.X-CUBE-BLE2.3.2.0
2023-10-01 11:12:29,853 [WARN] PackLoader:240 - Cannot read IP mode file for STMicroelectronics.X-CUBE-DISPLAY.3.0.0
2023-10-01 11:12:29,864 [WARN] PackLoader:240 - Cannot read IP mode file for STMicroelectronics.X-CUBE-BLE1.7.0.0
2023-10-01 11:12:29,870 [WARN] PackLoader:240 - Cannot read IP mode file for emotas.I-CUBE-CANOPEN.1.3.0
2023-10-01 11:12:29,873 [WARN] PackLoader:240 - Cannot read IP mode file for STMicroelectronics.X-CUBE-TOUCHGFX.4.22.0
2023-10-01 11:12:29,900 [WARN] PackLoader:240 - Cannot read IP mode file for STMicroelectronics.X-CUBE-AZRTOS-H7.1.0.0
2023-10-01 11:12:29,945 [WARN] PackLoader:240 - Cannot read IP mode file for STMicroelectronics.X-CUBE-MEMS1.9.3.0
2023-10-01 11:12:30,090 [WARN] PackLoader:240 - Cannot read IP mode file for STMicroelectronics.FP-SNS-SMARTAG2.1.2.0
2023-10-01 11:12:30,098 [INFO] LogOutputStream:77 - [STDOUT_REDIRECT] 1 : Invalid condition id : UX_CORESTACK_Condition cause : null
2023-10-01 11:12:30,099 [INFO] LogOutputStream:77 - [STDOUT_REDIRECT] 1 : Invalid condition id : UX_CORESTACK_Condition cause : null
2023-10-01 11:12:30,100 [INFO] LogOutputStream:77 - [STDOUT_REDIRECT] 1 : Invalid condition id : UX_CORESTACK_Condition cause : null
2023-10-01 11:12:30,101 [INFO] LogOutputStream:77 - [STDOUT_REDIRECT] 1 : Invalid condition id : UX_CORESTACK_Condition cause : null
2023-10-01 11:12:30,102 [INFO] LogOutputStream:77 - [STDOUT_REDIRECT] 1 : Invalid condition id : UX_CORESTACK_Condition cause : null
2023-10-01 11:12:30,105 [WARN] PackLoader:240 - Cannot read IP mode file for STMicroelectronics.X-CUBE-AZRTOS-WL.2.0.0
2023-10-01 11:12:30,111 [WARN] PackLoader:240 - Cannot read IP mode file for STMicroelectronics.X-CUBE-ALGOBUILD.1.2.0
2023-10-01 11:12:30,120 [WARN] PackLoader:240 - Cannot read IP mode file for WES.I-CUBE-Cesium.1.3.0
2023-10-01 11:12:30,209 [WARN] PackLoader:240 - Cannot read IP mode file for STMicroelectronics.X-CUBE-BLE2.3.3.0
2023-10-01 11:12:30,216 [WARN] PackLoader:240 - Cannot read IP mode file for STMicroelectronics.X-CUBE-DISPLAY.2.2.0
2023-10-01 11:12:30,227 [WARN] PackLoader:240 - Cannot read IP mode file for STMicroelectronics.X-CUBE-TOF1.3.2.0
2023-10-01 11:12:30,246 [WARN] PackLoader:240 - Cannot read IP mode file for STMicroelectronics.X-CUBE-AZRTOS-H7.2.1.0
2023-10-01 11:12:30,384 [WARN] PackLoader:240 - Cannot read IP mode file for STMicroelectronics.X-CUBE-TOUCHGFX.4.21.1
2023-10-01 11:12:30,387 [WARN] PackLoader:240 - Cannot read IP mode file for STMicroelectronics.X-CUBE-TOUCHGFX.4.21.0
2023-10-01 11:12:30,390 [WARN] PackLoader:240 - Cannot read IP mode file for STMicroelectronics.X-CUBE-TOUCHGFX.4.21.4
2023-10-01 11:12:30,458 [WARN] PackLoader:240 - Cannot read IP mode file for STMicroelectronics.X-CUBE-MEMS1.9.4.0
2023-10-01 11:12:30,549 [WARN] PackLoader:240 - Cannot read IP mode file for STMicroelectronics.X-CUBE-AI.7.3.0
2023-10-01 11:12:30,725 [WARN] PackLoader:240 - Cannot read IP mode file for STMicroelectronics.X-CUBE-ALGOBUILD.1.3.0
2023-10-01 11:12:30,962 [WARN] PackLoader:240 - Cannot read IP mode file for STMicroelectronics.X-CUBE-AZRTOS-G0.1.1.0
2023-10-01 11:12:31,476 [WARN] PackLoader:240 - Cannot read IP mode file for STMicroelectronics.X-CUBE-NFC4.3.0.0
2023-10-01 11:12:31,834 [WARN] PackLoader:240 - Cannot read IP mode file for SEGGER.I-CUBE-embOS.1.2.0
2023-10-01 11:12:32,086 [WARN] PackLoader:240 - Cannot read IP mode file for STMicroelectronics.X-CUBE-BLEMGR.1.3.0
2023-10-01 11:12:32,092 [WARN] PackLoader:240 - Cannot read IP mode file for STMicroelectronics.FP-ATR-SIGFOX1.3.2.0
2023-10-01 11:12:32,166 [WARN] PackLoader:240 - Cannot read IP mode file for emotas.I-CUBE-CANOPEN.1.1.2
2023-10-01 11:12:32,401 [WARN] PackLoader:240 - Cannot read IP mode file for STMicroelectronics.X-CUBE-TOUCHGFX.4.20.0
2023-10-01 11:12:32,449 [WARN] PackLoader:240 - Cannot read IP mode file for STMicroelectronics.X-CUBE-MEMS1.9.5.0
2023-10-01 11:12:32,586 [WARN] PackLoader:240 - Cannot read IP mode file for SEGGER.I-CUBE-embOS.1.3.1
2023-10-01 11:12:32,793 [WARN] PackLoader:240 - Cannot read IP mode file for STMicroelectronics.X-CUBE-TOUCHGFX.4.16.1
2023-10-01 11:12:32,842 [WARN] PackLoader:240 - Cannot read IP mode file for STMicroelectronics.X-CUBE-TOF1.3.0.0
2023-10-01 11:12:32,999 [WARN] PackLoader:240 - Cannot read IP mode file for STMicroelectronics.X-CUBE-GNSS1.6.0.0
2023-10-01 11:12:33,088 [WARN] PackLoader:240 - Cannot read IP mode file for STMicroelectronics.X-CUBE-AZRTOS-F4.1.1.0
2023-10-01 11:12:33,103 [WARN] PackLoader:240 - Cannot read IP mode file for wolfSSL.I-CUBE-wolfSSL.5.6.3
2023-10-01 11:12:33,148 [WARN] PackLoader:240 - Cannot read IP mode file for STMicroelectronics.X-CUBE-BLEMGR.1.2.0
2023-10-01 11:12:33,163 [WARN] PackLoader:240 - Cannot read IP mode file for STMicroelectronics.X-CUBE-AZRTOS-L5.2.0.0
2023-10-01 11:12:33,208 [WARN] PackLoader:240 - Cannot read IP mode file for STMicroelectronics.X-CUBE-MEMS1.9.6.0
2023-10-01 11:12:33,406 [WARN] PackLoader:240 - Cannot read IP mode file for STMicroelectronics.X-CUBE-BLEMGR.2.0.0
2023-10-01 11:12:33,411 [WARN] PackLoader:240 - Cannot read IP mode file for STMicroelectronics.X-CUBE-NFC4.2.0.5
2023-10-01 11:12:33,627 [WARN] PackLoader:240 - Cannot read IP mode file for STMicroelectronics.X-CUBE-NFC4.2.0.4
2023-10-01 11:12:33,909 [WARN] PackLoader:240 - Cannot read IP mode file for STMicroelectronics.X-CUBE-NFC4.2.0.2
2023-10-01 11:12:33,980 [WARN] ConditionMgr:438 - getConditionDescription Invalid condition id : UX DEVICE CLASS RTOS Condition cause : null
2023-10-01 11:12:33,980 [WARN] ConditionMgr:438 - getConditionDescription Invalid condition id : UX DEVICE CLASS RTOS Condition cause : null
2023-10-01 11:12:33,982 [WARN] PackLoader:240 - Cannot read IP mode file for STMicroelectronics.X-CUBE-AZRTOS-H7.3.1.0
2023-10-01 11:12:33,982 [WARN] ConditionMgr:1039 - genDependencies : Invalid condition id : UX DEVICE CLASS RTOS Condition cause : null
2023-10-01 11:12:33,982 [WARN] ConditionMgr:1039 - genDependencies : Invalid condition id : UX DEVICE CLASS RTOS Condition cause : null
2023-10-01 11:12:33,983 [WARN] ConditionMgr:1039 - genDependencies : Invalid condition id : UX DEVICE CLASS RTOS Condition cause : null
2023-10-01 11:12:33,983 [WARN] ConditionMgr:1039 - genDependencies : Invalid condition id : UX DEVICE CLASS RTOS Condition cause : null
2023-10-01 11:12:33,983 [WARN] ConditionMgr:1039 - genDependencies : Invalid condition id : UX DEVICE CLASS RTOS Condition cause : null
2023-10-01 11:12:34,003 [WARN] PackLoader:240 - Cannot read IP mode file for STMicroelectronics.X-CUBE-SFXS2LP1.3.1.0
2023-10-01 11:12:34,013 [WARN] PackLoader:240 - Cannot read IP mode file for STMicroelectronics.X-CUBE-AZRTOS-F4.1.0.0
2023-10-01 11:12:34,066 [WARN] PackLoader:240 - Cannot read IP mode file for STMicroelectronics.X-CUBE-NFC7.1.0.1
2023-10-01 11:12:34,069 [WARN] PackLoader:240 - Cannot read IP mode file for STMicroelectronics.X-CUBE-NFC7.1.0.0
2023-10-01 11:12:34,128 [WARN] PackLoader:240 - Cannot read IP mode file for STMicroelectronics.X-CUBE-NFC6.3.0.0
2023-10-01 11:12:34,132 [WARN] PackLoader:240 - Cannot read IP mode file for STMicroelectronics.X-CUBE-EEPRMA1.4.1.0
2023-10-01 11:12:34,191 [WARN] PackLoader:240 - Cannot read IP mode file for STMicroelectronics.X-CUBE-DISPLAY.1.0.0
2023-10-01 11:12:34,243 [WARN] PackLoader:240 - Cannot read IP mode file for STMicroelectronics.X-CUBE-AI.8.1.0
2023-10-01 11:12:34,316 [WARN] PackLoader:240 - Cannot read IP mode file for STMicroelectronics.X-CUBE-AI.6.0.0
2023-10-01 11:12:34,324 [WARN] PackLoader:240 - Cannot read IP mode file for STMicroelectronics.X-CUBE-AZRTOS-G0.1.0.0
2023-10-01 11:12:34,343 [WARN] ConditionMgr:438 - getConditionDescription Invalid condition id : LAN8742 Phy interface Condition cause : null
2023-10-01 11:12:34,343 [WARN] PackLoader:240 - Cannot read IP mode file for STMicroelectronics.X-CUBE-AZRTOS-L4.2.0.0
2023-10-01 11:12:34,344 [WARN] ConditionMgr:1039 - genDependencies : Invalid condition id : LAN8742 Phy interface Condition cause : null
2023-10-01 11:12:34,344 [WARN] ConditionMgr:1039 - genDependencies : Invalid condition id : LAN8742 Phy interface Condition cause : null
2023-10-01 11:12:34,345 [WARN] ConditionMgr:1039 - genDependencies : Invalid condition id : LAN8742 Phy interface Condition cause : null
2023-10-01 11:12:34,349 [WARN] PackLoader:240 - Cannot read IP mode file for STMicroelectronics.X-CUBE-SFXS2LP1.4.0.0
2023-10-01 11:12:34,352 [WARN] PackLoader:240 - Cannot read IP mode file for wolfSSL.I-CUBE-wolfSSL.4.7.0
2023-10-01 11:12:34,363 [WARN] PackLoader:240 - Cannot read IP mode file for STMicroelectronics.X-CUBE-AZRTOS-H7.3.0.0
2023-10-01 11:12:34,369 [WARN] PackLoader:240 - Cannot read IP mode file for STMicroelectronics.X-CUBE-ISPU.1.1.0
2023-10-01 11:12:34,377 [WARN] PackLoader:240 - Cannot read IP mode file for RoweBots.I-CUBE-UNISONRTOS.5.5.0-4
2023-10-01 11:12:34,383 [WARN] PackLoader:240 - Cannot read IP mode file for STMicroelectronics.X-CUBE-SFXS2LP1.3.0.0
2023-10-01 11:12:34,387 [WARN] PackLoader:240 - Cannot read IP mode file for STMicroelectronics.X-CUBE-AI.8.0.0
2023-10-01 11:12:34,398 [WARN] ConditionMgr:438 - getConditionDescription Invalid condition id : UX DEVICE CLASS RTOS Condition cause : null
2023-10-01 11:12:34,398 [WARN] ConditionMgr:438 - getConditionDescription Invalid condition id : UX DEVICE CLASS RTOS Condition cause : null
2023-10-01 11:12:34,400 [WARN] PackLoader:240 - Cannot read IP mode file for STMicroelectronics.X-CUBE-AZRTOS-WB.2.0.0
2023-10-01 11:12:34,400 [WARN] ConditionMgr:1039 - genDependencies : Invalid condition id : UX DEVICE CLASS RTOS Condition cause : null
2023-10-01 11:12:34,400 [WARN] ConditionMgr:1039 - genDependencies : Invalid condition id : UX DEVICE CLASS RTOS Condition cause : null
2023-10-01 11:12:34,401 [WARN] ConditionMgr:1039 - genDependencies : Invalid condition id : UX DEVICE CLASS RTOS Condition cause : null
2023-10-01 11:12:34,401 [WARN] ConditionMgr:1039 - genDependencies : Invalid condition id : UX DEVICE CLASS RTOS Condition cause : null
2023-10-01 11:12:34,401 [WARN] ConditionMgr:1039 - genDependencies : Invalid condition id : UX DEVICE CLASS RTOS Condition cause : null
2023-10-01 11:12:34,406 [WARN] PackLoader:240 - Cannot read IP mode file for STMicroelectronics.X-CUBE-FREERTOS.1.0.0
2023-10-01 11:12:34,409 [WARN] PackLoader:240 - Cannot read IP mode file for STMicroelectronics.X-CUBE-FREERTOS.1.0.1
2023-10-01 11:12:34,419 [WARN] PackLoader:240 - Cannot read IP mode file for STMicroelectronics.X-CUBE-AZRTOS-L5.1.1.0
2023-10-01 11:12:34,423 [WARN] PackLoader:240 - Cannot read IP mode file for STMicroelectronics.X-CUBE-AI.8.0.1
2023-10-01 11:12:34,429 [WARN] PackLoader:240 - Cannot read IP mode file for STMicroelectronics.X-CUBE-SUBG2.5.0.0
2023-10-01 11:12:34,438 [WARN] PackLoader:240 - Cannot read IP mode file for STMicroelectronics.X-CUBE-TOF1.3.3.1
2023-10-01 11:12:34,451 [WARN] PackLoader:240 - Cannot read IP mode file for STMicroelectronics.X-CUBE-AZRTOS-G4.2.0.0
2023-10-01 11:12:34,458 [WARN] PackLoader:240 - Cannot read IP mode file for STMicroelectronics.X-CUBE-TOF1.3.3.0
2023-10-01 11:12:34,464 [WARN] PackLoader:240 - Cannot read IP mode file for STMicroelectronics.FP-ATR-ASTRA1.1.1.1
2023-10-01 11:12:34,472 [WARN] PackLoader:240 - Cannot read IP mode file for STMicroelectronics.X-CUBE-AZRTOS-G4.1.0.0
2023-10-01 11:12:34,476 [WARN] PackLoader:240 - Cannot read IP mode file for wolfSSL.I-CUBE-wolfSSL.5.3.0
2023-10-01 11:12:34,484 [WARN] PackLoader:240 - Cannot read IP mode file for STMicroelectronics.X-CUBE-AZRTOS-L4.1.0.0
2023-10-01 11:12:34,489 [WARN] PackLoader:240 - Cannot read IP mode file for STMicroelectronics.X-CUBE-FREERTOS.1.1.0
2023-10-01 11:12:34,503 [WARN] PackLoader:240 - Cannot read IP mode file for STMicroelectronics.X-CUBE-AZRTOS-F7.1.0.0
2023-10-01 11:12:34,511 [WARN] PackLoader:240 - Cannot read IP mode file for STMicroelectronics.X-CUBE-AZRTOS-WL.1.0.0
2023-10-01 11:12:34,515 [WARN] PackLoader:240 - Cannot read IP mode file for STMicroelectronics.X-CUBE-TOF1.1.0.0
2023-10-01 11:12:34,520 [WARN] PackLoader:240 - Cannot read IP mode file for portGmbH.I-Cube-SoM-uGOAL.1.1.0
2023-10-01 11:12:34,524 [WARN] PackLoader:240 - Cannot read IP mode file for STMicroelectronics.X-CUBE-ALS.1.0.1
2023-10-01 11:12:34,533 [WARN] PackLoader:240 - Cannot read IP mode file for STMicroelectronics.X-CUBE-AZRTOS-WB.1.1.0
2023-10-01 11:12:34,554 [WARN] PackLoader:240 - Cannot read IP mode file for STMicroelectronics.X-CUBE-MEMS1.8.3.0
2023-10-01 11:12:34,608 [WARN] PackLoader:240 - Cannot read IP mode file for STMicroelectronics.X-CUBE-AZRTOS-L5.1.0.0
2023-10-01 11:12:34,613 [WARN] PackLoader:240 - Cannot read IP mode file for STMicroelectronics.X-CUBE-EEPRMA1.3.1.1
2023-10-01 11:12:34,617 [WARN] PackLoader:240 - Cannot read IP mode file for STMicroelectronics.X-CUBE-GNSS1.5.2.0
2023-10-01 11:12:34,620 [WARN] PackLoader:240 - Cannot read IP mode file for STMicroelectronics.FP-ATR-ASTRA1.2.0.0
2023-10-01 11:12:34,620 [INFO] ThirdParty:978 - Integrity check success = true
2023-10-01 11:12:34,620 [INFO] IntegrityCheckThread:100 - exiting critical section [integrity check]
2023-10-01 11:12:34,620 [INFO] IntegrityCheckThread:103 - End integrity checks thread
2023-10-01 11:12:50,053 [ERROR] LogOutputStream:75 - [STDERR_REDIRECT] SLF4J: Failed to load class "org.slf4j.impl.StaticLoggerBinder".
2023-10-01 11:12:50,054 [ERROR] LogOutputStream:75 - [STDERR_REDIRECT] SLF4J: Defaulting to no-operation (NOP) logger implementation
2023-10-01 11:12:50,055 [ERROR] LogOutputStream:75 - [STDERR_REDIRECT] SLF4J: See http://www.slf4j.org/codes.html#StaticLoggerBinder for further details.
2023-10-01 11:14:01,057 [INFO] McuFinderGlobals:63 - Set McuFinder mode to 2 (CubeIDE integrated)
2023-10-01 11:14:02,877 [INFO] MainUpdater:2868 - connection check result : 10
2023-10-01 11:14:02,879 [INFO] MainUpdater:2868 - connection check result : 10
2023-10-01 11:14:02,921 [INFO] MicroXplorer:468 - Change Database Path : 
2023-10-01 11:14:02,921 [INFO] MicroXplorer:498 - Change Database Version : DB.6.0.92
2023-10-01 11:14:02,928 [WARN] ThirdParty:871 - waiting for thirdparty lock release [close project]
2023-10-01 11:14:02,928 [INFO] ThirdParty:873 - entering critical section [close project]
2023-10-01 11:14:02,931 [INFO] ThirdParty:883 - exiting critical section [close project]
2023-10-01 11:14:02,933 [INFO] PinOutPanel:1499 - setPackage(No Configuration,No Configuration)
2023-10-01 11:14:02,941 [INFO] UtilMem:75 - Begin LoadConfig() Used Memory: 507957536 Bytes (861929472)
2023-10-01 11:14:02,963 [INFO] MicroXplorer:468 - Change Database Path : C:/Users/57310/.stm32cubemx/databases/DB.6.0.60/db/
2023-10-01 11:14:02,964 [INFO] MicroXplorer:498 - Change Database Version : DB.6.0.60
2023-10-01 11:14:04,295 [INFO] MicroXplorer:468 - Change Database Path : 
2023-10-01 11:14:04,295 [INFO] MicroXplorer:498 - Change Database Version : DB.6.0.92
2023-10-01 11:14:04,295 [INFO] OpenFileManager:308 - Change cursor
2023-10-01 11:14:04,315 [INFO] Mcu:1946 - Initializing MCU STM32F411R(C-E)Tx STM32F411RETx STM32F411RET6
2023-10-01 11:14:05,407 [INFO] Context:659 - Trying to add GPIOservice into a context  which must be forbidden
2023-10-01 11:14:05,766 [INFO] Rule:228 - rule WakeUp0 Mode is applicable
2023-10-01 11:14:05,766 [INFO] Rule:228 - rule WakeUp0 SIGNAL is applicable
2023-10-01 11:14:05,766 [INFO] Rule:228 - rule WakeUp1 Mode is applicable
2023-10-01 11:14:05,767 [INFO] Rule:228 - rule WakeUp1 SIGNAL is applicable
2023-10-01 11:14:05,767 [INFO] Rule:228 - rule WakeUp2 Mode is applicable
2023-10-01 11:14:05,767 [INFO] Rule:228 - rule WakeUp2 SIGNAL is applicable
2023-10-01 11:14:05,767 [INFO] Rule:228 - rule WakeUp4 Mode is applicable
2023-10-01 11:14:05,767 [INFO] Rule:228 - rule WakeUp4 SIGNAL is applicable
2023-10-01 11:14:05,767 [INFO] Rule:228 - rule WakeUp5 Mode is applicable
2023-10-01 11:14:05,767 [INFO] Rule:228 - rule WakeUp5 SIGNAL is applicable
2023-10-01 11:14:05,767 [INFO] Rule:228 - rule Change Default Value for LSE Drive Capability for WB family is applicable
2023-10-01 11:14:05,768 [INFO] DbConfProperties:307 - Apply Compatibility (0/11 Rules)
2023-10-01 11:14:06,111 [INFO] RtosManager:555 - Registered RTOS mode: class=CMSIS, group=RTOS, mode=CMSIS_V1, owner=FREERTOS
2023-10-01 11:14:06,111 [INFO] RtosManager:555 - Registered RTOS mode: class=CMSIS, group=RTOS2, mode=CMSIS_V2, owner=FREERTOS
2023-10-01 11:14:06,111 [INFO] RtosManager:555 - Registered RTOS mode: class=RTOS, group=Core, mode=CMSIS_V1, owner=FREERTOS
2023-10-01 11:14:06,111 [INFO] RtosManager:555 - Registered RTOS mode: class=RTOS, group=Core, mode=CMSIS_V2, owner=FREERTOS
2023-10-01 11:14:06,111 [WARN] ModelIntegratedComponent:184 - Missing modes for component STMicroelectronics:FreeRTOS:0.0.1:STMicroelectronics:RTOS:FreeRTOS:Core:::10.2.0:
2023-10-01 11:14:06,119 [WARN] ModelIntegratedComponent:63 - No mode defined for component null
2023-10-01 11:14:06,119 [WARN] ModelIntegratedComponent:63 - No mode defined for component null
2023-10-01 11:14:06,119 [WARN] ModelIntegratedComponent:63 - No mode defined for component null
2023-10-01 11:14:06,119 [WARN] ModelIntegratedComponent:63 - No mode defined for component null
2023-10-01 11:14:06,119 [WARN] ModelIntegratedComponent:63 - No mode defined for component null
2023-10-01 11:14:06,119 [WARN] ModelIntegratedComponent:63 - No mode defined for component null
2023-10-01 11:14:06,119 [WARN] ModelIntegratedComponent:63 - No mode defined for component null
2023-10-01 11:14:06,119 [WARN] ModelIntegratedComponent:63 - No mode defined for component null
2023-10-01 11:14:06,119 [WARN] ModelIntegratedComponent:63 - No mode defined for component null
2023-10-01 11:14:06,119 [WARN] ModelIntegratedComponent:63 - No mode defined for component null
2023-10-01 11:14:06,119 [WARN] ModelIntegratedComponent:63 - No mode defined for component null
2023-10-01 11:14:06,119 [WARN] ModelIntegratedComponent:63 - No mode defined for component null
2023-10-01 11:14:06,119 [WARN] ModelIntegratedComponent:63 - No mode defined for component null
2023-10-01 11:14:06,119 [WARN] ModelIntegratedComponent:63 - No mode defined for component null
2023-10-01 11:14:06,120 [WARN] ModelIntegratedComponent:63 - No mode defined for component null
2023-10-01 11:14:06,120 [WARN] ModelIntegratedComponent:63 - No mode defined for component null
2023-10-01 11:14:06,120 [WARN] ModelIntegratedComponent:63 - No mode defined for component null
2023-10-01 11:14:06,120 [WARN] ModelIntegratedComponent:63 - No mode defined for component null
2023-10-01 11:14:06,120 [WARN] ModelIntegratedComponent:63 - No mode defined for component null
2023-10-01 11:14:06,120 [WARN] ModelIntegratedComponent:63 - No mode defined for component null
2023-10-01 11:14:06,120 [WARN] ModelIntegratedComponent:63 - No mode defined for component null
2023-10-01 11:14:06,120 [WARN] ModelIntegratedComponent:63 - No mode defined for component null
2023-10-01 11:14:06,120 [WARN] ModelIntegratedComponent:63 - No mode defined for component null
2023-10-01 11:14:06,120 [WARN] ModelIntegratedComponent:63 - No mode defined for component null
2023-10-01 11:14:06,120 [WARN] ModelIntegratedComponent:63 - No mode defined for component null
2023-10-01 11:14:06,120 [WARN] ModelIntegratedComponent:63 - No mode defined for component null
2023-10-01 11:14:06,120 [WARN] ModelIntegratedComponent:63 - No mode defined for component null
2023-10-01 11:14:06,120 [WARN] ModelIntegratedComponent:63 - No mode defined for component null
2023-10-01 11:14:06,120 [WARN] ModelIntegratedComponent:63 - No mode defined for component null
2023-10-01 11:14:06,120 [WARN] ModelIntegratedComponent:63 - No mode defined for component null
2023-10-01 11:14:06,120 [WARN] ModelIntegratedComponent:63 - No mode defined for component null
2023-10-01 11:14:06,121 [WARN] ModelIntegratedComponent:63 - No mode defined for component null
2023-10-01 11:14:06,121 [WARN] ModelIntegratedComponent:63 - No mode defined for component null
2023-10-01 11:14:06,195 [WARN] ModelIntegratedComponent:182 - Modes not found for component STMicroelectronics:USB_DEVICE:1.0.0:STMicroelectronics:USB::USB Device:Audio HS::1.0:USB_DEVICE_1_0_RESTRICTED_HS
2023-10-01 11:14:06,195 [WARN] ModelIntegratedComponent:188 - Modes not found for component STMicroelectronics:USB_DEVICE:1.0.0:STMicroelectronics:USB::USB Device:Audio HS::1.0:USB_DEVICE_1_0_RESTRICTED_HS
2023-10-01 11:14:06,195 [WARN] ModelIntegratedComponent:182 - Modes not found for component STMicroelectronics:USB_DEVICE:1.0.0:STMicroelectronics:USB::USB Device:CDC HS::1.0:USB_DEVICE_1_0_RESTRICTED_HS
2023-10-01 11:14:06,195 [WARN] ModelIntegratedComponent:188 - Modes not found for component STMicroelectronics:USB_DEVICE:1.0.0:STMicroelectronics:USB::USB Device:CDC HS::1.0:USB_DEVICE_1_0_RESTRICTED_HS
2023-10-01 11:14:06,195 [WARN] ModelIntegratedComponent:182 - Modes not found for component STMicroelectronics:USB_DEVICE:1.0.0:STMicroelectronics:USB::USB Device:DFU HS::1.0:USB_DEVICE_1_0_RESTRICTED_HS
2023-10-01 11:14:06,195 [WARN] ModelIntegratedComponent:188 - Modes not found for component STMicroelectronics:USB_DEVICE:1.0.0:STMicroelectronics:USB::USB Device:DFU HS::1.0:USB_DEVICE_1_0_RESTRICTED_HS
2023-10-01 11:14:06,195 [WARN] ModelIntegratedComponent:182 - Modes not found for component STMicroelectronics:USB_DEVICE:1.0.0:STMicroelectronics:USB::USB Device:HID HS::1.0:USB_DEVICE_1_0_RESTRICTED_HS
2023-10-01 11:14:06,195 [WARN] ModelIntegratedComponent:188 - Modes not found for component STMicroelectronics:USB_DEVICE:1.0.0:STMicroelectronics:USB::USB Device:HID HS::1.0:USB_DEVICE_1_0_RESTRICTED_HS
2023-10-01 11:14:06,196 [WARN] ModelIntegratedComponent:182 - Modes not found for component STMicroelectronics:USB_DEVICE:1.0.0:STMicroelectronics:USB::USB Device:Custom HID HS::1.0:USB_DEVICE_1_0_RESTRICTED_HS
2023-10-01 11:14:06,196 [WARN] ModelIntegratedComponent:188 - Modes not found for component STMicroelectronics:USB_DEVICE:1.0.0:STMicroelectronics:USB::USB Device:Custom HID HS::1.0:USB_DEVICE_1_0_RESTRICTED_HS
2023-10-01 11:14:06,196 [WARN] ModelIntegratedComponent:182 - Modes not found for component STMicroelectronics:USB_DEVICE:1.0.0:STMicroelectronics:USB::USB Device:MSC HS::1.0:USB_DEVICE_1_0_RESTRICTED_HS
2023-10-01 11:14:06,196 [WARN] ModelIntegratedComponent:188 - Modes not found for component STMicroelectronics:USB_DEVICE:1.0.0:STMicroelectronics:USB::USB Device:MSC HS::1.0:USB_DEVICE_1_0_RESTRICTED_HS
2023-10-01 11:14:06,288 [WARN] ModelIntegratedComponent:182 - Modes not found for component STMicroelectronics:USB_HOST:1.0.0:STMicroelectronics:USB::USB Host:Audio HS::1.0:USB_HOST_1_0_RESTRICTED_HS
2023-10-01 11:14:06,288 [WARN] ModelIntegratedComponent:188 - Modes not found for component STMicroelectronics:USB_HOST:1.0.0:STMicroelectronics:USB::USB Host:Audio HS::1.0:USB_HOST_1_0_RESTRICTED_HS
2023-10-01 11:14:06,288 [WARN] ModelIntegratedComponent:182 - Modes not found for component STMicroelectronics:USB_HOST:1.0.0:STMicroelectronics:USB::USB Host:CDC HS::1.0:USB_HOST_1_0_RESTRICTED_HS
2023-10-01 11:14:06,288 [WARN] ModelIntegratedComponent:188 - Modes not found for component STMicroelectronics:USB_HOST:1.0.0:STMicroelectronics:USB::USB Host:CDC HS::1.0:USB_HOST_1_0_RESTRICTED_HS
2023-10-01 11:14:06,288 [WARN] ModelIntegratedComponent:182 - Modes not found for component STMicroelectronics:USB_HOST:1.0.0:STMicroelectronics:USB::USB Host:MSC HS::1.0:USB_HOST_1_0_RESTRICTED_HS
2023-10-01 11:14:06,288 [WARN] ModelIntegratedComponent:188 - Modes not found for component STMicroelectronics:USB_HOST:1.0.0:STMicroelectronics:USB::USB Host:MSC HS::1.0:USB_HOST_1_0_RESTRICTED_HS
2023-10-01 11:14:06,288 [WARN] ModelIntegratedComponent:182 - Modes not found for component STMicroelectronics:USB_HOST:1.0.0:STMicroelectronics:USB::USB Host:HID HS::1.0:USB_HOST_1_0_RESTRICTED_HS
2023-10-01 11:14:06,288 [WARN] ModelIntegratedComponent:188 - Modes not found for component STMicroelectronics:USB_HOST:1.0.0:STMicroelectronics:USB::USB Host:HID HS::1.0:USB_HOST_1_0_RESTRICTED_HS
2023-10-01 11:14:06,288 [WARN] ModelIntegratedComponent:182 - Modes not found for component STMicroelectronics:USB_HOST:1.0.0:STMicroelectronics:USB::USB Host:MTP HS::1.0:USB_HOST_1_0_RESTRICTED_HS
2023-10-01 11:14:06,288 [WARN] ModelIntegratedComponent:188 - Modes not found for component STMicroelectronics:USB_HOST:1.0.0:STMicroelectronics:USB::USB Host:MTP HS::1.0:USB_HOST_1_0_RESTRICTED_HS
2023-10-01 11:14:06,438 [INFO] ThirdPartyModel:298 - Start build external matchings
2023-10-01 11:14:09,492 [INFO] ThirdPartyModel:316 - End build external matchings
2023-10-01 11:14:09,564 [INFO] ImportTextPane:194 - (OptionalMessage_ERROR) IP (RCC) : Parameter (RTCHSEDivFreq_Value) has invalid value (4000000)
2023-10-01 11:14:09,856 [INFO] UtilMem:75 - End LoadConfig() Used Memory: 796210648 Bytes (1073741824)
2023-10-01 11:14:10,339 [INFO] ApiDb:581 - Connected to CubeFinder SQLite database (C:\Users\57310\.stmcufinder\plugins\mcufinder\mcu\cube-finder-db.db)
2023-10-01 11:14:10,396 [INFO] ApiDb:668 - CubeFinder database Data Model version=2.1
2023-10-01 11:14:10,396 [INFO] ApiDb:669 - CubeFinder database Configuration version=3.0.37
2023-10-01 11:14:10,397 [INFO] ApiDb:670 - CubeFinder database generation date=2023-08-09 (1691586011)
2023-10-01 11:14:10,397 [INFO] ApiDb:671 - CubeFinder database FW Pack versions=[FP-ATR-ASTRA1_V2.0.0, FP-SNS-FLIGHT1_V5.0.1, FP-SNS-FLIGHT1_V5.0.2, FP-SNS-MOTENV1_V4.3.1, FP-SNS-MOTENV1_V4.3.2, STM32Cube_FW_C0_V1.1.0, STM32Cube_FW_F4_V1.27.1, STM32Cube_FW_F7_V1.17.0, STM32Cube_FW_G0_V1.6.1, STM32Cube_FW_G4_V1.5.1, STM32Cube_FW_H5_V0.5.1, STM32Cube_FW_H5_V1.1.0, STM32Cube_FW_H7_V1.11.0, STM32Cube_FW_L0_V1.12.2, STM32Cube_FW_L5_V1.5.0, STM32Cube_FW_U5_V1.3.0, STM32Cube_FW_U5_V1.3.0RC4, STM32Cube_FW_WBA_V1.0.0RC1, STM32Cube_FW_WBA_V1.1.0, STM32Cube_FW_WBA_V1.1.0RC1, STM32Cube_FW_WB_V1.15.0RC1, STM32Cube_FW_WB_V1.16.0, STM32Cube_FW_WB_V1.16.0RC2, STM32Cube_FW_WB_V1.17.0, STM32Cube_FW_WL_V1.3.0, X-CUBE-ALGOBUILD_V1.3.0, X-CUBE-ALS_V1.0.1, X-CUBE-AZRTOS-F4_V1.1.0, X-CUBE-AZRTOS-F7_V1.1.0, X-CUBE-AZRTOS-G0_V1.1.0, X-CUBE-AZRTOS-G4_V2.0.0, X-CUBE-AZRTOS-H7_V3.1.0, X-CUBE-AZRTOS-L4_V1.0.0, X-CUBE-AZRTOS-L4_V2.0.0, X-CUBE-AZRTOS-L5_V1.1.0, X-CUBE-AZRTOS-WB_V1.1.0, X-CUBE-AZRTOS-WL_V2.0.0, X-CUBE-BLE1_V7.0.0, X-CUBE-BLE2_V3.3.0, X-CUBE-BLEMGR_V2.0.0, X-CUBE-EEPRMA1_V4.1.0, X-CUBE-FREERTOS_V1.1.0, X-CUBE-GNSS1_V6.0.0, X-CUBE-MEMS1_V9.1.0, X-CUBE-MEMS1_V9.4.0, X-CUBE-MEMS1_V9.6.0, X-CUBE-NFC4_V3.0.0, X-CUBE-NFC7_V1.0.0, X-CUBE-SFXS2LP1_V4.0.0, X-CUBE-SUBG2_V5.0.0, X-CUBE-TOF1_V3.3.1]
2023-10-01 11:14:11,856 [INFO] ApiDb:240 - Found 323 in-development CPN: [B-G473E-ZEST1S, B-WB1M-WPAN1, B-WL5M-SUBG1, NUCLEO-C031C6, NUCLEO-H503RB, NUCLEO-H563ZI, NUCLEO-U545RE-Q, NUCLEO-U5A5ZJ-Q, NUCLEO-WBA52CG, STEVAL-PROTEUS1, STEVAL-SMARTAG2, STEVAL-STWINBX1, STM320518-EVAL, STM32C0116-DK, STM32C011D6Y3TR, STM32C011D6Y6TR, STM32C011F4P3, STM32C011F4P6, STM32C011F4U3, STM32C011F4U6TR, STM32C011F6P3, STM32C011F6P6, STM32C011F6U3, STM32C011F6U6TR, STM32C011J4M3, STM32C011J4M6, STM32C011J6M3, STM32C011J6M6, STM32C0316-DK, STM32C031C4T3, STM32C031C4T6, STM32C031C4U3, STM32C031C4U6, STM32C031C6T3, STM32C031C6T6, STM32C031C6U3, STM32C031C6U6, STM32C031F4P3, STM32C031F4P6, STM32C031F6P3, STM32C031F6P6, STM32C031G4U3, STM32C031G4U6, STM32C031G6U3, STM32C031G6U6, STM32C031K4T3, STM32C031K4T6, STM32C031K4U3, STM32C031K4U6, STM32C031K6T3, STM32C031K6T6, STM32C031K6U3, STM32C031K6U6, STM32G071K8TXN, STM32G071K8UXN, STM32G081GBU6N, STM32G081KBT6N, STM32G081KBUXN, STM32G0B1CCT6N, STM32G0B1KCT6, STM32G0B1NEY6TR, STM32G0B1RCT6N, STM32G0C1CCT6, STM32G0C1CCT6N, STM32G0C1CCU6N, STM32G0C1CET6N, STM32G0C1CEU6N, STM32G0C1KCT6, STM32G0C1NEY6TR, STM32G0C1RCI6N, STM32G0C1RCT6N, STM32G0C1REI6N, STM32G0C1RET6N, STM32G0C1VCI6, STM32G0C1VEI6, STM32G471CCT6, STM32G471CCU6, STM32G471CET3, STM32G471CET6, STM32G471CEU3, STM32G471CEU6, STM32G471MCT6, STM32G471MET3, STM32G471MET6, STM32G471MEY6TR, STM32G471QCT6, STM32G471QET3, STM32G471RCT6, STM32G471RET3, STM32G471RET6, STM32G471VCH6, STM32G471VCI6, STM32G471VCT6, STM32G471VEH3, STM32G471VEH6, STM32G471VEI3, STM32G471VEI6, STM32G471VET3, STM32G471VET6, STM32G474CCT6, STM32H503CBT6, STM32H503CBU6, STM32H503EBY6TR, STM32H503KBU6, STM32H503RBT6, STM32H562AGI6, STM32H562AII6, STM32H562IGK6, STM32H562IGT6, STM32H562IIK6, STM32H562IIT6, STM32H562RGT6, STM32H562RGV6, STM32H562RIT6, STM32H562RIV6, STM32H562VGT6, STM32H562VIT6, STM32H562ZGT6, STM32H562ZIT6, STM32H563AGI6, STM32H563AII3Q, STM32H563AII6, STM32H563IGK6, STM32H563IGT6, STM32H563IIK3Q, STM32H563IIK6, STM32H563IIT3Q, STM32H563IIT6, STM32H563MIY3QTR, STM32H563RGT6, STM32H563RGV6, STM32H563RIT6, STM32H563RIV6, STM32H563VGT6, STM32H563VIT3Q, STM32H563VIT6, STM32H563ZGT6, STM32H563ZIT3Q, STM32H563ZIT6, STM32H573AII3Q, STM32H573AII6, STM32H573I-DK, STM32H573IIK3Q, STM32H573IIK6, STM32H573IIT3Q, STM32H573IIT6, STM32H573MIY3QTR, STM32H573RIT6, STM32H573RIV6, STM32H573VIT3Q, STM32H573VIT6, STM32H573ZIT3Q, STM32H573ZIT6, STM32L4R5QGI6STR, STM32MP131AAE3, STM32MP131AAF3, STM32MP131AAG3, STM32MP131CAE3, STM32MP131CAF3, STM32MP131CAG3, STM32MP131DAE7, STM32MP131DAF7, STM32MP131DAG7, STM32MP131FAE7, STM32MP131FAF7, STM32MP131FAG7, STM32MP133AAE3, STM32MP133AAF3, STM32MP133AAG3, STM32MP133CAE3, STM32MP133CAF3, STM32MP133CAG3, STM32MP133DAE7, STM32MP133DAF7, STM32MP133DAG7, STM32MP133FAE7, STM32MP133FAF7, STM32MP133FAG7, STM32MP135AAE3, STM32MP135AAF3, STM32MP135AAG3, STM32MP135CAE3, STM32MP135CAF3, STM32MP135CAG3, STM32MP135DAE7, STM32MP135DAF7, STM32MP135DAG7, STM32MP135F-DK, STM32MP135FAE7, STM32MP135FAF7, STM32MP135FAF7T, STM32MP135FAF7U, STM32MP135FAG7, STM32U535CBT6, STM32U535CBT6Q, STM32U535CBU6, STM32U535CBU6Q, STM32U535CCT6, STM32U535CCT6Q, STM32U535CCU6, STM32U535CCU6Q, STM32U535CET6, STM32U535CET6Q, STM32U535CEU6, STM32U535CEU6Q, STM32U535JEY6QTR, STM32U535NCY6QTR, STM32U535NEY6QTR, STM32U535RBI6, STM32U535RBI6Q, STM32U535RBT6, STM32U535RBT6Q, STM32U535RCI6, STM32U535RCI6Q, STM32U535RCT6, STM32U535RCT6Q, STM32U535REI6, STM32U535REI6Q, STM32U535RET6, STM32U535RET6Q, STM32U535VCI6, STM32U535VCI6Q, STM32U535VCT6, STM32U535VCT6Q, STM32U535VEI6, STM32U535VEI6Q, STM32U535VET6, STM32U535VET6Q, STM32U545CET6, STM32U545CET6Q, STM32U545CEU6, STM32U545CEU6Q, STM32U545JEY6QTR, STM32U545NEY6QTR, STM32U545REI6, STM32U545REI6Q, STM32U545RET6, STM32U545RET6Q, STM32U545VEI6, STM32U545VEI6Q, STM32U545VET6, STM32U545VET6Q, STM32U595AIH6, STM32U595AIH6Q, STM32U595AJH6, STM32U595AJH6Q, STM32U595QII6, STM32U595QII6Q, STM32U595QJI6, STM32U595QJI6Q, STM32U595RIT6, STM32U595RIT6Q, STM32U595RJT6, STM32U595RJT6Q, STM32U595VIT6, STM32U595VIT6Q, STM32U595VJT6, STM32U595VJT6Q, STM32U595ZIT6, STM32U595ZIT6Q, STM32U595ZIY6QTR, STM32U595ZJT6, STM32U595ZJT6Q, STM32U595ZJY6QTR, STM32U599BJY6QTR, STM32U599NIH6Q, STM32U599NJH6Q, STM32U599VIT6Q, STM32U599VJT6, STM32U599VJT6Q, STM32U599ZIT6Q, STM32U599ZIY6QTR, STM32U599ZJT6Q, STM32U599ZJY6QTR, STM32U5A5AJH6, STM32U5A5AJH6Q, STM32U5A5QJI6, STM32U5A5QJI6Q, STM32U5A5RJT6, STM32U5A5RJT6Q, STM32U5A5VJT6, STM32U5A5VJT6Q, STM32U5A5ZJT6, STM32U5A5ZJT6Q, STM32U5A5ZJY6QTR, STM32U5A9BJY6QTR, STM32U5A9J-DK, STM32U5A9NJH6Q, STM32U5A9VJT6Q, STM32U5A9ZJT6Q, STM32U5A9ZJY6QTR, STM32U5F7VIT6, STM32U5F7VIT6Q, STM32U5F7VJT6, STM32U5F7VJT6Q, STM32U5F9BJY6QTR, STM32U5F9NJH6Q, STM32U5F9VIT6Q, STM32U5F9VJT6Q, STM32U5F9ZIJ6QTR, STM32U5F9ZIT6Q, STM32U5F9ZJJ6QTR, STM32U5F9ZJT6Q, STM32U5G7VJT6, STM32U5G7VJT6Q, STM32U5G9BJY6QTR, STM32U5G9J-DK1, STM32U5G9J-DK2, STM32U5G9NJH6Q, STM32U5G9VJT6Q, STM32U5G9ZJJ6QTR, STM32U5G9ZJT6Q, STM32WB1MMCH6, STM32WBA52CEU6, STM32WBA52CEU6T, STM32WBA52CGU6, STM32WBA52CGU6T, STM32WBA52KEU6, STM32WBA52KEU6T, STM32WBA52KGU6, STM32WBA52KGU6T, STM32WL5MOCH6, STM32WL5MOCH6TR]
2023-10-01 11:14:11,859 [INFO] DbMcus:217 - Found 3848 MCUs, 3848 are supported
2023-10-01 11:14:11,860 [INFO] ApiDb:423 - Load user favorites file C:\Users\57310/.stm32cubeide/favorites.mcus.txt: 3 item(s)
2023-10-01 11:14:11,860 [INFO] ApiDb:427 - User favorites MCUs=[STM32C011F6P6TR, STM32F407VGT6, STM32F407VGT7]
2023-10-01 11:14:11,860 [INFO] DbMcus:223 - Set 3 / 3 favorites MCUs
2023-10-01 11:14:12,185 [WARN] ThirdParty:833 - waiting for thirdparty lock release [change project]
2023-10-01 11:14:12,185 [INFO] ThirdParty:835 - entering critical section [change project]
2023-10-01 11:14:12,185 [INFO] ThirdParty:1030 - CMSIS Pack Vendor :STMicroelectronics USBPD 4.1
2023-10-01 11:14:12,185 [INFO] ThirdParty:1030 - CMSIS Pack Vendor :STMicroelectronics X-CUBE-GNSS1 6.0.0
2023-10-01 11:14:12,185 [INFO] ThirdParty:1030 - CMSIS Pack Vendor :STMicroelectronics USB_HOST 2.0.0
2023-10-01 11:14:12,185 [INFO] ThirdParty:1030 - CMSIS Pack Vendor :STMicroelectronics X-CUBE-AZRTOS-F4 1.1.0
2023-10-01 11:14:12,185 [INFO] ThirdParty:1030 - CMSIS Pack Vendor :STMicroelectronics LIBJPEG 8.0.0
2023-10-01 11:14:12,186 [INFO] ThirdParty:1030 - CMSIS Pack Vendor :wolfSSL I-CUBE-wolfSSL 5.6.3
2023-10-01 11:14:12,186 [INFO] ThirdParty:1030 - CMSIS Pack Vendor :STMicroelectronics X-CUBE-SMBUS 2.1.0
2023-10-01 11:14:12,186 [INFO] ThirdParty:1030 - CMSIS Pack Vendor :STMicroelectronics X-CUBE-SUBG2 4.1.0
2023-10-01 11:14:12,186 [INFO] ThirdParty:1030 - CMSIS Pack Vendor :STMicroelectronics X-CUBE-MEMS1 9.2.0
2023-10-01 11:14:12,186 [INFO] ThirdParty:1030 - CMSIS Pack Vendor :STMicroelectronics X-CUBE-BLEMGR 1.2.0
2023-10-01 11:14:12,186 [INFO] ThirdParty:1030 - CMSIS Pack Vendor :STMicroelectronics X-CUBE-AZRTOS-F7 1.1.0
2023-10-01 11:14:12,186 [INFO] ThirdParty:1030 - CMSIS Pack Vendor :STMicroelectronics X-CUBE-AZRTOS-L5 2.0.0
2023-10-01 11:14:12,186 [INFO] ThirdParty:1030 - CMSIS Pack Vendor :STMicroelectronics USB_DEVICE 2.0.0
2023-10-01 11:14:12,186 [INFO] ThirdParty:1030 - CMSIS Pack Vendor :STMicroelectronics X-CUBE-MEMS1 9.6.0
2023-10-01 11:14:12,186 [INFO] ThirdParty:1030 - CMSIS Pack Vendor :STMicroelectronics X-CUBE-AI 7.1.0
2023-10-01 11:14:12,186 [INFO] ThirdParty:1030 - CMSIS Pack Vendor :STMicroelectronics X-CUBE-TOUCHGFX 4.19.1
2023-10-01 11:14:12,186 [INFO] ThirdParty:1030 - CMSIS Pack Vendor :STMicroelectronics FP-SNS-MOTENV1 4.3.2
2023-10-01 11:14:12,186 [INFO] ThirdParty:1030 - CMSIS Pack Vendor :STMicroelectronics FP-SNS-MOTENV1 4.3.1
2023-10-01 11:14:12,186 [INFO] ThirdParty:1030 - CMSIS Pack Vendor :STMicroelectronics FP-SNS-FLIGHT1 5.0.1
2023-10-01 11:14:12,186 [INFO] ThirdParty:1030 - CMSIS Pack Vendor :STMicroelectronics X-CUBE-BLE1 6.2.3
2023-10-01 11:14:12,186 [INFO] ThirdParty:1030 - CMSIS Pack Vendor :STMicroelectronics X-CUBE-EEPRMA1 3.0.0
2023-10-01 11:14:12,186 [INFO] ThirdParty:1030 - CMSIS Pack Vendor :STMicroelectronics X-CUBE-BLE1 6.2.4
2023-10-01 11:14:12,186 [INFO] ThirdParty:1030 - CMSIS Pack Vendor :STMicroelectronics FreeRTOS 0.0.1
2023-10-01 11:14:12,186 [INFO] ThirdParty:1030 - CMSIS Pack Vendor :STMicroelectronics X-CUBE-BLEMGR 2.0.0
2023-10-01 11:14:12,186 [INFO] ThirdParty:1030 - CMSIS Pack Vendor :STMicroelectronics X-CUBE-BLE1 6.2.0
2023-10-01 11:14:12,187 [INFO] ThirdParty:1030 - CMSIS Pack Vendor :STMicroelectronics FP-SNS-FLIGHT1 5.0.2
2023-10-01 11:14:12,187 [INFO] ThirdParty:1030 - CMSIS Pack Vendor :STMicroelectronics X-CUBE-NFC4 2.0.5
2023-10-01 11:14:12,187 [INFO] ThirdParty:1030 - CMSIS Pack Vendor :STMicroelectronics X-CUBE-BLE2 3.2.2
2023-10-01 11:14:12,187 [INFO] ThirdParty:1030 - CMSIS Pack Vendor :STMicroelectronics X-CUBE-NFC4 2.0.4
2023-10-01 11:14:12,187 [INFO] ThirdParty:1030 - CMSIS Pack Vendor :STMicroelectronics X-CUBE-NFC4 2.0.2
2023-10-01 11:14:12,187 [INFO] ThirdParty:1030 - CMSIS Pack Vendor :STMicroelectronics X-CUBE-AZRTOS-H7 3.1.0
2023-10-01 11:14:12,187 [INFO] ThirdParty:1030 - CMSIS Pack Vendor :STMicroelectronics PDM2PCM 3.3.0
2023-10-01 11:14:12,187 [INFO] ThirdParty:1030 - CMSIS Pack Vendor :STMicroelectronics X-CUBE-BLE2 3.2.0
2023-10-01 11:14:12,187 [INFO] ThirdParty:1030 - CMSIS Pack Vendor :STMicroelectronics X-CUBE-SFXS2LP1 3.1.0
2023-10-01 11:14:12,187 [INFO] ThirdParty:1030 - CMSIS Pack Vendor :STMicroelectronics X-CUBE-DISPLAY 3.0.0
2023-10-01 11:14:12,187 [INFO] ThirdParty:1030 - CMSIS Pack Vendor :STMicroelectronics X-CUBE-AZRTOS-F4 1.0.0
2023-10-01 11:14:12,187 [INFO] ThirdParty:1030 - CMSIS Pack Vendor :STMicroelectronics X-CUBE-BLE1 7.0.0
2023-10-01 11:14:12,187 [INFO] ThirdParty:1030 - CMSIS Pack Vendor :STMicroelectronics HAL Drivers 0.0.0
2023-10-01 11:14:12,187 [INFO] ThirdParty:1030 - CMSIS Pack Vendor :emotas I-CUBE-CANOPEN 1.3.0
2023-10-01 11:14:12,188 [INFO] ThirdParty:1030 - CMSIS Pack Vendor :STMicroelectronics X-CUBE-TOUCHGFX 4.22.0
2023-10-01 11:14:12,188 [INFO] ThirdParty:1030 - CMSIS Pack Vendor :STMicroelectronics X-CUBE-NFC7 1.0.1
2023-10-01 11:14:12,188 [INFO] ThirdParty:1030 - CMSIS Pack Vendor :STMicroelectronics MBEDTLS 2.14.1
2023-10-01 11:14:12,188 [INFO] ThirdParty:1030 - CMSIS Pack Vendor :STMicroelectronics X-CUBE-NFC7 1.0.0
2023-10-01 11:14:12,188 [INFO] ThirdParty:1030 - CMSIS Pack Vendor :STMicroelectronics X-CUBE-AZRTOS-H7 1.0.0
2023-10-01 11:14:12,188 [INFO] ThirdParty:1030 - CMSIS Pack Vendor :STMicroelectronics X-CUBE-NFC6 3.0.0
2023-10-01 11:14:12,188 [INFO] ThirdParty:1030 - CMSIS Pack Vendor :STMicroelectronics X-CUBE-MEMS1 9.3.0
2023-10-01 11:14:12,188 [INFO] ThirdParty:1030 - CMSIS Pack Vendor :STMicroelectronics X-CUBE-EEPRMA1 4.1.0
2023-10-01 11:14:12,188 [INFO] ThirdParty:1030 - CMSIS Pack Vendor :STMicroelectronics FP-SNS-SMARTAG2 1.2.0
2023-10-01 11:14:12,188 [INFO] ThirdParty:1030 - CMSIS Pack Vendor :STMicroelectronics X-CUBE-AZRTOS-WL 2.0.0
2023-10-01 11:14:12,188 [INFO] ThirdParty:1030 - CMSIS Pack Vendor :STMicroelectronics X-CUBE-DISPLAY 1.0.0
2023-10-01 11:14:12,188 [INFO] ThirdParty:1030 - CMSIS Pack Vendor :STMicroelectronics USB_DEVICE 1.0.0
2023-10-01 11:14:12,188 [INFO] ThirdParty:1030 - CMSIS Pack Vendor :STMicroelectronics X-CUBE-AI 8.1.0
2023-10-01 11:14:12,188 [INFO] ThirdParty:1030 - CMSIS Pack Vendor :STMicroelectronics X-CUBE-AI 6.0.0
2023-10-01 11:14:12,188 [INFO] ThirdParty:1030 - CMSIS Pack Vendor :STMicroelectronics X-CUBE-ALGOBUILD 1.2.0
2023-10-01 11:14:12,188 [INFO] ThirdParty:1030 - CMSIS Pack Vendor :STMicroelectronics X-CUBE-AZRTOS-G0 1.0.0
2023-10-01 11:14:12,188 [INFO] ThirdParty:1030 - CMSIS Pack Vendor :STMicroelectronics X-CUBE-AZRTOS-L4 2.0.0
2023-10-01 11:14:12,188 [INFO] ThirdParty:1030 - CMSIS Pack Vendor :STMicroelectronics ThreadX 0.0.2
2023-10-01 11:14:12,188 [INFO] ThirdParty:1030 - CMSIS Pack Vendor :WES I-CUBE-Cesium 1.3.0
2023-10-01 11:14:12,189 [INFO] ThirdParty:1030 - CMSIS Pack Vendor :STMicroelectronics lwIP 2.1.2
2023-10-01 11:14:12,189 [INFO] ThirdParty:1030 - CMSIS Pack Vendor :STMicroelectronics X-CUBE-SFXS2LP1 4.0.0
2023-10-01 11:14:12,189 [INFO] ThirdParty:1030 - CMSIS Pack Vendor :STMicroelectronics X-CUBE-BLE2 3.3.0
2023-10-01 11:14:12,189 [INFO] ThirdParty:1030 - CMSIS Pack Vendor :STMicroelectronics X-CUBE-DISPLAY 2.2.0
2023-10-01 11:14:12,189 [INFO] ThirdParty:1030 - CMSIS Pack Vendor :STMicroelectronics X-CUBE-TOF1 3.2.0
2023-10-01 11:14:12,189 [INFO] ThirdParty:1030 - CMSIS Pack Vendor :wolfSSL I-CUBE-wolfSSL 4.7.0
2023-10-01 11:14:12,189 [INFO] ThirdParty:1030 - CMSIS Pack Vendor :STMicroelectronics PDM2PCM 3.2.0
2023-10-01 11:14:12,189 [INFO] ThirdParty:1030 - CMSIS Pack Vendor :STMicroelectronics X-CUBE-AZRTOS-H7 3.0.0
2023-10-01 11:14:12,189 [INFO] ThirdParty:1030 - CMSIS Pack Vendor :STMicroelectronics X-CUBE-ISPU 1.1.0
2023-10-01 11:14:12,189 [INFO] ThirdParty:1030 - CMSIS Pack Vendor :RoweBots I-CUBE-UNISONRTOS 5.5.0-4
2023-10-01 11:14:12,189 [INFO] ThirdParty:1030 - CMSIS Pack Vendor :STMicroelectronics X-CUBE-SFXS2LP1 3.0.0
2023-10-01 11:14:12,189 [INFO] ThirdParty:1030 - CMSIS Pack Vendor :STMicroelectronics X-CUBE-AZRTOS-H7 2.1.0
2023-10-01 11:14:12,189 [INFO] ThirdParty:1030 - CMSIS Pack Vendor :STMicroelectronics USB_DEVICE 3.0.0
2023-10-01 11:14:12,189 [INFO] ThirdParty:1030 - CMSIS Pack Vendor :STMicroelectronics X-CUBE-AI 8.0.0
2023-10-01 11:14:12,189 [INFO] ThirdParty:1030 - CMSIS Pack Vendor :STMicroelectronics X-CUBE-AZRTOS-WB 2.0.0
2023-10-01 11:14:12,189 [INFO] ThirdParty:1030 - CMSIS Pack Vendor :STMicroelectronics X-CUBE-FREERTOS 1.0.0
2023-10-01 11:14:12,189 [INFO] ThirdParty:1030 - CMSIS Pack Vendor :STMicroelectronics X-CUBE-FREERTOS 1.0.1
2023-10-01 11:14:12,189 [INFO] ThirdParty:1030 - CMSIS Pack Vendor :STMicroelectronics X-CUBE-TOUCHGFX 4.21.1
2023-10-01 11:14:12,189 [INFO] ThirdParty:1030 - CMSIS Pack Vendor :STMicroelectronics X-CUBE-TOUCHGFX 4.21.0
2023-10-01 11:14:12,189 [INFO] ThirdParty:1030 - CMSIS Pack Vendor :STMicroelectronics X-CUBE-TOUCHGFX 4.21.4
2023-10-01 11:14:12,189 [INFO] ThirdParty:1030 - CMSIS Pack Vendor :STMicroelectronics X-CUBE-MEMS1 9.4.0
2023-10-01 11:14:12,189 [INFO] ThirdParty:1030 - CMSIS Pack Vendor :STMicroelectronics X-CUBE-AI 7.3.0
2023-10-01 11:14:12,189 [INFO] ThirdParty:1030 - CMSIS Pack Vendor :STMicroelectronics X-CUBE-ALGOBUILD 1.3.0
2023-10-01 11:14:12,189 [INFO] ThirdParty:1030 - CMSIS Pack Vendor :STMicroelectronics X-CUBE-AZRTOS-L5 1.1.0
2023-10-01 11:14:12,190 [INFO] ThirdParty:1030 - CMSIS Pack Vendor :STMicroelectronics X-CUBE-AZRTOS-G0 1.1.0
2023-10-01 11:14:12,190 [INFO] ThirdParty:1030 - CMSIS Pack Vendor :STMicroelectronics X-CUBE-AI 8.0.1
2023-10-01 11:14:12,190 [INFO] ThirdParty:1030 - CMSIS Pack Vendor :STMicroelectronics X-CUBE-NFC4 3.0.0
2023-10-01 11:14:12,190 [INFO] ThirdParty:1030 - CMSIS Pack Vendor :SEGGER I-CUBE-embOS 1.2.0
2023-10-01 11:14:12,190 [INFO] ThirdParty:1030 - CMSIS Pack Vendor :STMicroelectronics X-CUBE-SUBG2 5.0.0
2023-10-01 11:14:12,190 [INFO] ThirdParty:1030 - CMSIS Pack Vendor :STMicroelectronics STM32_WPAN 1.0.0
2023-10-01 11:14:12,190 [INFO] ThirdParty:1030 - CMSIS Pack Vendor :STMicroelectronics lwIP 2.0.3
2023-10-01 11:14:12,190 [INFO] ThirdParty:1030 - CMSIS Pack Vendor :STMicroelectronics USB_HOST 1.0.0
2023-10-01 11:14:12,190 [INFO] ThirdParty:1030 - CMSIS Pack Vendor :STMicroelectronics X-CUBE-TOF1 3.3.1
2023-10-01 11:14:12,190 [INFO] ThirdParty:1030 - CMSIS Pack Vendor :STMicroelectronics X-CUBE-AZRTOS-G4 2.0.0
2023-10-01 11:14:12,190 [INFO] ThirdParty:1030 - CMSIS Pack Vendor :STMicroelectronics PDM2PCM 3.1.0
2023-10-01 11:14:12,190 [INFO] ThirdParty:1030 - CMSIS Pack Vendor :STMicroelectronics X-CUBE-TOF1 3.3.0
2023-10-01 11:14:12,190 [INFO] ThirdParty:1030 - CMSIS Pack Vendor :STMicroelectronics FP-ATR-ASTRA1 1.1.1
2023-10-01 11:14:12,190 [INFO] ThirdParty:1030 - CMSIS Pack Vendor :STMicroelectronics X-CUBE-BLEMGR 1.3.0
2023-10-01 11:14:12,190 [INFO] ThirdParty:1030 - CMSIS Pack Vendor :STMicroelectronics FP-ATR-SIGFOX1 3.2.0
2023-10-01 11:14:12,190 [INFO] ThirdParty:1030 - CMSIS Pack Vendor :STMicroelectronics X-CUBE-AZRTOS-G4 1.0.0
2023-10-01 11:14:12,190 [INFO] ThirdParty:1030 - CMSIS Pack Vendor :wolfSSL I-CUBE-wolfSSL 5.3.0
2023-10-01 11:14:12,190 [INFO] ThirdParty:1030 - CMSIS Pack Vendor :STMicroelectronics X-CUBE-AZRTOS-L4 1.0.0
2023-10-01 11:14:12,190 [INFO] ThirdParty:1030 - CMSIS Pack Vendor :STMicroelectronics MBEDTLS 2.16.2
2023-10-01 11:14:12,191 [INFO] ThirdParty:1030 - CMSIS Pack Vendor :emotas I-CUBE-CANOPEN 1.1.2
2023-10-01 11:14:12,191 [INFO] ThirdParty:1030 - CMSIS Pack Vendor :STMicroelectronics X-CUBE-TOUCHGFX 4.20.0
2023-10-01 11:14:12,191 [INFO] ThirdParty:1030 - CMSIS Pack Vendor :STMicroelectronics X-CUBE-FREERTOS 1.1.0
2023-10-01 11:14:12,191 [INFO] ThirdParty:1030 - CMSIS Pack Vendor :STMicroelectronics X-CUBE-AZRTOS-F7 1.0.0
2023-10-01 11:14:12,191 [INFO] ThirdParty:1030 - CMSIS Pack Vendor :STMicroelectronics X-CUBE-AZRTOS-WL 1.0.0
2023-10-01 11:14:12,191 [INFO] ThirdParty:1030 - CMSIS Pack Vendor :STMicroelectronics X-CUBE-TOF1 1.0.0
2023-10-01 11:14:12,191 [INFO] ThirdParty:1030 - CMSIS Pack Vendor :portGmbH I-Cube-SoM-uGOAL 1.1.0
2023-10-01 11:14:12,191 [INFO] ThirdParty:1030 - CMSIS Pack Vendor :STMicroelectronics X-CUBE-ALS 1.0.1
2023-10-01 11:14:12,191 [INFO] ThirdParty:1030 - CMSIS Pack Vendor :STMicroelectronics X-CUBE-MEMS1 9.5.0
2023-10-01 11:14:12,191 [INFO] ThirdParty:1030 - CMSIS Pack Vendor :STMicroelectronics ThreadX 1.0.0
2023-10-01 11:14:12,191 [INFO] ThirdParty:1030 - CMSIS Pack Vendor :STMicroelectronics X-CUBE-AZRTOS-WB 1.1.0
2023-10-01 11:14:12,191 [INFO] ThirdParty:1030 - CMSIS Pack Vendor :SEGGER I-CUBE-embOS 1.3.1
2023-10-01 11:14:12,191 [INFO] ThirdParty:1030 - CMSIS Pack Vendor :STMicroelectronics X-CUBE-MEMS1 8.3.0
2023-10-01 11:14:12,191 [INFO] ThirdParty:1030 - CMSIS Pack Vendor :STMicroelectronics X-CUBE-AZRTOS-L5 1.0.0
2023-10-01 11:14:12,191 [INFO] ThirdParty:1030 - CMSIS Pack Vendor :STMicroelectronics X-CUBE-EEPRMA1 3.1.1
2023-10-01 11:14:12,191 [INFO] ThirdParty:1030 - CMSIS Pack Vendor :STMicroelectronics X-CUBE-GNSS1 5.2.0
2023-10-01 11:14:12,191 [INFO] ThirdParty:1030 - CMSIS Pack Vendor :STMicroelectronics FP-ATR-ASTRA1 2.0.0
2023-10-01 11:14:12,191 [INFO] ThirdParty:1030 - CMSIS Pack Vendor :STMicroelectronics X-CUBE-TOUCHGFX 4.16.1
2023-10-01 11:14:12,191 [INFO] ThirdParty:1030 - CMSIS Pack Vendor :STMicroelectronics X-CUBE-TOF1 3.0.0
2023-10-01 11:14:12,191 [INFO] ThirdParty:841 - exiting critical section [change project]
2023-10-01 11:14:12,543 [INFO] PinOutPanel:1499 - setPackage(No Configuration,No Configuration)
2023-10-01 11:14:12,545 [INFO] PinOutPanel:1499 - setPackage(STM32F411RETx,LQFP64)
2023-10-01 11:14:13,029 [INFO] UtilMem:75 - Before build in PCC Used Memory: 604575760 Bytes (1073741824)
2023-10-01 11:14:13,751 [INFO] UtilMem:75 - After build in PCC Used Memory: 692283184 Bytes (1073741824)
2023-10-01 11:14:13,779 [INFO] IPUIPlugin:80 - create IPUIPlugin
2023-10-01 11:14:13,780 [INFO] IPUIPlugin:80 - create IPUIPlugin
2023-10-01 11:14:13,780 [INFO] IPUIPlugin:80 - create IPUIPlugin
2023-10-01 11:14:13,780 [INFO] IPUIPlugin:80 - create IPUIPlugin
2023-10-01 11:14:13,780 [INFO] IPUIPlugin:80 - create IPUIPlugin
2023-10-01 11:14:13,780 [INFO] IPUIPlugin:80 - create IPUIPlugin
2023-10-01 11:14:13,780 [INFO] IPUIPlugin:80 - create IPUIPlugin
2023-10-01 11:14:13,781 [INFO] IPUIPlugin:80 - create IPUIPlugin
2023-10-01 11:14:13,781 [INFO] IPUIPlugin:80 - create IPUIPlugin
2023-10-01 11:14:13,781 [INFO] IPUIPlugin:80 - create IPUIPlugin
2023-10-01 11:14:13,781 [INFO] IPUIPlugin:80 - create IPUIPlugin
2023-10-01 11:14:13,781 [INFO] IPUIPlugin:80 - create IPUIPlugin
2023-10-01 11:14:13,781 [INFO] IPUIPlugin:80 - create IPUIPlugin
2023-10-01 11:14:13,781 [INFO] IPUIPlugin:80 - create IPUIPlugin
2023-10-01 11:14:13,781 [INFO] IPUIPlugin:80 - create IPUIPlugin
2023-10-01 11:14:13,782 [INFO] IPUIPlugin:80 - create IPUIPlugin
2023-10-01 11:14:13,782 [INFO] IPUIPlugin:80 - create IPUIPlugin
2023-10-01 11:14:13,782 [INFO] IPUIPlugin:80 - create IPUIPlugin
2023-10-01 11:14:13,782 [INFO] IPUIPlugin:80 - create IPUIPlugin
2023-10-01 11:14:13,782 [INFO] IPUIPlugin:80 - create IPUIPlugin
2023-10-01 11:14:13,782 [INFO] IPUIPlugin:80 - create IPUIPlugin
2023-10-01 11:14:13,783 [INFO] IPUIPlugin:80 - create IPUIPlugin
2023-10-01 11:14:13,783 [INFO] IPUIPlugin:80 - create IPUIPlugin
2023-10-01 11:14:13,783 [INFO] IPUIPlugin:80 - create IPUIPlugin
2023-10-01 11:14:13,783 [INFO] IPUIPlugin:80 - create IPUIPlugin
2023-10-01 11:14:13,783 [INFO] IPUIPlugin:80 - create IPUIPlugin
2023-10-01 11:14:13,784 [INFO] IPUIPlugin:80 - create IPUIPlugin
2023-10-01 11:14:13,784 [INFO] IPUIPlugin:80 - create IPUIPlugin
2023-10-01 11:14:13,784 [INFO] IPUIPlugin:80 - create IPUIPlugin
2023-10-01 11:14:13,784 [INFO] IPUIPlugin:80 - create IPUIPlugin
2023-10-01 11:14:13,784 [INFO] IPUIPlugin:80 - create IPUIPlugin
2023-10-01 11:14:13,785 [INFO] IPUIPlugin:80 - create IPUIPlugin
2023-10-01 11:14:13,785 [INFO] IPUIPlugin:80 - create IPUIPlugin
2023-10-01 11:14:13,785 [INFO] IPUIPlugin:80 - create IPUIPlugin
2023-10-01 11:14:13,785 [INFO] IPUIPlugin:80 - create IPUIPlugin
2023-10-01 11:14:13,785 [INFO] IPUIPlugin:80 - create IPUIPlugin
2023-10-01 11:14:13,786 [INFO] IPUIPlugin:80 - create IPUIPlugin
2023-10-01 11:14:13,786 [INFO] IPUIPlugin:80 - create IPUIPlugin
2023-10-01 11:14:13,786 [INFO] IPUIPlugin:80 - create IPUIPlugin
2023-10-01 11:14:13,786 [INFO] IPUIPlugin:80 - create IPUIPlugin
2023-10-01 11:14:13,786 [INFO] IPUIPlugin:80 - create IPUIPlugin
2023-10-01 11:14:13,787 [INFO] IPUIPlugin:80 - create IPUIPlugin
2023-10-01 11:14:13,787 [INFO] IPUIPlugin:80 - create IPUIPlugin
2023-10-01 11:14:13,843 [INFO] ApiDbMcu:507 - Load IP Config File for PDM2PCM
2023-10-01 11:14:14,118 [INFO] CADModel:165 - CPN selected for project levelSTM32F411RET6
2023-10-01 11:14:14,118 [INFO] CADModel:114 - Register for checkConnection events
2023-10-01 11:14:14,167 [INFO] OpenFileManager:328 - Restore cursor
2023-10-01 11:14:17,037 [INFO] UtilMem:75 - End SaveConfig() Used Memory: 890922624 Bytes (1073741824)
2023-10-01 11:14:19,655 [INFO] UtilMem:75 - End SaveConfig() Used Memory: 588933632 Bytes (1073741824)
2023-10-01 11:14:20,247 [INFO] BlockDiagram:2759 - set Specific Code input for plugin: NVIC
2023-10-01 11:14:20,248 [INFO] BlockDiagram:2759 - set Specific Code input for plugin: USART
2023-10-01 11:14:20,248 [INFO] BlockDiagram:2759 - set Specific Code input for plugin: TIM1_8
2023-10-01 11:14:20,248 [INFO] BlockDiagram:2759 - set Specific Code input for plugin: SYS
2023-10-01 11:14:20,248 [INFO] BlockDiagram:2759 - set Specific Code input for plugin: GPIO
2023-10-01 11:14:20,249 [INFO] BlockDiagram:2759 - set Specific Code input for plugin: RCC
2023-10-01 11:14:20,250 [INFO] CodeGenerator:799 - code generatio: config db path: C:\ST\STM32CubeIDE_1.13.2\STM32CubeIDE\plugins\com.st.stm32cube.common.mx_6.9.2.202309101412\\db\
2023-10-01 11:14:20,518 [INFO] CodeEngine:255 - oldGeneratedFile, C:\Users\57310\STM32CubeIDE\workspace_1.10.1_411\Laboratorio_1_7_TIMER_Contador_1_3\MXTmpFiles\license.tmp_save
2023-10-01 11:14:20,829 [INFO] CodeEngine:279 - Generated code: C:\Users\57310\STM32CubeIDE\workspace_1.10.1_411\Laboratorio_1_7_TIMER_Contador_1_3\MXTmpFiles\license.tmp
2023-10-01 11:14:20,895 [INFO] CodeEngine:255 - oldGeneratedFile, C:\Users\57310\STM32CubeIDE\workspace_1.10.1_411\Laboratorio_1_7_TIMER_Contador_1_3\MXTmpFiles\gpio.tmp_save
2023-10-01 11:14:21,007 [INFO] CodeEngine:279 - Generated code: C:\Users\57310\STM32CubeIDE\workspace_1.10.1_411\Laboratorio_1_7_TIMER_Contador_1_3\MXTmpFiles\gpio.tmp
2023-10-01 11:14:21,187 [INFO] CodeEngine:255 - oldGeneratedFile, C:\Users\57310\STM32CubeIDE\workspace_1.10.1_411\Laboratorio_1_7_TIMER_Contador_1_3\Core\Src\stm32f4xx_it.c_save
2023-10-01 11:14:21,389 [INFO] CodeEngine:279 - Generated code: C:\Users\57310\STM32CubeIDE\workspace_1.10.1_411\Laboratorio_1_7_TIMER_Contador_1_3\Core\Src\stm32f4xx_it.c
2023-10-01 11:14:21,399 [INFO] CodeEngine:255 - oldGeneratedFile, C:\Users\57310\STM32CubeIDE\workspace_1.10.1_411\Laboratorio_1_7_TIMER_Contador_1_3\Core\Inc\stm32f4xx_it.h_save
2023-10-01 11:14:21,470 [INFO] CodeEngine:279 - Generated code: C:\Users\57310\STM32CubeIDE\workspace_1.10.1_411\Laboratorio_1_7_TIMER_Contador_1_3\Core\Inc\stm32f4xx_it.h
2023-10-01 11:14:21,488 [INFO] CodeEngine:255 - oldGeneratedFile, C:\Users\57310\STM32CubeIDE\workspace_1.10.1_411\Laboratorio_1_7_TIMER_Contador_1_3\Core\Src\stm32f4xx_hal_msp.c_save
2023-10-01 11:14:21,605 [INFO] CodeEngine:279 - Generated code: C:\Users\57310\STM32CubeIDE\workspace_1.10.1_411\Laboratorio_1_7_TIMER_Contador_1_3\Core\Src\stm32f4xx_hal_msp.c
2023-10-01 11:14:21,614 [INFO] CodeEngine:255 - oldGeneratedFile, C:\Users\57310\STM32CubeIDE\workspace_1.10.1_411\Laboratorio_1_7_TIMER_Contador_1_3\MXTmpFiles\system.tmp_save
2023-10-01 11:14:21,675 [INFO] CodeEngine:279 - Generated code: C:\Users\57310\STM32CubeIDE\workspace_1.10.1_411\Laboratorio_1_7_TIMER_Contador_1_3\MXTmpFiles\system.tmp
2023-10-01 11:14:21,694 [INFO] CodeEngine:311 - oldGeneratedFile, C:\Users\57310\STM32CubeIDE\workspace_1.10.1_411\Laboratorio_1_7_TIMER_Contador_1_3\Core\Inc\stm32f4xx_hal_conf.h_save
2023-10-01 11:14:21,772 [INFO] CodeEngine:335 - Generated code: C:\Users\57310\STM32CubeIDE\workspace_1.10.1_411\Laboratorio_1_7_TIMER_Contador_1_3\Core\Inc\stm32f4xx_hal_conf.h
2023-10-01 11:14:21,814 [WARN] IPConfigManager:3431 - IP not found : TIM
2023-10-01 11:14:21,815 [WARN] CodeGenerator:3764 - IP not found : null
2023-10-01 11:14:21,826 [INFO] CodeEngine:255 - oldGeneratedFile, C:\Users\57310\STM32CubeIDE\workspace_1.10.1_411\Laboratorio_1_7_TIMER_Contador_1_3\Core\Inc\main.h_save
2023-10-01 11:14:21,907 [INFO] CodeEngine:279 - Generated code: C:\Users\57310\STM32CubeIDE\workspace_1.10.1_411\Laboratorio_1_7_TIMER_Contador_1_3\Core\Inc\main.h
2023-10-01 11:14:21,916 [INFO] CodeEngine:255 - oldGeneratedFile, C:\Users\57310\STM32CubeIDE\workspace_1.10.1_411\Laboratorio_1_7_TIMER_Contador_1_3\Core\Src\main.c_save
2023-10-01 11:14:22,046 [INFO] CodeEngine:279 - Generated code: C:\Users\57310\STM32CubeIDE\workspace_1.10.1_411\Laboratorio_1_7_TIMER_Contador_1_3\Core\Src\main.c
2023-10-01 11:14:22,821 [INFO] ProjectBuilder:3064 - Time for Copy HAL[1] : 309mS.
2023-10-01 11:14:22,829 [INFO] ProjectBuilder:4404 - Project Generator version: 4.1.0
2023-10-01 11:14:23,162 [INFO] ConfigFileManager:1457 - The Die is : DIE431
2023-10-01 11:14:23,174 [INFO] ApiDbMcu:507 - Load IP Config File for FATFS
2023-10-01 11:14:23,198 [INFO] ApiDbMcu:507 - Load IP Config File for FREERTOS
2023-10-01 11:14:23,205 [INFO] ApiDbMcu:507 - Load IP Config File for LIBJPEG
2023-10-01 11:14:23,243 [INFO] ApiDbMcu:507 - Load IP Config File for MBEDTLS
2023-10-01 11:14:23,296 [INFO] ApiDbMcu:507 - Load IP Config File for USB_DEVICE
2023-10-01 11:14:23,307 [INFO] ApiDbMcu:507 - Load IP Config File for USB_HOST
2023-10-01 11:14:24,133 [INFO] LogOutputStream:77 - [STDOUT_REDIRECT] 
2023-10-01 11:14:25,390 [INFO] ProjectBuilder:4626 - Time for Generating toolchain IDE Files: 2560mS.
2023-10-01 11:14:25,392 [INFO] ProjectBuilder:2935 - Time for Copy CMSIS : 2mS.
2023-10-01 11:14:25,399 [INFO] ProjectBuilder:2935 - Time for Copy CMSIS : 0mS.
2023-10-01 11:14:34,815 [INFO] UtilMem:75 - End SaveConfig() Used Memory: 697441768 Bytes (1073741824)
2023-10-01 11:14:35,150 [INFO] BlockDiagram:2759 - set Specific Code input for plugin: NVIC
2023-10-01 11:14:35,150 [INFO] BlockDiagram:2759 - set Specific Code input for plugin: USART
2023-10-01 11:14:35,150 [INFO] BlockDiagram:2759 - set Specific Code input for plugin: TIM1_8
2023-10-01 11:14:35,150 [INFO] BlockDiagram:2759 - set Specific Code input for plugin: SYS
2023-10-01 11:14:35,150 [INFO] BlockDiagram:2759 - set Specific Code input for plugin: GPIO
2023-10-01 11:14:35,150 [INFO] BlockDiagram:2759 - set Specific Code input for plugin: RCC
2023-10-01 11:14:35,151 [INFO] CodeGenerator:799 - code generatio: config db path: C:\ST\STM32CubeIDE_1.13.2\STM32CubeIDE\plugins\com.st.stm32cube.common.mx_6.9.2.202309101412\\db\
2023-10-01 11:14:35,317 [INFO] CodeEngine:255 - oldGeneratedFile, C:\Users\57310\STM32CubeIDE\workspace_1.10.1_411\Laboratorio_1_7_TIMER_Contador_1_3\MXTmpFiles\license.tmp_save
2023-10-01 11:14:35,400 [INFO] CodeEngine:279 - Generated code: C:\Users\57310\STM32CubeIDE\workspace_1.10.1_411\Laboratorio_1_7_TIMER_Contador_1_3\MXTmpFiles\license.tmp
2023-10-01 11:14:35,432 [INFO] CodeEngine:255 - oldGeneratedFile, C:\Users\57310\STM32CubeIDE\workspace_1.10.1_411\Laboratorio_1_7_TIMER_Contador_1_3\MXTmpFiles\gpio.tmp_save
2023-10-01 11:14:35,554 [INFO] CodeEngine:279 - Generated code: C:\Users\57310\STM32CubeIDE\workspace_1.10.1_411\Laboratorio_1_7_TIMER_Contador_1_3\MXTmpFiles\gpio.tmp
2023-10-01 11:14:35,765 [INFO] CodeEngine:255 - oldGeneratedFile, C:\Users\57310\STM32CubeIDE\workspace_1.10.1_411\Laboratorio_1_7_TIMER_Contador_1_3\Core\Src\stm32f4xx_it.c_save
2023-10-01 11:14:35,841 [INFO] CodeEngine:279 - Generated code: C:\Users\57310\STM32CubeIDE\workspace_1.10.1_411\Laboratorio_1_7_TIMER_Contador_1_3\Core\Src\stm32f4xx_it.c
2023-10-01 11:14:35,849 [INFO] CodeEngine:255 - oldGeneratedFile, C:\Users\57310\STM32CubeIDE\workspace_1.10.1_411\Laboratorio_1_7_TIMER_Contador_1_3\Core\Inc\stm32f4xx_it.h_save
2023-10-01 11:14:35,904 [INFO] CodeEngine:279 - Generated code: C:\Users\57310\STM32CubeIDE\workspace_1.10.1_411\Laboratorio_1_7_TIMER_Contador_1_3\Core\Inc\stm32f4xx_it.h
2023-10-01 11:14:35,918 [INFO] CodeEngine:255 - oldGeneratedFile, C:\Users\57310\STM32CubeIDE\workspace_1.10.1_411\Laboratorio_1_7_TIMER_Contador_1_3\Core\Src\stm32f4xx_hal_msp.c_save
2023-10-01 11:14:36,033 [INFO] CodeEngine:279 - Generated code: C:\Users\57310\STM32CubeIDE\workspace_1.10.1_411\Laboratorio_1_7_TIMER_Contador_1_3\Core\Src\stm32f4xx_hal_msp.c
2023-10-01 11:14:36,040 [INFO] CodeEngine:255 - oldGeneratedFile, C:\Users\57310\STM32CubeIDE\workspace_1.10.1_411\Laboratorio_1_7_TIMER_Contador_1_3\MXTmpFiles\system.tmp_save
2023-10-01 11:14:36,095 [INFO] CodeEngine:279 - Generated code: C:\Users\57310\STM32CubeIDE\workspace_1.10.1_411\Laboratorio_1_7_TIMER_Contador_1_3\MXTmpFiles\system.tmp
2023-10-01 11:14:36,113 [INFO] CodeEngine:311 - oldGeneratedFile, C:\Users\57310\STM32CubeIDE\workspace_1.10.1_411\Laboratorio_1_7_TIMER_Contador_1_3\Core\Inc\stm32f4xx_hal_conf.h_save
2023-10-01 11:14:36,177 [INFO] CodeEngine:335 - Generated code: C:\Users\57310\STM32CubeIDE\workspace_1.10.1_411\Laboratorio_1_7_TIMER_Contador_1_3\Core\Inc\stm32f4xx_hal_conf.h
2023-10-01 11:14:36,233 [WARN] IPConfigManager:3431 - IP not found : TIM
2023-10-01 11:14:36,235 [WARN] CodeGenerator:3764 - IP not found : null
2023-10-01 11:14:36,247 [INFO] CodeEngine:255 - oldGeneratedFile, C:\Users\57310\STM32CubeIDE\workspace_1.10.1_411\Laboratorio_1_7_TIMER_Contador_1_3\Core\Inc\main.h_save
2023-10-01 11:14:36,305 [INFO] CodeEngine:279 - Generated code: C:\Users\57310\STM32CubeIDE\workspace_1.10.1_411\Laboratorio_1_7_TIMER_Contador_1_3\Core\Inc\main.h
2023-10-01 11:14:36,317 [INFO] CodeEngine:255 - oldGeneratedFile, C:\Users\57310\STM32CubeIDE\workspace_1.10.1_411\Laboratorio_1_7_TIMER_Contador_1_3\Core\Src\main.c_save
2023-10-01 11:14:36,425 [INFO] CodeEngine:279 - Generated code: C:\Users\57310\STM32CubeIDE\workspace_1.10.1_411\Laboratorio_1_7_TIMER_Contador_1_3\Core\Src\main.c
2023-10-01 11:14:37,078 [INFO] ProjectBuilder:3064 - Time for Copy HAL[1] : 251mS.
2023-10-01 11:14:37,083 [INFO] ProjectBuilder:4404 - Project Generator version: 4.1.0
2023-10-01 11:14:37,444 [INFO] ConfigFileManager:1457 - The Die is : DIE431
2023-10-01 11:14:39,016 [INFO] ProjectBuilder:4626 - Time for Generating toolchain IDE Files: 1933mS.
2023-10-01 11:14:39,017 [INFO] ProjectBuilder:2935 - Time for Copy CMSIS : 1mS.
2023-10-01 11:14:39,024 [INFO] ProjectBuilder:2935 - Time for Copy CMSIS : 0mS.
2023-10-01 16:48:54,698 [INFO] UtilMem:75 - End SaveConfig() Used Memory: 488238328 Bytes (796917760)
2023-10-01 16:48:58,653 [INFO] UtilMem:75 - End SaveConfig() Used Memory: 601489208 Bytes (796917760)
2023-10-01 16:48:58,929 [INFO] BlockDiagram:2759 - set Specific Code input for plugin: NVIC
2023-10-01 16:48:58,929 [INFO] BlockDiagram:2759 - set Specific Code input for plugin: USART
2023-10-01 16:48:58,929 [INFO] BlockDiagram:2759 - set Specific Code input for plugin: TIM1_8
2023-10-01 16:48:58,929 [INFO] BlockDiagram:2759 - set Specific Code input for plugin: SYS
2023-10-01 16:48:58,930 [INFO] BlockDiagram:2759 - set Specific Code input for plugin: GPIO
2023-10-01 16:48:58,930 [INFO] BlockDiagram:2759 - set Specific Code input for plugin: RCC
2023-10-01 16:48:58,931 [INFO] CodeGenerator:799 - code generatio: config db path: C:\ST\STM32CubeIDE_1.13.2\STM32CubeIDE\plugins\com.st.stm32cube.common.mx_6.9.2.202309101412\\db\
2023-10-01 16:48:59,156 [INFO] CodeEngine:255 - oldGeneratedFile, C:\Users\57310\STM32CubeIDE\workspace_1.10.1_411\Laboratorio_1_7_TIMER_Contador_1_3\MXTmpFiles\license.tmp_save
2023-10-01 16:48:59,278 [INFO] CodeEngine:279 - Generated code: C:\Users\57310\STM32CubeIDE\workspace_1.10.1_411\Laboratorio_1_7_TIMER_Contador_1_3\MXTmpFiles\license.tmp
2023-10-01 16:48:59,317 [INFO] CodeEngine:255 - oldGeneratedFile, C:\Users\57310\STM32CubeIDE\workspace_1.10.1_411\Laboratorio_1_7_TIMER_Contador_1_3\MXTmpFiles\gpio.tmp_save
2023-10-01 16:48:59,396 [INFO] CodeEngine:279 - Generated code: C:\Users\57310\STM32CubeIDE\workspace_1.10.1_411\Laboratorio_1_7_TIMER_Contador_1_3\MXTmpFiles\gpio.tmp
2023-10-01 16:48:59,572 [INFO] CodeEngine:255 - oldGeneratedFile, C:\Users\57310\STM32CubeIDE\workspace_1.10.1_411\Laboratorio_1_7_TIMER_Contador_1_3\Core\Src\stm32f4xx_it.c_save
2023-10-01 16:48:59,723 [INFO] CodeEngine:279 - Generated code: C:\Users\57310\STM32CubeIDE\workspace_1.10.1_411\Laboratorio_1_7_TIMER_Contador_1_3\Core\Src\stm32f4xx_it.c
2023-10-01 16:48:59,734 [INFO] CodeEngine:255 - oldGeneratedFile, C:\Users\57310\STM32CubeIDE\workspace_1.10.1_411\Laboratorio_1_7_TIMER_Contador_1_3\Core\Inc\stm32f4xx_it.h_save
2023-10-01 16:48:59,834 [INFO] CodeEngine:279 - Generated code: C:\Users\57310\STM32CubeIDE\workspace_1.10.1_411\Laboratorio_1_7_TIMER_Contador_1_3\Core\Inc\stm32f4xx_it.h
2023-10-01 16:48:59,853 [INFO] CodeEngine:255 - oldGeneratedFile, C:\Users\57310\STM32CubeIDE\workspace_1.10.1_411\Laboratorio_1_7_TIMER_Contador_1_3\Core\Src\stm32f4xx_hal_msp.c_save
2023-10-01 16:48:59,947 [INFO] CodeEngine:279 - Generated code: C:\Users\57310\STM32CubeIDE\workspace_1.10.1_411\Laboratorio_1_7_TIMER_Contador_1_3\Core\Src\stm32f4xx_hal_msp.c
2023-10-01 16:48:59,955 [INFO] CodeEngine:255 - oldGeneratedFile, C:\Users\57310\STM32CubeIDE\workspace_1.10.1_411\Laboratorio_1_7_TIMER_Contador_1_3\MXTmpFiles\system.tmp_save
2023-10-01 16:49:00,006 [INFO] CodeEngine:279 - Generated code: C:\Users\57310\STM32CubeIDE\workspace_1.10.1_411\Laboratorio_1_7_TIMER_Contador_1_3\MXTmpFiles\system.tmp
2023-10-01 16:49:00,025 [INFO] CodeEngine:311 - oldGeneratedFile, C:\Users\57310\STM32CubeIDE\workspace_1.10.1_411\Laboratorio_1_7_TIMER_Contador_1_3\Core\Inc\stm32f4xx_hal_conf.h_save
2023-10-01 16:49:00,119 [INFO] CodeEngine:335 - Generated code: C:\Users\57310\STM32CubeIDE\workspace_1.10.1_411\Laboratorio_1_7_TIMER_Contador_1_3\Core\Inc\stm32f4xx_hal_conf.h
2023-10-01 16:49:00,149 [WARN] IPConfigManager:3431 - IP not found : TIM
2023-10-01 16:49:00,150 [WARN] CodeGenerator:3764 - IP not found : null
2023-10-01 16:49:00,161 [INFO] CodeEngine:255 - oldGeneratedFile, C:\Users\57310\STM32CubeIDE\workspace_1.10.1_411\Laboratorio_1_7_TIMER_Contador_1_3\Core\Inc\main.h_save
2023-10-01 16:49:00,226 [INFO] CodeEngine:279 - Generated code: C:\Users\57310\STM32CubeIDE\workspace_1.10.1_411\Laboratorio_1_7_TIMER_Contador_1_3\Core\Inc\main.h
2023-10-01 16:49:00,234 [INFO] CodeEngine:255 - oldGeneratedFile, C:\Users\57310\STM32CubeIDE\workspace_1.10.1_411\Laboratorio_1_7_TIMER_Contador_1_3\Core\Src\main.c_save
2023-10-01 16:49:00,320 [INFO] CodeEngine:279 - Generated code: C:\Users\57310\STM32CubeIDE\workspace_1.10.1_411\Laboratorio_1_7_TIMER_Contador_1_3\Core\Src\main.c
2023-10-01 16:49:00,906 [INFO] ProjectBuilder:3064 - Time for Copy HAL[1] : 252mS.
2023-10-01 16:49:00,911 [INFO] ProjectBuilder:4404 - Project Generator version: 4.1.0
2023-10-01 16:49:01,125 [INFO] ConfigFileManager:1457 - The Die is : DIE431
2023-10-01 16:49:02,585 [INFO] ProjectBuilder:4626 - Time for Generating toolchain IDE Files: 1674mS.
2023-10-01 16:49:02,587 [INFO] ProjectBuilder:2935 - Time for Copy CMSIS : 1mS.
2023-10-01 16:49:02,594 [INFO] ProjectBuilder:2935 - Time for Copy CMSIS : 0mS.
2023-10-01 16:55:39,536 [INFO] UtilMem:75 - End SaveConfig() Used Memory: 475040928 Bytes (975175680)
2023-10-01 16:55:41,543 [INFO] UtilMem:75 - End SaveConfig() Used Memory: 563698304 Bytes (975175680)
2023-10-01 16:55:41,802 [INFO] UtilMem:75 - End SaveConfig() Used Memory: 615600768 Bytes (975175680)
2023-10-01 16:55:42,097 [INFO] BlockDiagram:2759 - set Specific Code input for plugin: NVIC
2023-10-01 16:55:42,114 [INFO] BlockDiagram:2759 - set Specific Code input for plugin: USART
2023-10-01 16:55:42,114 [INFO] BlockDiagram:2759 - set Specific Code input for plugin: TIM1_8
2023-10-01 16:55:42,114 [INFO] BlockDiagram:2759 - set Specific Code input for plugin: SYS
2023-10-01 16:55:42,114 [INFO] BlockDiagram:2759 - set Specific Code input for plugin: GPIO
2023-10-01 16:55:42,114 [INFO] BlockDiagram:2759 - set Specific Code input for plugin: RCC
2023-10-01 16:55:42,116 [INFO] CodeGenerator:799 - code generatio: config db path: C:\ST\STM32CubeIDE_1.13.2\STM32CubeIDE\plugins\com.st.stm32cube.common.mx_6.9.2.202309101412\\db\
2023-10-01 16:55:42,239 [INFO] CodeEngine:255 - oldGeneratedFile, C:\Users\57310\STM32CubeIDE\workspace_1.10.1_411\Laboratorio_1_7_TIMER_Contador_1_3\MXTmpFiles\license.tmp_save
2023-10-01 16:55:42,286 [INFO] CodeEngine:279 - Generated code: C:\Users\57310\STM32CubeIDE\workspace_1.10.1_411\Laboratorio_1_7_TIMER_Contador_1_3\MXTmpFiles\license.tmp
2023-10-01 16:55:42,305 [INFO] CodeEngine:255 - oldGeneratedFile, C:\Users\57310\STM32CubeIDE\workspace_1.10.1_411\Laboratorio_1_7_TIMER_Contador_1_3\MXTmpFiles\gpio.tmp_save
2023-10-01 16:55:42,351 [INFO] CodeEngine:279 - Generated code: C:\Users\57310\STM32CubeIDE\workspace_1.10.1_411\Laboratorio_1_7_TIMER_Contador_1_3\MXTmpFiles\gpio.tmp
2023-10-01 16:55:42,472 [INFO] CodeEngine:255 - oldGeneratedFile, C:\Users\57310\STM32CubeIDE\workspace_1.10.1_411\Laboratorio_1_7_TIMER_Contador_1_3\Core\Src\stm32f4xx_it.c_save
2023-10-01 16:55:42,538 [INFO] CodeEngine:279 - Generated code: C:\Users\57310\STM32CubeIDE\workspace_1.10.1_411\Laboratorio_1_7_TIMER_Contador_1_3\Core\Src\stm32f4xx_it.c
2023-10-01 16:55:42,547 [INFO] CodeEngine:255 - oldGeneratedFile, C:\Users\57310\STM32CubeIDE\workspace_1.10.1_411\Laboratorio_1_7_TIMER_Contador_1_3\Core\Inc\stm32f4xx_it.h_save
2023-10-01 16:55:42,606 [INFO] CodeEngine:279 - Generated code: C:\Users\57310\STM32CubeIDE\workspace_1.10.1_411\Laboratorio_1_7_TIMER_Contador_1_3\Core\Inc\stm32f4xx_it.h
2023-10-01 16:55:42,622 [INFO] CodeEngine:255 - oldGeneratedFile, C:\Users\57310\STM32CubeIDE\workspace_1.10.1_411\Laboratorio_1_7_TIMER_Contador_1_3\Core\Src\stm32f4xx_hal_msp.c_save
2023-10-01 16:55:42,704 [INFO] CodeEngine:279 - Generated code: C:\Users\57310\STM32CubeIDE\workspace_1.10.1_411\Laboratorio_1_7_TIMER_Contador_1_3\Core\Src\stm32f4xx_hal_msp.c
2023-10-01 16:55:42,710 [INFO] CodeEngine:255 - oldGeneratedFile, C:\Users\57310\STM32CubeIDE\workspace_1.10.1_411\Laboratorio_1_7_TIMER_Contador_1_3\MXTmpFiles\system.tmp_save
2023-10-01 16:55:42,758 [INFO] CodeEngine:279 - Generated code: C:\Users\57310\STM32CubeIDE\workspace_1.10.1_411\Laboratorio_1_7_TIMER_Contador_1_3\MXTmpFiles\system.tmp
2023-10-01 16:55:42,771 [INFO] CodeEngine:311 - oldGeneratedFile, C:\Users\57310\STM32CubeIDE\workspace_1.10.1_411\Laboratorio_1_7_TIMER_Contador_1_3\Core\Inc\stm32f4xx_hal_conf.h_save
2023-10-01 16:55:42,828 [INFO] CodeEngine:335 - Generated code: C:\Users\57310\STM32CubeIDE\workspace_1.10.1_411\Laboratorio_1_7_TIMER_Contador_1_3\Core\Inc\stm32f4xx_hal_conf.h
2023-10-01 16:55:42,855 [WARN] IPConfigManager:3431 - IP not found : TIM
2023-10-01 16:55:42,856 [WARN] CodeGenerator:3764 - IP not found : null
2023-10-01 16:55:42,865 [INFO] CodeEngine:255 - oldGeneratedFile, C:\Users\57310\STM32CubeIDE\workspace_1.10.1_411\Laboratorio_1_7_TIMER_Contador_1_3\Core\Inc\main.h_save
2023-10-01 16:55:42,921 [INFO] CodeEngine:279 - Generated code: C:\Users\57310\STM32CubeIDE\workspace_1.10.1_411\Laboratorio_1_7_TIMER_Contador_1_3\Core\Inc\main.h
2023-10-01 16:55:42,929 [INFO] CodeEngine:255 - oldGeneratedFile, C:\Users\57310\STM32CubeIDE\workspace_1.10.1_411\Laboratorio_1_7_TIMER_Contador_1_3\Core\Src\main.c_save
2023-10-01 16:55:43,014 [INFO] CodeEngine:279 - Generated code: C:\Users\57310\STM32CubeIDE\workspace_1.10.1_411\Laboratorio_1_7_TIMER_Contador_1_3\Core\Src\main.c
2023-10-01 16:55:43,498 [INFO] ProjectBuilder:3064 - Time for Copy HAL[1] : 233mS.
2023-10-01 16:55:43,502 [INFO] ProjectBuilder:4404 - Project Generator version: 4.1.0
2023-10-01 16:55:43,883 [INFO] ConfigFileManager:1457 - The Die is : DIE431
2023-10-01 16:55:45,153 [INFO] ProjectBuilder:4626 - Time for Generating toolchain IDE Files: 1651mS.
2023-10-01 16:55:45,155 [INFO] ProjectBuilder:2935 - Time for Copy CMSIS : 1mS.
2023-10-01 16:55:45,162 [INFO] ProjectBuilder:2935 - Time for Copy CMSIS : 1mS.
2023-10-01 17:02:50,222 [INFO] NvicIntPanel:101 - NVIC parent = com.st.microxplorer.plugins.ip.nvic.MultiNvicIntPanel[,0,0,0x0,invalid,layout=javax.swing.BoxLayout,alignmentX=0.0,alignmentY=0.0,border=,flags=9,maximumSize=,minimumSize=,preferredSize=]
2023-10-01 17:02:53,706 [INFO] UtilMem:75 - End SaveConfig() Used Memory: 308352656 Bytes (975175680)
2023-10-01 17:02:55,962 [INFO] UtilMem:75 - End SaveConfig() Used Memory: 381047096 Bytes (975175680)
2023-10-01 17:02:56,232 [INFO] BlockDiagram:2759 - set Specific Code input for plugin: NVIC
2023-10-01 17:02:56,232 [INFO] BlockDiagram:2759 - set Specific Code input for plugin: USART
2023-10-01 17:02:56,232 [INFO] BlockDiagram:2759 - set Specific Code input for plugin: TIM1_8
2023-10-01 17:02:56,232 [INFO] BlockDiagram:2759 - set Specific Code input for plugin: SYS
2023-10-01 17:02:56,233 [INFO] BlockDiagram:2759 - set Specific Code input for plugin: GPIO
2023-10-01 17:02:56,233 [INFO] BlockDiagram:2759 - set Specific Code input for plugin: RCC
2023-10-01 17:02:56,233 [INFO] CodeGenerator:799 - code generatio: config db path: C:\ST\STM32CubeIDE_1.13.2\STM32CubeIDE\plugins\com.st.stm32cube.common.mx_6.9.2.202309101412\\db\
2023-10-01 17:02:56,343 [INFO] CodeEngine:255 - oldGeneratedFile, C:\Users\57310\STM32CubeIDE\workspace_1.10.1_411\Laboratorio_1_7_TIMER_Contador_1_3\MXTmpFiles\license.tmp_save
2023-10-01 17:02:56,390 [INFO] CodeEngine:279 - Generated code: C:\Users\57310\STM32CubeIDE\workspace_1.10.1_411\Laboratorio_1_7_TIMER_Contador_1_3\MXTmpFiles\license.tmp
2023-10-01 17:02:56,409 [INFO] CodeEngine:255 - oldGeneratedFile, C:\Users\57310\STM32CubeIDE\workspace_1.10.1_411\Laboratorio_1_7_TIMER_Contador_1_3\MXTmpFiles\gpio.tmp_save
2023-10-01 17:02:56,457 [INFO] CodeEngine:279 - Generated code: C:\Users\57310\STM32CubeIDE\workspace_1.10.1_411\Laboratorio_1_7_TIMER_Contador_1_3\MXTmpFiles\gpio.tmp
2023-10-01 17:02:56,581 [INFO] CodeEngine:255 - oldGeneratedFile, C:\Users\57310\STM32CubeIDE\workspace_1.10.1_411\Laboratorio_1_7_TIMER_Contador_1_3\Core\Src\stm32f4xx_it.c_save
2023-10-01 17:02:56,655 [INFO] CodeEngine:279 - Generated code: C:\Users\57310\STM32CubeIDE\workspace_1.10.1_411\Laboratorio_1_7_TIMER_Contador_1_3\Core\Src\stm32f4xx_it.c
2023-10-01 17:02:56,663 [INFO] CodeEngine:255 - oldGeneratedFile, C:\Users\57310\STM32CubeIDE\workspace_1.10.1_411\Laboratorio_1_7_TIMER_Contador_1_3\Core\Inc\stm32f4xx_it.h_save
2023-10-01 17:02:56,715 [INFO] CodeEngine:279 - Generated code: C:\Users\57310\STM32CubeIDE\workspace_1.10.1_411\Laboratorio_1_7_TIMER_Contador_1_3\Core\Inc\stm32f4xx_it.h
2023-10-01 17:02:56,729 [INFO] CodeEngine:255 - oldGeneratedFile, C:\Users\57310\STM32CubeIDE\workspace_1.10.1_411\Laboratorio_1_7_TIMER_Contador_1_3\Core\Src\stm32f4xx_hal_msp.c_save
2023-10-01 17:02:56,803 [INFO] CodeEngine:279 - Generated code: C:\Users\57310\STM32CubeIDE\workspace_1.10.1_411\Laboratorio_1_7_TIMER_Contador_1_3\Core\Src\stm32f4xx_hal_msp.c
2023-10-01 17:02:56,809 [INFO] CodeEngine:255 - oldGeneratedFile, C:\Users\57310\STM32CubeIDE\workspace_1.10.1_411\Laboratorio_1_7_TIMER_Contador_1_3\MXTmpFiles\system.tmp_save
2023-10-01 17:02:56,853 [INFO] CodeEngine:279 - Generated code: C:\Users\57310\STM32CubeIDE\workspace_1.10.1_411\Laboratorio_1_7_TIMER_Contador_1_3\MXTmpFiles\system.tmp
2023-10-01 17:02:56,865 [INFO] CodeEngine:311 - oldGeneratedFile, C:\Users\57310\STM32CubeIDE\workspace_1.10.1_411\Laboratorio_1_7_TIMER_Contador_1_3\Core\Inc\stm32f4xx_hal_conf.h_save
2023-10-01 17:02:56,939 [INFO] CodeEngine:335 - Generated code: C:\Users\57310\STM32CubeIDE\workspace_1.10.1_411\Laboratorio_1_7_TIMER_Contador_1_3\Core\Inc\stm32f4xx_hal_conf.h
2023-10-01 17:02:56,983 [WARN] IPConfigManager:3431 - IP not found : TIM
2023-10-01 17:02:56,984 [WARN] CodeGenerator:3764 - IP not found : null
2023-10-01 17:02:56,994 [INFO] CodeEngine:255 - oldGeneratedFile, C:\Users\57310\STM32CubeIDE\workspace_1.10.1_411\Laboratorio_1_7_TIMER_Contador_1_3\Core\Inc\main.h_save
2023-10-01 17:02:57,048 [INFO] CodeEngine:279 - Generated code: C:\Users\57310\STM32CubeIDE\workspace_1.10.1_411\Laboratorio_1_7_TIMER_Contador_1_3\Core\Inc\main.h
2023-10-01 17:02:57,056 [INFO] CodeEngine:255 - oldGeneratedFile, C:\Users\57310\STM32CubeIDE\workspace_1.10.1_411\Laboratorio_1_7_TIMER_Contador_1_3\Core\Src\main.c_save
2023-10-01 17:02:57,139 [INFO] CodeEngine:279 - Generated code: C:\Users\57310\STM32CubeIDE\workspace_1.10.1_411\Laboratorio_1_7_TIMER_Contador_1_3\Core\Src\main.c
2023-10-01 17:02:57,801 [INFO] ProjectBuilder:3064 - Time for Copy HAL[1] : 254mS.
2023-10-01 17:02:57,806 [INFO] ProjectBuilder:4404 - Project Generator version: 4.1.0
2023-10-01 17:02:58,018 [INFO] ConfigFileManager:1457 - The Die is : DIE431
2023-10-01 17:02:59,254 [INFO] ProjectBuilder:4626 - Time for Generating toolchain IDE Files: 1448mS.
2023-10-01 17:02:59,255 [INFO] ProjectBuilder:2935 - Time for Copy CMSIS : 1mS.
2023-10-01 17:02:59,259 [INFO] ProjectBuilder:2935 - Time for Copy CMSIS : 0mS.
2023-10-01 17:08:51,666 [INFO] UtilMem:75 - End SaveConfig() Used Memory: 448059024 Bytes (1027604480)
2023-10-01 17:08:51,930 [INFO] UtilMem:75 - End SaveConfig() Used Memory: 476370576 Bytes (1027604480)
2023-10-01 17:08:52,207 [INFO] BlockDiagram:2759 - set Specific Code input for plugin: NVIC
2023-10-01 17:08:52,207 [INFO] BlockDiagram:2759 - set Specific Code input for plugin: USART
2023-10-01 17:08:52,207 [INFO] BlockDiagram:2759 - set Specific Code input for plugin: TIM1_8
2023-10-01 17:08:52,207 [INFO] BlockDiagram:2759 - set Specific Code input for plugin: SYS
2023-10-01 17:08:52,207 [INFO] BlockDiagram:2759 - set Specific Code input for plugin: GPIO
2023-10-01 17:08:52,207 [INFO] BlockDiagram:2759 - set Specific Code input for plugin: RCC
2023-10-01 17:08:52,208 [INFO] CodeGenerator:799 - code generatio: config db path: C:\ST\STM32CubeIDE_1.13.2\STM32CubeIDE\plugins\com.st.stm32cube.common.mx_6.9.2.202309101412\\db\
2023-10-01 17:08:52,303 [INFO] CodeEngine:255 - oldGeneratedFile, C:\Users\57310\STM32CubeIDE\workspace_1.10.1_411\Laboratorio_1_7_TIMER_Contador_1_3\MXTmpFiles\license.tmp_save
2023-10-01 17:08:52,350 [INFO] CodeEngine:279 - Generated code: C:\Users\57310\STM32CubeIDE\workspace_1.10.1_411\Laboratorio_1_7_TIMER_Contador_1_3\MXTmpFiles\license.tmp
2023-10-01 17:08:52,367 [INFO] CodeEngine:255 - oldGeneratedFile, C:\Users\57310\STM32CubeIDE\workspace_1.10.1_411\Laboratorio_1_7_TIMER_Contador_1_3\MXTmpFiles\gpio.tmp_save
2023-10-01 17:08:52,412 [INFO] CodeEngine:279 - Generated code: C:\Users\57310\STM32CubeIDE\workspace_1.10.1_411\Laboratorio_1_7_TIMER_Contador_1_3\MXTmpFiles\gpio.tmp
2023-10-01 17:08:52,530 [INFO] CodeEngine:255 - oldGeneratedFile, C:\Users\57310\STM32CubeIDE\workspace_1.10.1_411\Laboratorio_1_7_TIMER_Contador_1_3\Core\Src\stm32f4xx_it.c_save
2023-10-01 17:08:52,589 [INFO] CodeEngine:279 - Generated code: C:\Users\57310\STM32CubeIDE\workspace_1.10.1_411\Laboratorio_1_7_TIMER_Contador_1_3\Core\Src\stm32f4xx_it.c
2023-10-01 17:08:52,608 [INFO] CodeEngine:255 - oldGeneratedFile, C:\Users\57310\STM32CubeIDE\workspace_1.10.1_411\Laboratorio_1_7_TIMER_Contador_1_3\Core\Inc\stm32f4xx_it.h_save
2023-10-01 17:08:52,658 [INFO] CodeEngine:279 - Generated code: C:\Users\57310\STM32CubeIDE\workspace_1.10.1_411\Laboratorio_1_7_TIMER_Contador_1_3\Core\Inc\stm32f4xx_it.h
2023-10-01 17:08:52,672 [INFO] CodeEngine:255 - oldGeneratedFile, C:\Users\57310\STM32CubeIDE\workspace_1.10.1_411\Laboratorio_1_7_TIMER_Contador_1_3\Core\Src\stm32f4xx_hal_msp.c_save
2023-10-01 17:08:52,749 [INFO] CodeEngine:279 - Generated code: C:\Users\57310\STM32CubeIDE\workspace_1.10.1_411\Laboratorio_1_7_TIMER_Contador_1_3\Core\Src\stm32f4xx_hal_msp.c
2023-10-01 17:08:52,756 [INFO] CodeEngine:255 - oldGeneratedFile, C:\Users\57310\STM32CubeIDE\workspace_1.10.1_411\Laboratorio_1_7_TIMER_Contador_1_3\MXTmpFiles\system.tmp_save
2023-10-01 17:08:52,803 [INFO] CodeEngine:279 - Generated code: C:\Users\57310\STM32CubeIDE\workspace_1.10.1_411\Laboratorio_1_7_TIMER_Contador_1_3\MXTmpFiles\system.tmp
2023-10-01 17:08:52,816 [INFO] CodeEngine:311 - oldGeneratedFile, C:\Users\57310\STM32CubeIDE\workspace_1.10.1_411\Laboratorio_1_7_TIMER_Contador_1_3\Core\Inc\stm32f4xx_hal_conf.h_save
2023-10-01 17:08:52,869 [INFO] CodeEngine:335 - Generated code: C:\Users\57310\STM32CubeIDE\workspace_1.10.1_411\Laboratorio_1_7_TIMER_Contador_1_3\Core\Inc\stm32f4xx_hal_conf.h
2023-10-01 17:08:52,894 [WARN] IPConfigManager:3431 - IP not found : TIM
2023-10-01 17:08:52,895 [WARN] CodeGenerator:3764 - IP not found : null
2023-10-01 17:08:52,905 [INFO] CodeEngine:255 - oldGeneratedFile, C:\Users\57310\STM32CubeIDE\workspace_1.10.1_411\Laboratorio_1_7_TIMER_Contador_1_3\Core\Inc\main.h_save
2023-10-01 17:08:52,958 [INFO] CodeEngine:279 - Generated code: C:\Users\57310\STM32CubeIDE\workspace_1.10.1_411\Laboratorio_1_7_TIMER_Contador_1_3\Core\Inc\main.h
2023-10-01 17:08:52,966 [INFO] CodeEngine:255 - oldGeneratedFile, C:\Users\57310\STM32CubeIDE\workspace_1.10.1_411\Laboratorio_1_7_TIMER_Contador_1_3\Core\Src\main.c_save
2023-10-01 17:08:53,041 [INFO] CodeEngine:279 - Generated code: C:\Users\57310\STM32CubeIDE\workspace_1.10.1_411\Laboratorio_1_7_TIMER_Contador_1_3\Core\Src\main.c
2023-10-01 17:08:53,710 [INFO] ProjectBuilder:3064 - Time for Copy HAL[1] : 246mS.
2023-10-01 17:08:53,715 [INFO] ProjectBuilder:4404 - Project Generator version: 4.1.0
2023-10-01 17:08:54,053 [INFO] ConfigFileManager:1457 - The Die is : DIE431
2023-10-01 17:08:55,287 [INFO] ProjectBuilder:4626 - Time for Generating toolchain IDE Files: 1572mS.
2023-10-01 17:08:55,289 [INFO] ProjectBuilder:2935 - Time for Copy CMSIS : 0mS.
2023-10-01 17:08:55,303 [INFO] ProjectBuilder:2935 - Time for Copy CMSIS : 0mS.
2023-10-01 17:14:59,708 [ERROR] LogOutputStream:75 - [STDERR_REDIRECT] 
