2023-11-16 22:13:16,977 [INFO] Activator:176 - 


2023-11-16 22:13:17,218 [INFO] Activator:177 - !SESSION log4j initialized
2023-11-16 22:16:05,816 [INFO] LogOutputStream:77 - [STDOUT_REDIRECT] 
2023-11-16 22:17:12,092 [INFO] ApplicationProperties:184 - Using Application install path: C:\ST\STM32CubeIDE_1.13.2\STM32CubeIDE\plugins\com.st.stm32cube.common.mx_6.9.2.202309101412
2023-11-16 22:17:13,102 [INFO] DbMcusXml:78 - Set database path to: C:\ST\STM32CubeIDE_1.13.2\STM32CubeIDE\plugins\com.st.stm32cube.common.mx_6.9.2.202309101412\\db\/mcu/
2023-11-16 22:17:13,103 [INFO] ApiDb:274 - Set plugin database path to: C:\ST\STM32CubeIDE_1.13.2\STM32CubeIDE\plugins\com.st.stm32cube.common.mx_6.9.2.202309101412\\db\/plugins/boardmanager/
2023-11-16 22:17:13,173 [WARN] ApiDb:259 - Overriding images path with different value:  => C:\ST\STM32CubeIDE_1.13.2\STM32CubeIDE\plugins\com.st.stm32cube.common.mx_6.9.2.202309101412\\db\/plugins/mcufinder/images/
2023-11-16 22:17:15,304 [INFO] ApiDb:250 - Set database path to: C:\Users\57310\.stmcufinder\plugins\mcufinder//mcu/
2023-11-16 22:17:15,305 [INFO] DbMcusAds:125 - Set database path to: C:\Users\57310\.stmcufinder\plugins\mcufinder//mcu/
2023-11-16 22:17:15,312 [INFO] CrossReferenceDbSqlite:203 - Set database path to: C:\Users\57310\.stmcufinder\plugins\mcufinder//mcu/cs/
2023-11-16 22:17:19,564 [INFO] RulesReader:64 - Compatibility file has been processed (293 Rules)
2023-11-16 22:17:33,351 [INFO] DbMcusXml:78 - Set database path to: C:\ST\STM32CubeIDE_1.13.2\STM32CubeIDE\plugins\com.st.stm32cube.common.mx_6.9.2.202309101412\\db\/mcu/
2023-11-16 22:17:33,352 [INFO] ApiDb:274 - Set plugin database path to: C:\ST\STM32CubeIDE_1.13.2\STM32CubeIDE\plugins\com.st.stm32cube.common.mx_6.9.2.202309101412\\db\/plugins/boardmanager/
2023-11-16 22:17:33,352 [INFO] ApiDb:261 - Set plugin images path to: C:\ST\STM32CubeIDE_1.13.2\STM32CubeIDE\plugins\com.st.stm32cube.common.mx_6.9.2.202309101412\\db\/plugins/mcufinder/images/
2023-11-16 22:17:33,352 [WARN] DbFile:41 - Overriding database path with different value: C:\Users\57310\.stmcufinder\plugins\mcufinder/ => C:\Users\57310\.stmcufinder\plugins\mcufinder
2023-11-16 22:17:33,352 [INFO] ApiDb:250 - Set database path to: C:\Users\57310\.stmcufinder\plugins\mcufinder//mcu/
2023-11-16 22:17:33,352 [WARN] DbFile:41 - Overriding database path with different value: C:\Users\57310\.stmcufinder\plugins\mcufinder/ => C:\Users\57310\.stmcufinder\plugins\mcufinder
2023-11-16 22:17:33,352 [INFO] DbMcusAds:125 - Set database path to: C:\Users\57310\.stmcufinder\plugins\mcufinder//mcu/
2023-11-16 22:17:33,352 [WARN] DbFile:41 - Overriding database path with different value: C:\Users\57310\.stmcufinder\plugins\mcufinder/ => C:\Users\57310\.stmcufinder\plugins\mcufinder
2023-11-16 22:17:33,353 [WARN] DbFile:41 - Overriding database path with different value: C:\Users\57310\.stmcufinder\plugins\mcufinder/ => C:\Users\57310\.stmcufinder\plugins\mcufinder
2023-11-16 22:17:33,410 [INFO] CrossReferenceDbSqlite:203 - Set database path to: C:\Users\57310\.stmcufinder\plugins\mcufinder//mcu/cs/
2023-11-16 22:17:44,339 [INFO] MainPanel:262 - HeapMemory: 268435456
2023-11-16 22:18:00,841 [INFO] DbMcusXml:78 - Set database path to: C:\ST\STM32CubeIDE_1.13.2\STM32CubeIDE\plugins\com.st.stm32cube.common.mx_6.9.2.202309101412\\db\/mcu/
2023-11-16 22:18:00,841 [INFO] ApiDb:274 - Set plugin database path to: C:\ST\STM32CubeIDE_1.13.2\STM32CubeIDE\plugins\com.st.stm32cube.common.mx_6.9.2.202309101412\\db\/plugins/boardmanager/
2023-11-16 22:18:00,842 [INFO] ApiDb:261 - Set plugin images path to: C:\ST\STM32CubeIDE_1.13.2\STM32CubeIDE\plugins\com.st.stm32cube.common.mx_6.9.2.202309101412\\db\/plugins/mcufinder/images/
2023-11-16 22:18:00,940 [WARN] DbFile:41 - Overriding database path with different value: C:\Users\57310\.stmcufinder\plugins\mcufinder/ => C:\Users\57310\.stmcufinder\plugins\mcufinder
2023-11-16 22:18:00,941 [INFO] ApiDb:250 - Set database path to: C:\Users\57310\.stmcufinder\plugins\mcufinder//mcu/
2023-11-16 22:18:00,941 [WARN] DbFile:41 - Overriding database path with different value: C:\Users\57310\.stmcufinder\plugins\mcufinder/ => C:\Users\57310\.stmcufinder\plugins\mcufinder
2023-11-16 22:18:00,941 [INFO] DbMcusAds:125 - Set database path to: C:\Users\57310\.stmcufinder\plugins\mcufinder//mcu/
2023-11-16 22:18:00,942 [WARN] DbFile:41 - Overriding database path with different value: C:\Users\57310\.stmcufinder\plugins\mcufinder/ => C:\Users\57310\.stmcufinder\plugins\mcufinder
2023-11-16 22:18:00,942 [WARN] DbFile:41 - Overriding database path with different value: C:\Users\57310\.stmcufinder\plugins\mcufinder/ => C:\Users\57310\.stmcufinder\plugins\mcufinder
2023-11-16 22:18:00,950 [INFO] CrossReferenceDbSqlite:203 - Set database path to: C:\Users\57310\.stmcufinder\plugins\mcufinder//mcu/cs/
2023-11-16 22:18:03,330 [INFO] ApplicationProperties:184 - Using Application install path: C:\ST\STM32CubeIDE_1.13.2\STM32CubeIDE\plugins\com.st.stm32cube.common.mx_6.9.2.202309101412
2023-11-16 22:18:03,331 [INFO] PluginManage:196 - Search for loadable plugins [exclusion list=, ]
2023-11-16 22:18:03,922 [INFO] PluginManage:310 - Check plugin analytics
2023-11-16 22:18:11,874 [INFO] AnalyticsPlugin:253 - Accepted Software Licenses: 
2023-11-16 22:18:11,874 [INFO] AnalyticsPlugin:255 - Accepted CMSIS Pack Licenses: 
2023-11-16 22:18:11,875 [INFO] AnalyticsPlugin:257 - Accepted Firmware Licenses: FW.L4.1.18.0
2023-11-16 22:18:11,881 [INFO] PluginManage:359 - Loaded plugin analytics (category:tool,tabindex:-1)
2023-11-16 22:18:11,882 [INFO] PluginManage:310 - Check plugin cadmodel
2023-11-16 22:18:12,926 [INFO] CADModel:105 - Init CAD model plugin
2023-11-16 22:18:12,927 [INFO] PluginManage:359 - Loaded plugin cadmodel (category:power,tabindex:5)
2023-11-16 22:18:12,928 [INFO] PluginManage:310 - Check plugin clock
2023-11-16 22:18:14,005 [INFO] PluginManage:359 - Loaded plugin clock (category:base,tabindex:2)
2023-11-16 22:18:14,006 [INFO] PluginManage:310 - Check plugin ddr
2023-11-16 22:18:14,651 [INFO] PluginManage:359 - Loaded plugin ddr (category:tool,tabindex:6)
2023-11-16 22:18:14,652 [INFO] PluginManage:310 - Check plugin filemanager
2023-11-16 22:18:25,184 [INFO] PluginManage:359 - Loaded plugin filemanager (category:base,tabindex:10)
2023-11-16 22:18:25,184 [INFO] PluginManage:310 - Check plugin ipmanager
2023-11-16 22:18:25,673 [INFO] PluginManage:359 - Loaded plugin ipmanager (category:base,tabindex:5)
2023-11-16 22:18:25,673 [INFO] PluginManage:310 - Check plugin lpbam
2023-11-16 22:18:26,141 [INFO] PluginManage:359 - Loaded plugin lpbam (category:base,tabindex:0)
2023-11-16 22:18:26,141 [INFO] PluginManage:310 - Check plugin memorymap
2023-11-16 22:18:28,241 [INFO] PluginManage:359 - Loaded plugin memorymap (category:base,tabindex:4)
2023-11-16 22:18:28,241 [INFO] PluginManage:310 - Check plugin pinoutandconfiguration
2023-11-16 22:18:29,161 [INFO] PluginManage:359 - Loaded plugin pinoutandconfiguration (category:base,tabindex:1)
2023-11-16 22:18:29,161 [INFO] PluginManage:310 - Check plugin pinoutconfig
2023-11-16 22:18:31,489 [WARN] SupportedApi:132 - Cannot load RTOS API schema: s4s-elt-must-match.1: The content of 'definitions' must match (annotation?, (simpleType | complexType)?, (unique | key | keyref)*)). A problem was found starting at: attribute.
2023-11-16 22:18:33,871 [INFO] PluginManage:359 - Loaded plugin pinoutconfig (category:base,tabindex:0)
2023-11-16 22:18:33,871 [INFO] PluginManage:310 - Check plugin power
2023-11-16 22:19:02,038 [INFO] PluginManage:359 - Loaded plugin power (category:power,tabindex:4)
2023-11-16 22:19:02,038 [INFO] PluginManage:310 - Check plugin projectmanager
2023-11-16 22:19:02,413 [INFO] PluginManage:359 - Loaded plugin projectmanager (category:projectmanager,tabindex:3)
2023-11-16 22:19:02,413 [INFO] PluginManage:310 - Check plugin thirdparty
2023-11-16 22:19:11,429 [INFO] PluginManage:359 - Loaded plugin thirdparty (category:base,tabindex:-1)
2023-11-16 22:19:11,429 [WARN] IntegrityCheckThread:84 - waiting for thirdparty lock release [integrity check]
2023-11-16 22:19:11,429 [INFO] PluginManage:310 - Check plugin tools
2023-11-16 22:19:11,429 [INFO] IntegrityCheckThread:86 - entering critical section [integrity check]
2023-11-16 22:19:11,430 [INFO] ThirdPartyUpdaterWithRetryManager:70 - Updater plugin not ready yet. [1/15]
2023-11-16 22:19:11,606 [INFO] PluginManage:359 - Loaded plugin tools (category:base,tabindex:7)
2023-11-16 22:19:11,607 [INFO] PluginManage:310 - Check plugin tutovideos
2023-11-16 22:19:14,432 [INFO] ThirdPartyUpdaterWithRetryManager:70 - Updater plugin not ready yet. [2/15]
2023-11-16 22:19:17,441 [INFO] ThirdPartyUpdaterWithRetryManager:70 - Updater plugin not ready yet. [3/15]
2023-11-16 22:19:20,450 [INFO] ThirdPartyUpdaterWithRetryManager:70 - Updater plugin not ready yet. [4/15]
2023-11-16 22:19:21,067 [INFO] PluginManage:359 - Loaded plugin tutovideos (category:base,tabindex:-1)
2023-11-16 22:19:21,068 [INFO] PluginManage:310 - Check plugin updater
2023-11-16 22:19:21,967 [INFO] PluginManage:359 - Loaded plugin updater (category:base,tabindex:12)
2023-11-16 22:19:21,968 [INFO] PluginManage:310 - Check plugin userauth
2023-11-16 22:19:22,332 [INFO] UserAuth:113 - Init User Auth plugin
2023-11-16 22:19:22,333 [INFO] PluginManage:359 - Loaded plugin userauth (category:base,tabindex:14)
2023-11-16 22:19:22,334 [INFO] PluginManage:283 - PluginManage : Loaded plugins [17]
2023-11-16 22:19:23,461 [INFO] ThirdPartyUpdaterWithRetryManager:70 - Updater plugin not ready yet. [5/15]
2023-11-16 22:19:26,469 [INFO] ThirdPartyUpdaterWithRetryManager:70 - Updater plugin not ready yet. [6/15]
2023-11-16 22:19:29,481 [INFO] ThirdPartyUpdaterWithRetryManager:70 - Updater plugin not ready yet. [7/15]
2023-11-16 22:19:32,494 [INFO] ThirdPartyUpdaterWithRetryManager:70 - Updater plugin not ready yet. [8/15]
2023-11-16 22:19:35,504 [INFO] ThirdPartyUpdaterWithRetryManager:70 - Updater plugin not ready yet. [9/15]
2023-11-16 22:19:35,747 [INFO] PinOutPanel:1499 - setPackage(No Configuration,No Configuration)
2023-11-16 22:19:38,508 [INFO] ThirdPartyUpdaterWithRetryManager:70 - Updater plugin not ready yet. [10/15]
2023-11-16 22:19:40,054 [INFO] CADModel:165 - CPN selected for project level
2023-11-16 22:19:40,054 [INFO] CADModel:114 - Register for checkConnection events
2023-11-16 22:19:41,510 [INFO] ThirdPartyUpdaterWithRetryManager:70 - Updater plugin not ready yet. [11/15]
2023-11-16 22:19:42,339 [INFO] IPUIPlugin:80 - create IPUIPlugin
2023-11-16 22:19:42,339 [INFO] PluginManager:220 - loadIPPluginJar : add adc
2023-11-16 22:19:42,808 [INFO] IPUIPlugin:80 - create IPUIPlugin
2023-11-16 22:19:42,809 [INFO] PluginManager:220 - loadIPPluginJar : add aes
2023-11-16 22:19:43,210 [INFO] IPUIPlugin:80 - create IPUIPlugin
2023-11-16 22:19:43,210 [INFO] PluginManager:220 - loadIPPluginJar : add can
2023-11-16 22:19:43,508 [INFO] IPUIPlugin:80 - create IPUIPlugin
2023-11-16 22:19:43,508 [INFO] PluginManager:220 - loadIPPluginJar : add comp
2023-11-16 22:19:43,889 [INFO] IPUIPlugin:80 - create IPUIPlugin
2023-11-16 22:19:43,889 [INFO] PluginManager:220 - loadIPPluginJar : add cryp
2023-11-16 22:19:44,011 [INFO] IPUIPlugin:80 - create IPUIPlugin
2023-11-16 22:19:44,011 [INFO] PluginManager:220 - loadIPPluginJar : add dfsdm
2023-11-16 22:19:44,247 [INFO] IPUIPlugin:80 - create IPUIPlugin
2023-11-16 22:19:44,248 [INFO] PluginManager:220 - loadIPPluginJar : add dma
2023-11-16 22:19:44,522 [INFO] ThirdPartyUpdaterWithRetryManager:70 - Updater plugin not ready yet. [12/15]
2023-11-16 22:19:44,570 [INFO] IPUIPlugin:80 - create IPUIPlugin
2023-11-16 22:19:44,571 [INFO] PluginManager:220 - loadIPPluginJar : add dma3
2023-11-16 22:19:44,861 [INFO] IPUIPlugin:80 - create IPUIPlugin
2023-11-16 22:19:44,861 [INFO] PluginManager:220 - loadIPPluginJar : add fatfs
2023-11-16 22:19:45,177 [INFO] IPUIPlugin:80 - create IPUIPlugin
2023-11-16 22:19:45,178 [INFO] PluginManager:220 - loadIPPluginJar : add fmc
2023-11-16 22:19:45,872 [INFO] IPUIPlugin:80 - create IPUIPlugin
2023-11-16 22:19:45,873 [INFO] PluginManager:220 - loadIPPluginJar : add freertos
2023-11-16 22:19:46,016 [INFO] IPUIPlugin:80 - create IPUIPlugin
2023-11-16 22:19:46,016 [INFO] PluginManager:220 - loadIPPluginJar : add genericplugin
2023-11-16 22:19:46,608 [INFO] IPUIPlugin:80 - create IPUIPlugin
2023-11-16 22:19:46,608 [INFO] PluginManager:220 - loadIPPluginJar : add gfxmmu
2023-11-16 22:19:46,797 [INFO] IPUIPlugin:80 - create IPUIPlugin
2023-11-16 22:19:46,797 [INFO] PluginManager:220 - loadIPPluginJar : add gic
2023-11-16 22:19:47,038 [INFO] IPUIPlugin:80 - create IPUIPlugin
2023-11-16 22:19:47,038 [INFO] PluginManager:220 - loadIPPluginJar : add gpio
2023-11-16 22:19:47,388 [INFO] IPUIPlugin:80 - create IPUIPlugin
2023-11-16 22:19:47,389 [INFO] PluginManager:220 - loadIPPluginJar : add gtzc
2023-11-16 22:19:47,523 [INFO] ThirdPartyUpdaterWithRetryManager:70 - Updater plugin not ready yet. [13/15]
2023-11-16 22:19:47,860 [INFO] IPUIPlugin:80 - create IPUIPlugin
2023-11-16 22:19:47,860 [INFO] PluginManager:220 - loadIPPluginJar : add hash
2023-11-16 22:19:48,115 [INFO] IPUIPlugin:80 - create IPUIPlugin
2023-11-16 22:19:48,115 [INFO] PluginManager:220 - loadIPPluginJar : add i2c
2023-11-16 22:19:48,478 [INFO] IPUIPlugin:80 - create IPUIPlugin
2023-11-16 22:19:48,479 [INFO] PluginManager:220 - loadIPPluginJar : add i2s
2023-11-16 22:19:48,664 [INFO] IPUIPlugin:80 - create IPUIPlugin
2023-11-16 22:19:48,664 [INFO] PluginManager:220 - loadIPPluginJar : add i3c
2023-11-16 22:19:49,007 [INFO] IPUIPlugin:80 - create IPUIPlugin
2023-11-16 22:19:49,008 [INFO] PluginManager:220 - loadIPPluginJar : add ipddr
2023-11-16 22:19:49,497 [INFO] IPUIPlugin:80 - create IPUIPlugin
2023-11-16 22:19:49,498 [INFO] PluginManager:220 - loadIPPluginJar : add linkedlist
2023-11-16 22:19:49,792 [INFO] IPUIPlugin:80 - create IPUIPlugin
2023-11-16 22:19:49,792 [INFO] PluginManager:220 - loadIPPluginJar : add lorawan
2023-11-16 22:19:50,001 [INFO] IPUIPlugin:80 - create IPUIPlugin
2023-11-16 22:19:50,002 [INFO] PluginManager:220 - loadIPPluginJar : add ltdc
2023-11-16 22:19:50,482 [INFO] IPUIPlugin:80 - create IPUIPlugin
2023-11-16 22:19:50,482 [INFO] PluginManager:220 - loadIPPluginJar : add mdma
2023-11-16 22:19:50,524 [INFO] ThirdPartyUpdaterWithRetryManager:70 - Updater plugin not ready yet. [14/15]
2023-11-16 22:19:51,035 [INFO] IPUIPlugin:80 - create IPUIPlugin
2023-11-16 22:19:51,035 [INFO] PluginManager:220 - loadIPPluginJar : add nvic
2023-11-16 22:19:51,370 [INFO] IPUIPlugin:80 - create IPUIPlugin
2023-11-16 22:19:51,370 [INFO] PluginManager:220 - loadIPPluginJar : add opamp
2023-11-16 22:19:51,968 [INFO] IPUIPlugin:80 - create IPUIPlugin
2023-11-16 22:19:51,968 [INFO] PluginManager:220 - loadIPPluginJar : add openamp
2023-11-16 22:19:52,419 [INFO] IPUIPlugin:80 - create IPUIPlugin
2023-11-16 22:19:52,420 [INFO] PluginManager:220 - loadIPPluginJar : add pdm2pcm
2023-11-16 22:19:52,822 [INFO] IPUIPlugin:80 - create IPUIPlugin
2023-11-16 22:19:52,826 [INFO] PluginManager:220 - loadIPPluginJar : add plateformsettings
2023-11-16 22:19:53,159 [INFO] IPUIPlugin:80 - create IPUIPlugin
2023-11-16 22:19:53,160 [INFO] PluginManager:220 - loadIPPluginJar : add quadspi
2023-11-16 22:19:53,527 [INFO] ThirdPartyUpdaterWithRetryManager:70 - Updater plugin not ready yet. [15/15]
2023-11-16 22:19:53,527 [ERROR] AbstractThirdPartyUpdaterManager:170 - Updater plugin not retrieved
2023-11-16 22:19:53,528 [ERROR] IntegrityCheckThread:130 - Cannot retrieve database content from updater: error -1
2023-11-16 22:19:53,529 [INFO] ThirdParty:978 - Integrity check success = false
2023-11-16 22:19:53,529 [INFO] IntegrityCheckThread:100 - exiting critical section [integrity check]
2023-11-16 22:19:53,529 [INFO] IntegrityCheckThread:103 - End integrity checks thread
2023-11-16 22:19:53,817 [INFO] IPUIPlugin:80 - create IPUIPlugin
2023-11-16 22:19:53,817 [INFO] PluginManager:220 - loadIPPluginJar : add resmgrutility
2023-11-16 22:19:53,974 [INFO] IPUIPlugin:80 - create IPUIPlugin
2023-11-16 22:19:53,974 [INFO] PluginManager:220 - loadIPPluginJar : add sai
2023-11-16 22:19:54,497 [INFO] IPUIPlugin:80 - create IPUIPlugin
2023-11-16 22:19:54,498 [INFO] PluginManager:220 - loadIPPluginJar : add spi
2023-11-16 22:19:54,859 [INFO] IPUIPlugin:80 - create IPUIPlugin
2023-11-16 22:19:54,859 [INFO] PluginManager:220 - loadIPPluginJar : add stm32_wpan
2023-11-16 22:19:55,003 [INFO] IPUIPlugin:80 - create IPUIPlugin
2023-11-16 22:19:55,003 [INFO] PluginManager:220 - loadIPPluginJar : add tim
2023-11-16 22:19:55,315 [INFO] IPUIPlugin:80 - create IPUIPlugin
2023-11-16 22:19:55,315 [INFO] PluginManager:220 - loadIPPluginJar : add touchsensing
2023-11-16 22:19:55,635 [INFO] IPUIPlugin:80 - create IPUIPlugin
2023-11-16 22:19:55,636 [INFO] PluginManager:220 - loadIPPluginJar : add tracer_emb
2023-11-16 22:19:55,759 [INFO] IPUIPlugin:80 - create IPUIPlugin
2023-11-16 22:19:55,759 [INFO] PluginManager:220 - loadIPPluginJar : add ts
2023-11-16 22:19:56,174 [INFO] IPUIPlugin:80 - create IPUIPlugin
2023-11-16 22:19:56,174 [INFO] PluginManager:220 - loadIPPluginJar : add tsc
2023-11-16 22:19:56,312 [INFO] IPUIPlugin:80 - create IPUIPlugin
2023-11-16 22:19:56,312 [INFO] PluginManager:220 - loadIPPluginJar : add ucpd
2023-11-16 22:19:56,612 [INFO] IPUIPlugin:80 - create IPUIPlugin
2023-11-16 22:19:56,612 [INFO] PluginManager:220 - loadIPPluginJar : add usart
2023-11-16 22:19:56,871 [INFO] IPUIPlugin:80 - create IPUIPlugin
2023-11-16 22:19:56,872 [INFO] PluginManager:220 - loadIPPluginJar : add usbx
2023-11-16 22:19:57,963 [INFO] CADModel:165 - CPN selected for project level
2023-11-16 22:19:57,964 [INFO] CADModel:114 - Register for checkConnection events
2023-11-16 22:19:57,964 [FATAL] Updater:308 - Updater called before beeing initialized
2023-11-16 22:19:57,964 [ERROR] CADModel:125 - Updater not yet initialized, retry later 
2023-11-16 22:20:06,622 [INFO] CADModel:165 - CPN selected for project level
2023-11-16 22:20:06,622 [INFO] CADModel:114 - Register for checkConnection events
2023-11-16 22:20:06,622 [FATAL] Updater:308 - Updater called before beeing initialized
2023-11-16 22:20:06,623 [ERROR] CADModel:125 - Updater not yet initialized, retry later 
2023-11-16 22:20:06,786 [FATAL] Updater:308 - Updater called before beeing initialized
2023-11-16 22:20:09,405 [FATAL] Updater:308 - Updater called before beeing initialized
2023-11-16 22:20:09,576 [INFO] DbMcusAds:53 - JSON generation date=Tue Mar 07 03:50:55 COT 2023 (1678179055335)
2023-11-16 22:20:09,576 [FATAL] Updater:308 - Updater called before beeing initialized
2023-11-16 22:20:11,539 [WARN] DetailPanel:346 - Failed to get advertising image, set to default
2023-11-16 22:20:12,536 [FATAL] Updater:308 - Updater called before beeing initialized
2023-11-16 22:20:12,767 [FATAL] Updater:308 - Updater called before beeing initialized
2023-11-16 22:20:12,767 [FATAL] Updater:308 - Updater called before beeing initialized
2023-11-16 22:20:12,768 [WARN] DetailPanel:346 - Failed to get advertising image, set to default
2023-11-16 22:20:12,770 [FATAL] Updater:308 - Updater called before beeing initialized
2023-11-16 22:20:13,649 [ERROR] Updater:1120 - MainUpdater not yet initialized. External WinMGr cannot be set.
2023-11-16 22:20:13,746 [INFO] Updater:1056 - Updater Version found : 6.9.2
2023-11-16 22:20:14,497 [INFO] ApplicationProperties:184 - Using Application install path: C:\ST\STM32CubeIDE_1.13.2\STM32CubeIDE\plugins\com.st.stm32cube.common.mx_6.9.2.202309101412
2023-11-16 22:20:51,147 [INFO] MainUpdater:2868 - connection check result : 10
2023-11-16 22:20:54,366 [INFO] MainUpdater:285 - Updater Check For Update Now.
2023-11-16 22:20:54,539 [INFO] MicroXplorer:498 - Change Database Version : DB.6.0.92
2023-11-16 22:20:54,975 [INFO] McuFinderGlobals:63 - Set McuFinder mode to 2 (CubeIDE integrated)
2023-11-16 22:20:55,378 [INFO] CheckServerUpdateThread:120 - End of CheckServer Thread
2023-11-16 22:21:42,694 [ERROR] LogOutputStream:75 - [STDERR_REDIRECT] SLF4J: Failed to load class "org.slf4j.impl.StaticLoggerBinder".
2023-11-16 22:21:42,695 [ERROR] LogOutputStream:75 - [STDERR_REDIRECT] SLF4J: Defaulting to no-operation (NOP) logger implementation
2023-11-16 22:21:42,697 [ERROR] LogOutputStream:75 - [STDERR_REDIRECT] SLF4J: See http://www.slf4j.org/codes.html#StaticLoggerBinder for further details.
