2023-11-21 16:02:21,973 [INFO] Activator:176 - 


2023-11-21 16:02:21,979 [INFO] Activator:177 - !SESSION log4j initialized
2023-11-21 16:02:28,141 [INFO] LogOutputStream:77 - [STDOUT_REDIRECT] 
2023-11-21 16:02:31,980 [INFO] ApplicationProperties:184 - Using Application install path: C:\ST\STM32CubeIDE_1.13.2\STM32CubeIDE\plugins\com.st.stm32cube.common.mx_6.9.2.202309101412
2023-11-21 16:02:31,997 [INFO] DbMcusXml:78 - Set database path to: C:\ST\STM32CubeIDE_1.13.2\STM32CubeIDE\plugins\com.st.stm32cube.common.mx_6.9.2.202309101412\\db\/mcu/
2023-11-21 16:02:31,997 [INFO] ApiDb:274 - Set plugin database path to: C:\ST\STM32CubeIDE_1.13.2\STM32CubeIDE\plugins\com.st.stm32cube.common.mx_6.9.2.202309101412\\db\/plugins/boardmanager/
2023-11-21 16:02:31,998 [WARN] ApiDb:259 - Overriding images path with different value:  => C:\ST\STM32CubeIDE_1.13.2\STM32CubeIDE\plugins\com.st.stm32cube.common.mx_6.9.2.202309101412\\db\/plugins/mcufinder/images/
2023-11-21 16:02:32,009 [INFO] ApiDb:250 - Set database path to: C:\Users\57310\.stmcufinder\plugins\mcufinder//mcu/
2023-11-21 16:02:32,010 [INFO] DbMcusAds:125 - Set database path to: C:\Users\57310\.stmcufinder\plugins\mcufinder//mcu/
2023-11-21 16:02:32,014 [INFO] CrossReferenceDbSqlite:203 - Set database path to: C:\Users\57310\.stmcufinder\plugins\mcufinder//mcu/cs/
2023-11-21 16:02:32,187 [INFO] RulesReader:64 - Compatibility file has been processed (293 Rules)
2023-11-21 16:02:32,918 [INFO] DbMcusXml:78 - Set database path to: C:\ST\STM32CubeIDE_1.13.2\STM32CubeIDE\plugins\com.st.stm32cube.common.mx_6.9.2.202309101412\\db\/mcu/
2023-11-21 16:02:32,919 [INFO] ApiDb:274 - Set plugin database path to: C:\ST\STM32CubeIDE_1.13.2\STM32CubeIDE\plugins\com.st.stm32cube.common.mx_6.9.2.202309101412\\db\/plugins/boardmanager/
2023-11-21 16:02:32,919 [INFO] ApiDb:261 - Set plugin images path to: C:\ST\STM32CubeIDE_1.13.2\STM32CubeIDE\plugins\com.st.stm32cube.common.mx_6.9.2.202309101412\\db\/plugins/mcufinder/images/
2023-11-21 16:02:32,920 [WARN] DbFile:41 - Overriding database path with different value: C:\Users\57310\.stmcufinder\plugins\mcufinder/ => C:\Users\57310\.stmcufinder\plugins\mcufinder
2023-11-21 16:02:32,920 [INFO] ApiDb:250 - Set database path to: C:\Users\57310\.stmcufinder\plugins\mcufinder//mcu/
2023-11-21 16:02:32,921 [WARN] DbFile:41 - Overriding database path with different value: C:\Users\57310\.stmcufinder\plugins\mcufinder/ => C:\Users\57310\.stmcufinder\plugins\mcufinder
2023-11-21 16:02:32,921 [INFO] DbMcusAds:125 - Set database path to: C:\Users\57310\.stmcufinder\plugins\mcufinder//mcu/
2023-11-21 16:02:32,921 [WARN] DbFile:41 - Overriding database path with different value: C:\Users\57310\.stmcufinder\plugins\mcufinder/ => C:\Users\57310\.stmcufinder\plugins\mcufinder
2023-11-21 16:02:32,922 [WARN] DbFile:41 - Overriding database path with different value: C:\Users\57310\.stmcufinder\plugins\mcufinder/ => C:\Users\57310\.stmcufinder\plugins\mcufinder
2023-11-21 16:02:32,922 [INFO] CrossReferenceDbSqlite:203 - Set database path to: C:\Users\57310\.stmcufinder\plugins\mcufinder//mcu/cs/
2023-11-21 16:02:33,090 [INFO] MainPanel:262 - HeapMemory: 268435456
2023-11-21 16:02:33,221 [INFO] DbMcusXml:78 - Set database path to: C:\ST\STM32CubeIDE_1.13.2\STM32CubeIDE\plugins\com.st.stm32cube.common.mx_6.9.2.202309101412\\db\/mcu/
2023-11-21 16:02:33,221 [INFO] ApiDb:274 - Set plugin database path to: C:\ST\STM32CubeIDE_1.13.2\STM32CubeIDE\plugins\com.st.stm32cube.common.mx_6.9.2.202309101412\\db\/plugins/boardmanager/
2023-11-21 16:02:33,221 [INFO] ApiDb:261 - Set plugin images path to: C:\ST\STM32CubeIDE_1.13.2\STM32CubeIDE\plugins\com.st.stm32cube.common.mx_6.9.2.202309101412\\db\/plugins/mcufinder/images/
2023-11-21 16:02:33,221 [WARN] DbFile:41 - Overriding database path with different value: C:\Users\57310\.stmcufinder\plugins\mcufinder/ => C:\Users\57310\.stmcufinder\plugins\mcufinder
2023-11-21 16:02:33,221 [INFO] ApiDb:250 - Set database path to: C:\Users\57310\.stmcufinder\plugins\mcufinder//mcu/
2023-11-21 16:02:33,222 [WARN] DbFile:41 - Overriding database path with different value: C:\Users\57310\.stmcufinder\plugins\mcufinder/ => C:\Users\57310\.stmcufinder\plugins\mcufinder
2023-11-21 16:02:33,222 [INFO] DbMcusAds:125 - Set database path to: C:\Users\57310\.stmcufinder\plugins\mcufinder//mcu/
2023-11-21 16:02:33,222 [WARN] DbFile:41 - Overriding database path with different value: C:\Users\57310\.stmcufinder\plugins\mcufinder/ => C:\Users\57310\.stmcufinder\plugins\mcufinder
2023-11-21 16:02:33,222 [WARN] DbFile:41 - Overriding database path with different value: C:\Users\57310\.stmcufinder\plugins\mcufinder/ => C:\Users\57310\.stmcufinder\plugins\mcufinder
2023-11-21 16:02:33,222 [INFO] CrossReferenceDbSqlite:203 - Set database path to: C:\Users\57310\.stmcufinder\plugins\mcufinder//mcu/cs/
2023-11-21 16:02:33,526 [INFO] ApplicationProperties:184 - Using Application install path: C:\ST\STM32CubeIDE_1.13.2\STM32CubeIDE\plugins\com.st.stm32cube.common.mx_6.9.2.202309101412
2023-11-21 16:02:33,526 [INFO] PluginManage:196 - Search for loadable plugins [exclusion list=, ]
2023-11-21 16:02:33,528 [INFO] PluginManage:310 - Check plugin analytics
2023-11-21 16:02:33,846 [INFO] AnalyticsPlugin:253 - Accepted Software Licenses: 
2023-11-21 16:02:33,846 [INFO] AnalyticsPlugin:255 - Accepted CMSIS Pack Licenses: 
2023-11-21 16:02:33,847 [INFO] AnalyticsPlugin:257 - Accepted Firmware Licenses: FW.L4.1.18.0
2023-11-21 16:02:33,850 [INFO] PluginManage:359 - Loaded plugin analytics (category:tool,tabindex:-1)
2023-11-21 16:02:33,851 [INFO] PluginManage:310 - Check plugin cadmodel
2023-11-21 16:02:33,858 [INFO] CADModel:105 - Init CAD model plugin
2023-11-21 16:02:33,858 [INFO] PluginManage:359 - Loaded plugin cadmodel (category:power,tabindex:5)
2023-11-21 16:02:33,858 [INFO] PluginManage:310 - Check plugin clock
2023-11-21 16:02:33,871 [INFO] PluginManage:359 - Loaded plugin clock (category:base,tabindex:2)
2023-11-21 16:02:33,872 [INFO] PluginManage:310 - Check plugin ddr
2023-11-21 16:02:33,877 [INFO] PluginManage:359 - Loaded plugin ddr (category:tool,tabindex:6)
2023-11-21 16:02:33,877 [INFO] PluginManage:310 - Check plugin filemanager
2023-11-21 16:02:34,099 [INFO] PluginManage:359 - Loaded plugin filemanager (category:base,tabindex:10)
2023-11-21 16:02:34,100 [INFO] PluginManage:310 - Check plugin ipmanager
2023-11-21 16:02:34,113 [INFO] PluginManage:359 - Loaded plugin ipmanager (category:base,tabindex:5)
2023-11-21 16:02:34,114 [INFO] PluginManage:310 - Check plugin lpbam
2023-11-21 16:02:34,133 [INFO] PluginManage:359 - Loaded plugin lpbam (category:base,tabindex:0)
2023-11-21 16:02:34,133 [INFO] PluginManage:310 - Check plugin memorymap
2023-11-21 16:02:34,154 [INFO] PluginManage:359 - Loaded plugin memorymap (category:base,tabindex:4)
2023-11-21 16:02:34,154 [INFO] PluginManage:310 - Check plugin pinoutandconfiguration
2023-11-21 16:02:34,168 [INFO] PluginManage:359 - Loaded plugin pinoutandconfiguration (category:base,tabindex:1)
2023-11-21 16:02:34,168 [INFO] PluginManage:310 - Check plugin pinoutconfig
2023-11-21 16:02:34,299 [WARN] SupportedApi:132 - Cannot load RTOS API schema: s4s-elt-must-match.1: The content of 'definitions' must match (annotation?, (simpleType | complexType)?, (unique | key | keyref)*)). A problem was found starting at: attribute.
2023-11-21 16:02:34,523 [INFO] PluginManage:359 - Loaded plugin pinoutconfig (category:base,tabindex:0)
2023-11-21 16:02:34,524 [INFO] PluginManage:310 - Check plugin power
2023-11-21 16:02:34,535 [INFO] PluginManage:359 - Loaded plugin power (category:power,tabindex:4)
2023-11-21 16:02:34,535 [INFO] PluginManage:310 - Check plugin projectmanager
2023-11-21 16:02:34,561 [INFO] PluginManage:359 - Loaded plugin projectmanager (category:projectmanager,tabindex:3)
2023-11-21 16:02:34,561 [INFO] PluginManage:310 - Check plugin thirdparty
2023-11-21 16:02:35,296 [INFO] McuFinderGlobals:63 - Set McuFinder mode to 2 (CubeIDE integrated)
2023-11-21 16:02:35,502 [WARN] IntegrityCheckThread:84 - waiting for thirdparty lock release [integrity check]
2023-11-21 16:02:35,504 [INFO] IntegrityCheckThread:86 - entering critical section [integrity check]
2023-11-21 16:02:35,504 [INFO] PluginManage:359 - Loaded plugin thirdparty (category:base,tabindex:-1)
2023-11-21 16:02:35,504 [INFO] PluginManage:310 - Check plugin tools
2023-11-21 16:02:35,504 [INFO] ThirdPartyUpdaterWithRetryManager:70 - Updater plugin not ready yet. [1/15]
2023-11-21 16:02:35,508 [INFO] PluginManage:359 - Loaded plugin tools (category:base,tabindex:7)
2023-11-21 16:02:35,508 [INFO] PluginManage:310 - Check plugin tutovideos
2023-11-21 16:02:36,080 [INFO] PluginManage:359 - Loaded plugin tutovideos (category:base,tabindex:-1)
2023-11-21 16:02:36,080 [INFO] PluginManage:310 - Check plugin updater
2023-11-21 16:02:36,092 [INFO] PluginManage:359 - Loaded plugin updater (category:base,tabindex:12)
2023-11-21 16:02:36,092 [INFO] PluginManage:310 - Check plugin userauth
2023-11-21 16:02:36,097 [INFO] UserAuth:113 - Init User Auth plugin
2023-11-21 16:02:36,097 [INFO] PluginManage:359 - Loaded plugin userauth (category:base,tabindex:14)
2023-11-21 16:02:36,098 [INFO] PluginManage:283 - PluginManage : Loaded plugins [17]
2023-11-21 16:02:36,415 [INFO] PinOutPanel:1499 - setPackage(No Configuration,No Configuration)
2023-11-21 16:02:36,552 [INFO] CADModel:165 - CPN selected for project level
2023-11-21 16:02:36,553 [INFO] CADModel:114 - Register for checkConnection events
2023-11-21 16:02:36,575 [INFO] IPUIPlugin:80 - create IPUIPlugin
2023-11-21 16:02:36,575 [INFO] PluginManager:220 - loadIPPluginJar : add adc
2023-11-21 16:02:36,580 [INFO] IPUIPlugin:80 - create IPUIPlugin
2023-11-21 16:02:36,580 [INFO] PluginManager:220 - loadIPPluginJar : add aes
2023-11-21 16:02:36,585 [INFO] IPUIPlugin:80 - create IPUIPlugin
2023-11-21 16:02:36,585 [INFO] PluginManager:220 - loadIPPluginJar : add can
2023-11-21 16:02:36,588 [INFO] IPUIPlugin:80 - create IPUIPlugin
2023-11-21 16:02:36,588 [INFO] PluginManager:220 - loadIPPluginJar : add comp
2023-11-21 16:02:36,592 [INFO] IPUIPlugin:80 - create IPUIPlugin
2023-11-21 16:02:36,592 [INFO] PluginManager:220 - loadIPPluginJar : add cryp
2023-11-21 16:02:36,595 [INFO] IPUIPlugin:80 - create IPUIPlugin
2023-11-21 16:02:36,595 [INFO] PluginManager:220 - loadIPPluginJar : add dfsdm
2023-11-21 16:02:36,600 [INFO] IPUIPlugin:80 - create IPUIPlugin
2023-11-21 16:02:36,601 [INFO] PluginManager:220 - loadIPPluginJar : add dma
2023-11-21 16:02:36,604 [INFO] IPUIPlugin:80 - create IPUIPlugin
2023-11-21 16:02:36,604 [INFO] PluginManager:220 - loadIPPluginJar : add dma3
2023-11-21 16:02:36,607 [INFO] IPUIPlugin:80 - create IPUIPlugin
2023-11-21 16:02:36,607 [INFO] PluginManager:220 - loadIPPluginJar : add fatfs
2023-11-21 16:02:36,611 [INFO] IPUIPlugin:80 - create IPUIPlugin
2023-11-21 16:02:36,611 [INFO] PluginManager:220 - loadIPPluginJar : add fmc
2023-11-21 16:02:36,616 [INFO] IPUIPlugin:80 - create IPUIPlugin
2023-11-21 16:02:36,616 [INFO] PluginManager:220 - loadIPPluginJar : add freertos
2023-11-21 16:02:36,617 [INFO] IPUIPlugin:80 - create IPUIPlugin
2023-11-21 16:02:36,617 [INFO] PluginManager:220 - loadIPPluginJar : add genericplugin
2023-11-21 16:02:36,620 [INFO] IPUIPlugin:80 - create IPUIPlugin
2023-11-21 16:02:36,620 [INFO] PluginManager:220 - loadIPPluginJar : add gfxmmu
2023-11-21 16:02:36,623 [INFO] IPUIPlugin:80 - create IPUIPlugin
2023-11-21 16:02:36,623 [INFO] PluginManager:220 - loadIPPluginJar : add gic
2023-11-21 16:02:36,627 [INFO] IPUIPlugin:80 - create IPUIPlugin
2023-11-21 16:02:36,627 [INFO] PluginManager:220 - loadIPPluginJar : add gpio
2023-11-21 16:02:36,630 [INFO] IPUIPlugin:80 - create IPUIPlugin
2023-11-21 16:02:36,630 [INFO] PluginManager:220 - loadIPPluginJar : add gtzc
2023-11-21 16:02:36,633 [INFO] IPUIPlugin:80 - create IPUIPlugin
2023-11-21 16:02:36,633 [INFO] PluginManager:220 - loadIPPluginJar : add hash
2023-11-21 16:02:36,635 [INFO] IPUIPlugin:80 - create IPUIPlugin
2023-11-21 16:02:36,636 [INFO] PluginManager:220 - loadIPPluginJar : add i2c
2023-11-21 16:02:36,638 [INFO] IPUIPlugin:80 - create IPUIPlugin
2023-11-21 16:02:36,638 [INFO] PluginManager:220 - loadIPPluginJar : add i2s
2023-11-21 16:02:36,642 [INFO] IPUIPlugin:80 - create IPUIPlugin
2023-11-21 16:02:36,642 [INFO] PluginManager:220 - loadIPPluginJar : add i3c
2023-11-21 16:02:36,645 [INFO] IPUIPlugin:80 - create IPUIPlugin
2023-11-21 16:02:36,645 [INFO] PluginManager:220 - loadIPPluginJar : add ipddr
2023-11-21 16:02:36,651 [INFO] IPUIPlugin:80 - create IPUIPlugin
2023-11-21 16:02:36,651 [INFO] PluginManager:220 - loadIPPluginJar : add linkedlist
2023-11-21 16:02:36,655 [INFO] IPUIPlugin:80 - create IPUIPlugin
2023-11-21 16:02:36,655 [INFO] PluginManager:220 - loadIPPluginJar : add lorawan
2023-11-21 16:02:36,657 [INFO] IPUIPlugin:80 - create IPUIPlugin
2023-11-21 16:02:36,657 [INFO] PluginManager:220 - loadIPPluginJar : add ltdc
2023-11-21 16:02:36,663 [INFO] IPUIPlugin:80 - create IPUIPlugin
2023-11-21 16:02:36,664 [INFO] PluginManager:220 - loadIPPluginJar : add mdma
2023-11-21 16:02:36,669 [INFO] IPUIPlugin:80 - create IPUIPlugin
2023-11-21 16:02:36,669 [INFO] PluginManager:220 - loadIPPluginJar : add nvic
2023-11-21 16:02:36,673 [INFO] IPUIPlugin:80 - create IPUIPlugin
2023-11-21 16:02:36,673 [INFO] PluginManager:220 - loadIPPluginJar : add opamp
2023-11-21 16:02:36,677 [INFO] IPUIPlugin:80 - create IPUIPlugin
2023-11-21 16:02:36,677 [INFO] PluginManager:220 - loadIPPluginJar : add openamp
2023-11-21 16:02:36,681 [INFO] IPUIPlugin:80 - create IPUIPlugin
2023-11-21 16:02:36,681 [INFO] PluginManager:220 - loadIPPluginJar : add pdm2pcm
2023-11-21 16:02:36,687 [INFO] IPUIPlugin:80 - create IPUIPlugin
2023-11-21 16:02:36,689 [INFO] PluginManager:220 - loadIPPluginJar : add plateformsettings
2023-11-21 16:02:36,694 [INFO] IPUIPlugin:80 - create IPUIPlugin
2023-11-21 16:02:36,694 [INFO] PluginManager:220 - loadIPPluginJar : add quadspi
2023-11-21 16:02:36,699 [INFO] IPUIPlugin:80 - create IPUIPlugin
2023-11-21 16:02:36,699 [INFO] PluginManager:220 - loadIPPluginJar : add resmgrutility
2023-11-21 16:02:36,703 [INFO] IPUIPlugin:80 - create IPUIPlugin
2023-11-21 16:02:36,704 [INFO] PluginManager:220 - loadIPPluginJar : add sai
2023-11-21 16:02:36,707 [INFO] IPUIPlugin:80 - create IPUIPlugin
2023-11-21 16:02:36,707 [INFO] PluginManager:220 - loadIPPluginJar : add spi
2023-11-21 16:02:36,712 [INFO] IPUIPlugin:80 - create IPUIPlugin
2023-11-21 16:02:36,712 [INFO] PluginManager:220 - loadIPPluginJar : add stm32_wpan
2023-11-21 16:02:36,714 [INFO] IPUIPlugin:80 - create IPUIPlugin
2023-11-21 16:02:36,714 [INFO] PluginManager:220 - loadIPPluginJar : add tim
2023-11-21 16:02:36,717 [INFO] IPUIPlugin:80 - create IPUIPlugin
2023-11-21 16:02:36,717 [INFO] PluginManager:220 - loadIPPluginJar : add touchsensing
2023-11-21 16:02:36,718 [INFO] IPUIPlugin:80 - create IPUIPlugin
2023-11-21 16:02:36,718 [INFO] PluginManager:220 - loadIPPluginJar : add tracer_emb
2023-11-21 16:02:36,721 [INFO] IPUIPlugin:80 - create IPUIPlugin
2023-11-21 16:02:36,721 [INFO] PluginManager:220 - loadIPPluginJar : add ts
2023-11-21 16:02:36,723 [INFO] IPUIPlugin:80 - create IPUIPlugin
2023-11-21 16:02:36,723 [INFO] PluginManager:220 - loadIPPluginJar : add tsc
2023-11-21 16:02:36,724 [INFO] IPUIPlugin:80 - create IPUIPlugin
2023-11-21 16:02:36,725 [INFO] PluginManager:220 - loadIPPluginJar : add ucpd
2023-11-21 16:02:36,727 [INFO] IPUIPlugin:80 - create IPUIPlugin
2023-11-21 16:02:36,727 [INFO] PluginManager:220 - loadIPPluginJar : add usart
2023-11-21 16:02:36,732 [INFO] IPUIPlugin:80 - create IPUIPlugin
2023-11-21 16:02:36,732 [INFO] PluginManager:220 - loadIPPluginJar : add usbx
2023-11-21 16:02:37,062 [INFO] CADModel:165 - CPN selected for project level
2023-11-21 16:02:37,062 [INFO] CADModel:114 - Register for checkConnection events
2023-11-21 16:02:37,062 [FATAL] Updater:308 - Updater called before beeing initialized
2023-11-21 16:02:37,062 [ERROR] CADModel:125 - Updater not yet initialized, retry later 
2023-11-21 16:02:37,233 [INFO] CADModel:165 - CPN selected for project level
2023-11-21 16:02:37,233 [INFO] CADModel:114 - Register for checkConnection events
2023-11-21 16:02:37,234 [FATAL] Updater:308 - Updater called before beeing initialized
2023-11-21 16:02:37,234 [ERROR] CADModel:125 - Updater not yet initialized, retry later 
2023-11-21 16:02:37,239 [FATAL] Updater:308 - Updater called before beeing initialized
2023-11-21 16:02:37,431 [FATAL] Updater:308 - Updater called before beeing initialized
2023-11-21 16:02:37,441 [INFO] DbMcusAds:53 - JSON generation date=Tue Mar 07 03:50:55 COT 2023 (1678179055335)
2023-11-21 16:02:37,441 [FATAL] Updater:308 - Updater called before beeing initialized
2023-11-21 16:02:37,501 [WARN] DetailPanel:346 - Failed to get advertising image, set to default
2023-11-21 16:02:37,635 [FATAL] Updater:308 - Updater called before beeing initialized
2023-11-21 16:02:37,647 [FATAL] Updater:308 - Updater called before beeing initialized
2023-11-21 16:02:37,647 [FATAL] Updater:308 - Updater called before beeing initialized
2023-11-21 16:02:37,648 [WARN] DetailPanel:346 - Failed to get advertising image, set to default
2023-11-21 16:02:37,649 [FATAL] Updater:308 - Updater called before beeing initialized
2023-11-21 16:02:37,767 [ERROR] Updater:1120 - MainUpdater not yet initialized. External WinMGr cannot be set.
2023-11-21 16:02:37,779 [INFO] Updater:1056 - Updater Version found : 6.9.2
2023-11-21 16:02:37,810 [INFO] ApplicationProperties:184 - Using Application install path: C:\ST\STM32CubeIDE_1.13.2\STM32CubeIDE\plugins\com.st.stm32cube.common.mx_6.9.2.202309101412
2023-11-21 16:02:38,172 [INFO] MainUpdater:2868 - connection check result : 10
2023-11-21 16:02:38,173 [INFO] MainUpdater:285 - Updater Check For Update Now.
2023-11-21 16:02:38,174 [INFO] MicroXplorer:498 - Change Database Version : DB.6.0.92
2023-11-21 16:02:38,202 [INFO] McuFinderGlobals:63 - Set McuFinder mode to 2 (CubeIDE integrated)
2023-11-21 16:02:38,428 [INFO] CheckServerUpdateThread:120 - End of CheckServer Thread
2023-11-21 16:02:38,429 [INFO] MainUpdater:2868 - connection check result : 10
2023-11-21 16:02:38,722 [INFO] MainUpdater:2868 - connection check result : 10
2023-11-21 16:02:39,159 [WARN] PackLoader:240 - Cannot read IP mode file for STMicroelectronics.X-CUBE-SMBUS.2.1.0
2023-11-21 16:02:39,214 [WARN] PackLoader:240 - Cannot read IP mode file for STMicroelectronics.X-CUBE-SUBG2.4.1.0
2023-11-21 16:02:39,376 [WARN] PackLoader:240 - Cannot read IP mode file for STMicroelectronics.X-CUBE-MEMS1.9.2.0
2023-11-21 16:02:39,482 [INFO] MicroXplorer:468 - Change Database Path : 
2023-11-21 16:02:39,482 [INFO] MicroXplorer:498 - Change Database Version : DB.6.0.92
2023-11-21 16:02:39,497 [WARN] ThirdParty:871 - waiting for thirdparty lock release [close project]
2023-11-21 16:02:39,640 [WARN] PackLoader:240 - Cannot read IP mode file for STMicroelectronics.X-CUBE-AZRTOS-F7.1.1.0
2023-11-21 16:02:39,677 [WARN] PackLoader:240 - Cannot read IP mode file for STMicroelectronics.X-CUBE-AI.7.1.0
2023-11-21 16:02:39,741 [WARN] PackLoader:240 - Cannot read IP mode file for STMicroelectronics.X-CUBE-TOUCHGFX.4.19.1
2023-11-21 16:02:39,778 [WARN] PackLoader:240 - Cannot read IP mode file for STMicroelectronics.FP-SNS-MOTENV1.4.3.2
2023-11-21 16:02:39,832 [ERROR] RealEvaluatedCondition:428 - Found unsupported composite condition: GROUP='STM32_MetaDataManager' CLASS='Data Exchange'
2023-11-21 16:02:39,833 [ERROR] RealEvaluatedCondition:428 - Found unsupported composite condition: CLASS='Data Exchange' GROUP='STM32_MetaDataManager'
2023-11-21 16:02:39,834 [WARN] PackLoader:240 - Cannot read IP mode file for STMicroelectronics.FP-SNS-MOTENV1.4.3.1
2023-11-21 16:02:39,886 [WARN] PackLoader:240 - Cannot read IP mode file for STMicroelectronics.FP-SNS-FLIGHT1.5.0.1
2023-11-21 16:02:39,911 [WARN] PackLoader:240 - Cannot read IP mode file for STMicroelectronics.X-CUBE-BLE1.6.2.3
2023-11-21 16:02:39,985 [WARN] PackLoader:240 - Cannot read IP mode file for STMicroelectronics.X-CUBE-EEPRMA1.3.0.0
2023-11-21 16:02:40,135 [WARN] PackLoader:240 - Cannot read IP mode file for STMicroelectronics.X-CUBE-BLE1.6.2.4
2023-11-21 16:02:40,158 [WARN] PackLoader:240 - Cannot read IP mode file for STMicroelectronics.X-CUBE-BLE1.6.2.0
2023-11-21 16:02:40,199 [WARN] PackLoader:240 - Cannot read IP mode file for STMicroelectronics.FP-SNS-FLIGHT1.5.0.2
2023-11-21 16:02:40,309 [WARN] PackLoader:240 - Cannot read IP mode file for STMicroelectronics.X-CUBE-BLE2.3.2.2
2023-11-21 16:02:40,343 [WARN] PackLoader:240 - Cannot read IP mode file for STMicroelectronics.X-CUBE-BLE2.3.2.0
2023-11-21 16:02:40,397 [WARN] PackLoader:240 - Cannot read IP mode file for STMicroelectronics.X-CUBE-DISPLAY.3.0.0
2023-11-21 16:02:40,438 [WARN] PackLoader:240 - Cannot read IP mode file for STMicroelectronics.X-CUBE-BLE1.7.0.0
2023-11-21 16:02:40,474 [WARN] PackLoader:240 - Cannot read IP mode file for emotas.I-CUBE-CANOPEN.1.3.0
2023-11-21 16:02:40,507 [WARN] PackLoader:240 - Cannot read IP mode file for STMicroelectronics.X-CUBE-TOUCHGFX.4.22.0
2023-11-21 16:02:40,546 [WARN] PackLoader:240 - Cannot read IP mode file for STMicroelectronics.X-CUBE-TOUCHGFX.4.22.1
2023-11-21 16:02:40,578 [WARN] PackLoader:240 - Cannot read IP mode file for STMicroelectronics.X-CUBE-AZRTOS-H7.1.0.0
2023-11-21 16:02:40,625 [WARN] PackLoader:240 - Cannot read IP mode file for STMicroelectronics.X-CUBE-MEMS1.9.3.0
2023-11-21 16:02:40,761 [WARN] PackLoader:240 - Cannot read IP mode file for STMicroelectronics.FP-SNS-SMARTAG2.1.2.0
2023-11-21 16:02:40,791 [INFO] LogOutputStream:77 - [STDOUT_REDIRECT] 1 : Invalid condition id : UX_CORESTACK_Condition cause : null
2023-11-21 16:02:40,794 [INFO] LogOutputStream:77 - [STDOUT_REDIRECT] 1 : Invalid condition id : UX_CORESTACK_Condition cause : null
2023-11-21 16:02:40,797 [INFO] LogOutputStream:77 - [STDOUT_REDIRECT] 1 : Invalid condition id : UX_CORESTACK_Condition cause : null
2023-11-21 16:02:40,799 [INFO] LogOutputStream:77 - [STDOUT_REDIRECT] 1 : Invalid condition id : UX_CORESTACK_Condition cause : null
2023-11-21 16:02:40,800 [INFO] LogOutputStream:77 - [STDOUT_REDIRECT] 1 : Invalid condition id : UX_CORESTACK_Condition cause : null
2023-11-21 16:02:40,804 [WARN] PackLoader:240 - Cannot read IP mode file for STMicroelectronics.X-CUBE-AZRTOS-WL.2.0.0
2023-11-21 16:02:40,831 [WARN] PackLoader:240 - Cannot read IP mode file for STMicroelectronics.X-CUBE-ALGOBUILD.1.2.0
2023-11-21 16:02:40,861 [WARN] PackLoader:240 - Cannot read IP mode file for WES.I-CUBE-Cesium.1.3.0
2023-11-21 16:02:40,870 [WARN] PackLoader:240 - Cannot read IP mode file for STMicroelectronics.X-CUBE-BLE2.3.3.0
2023-11-21 16:02:40,898 [WARN] PackLoader:240 - Cannot read IP mode file for STMicroelectronics.X-CUBE-DISPLAY.2.2.0
2023-11-21 16:02:40,918 [WARN] PackLoader:240 - Cannot read IP mode file for STMicroelectronics.X-CUBE-TOF1.3.2.0
2023-11-21 16:02:40,950 [WARN] PackLoader:240 - Cannot read IP mode file for STMicroelectronics.X-CUBE-AZRTOS-H7.2.1.0
2023-11-21 16:02:40,970 [WARN] PackLoader:240 - Cannot read IP mode file for STMicroelectronics.X-CUBE-TOUCHGFX.4.21.1
2023-11-21 16:02:40,989 [WARN] PackLoader:240 - Cannot read IP mode file for STMicroelectronics.X-CUBE-TOUCHGFX.4.21.0
2023-11-21 16:02:41,007 [WARN] PackLoader:240 - Cannot read IP mode file for STMicroelectronics.X-CUBE-TOUCHGFX.4.21.4
2023-11-21 16:02:41,047 [WARN] PackLoader:240 - Cannot read IP mode file for STMicroelectronics.X-CUBE-MEMS1.9.4.0
2023-11-21 16:02:41,192 [WARN] PackLoader:240 - Cannot read IP mode file for STMicroelectronics.X-CUBE-AI.7.3.0
2023-11-21 16:02:41,211 [WARN] PackLoader:240 - Cannot read IP mode file for STMicroelectronics.X-CUBE-ALGOBUILD.1.3.0
2023-11-21 16:02:41,237 [WARN] PackLoader:240 - Cannot read IP mode file for STMicroelectronics.X-CUBE-AZRTOS-G0.1.1.0
2023-11-21 16:02:41,260 [WARN] PackLoader:240 - Cannot read IP mode file for STMicroelectronics.X-CUBE-NFC4.3.0.0
2023-11-21 16:02:41,307 [WARN] PackLoader:240 - Cannot read IP mode file for SEGGER.I-CUBE-embOS.1.2.0
2023-11-21 16:02:41,391 [WARN] PackLoader:240 - Cannot read IP mode file for STMicroelectronics.X-CUBE-BLEMGR.3.0.0
2023-11-21 16:02:41,423 [WARN] PackLoader:240 - Cannot read IP mode file for STMicroelectronics.X-CUBE-BLEMGR.1.3.0
2023-11-21 16:02:41,445 [WARN] PackLoader:240 - Cannot read IP mode file for STMicroelectronics.FP-ATR-SIGFOX1.3.2.0
2023-11-21 16:02:41,461 [WARN] PackLoader:240 - Cannot read IP mode file for emotas.I-CUBE-CANOPEN.1.1.2
2023-11-21 16:02:41,480 [WARN] PackLoader:240 - Cannot read IP mode file for STMicroelectronics.X-CUBE-TOUCHGFX.4.20.0
2023-11-21 16:02:41,527 [WARN] PackLoader:240 - Cannot read IP mode file for STMicroelectronics.X-CUBE-MEMS1.9.5.0
2023-11-21 16:02:41,651 [WARN] PackLoader:240 - Cannot read IP mode file for SEGGER.I-CUBE-embOS.1.3.1
2023-11-21 16:02:41,686 [WARN] PackLoader:240 - Cannot read IP mode file for STMicroelectronics.X-CUBE-TOUCHGFX.4.16.1
2023-11-21 16:02:41,704 [WARN] PackLoader:240 - Cannot read IP mode file for STMicroelectronics.X-CUBE-TOF1.3.0.0
2023-11-21 16:02:41,732 [WARN] PackLoader:240 - Cannot read IP mode file for STMicroelectronics.X-CUBE-GNSS1.6.0.0
2023-11-21 16:02:41,761 [WARN] PackLoader:240 - Cannot read IP mode file for STMicroelectronics.X-CUBE-AZRTOS-F4.1.1.0
2023-11-21 16:02:41,778 [WARN] PackLoader:240 - Cannot read IP mode file for wolfSSL.I-CUBE-wolfSSL.5.6.3
2023-11-21 16:02:41,801 [WARN] PackLoader:240 - Cannot read IP mode file for STMicroelectronics.X-CUBE-BLEMGR.1.2.0
2023-11-21 16:02:41,833 [WARN] PackLoader:240 - Cannot read IP mode file for STMicroelectronics.X-CUBE-AZRTOS-L5.2.0.0
2023-11-21 16:02:41,872 [WARN] PackLoader:240 - Cannot read IP mode file for STMicroelectronics.X-CUBE-MEMS1.9.6.0
2023-11-21 16:02:41,988 [WARN] PackLoader:240 - Cannot read IP mode file for STMicroelectronics.X-CUBE-EEPRMA1.4.2.0
2023-11-21 16:02:42,004 [WARN] PackLoader:240 - Cannot read IP mode file for ITTIA_DB.I-CUBE-ITTIADB.8.8.0
2023-11-21 16:02:42,024 [WARN] PackLoader:240 - Cannot read IP mode file for STMicroelectronics.X-CUBE-BLEMGR.2.0.0
2023-11-21 16:02:42,040 [WARN] PackLoader:240 - Cannot read IP mode file for STMicroelectronics.X-CUBE-NFC4.2.0.5
2023-11-21 16:02:42,056 [WARN] PackLoader:240 - Cannot read IP mode file for STMicroelectronics.X-CUBE-NFC4.2.0.4
2023-11-21 16:02:42,080 [WARN] PackLoader:240 - Cannot read IP mode file for STMicroelectronics.X-CUBE-NFC4.2.0.2
2023-11-21 16:02:42,104 [WARN] ConditionMgr:438 - getConditionDescription Invalid condition id : UX DEVICE CLASS RTOS Condition cause : null
2023-11-21 16:02:42,104 [WARN] ConditionMgr:438 - getConditionDescription Invalid condition id : UX DEVICE CLASS RTOS Condition cause : null
2023-11-21 16:02:42,106 [WARN] PackLoader:240 - Cannot read IP mode file for STMicroelectronics.X-CUBE-AZRTOS-H7.3.1.0
2023-11-21 16:02:42,107 [WARN] ConditionMgr:1039 - genDependencies : Invalid condition id : UX DEVICE CLASS RTOS Condition cause : null
2023-11-21 16:02:42,107 [WARN] ConditionMgr:1039 - genDependencies : Invalid condition id : UX DEVICE CLASS RTOS Condition cause : null
2023-11-21 16:02:42,107 [WARN] ConditionMgr:1039 - genDependencies : Invalid condition id : UX DEVICE CLASS RTOS Condition cause : null
2023-11-21 16:02:42,108 [WARN] ConditionMgr:1039 - genDependencies : Invalid condition id : UX DEVICE CLASS RTOS Condition cause : null
2023-11-21 16:02:42,108 [WARN] ConditionMgr:1039 - genDependencies : Invalid condition id : UX DEVICE CLASS RTOS Condition cause : null
2023-11-21 16:02:42,129 [WARN] PackLoader:240 - Cannot read IP mode file for STMicroelectronics.X-CUBE-SFXS2LP1.3.1.0
2023-11-21 16:02:42,325 [WARN] PackLoader:240 - Cannot read IP mode file for STMicroelectronics.X-CUBE-AZRTOS-F4.1.0.0
2023-11-21 16:02:42,387 [WARN] PackLoader:240 - Cannot read IP mode file for STMicroelectronics.X-CUBE-NFC7.1.0.1
2023-11-21 16:02:42,406 [WARN] PackLoader:240 - Cannot read IP mode file for STMicroelectronics.X-CUBE-NFC7.1.0.0
2023-11-21 16:02:42,423 [WARN] PackLoader:240 - Cannot read IP mode file for STMicroelectronics.X-CUBE-NFC6.3.0.0
2023-11-21 16:02:42,437 [WARN] PackLoader:240 - Cannot read IP mode file for STMicroelectronics.X-CUBE-EEPRMA1.4.1.0
2023-11-21 16:02:42,451 [WARN] PackLoader:240 - Cannot read IP mode file for STMicroelectronics.X-CUBE-DISPLAY.1.0.0
2023-11-21 16:02:42,460 [WARN] PackLoader:240 - Cannot read IP mode file for STMicroelectronics.X-CUBE-AI.8.1.0
2023-11-21 16:02:42,591 [WARN] PackLoader:240 - Cannot read IP mode file for STMicroelectronics.X-CUBE-AI.6.0.0
2023-11-21 16:02:42,638 [WARN] PackLoader:240 - Cannot read IP mode file for STMicroelectronics.X-CUBE-AZRTOS-G0.1.0.0
2023-11-21 16:02:42,665 [WARN] ConditionMgr:438 - getConditionDescription Invalid condition id : LAN8742 Phy interface Condition cause : null
2023-11-21 16:02:42,666 [WARN] PackLoader:240 - Cannot read IP mode file for STMicroelectronics.X-CUBE-AZRTOS-L4.2.0.0
2023-11-21 16:02:42,667 [WARN] ConditionMgr:1039 - genDependencies : Invalid condition id : LAN8742 Phy interface Condition cause : null
2023-11-21 16:02:42,667 [WARN] ConditionMgr:1039 - genDependencies : Invalid condition id : LAN8742 Phy interface Condition cause : null
2023-11-21 16:02:42,667 [WARN] ConditionMgr:1039 - genDependencies : Invalid condition id : LAN8742 Phy interface Condition cause : null
2023-11-21 16:02:42,685 [WARN] PackLoader:240 - Cannot read IP mode file for STMicroelectronics.X-CUBE-SFXS2LP1.4.0.0
2023-11-21 16:02:42,702 [WARN] PackLoader:240 - Cannot read IP mode file for wolfSSL.I-CUBE-wolfSSL.4.7.0
2023-11-21 16:02:42,732 [WARN] PackLoader:240 - Cannot read IP mode file for STMicroelectronics.X-CUBE-AZRTOS-H7.3.0.0
2023-11-21 16:02:42,749 [WARN] PackLoader:240 - Cannot read IP mode file for STMicroelectronics.X-CUBE-ISPU.1.1.0
2023-11-21 16:02:42,767 [WARN] PackLoader:240 - Cannot read IP mode file for RoweBots.I-CUBE-UNISONRTOS.5.5.0-4
2023-11-21 16:02:42,783 [WARN] PackLoader:240 - Cannot read IP mode file for STMicroelectronics.X-CUBE-SFXS2LP1.3.0.0
2023-11-21 16:02:42,798 [WARN] PackLoader:240 - Cannot read IP mode file for STMicroelectronics.X-CUBE-AI.8.0.0
2023-11-21 16:02:42,816 [WARN] ConditionMgr:438 - getConditionDescription Invalid condition id : UX DEVICE CLASS RTOS Condition cause : null
2023-11-21 16:02:42,816 [WARN] ConditionMgr:438 - getConditionDescription Invalid condition id : UX DEVICE CLASS RTOS Condition cause : null
2023-11-21 16:02:42,817 [WARN] PackLoader:240 - Cannot read IP mode file for STMicroelectronics.X-CUBE-AZRTOS-WB.2.0.0
2023-11-21 16:02:42,818 [WARN] ConditionMgr:1039 - genDependencies : Invalid condition id : UX DEVICE CLASS RTOS Condition cause : null
2023-11-21 16:02:42,818 [WARN] ConditionMgr:1039 - genDependencies : Invalid condition id : UX DEVICE CLASS RTOS Condition cause : null
2023-11-21 16:02:42,818 [WARN] ConditionMgr:1039 - genDependencies : Invalid condition id : UX DEVICE CLASS RTOS Condition cause : null
2023-11-21 16:02:42,818 [WARN] ConditionMgr:1039 - genDependencies : Invalid condition id : UX DEVICE CLASS RTOS Condition cause : null
2023-11-21 16:02:42,818 [WARN] ConditionMgr:1039 - genDependencies : Invalid condition id : UX DEVICE CLASS RTOS Condition cause : null
2023-11-21 16:02:42,833 [WARN] PackLoader:240 - Cannot read IP mode file for STMicroelectronics.X-CUBE-FREERTOS.1.0.0
2023-11-21 16:02:42,849 [WARN] PackLoader:240 - Cannot read IP mode file for STMicroelectronics.X-CUBE-FREERTOS.1.0.1
2023-11-21 16:02:42,869 [WARN] PackLoader:240 - Cannot read IP mode file for STMicroelectronics.X-CUBE-AZRTOS-L5.1.1.0
2023-11-21 16:02:42,885 [WARN] PackLoader:240 - Cannot read IP mode file for STMicroelectronics.X-CUBE-AI.8.0.1
2023-11-21 16:02:42,900 [WARN] PackLoader:240 - Cannot read IP mode file for STMicroelectronics.X-CUBE-SUBG2.5.0.0
2023-11-21 16:02:42,923 [WARN] PackLoader:240 - Cannot read IP mode file for STMicroelectronics.X-CUBE-TOF1.3.3.1
2023-11-21 16:02:42,956 [WARN] PackLoader:240 - Cannot read IP mode file for STMicroelectronics.X-CUBE-AZRTOS-G4.2.0.0
2023-11-21 16:02:42,976 [WARN] PackLoader:240 - Cannot read IP mode file for STMicroelectronics.X-CUBE-TOF1.3.3.0
2023-11-21 16:02:42,996 [WARN] PackLoader:240 - Cannot read IP mode file for STMicroelectronics.FP-ATR-ASTRA1.1.1.1
2023-11-21 16:02:43,016 [WARN] PackLoader:240 - Cannot read IP mode file for Infineon.AIROC-Wi-Fi-Bluetooth-STM32.1.5.1
2023-11-21 16:02:43,037 [WARN] PackLoader:240 - Cannot read IP mode file for STMicroelectronics.FP-SNS-MOTENVWB1.1.3.0
2023-11-21 16:02:43,055 [WARN] PackLoader:240 - Cannot read IP mode file for STMicroelectronics.X-CUBE-AZRTOS-G4.1.0.0
2023-11-21 16:02:43,068 [WARN] PackLoader:240 - Cannot read IP mode file for wolfSSL.I-CUBE-wolfSSL.5.3.0
2023-11-21 16:02:43,085 [WARN] PackLoader:240 - Cannot read IP mode file for STMicroelectronics.X-CUBE-AZRTOS-L4.1.0.0
2023-11-21 16:02:43,121 [WARN] PackLoader:240 - Cannot read IP mode file for STMicroelectronics.X-CUBE-MEMS1.10.0.0
2023-11-21 16:02:43,225 [WARN] PackLoader:240 - Cannot read IP mode file for STMicroelectronics.X-CUBE-FREERTOS.1.1.0
2023-11-21 16:02:43,246 [WARN] PackLoader:240 - Cannot read IP mode file for STMicroelectronics.X-CUBE-AZRTOS-F7.1.0.0
2023-11-21 16:02:43,268 [WARN] PackLoader:240 - Cannot read IP mode file for STMicroelectronics.X-CUBE-AZRTOS-WL.1.0.0
2023-11-21 16:02:43,283 [WARN] PackLoader:240 - Cannot read IP mode file for STMicroelectronics.X-CUBE-TOF1.1.0.0
2023-11-21 16:02:43,388 [WARN] PackLoader:240 - Cannot read IP mode file for portGmbH.I-Cube-SoM-uGOAL.1.1.0
2023-11-21 16:02:43,417 [WARN] PackLoader:240 - Cannot read IP mode file for STMicroelectronics.X-CUBE-ALS.1.0.1
2023-11-21 16:02:43,456 [WARN] PackLoader:240 - Cannot read IP mode file for STMicroelectronics.X-CUBE-AZRTOS-WB.1.1.0
2023-11-21 16:02:43,498 [WARN] PackLoader:240 - Cannot read IP mode file for STMicroelectronics.X-CUBE-MEMS1.8.3.0
2023-11-21 16:02:43,562 [WARN] PackLoader:240 - Cannot read IP mode file for STMicroelectronics.X-CUBE-AZRTOS-L5.1.0.0
2023-11-21 16:02:43,580 [WARN] PackLoader:240 - Cannot read IP mode file for STMicroelectronics.X-CUBE-EEPRMA1.3.1.1
2023-11-21 16:02:43,597 [WARN] PackLoader:240 - Cannot read IP mode file for STMicroelectronics.X-CUBE-GNSS1.5.2.0
2023-11-21 16:02:43,609 [WARN] PackLoader:240 - Cannot read IP mode file for STMicroelectronics.FP-ATR-ASTRA1.2.0.0
2023-11-21 16:02:43,609 [INFO] ThirdParty:978 - Integrity check success = true
2023-11-21 16:02:43,610 [INFO] IntegrityCheckThread:100 - exiting critical section [integrity check]
2023-11-21 16:02:43,610 [INFO] IntegrityCheckThread:103 - End integrity checks thread
2023-11-21 16:02:43,610 [INFO] ThirdParty:873 - entering critical section [close project]
2023-11-21 16:02:43,611 [INFO] ThirdParty:883 - exiting critical section [close project]
2023-11-21 16:02:43,612 [INFO] PinOutPanel:1499 - setPackage(No Configuration,No Configuration)
2023-11-21 16:02:43,620 [INFO] UtilMem:75 - Begin LoadConfig() Used Memory: 273693248 Bytes (426770432)
2023-11-21 16:02:43,621 [INFO] MicroXplorer:468 - Change Database Path : 
2023-11-21 16:02:43,622 [INFO] MicroXplorer:498 - Change Database Version : DB.6.0.92
2023-11-21 16:02:43,622 [INFO] OpenFileManager:308 - Change cursor
2023-11-21 16:02:43,717 [INFO] Mcu:1946 - Initializing MCU STM32F411R(C-E)Tx STM32F411RETx STM32F411RET6
2023-11-21 16:02:45,151 [INFO] Context:659 - Trying to add GPIOservice into a context  which must be forbidden
2023-11-21 16:02:45,842 [INFO] RtosManager:555 - Registered RTOS mode: class=CMSIS, group=RTOS, mode=CMSIS_V1, owner=FREERTOS
2023-11-21 16:02:45,842 [INFO] RtosManager:555 - Registered RTOS mode: class=CMSIS, group=RTOS2, mode=CMSIS_V2, owner=FREERTOS
2023-11-21 16:02:45,842 [INFO] RtosManager:555 - Registered RTOS mode: class=RTOS, group=Core, mode=CMSIS_V1, owner=FREERTOS
2023-11-21 16:02:45,842 [INFO] RtosManager:555 - Registered RTOS mode: class=RTOS, group=Core, mode=CMSIS_V2, owner=FREERTOS
2023-11-21 16:02:45,843 [WARN] ModelIntegratedComponent:184 - Missing modes for component STMicroelectronics:FreeRTOS:0.0.1:STMicroelectronics:RTOS:FreeRTOS:Core:::10.2.0:
2023-11-21 16:02:45,849 [WARN] ModelIntegratedComponent:63 - No mode defined for component null
2023-11-21 16:02:45,849 [WARN] ModelIntegratedComponent:63 - No mode defined for component null
2023-11-21 16:02:45,849 [WARN] ModelIntegratedComponent:63 - No mode defined for component null
2023-11-21 16:02:45,850 [WARN] ModelIntegratedComponent:63 - No mode defined for component null
2023-11-21 16:02:45,850 [WARN] ModelIntegratedComponent:63 - No mode defined for component null
2023-11-21 16:02:45,850 [WARN] ModelIntegratedComponent:63 - No mode defined for component null
2023-11-21 16:02:45,850 [WARN] ModelIntegratedComponent:63 - No mode defined for component null
2023-11-21 16:02:45,850 [WARN] ModelIntegratedComponent:63 - No mode defined for component null
2023-11-21 16:02:45,850 [WARN] ModelIntegratedComponent:63 - No mode defined for component null
2023-11-21 16:02:45,850 [WARN] ModelIntegratedComponent:63 - No mode defined for component null
2023-11-21 16:02:45,850 [WARN] ModelIntegratedComponent:63 - No mode defined for component null
2023-11-21 16:02:45,850 [WARN] ModelIntegratedComponent:63 - No mode defined for component null
2023-11-21 16:02:45,850 [WARN] ModelIntegratedComponent:63 - No mode defined for component null
2023-11-21 16:02:45,850 [WARN] ModelIntegratedComponent:63 - No mode defined for component null
2023-11-21 16:02:45,850 [WARN] ModelIntegratedComponent:63 - No mode defined for component null
2023-11-21 16:02:45,850 [WARN] ModelIntegratedComponent:63 - No mode defined for component null
2023-11-21 16:02:45,850 [WARN] ModelIntegratedComponent:63 - No mode defined for component null
2023-11-21 16:02:45,850 [WARN] ModelIntegratedComponent:63 - No mode defined for component null
2023-11-21 16:02:45,850 [WARN] ModelIntegratedComponent:63 - No mode defined for component null
2023-11-21 16:02:45,850 [WARN] ModelIntegratedComponent:63 - No mode defined for component null
2023-11-21 16:02:45,850 [WARN] ModelIntegratedComponent:63 - No mode defined for component null
2023-11-21 16:02:45,850 [WARN] ModelIntegratedComponent:63 - No mode defined for component null
2023-11-21 16:02:45,850 [WARN] ModelIntegratedComponent:63 - No mode defined for component null
2023-11-21 16:02:45,851 [WARN] ModelIntegratedComponent:63 - No mode defined for component null
2023-11-21 16:02:45,851 [WARN] ModelIntegratedComponent:63 - No mode defined for component null
2023-11-21 16:02:45,851 [WARN] ModelIntegratedComponent:63 - No mode defined for component null
2023-11-21 16:02:45,851 [WARN] ModelIntegratedComponent:63 - No mode defined for component null
2023-11-21 16:02:45,851 [WARN] ModelIntegratedComponent:63 - No mode defined for component null
2023-11-21 16:02:45,851 [WARN] ModelIntegratedComponent:63 - No mode defined for component null
2023-11-21 16:02:45,851 [WARN] ModelIntegratedComponent:63 - No mode defined for component null
2023-11-21 16:02:45,851 [WARN] ModelIntegratedComponent:63 - No mode defined for component null
2023-11-21 16:02:45,851 [WARN] ModelIntegratedComponent:63 - No mode defined for component null
2023-11-21 16:02:45,851 [WARN] ModelIntegratedComponent:63 - No mode defined for component null
2023-11-21 16:02:45,933 [WARN] ModelIntegratedComponent:182 - Modes not found for component STMicroelectronics:USB_DEVICE:1.0.0:STMicroelectronics:USB::USB Device:Audio HS::1.0:USB_DEVICE_1_0_RESTRICTED_HS
2023-11-21 16:02:45,933 [WARN] ModelIntegratedComponent:188 - Modes not found for component STMicroelectronics:USB_DEVICE:1.0.0:STMicroelectronics:USB::USB Device:Audio HS::1.0:USB_DEVICE_1_0_RESTRICTED_HS
2023-11-21 16:02:45,933 [WARN] ModelIntegratedComponent:182 - Modes not found for component STMicroelectronics:USB_DEVICE:1.0.0:STMicroelectronics:USB::USB Device:CDC HS::1.0:USB_DEVICE_1_0_RESTRICTED_HS
2023-11-21 16:02:45,933 [WARN] ModelIntegratedComponent:188 - Modes not found for component STMicroelectronics:USB_DEVICE:1.0.0:STMicroelectronics:USB::USB Device:CDC HS::1.0:USB_DEVICE_1_0_RESTRICTED_HS
2023-11-21 16:02:45,933 [WARN] ModelIntegratedComponent:182 - Modes not found for component STMicroelectronics:USB_DEVICE:1.0.0:STMicroelectronics:USB::USB Device:DFU HS::1.0:USB_DEVICE_1_0_RESTRICTED_HS
2023-11-21 16:02:45,933 [WARN] ModelIntegratedComponent:188 - Modes not found for component STMicroelectronics:USB_DEVICE:1.0.0:STMicroelectronics:USB::USB Device:DFU HS::1.0:USB_DEVICE_1_0_RESTRICTED_HS
2023-11-21 16:02:45,933 [WARN] ModelIntegratedComponent:182 - Modes not found for component STMicroelectronics:USB_DEVICE:1.0.0:STMicroelectronics:USB::USB Device:HID HS::1.0:USB_DEVICE_1_0_RESTRICTED_HS
2023-11-21 16:02:45,933 [WARN] ModelIntegratedComponent:188 - Modes not found for component STMicroelectronics:USB_DEVICE:1.0.0:STMicroelectronics:USB::USB Device:HID HS::1.0:USB_DEVICE_1_0_RESTRICTED_HS
2023-11-21 16:02:45,933 [WARN] ModelIntegratedComponent:182 - Modes not found for component STMicroelectronics:USB_DEVICE:1.0.0:STMicroelectronics:USB::USB Device:Custom HID HS::1.0:USB_DEVICE_1_0_RESTRICTED_HS
2023-11-21 16:02:45,934 [WARN] ModelIntegratedComponent:188 - Modes not found for component STMicroelectronics:USB_DEVICE:1.0.0:STMicroelectronics:USB::USB Device:Custom HID HS::1.0:USB_DEVICE_1_0_RESTRICTED_HS
2023-11-21 16:02:45,934 [WARN] ModelIntegratedComponent:182 - Modes not found for component STMicroelectronics:USB_DEVICE:1.0.0:STMicroelectronics:USB::USB Device:MSC HS::1.0:USB_DEVICE_1_0_RESTRICTED_HS
2023-11-21 16:02:45,934 [WARN] ModelIntegratedComponent:188 - Modes not found for component STMicroelectronics:USB_DEVICE:1.0.0:STMicroelectronics:USB::USB Device:MSC HS::1.0:USB_DEVICE_1_0_RESTRICTED_HS
2023-11-21 16:02:46,005 [WARN] ModelIntegratedComponent:182 - Modes not found for component STMicroelectronics:USB_HOST:1.0.0:STMicroelectronics:USB::USB Host:Audio HS::1.0:USB_HOST_1_0_RESTRICTED_HS
2023-11-21 16:02:46,005 [WARN] ModelIntegratedComponent:188 - Modes not found for component STMicroelectronics:USB_HOST:1.0.0:STMicroelectronics:USB::USB Host:Audio HS::1.0:USB_HOST_1_0_RESTRICTED_HS
2023-11-21 16:02:46,005 [WARN] ModelIntegratedComponent:182 - Modes not found for component STMicroelectronics:USB_HOST:1.0.0:STMicroelectronics:USB::USB Host:CDC HS::1.0:USB_HOST_1_0_RESTRICTED_HS
2023-11-21 16:02:46,005 [WARN] ModelIntegratedComponent:188 - Modes not found for component STMicroelectronics:USB_HOST:1.0.0:STMicroelectronics:USB::USB Host:CDC HS::1.0:USB_HOST_1_0_RESTRICTED_HS
2023-11-21 16:02:46,005 [WARN] ModelIntegratedComponent:182 - Modes not found for component STMicroelectronics:USB_HOST:1.0.0:STMicroelectronics:USB::USB Host:MSC HS::1.0:USB_HOST_1_0_RESTRICTED_HS
2023-11-21 16:02:46,005 [WARN] ModelIntegratedComponent:188 - Modes not found for component STMicroelectronics:USB_HOST:1.0.0:STMicroelectronics:USB::USB Host:MSC HS::1.0:USB_HOST_1_0_RESTRICTED_HS
2023-11-21 16:02:46,005 [WARN] ModelIntegratedComponent:182 - Modes not found for component STMicroelectronics:USB_HOST:1.0.0:STMicroelectronics:USB::USB Host:HID HS::1.0:USB_HOST_1_0_RESTRICTED_HS
2023-11-21 16:02:46,006 [WARN] ModelIntegratedComponent:188 - Modes not found for component STMicroelectronics:USB_HOST:1.0.0:STMicroelectronics:USB::USB Host:HID HS::1.0:USB_HOST_1_0_RESTRICTED_HS
2023-11-21 16:02:46,006 [WARN] ModelIntegratedComponent:182 - Modes not found for component STMicroelectronics:USB_HOST:1.0.0:STMicroelectronics:USB::USB Host:MTP HS::1.0:USB_HOST_1_0_RESTRICTED_HS
2023-11-21 16:02:46,006 [WARN] ModelIntegratedComponent:188 - Modes not found for component STMicroelectronics:USB_HOST:1.0.0:STMicroelectronics:USB::USB Host:MTP HS::1.0:USB_HOST_1_0_RESTRICTED_HS
2023-11-21 16:02:46,259 [INFO] ThirdPartyModel:298 - Start build external matchings
2023-11-21 16:02:49,732 [INFO] ThirdPartyModel:316 - End build external matchings
2023-11-21 16:02:49,809 [INFO] ImportTextPane:194 - (OptionalMessage_ERROR) IP (RCC) : Parameter (FLatency) has Id (AdvancedSettings) currently not set
2023-11-21 16:02:49,810 [INFO] ImportTextPane:194 - (OptionalMessage_ERROR) IP (RCC) : Parameter (RTCHSEDivFreq_Value) has invalid value (4000000)
2023-11-21 16:02:50,083 [INFO] UtilMem:75 - End LoadConfig() Used Memory: 267990064 Bytes (447741952)
2023-11-21 16:02:50,345 [INFO] ApiDb:581 - Connected to CubeFinder SQLite database (C:\Users\57310\.stmcufinder\plugins\mcufinder\mcu\cube-finder-db.db)
2023-11-21 16:02:50,416 [INFO] ApiDb:668 - CubeFinder database Data Model version=2.1
2023-11-21 16:02:50,416 [INFO] ApiDb:669 - CubeFinder database Configuration version=3.0.37
2023-11-21 16:02:50,417 [INFO] ApiDb:670 - CubeFinder database generation date=2023-10-13 (1697197505)
2023-11-21 16:02:50,417 [INFO] ApiDb:671 - CubeFinder database FW Pack versions=[FP-ATR-ASTRA1_V2.0.0, FP-SNS-FLIGHT1_V5.0.1, FP-SNS-FLIGHT1_V5.0.2, FP-SNS-MOTENV1_V4.3.1, FP-SNS-MOTENV1_V4.3.2, FP-SNS-SMARTAG2_V1.2.0, I-CUBE-ITTIADB_V8.6.3-1, STM32Cube_FW_C0_V1.1.0, STM32Cube_FW_F4_V1.27.1, STM32Cube_FW_F7_V1.17.0, STM32Cube_FW_G0_V1.6.1, STM32Cube_FW_G4_V1.5.1, STM32Cube_FW_H5_V0.5.1, STM32Cube_FW_H5_V1.1.1, STM32Cube_FW_H7_V1.11.0, STM32Cube_FW_L0_V1.12.2, STM32Cube_FW_L5_V1.5.0, STM32Cube_FW_U5_V1.3.0, STM32Cube_FW_U5_V1.3.0RC4, STM32Cube_FW_WBA_V1.0.0RC1, STM32Cube_FW_WBA_V1.1.0RC1, STM32Cube_FW_WBA_V1.1.1, STM32Cube_FW_WB_V1.15.0RC1, STM32Cube_FW_WB_V1.16.0, STM32Cube_FW_WB_V1.16.0RC2, STM32Cube_FW_WB_V1.17.3, STM32Cube_FW_WL_V1.3.0, X-CUBE-ALGOBUILD_V1.3.0, X-CUBE-ALS_V1.0.1, X-CUBE-AZRTOS-F4_V1.1.0, X-CUBE-AZRTOS-F7_V1.1.0, X-CUBE-AZRTOS-G0_V1.1.0, X-CUBE-AZRTOS-G4_V2.0.0, X-CUBE-AZRTOS-H7_V3.1.0, X-CUBE-AZRTOS-L4_V1.0.0, X-CUBE-AZRTOS-L4_V2.0.0, X-CUBE-AZRTOS-L5_V1.1.0, X-CUBE-AZRTOS-WB_V2.0.0, X-CUBE-AZRTOS-WL_V2.0.0, X-CUBE-BLE1_V7.0.0, X-CUBE-BLE2_V3.3.0, X-CUBE-BLEMGR_V2.0.0, X-CUBE-EEPRMA1_V4.1.0, X-CUBE-FREERTOS_V1.1.0, X-CUBE-GNSS1_V6.0.0, X-CUBE-MEMS1_V10.0.0, X-CUBE-MEMS1_V9.1.0, X-CUBE-MEMS1_V9.4.0, X-CUBE-MEMS1_V9.6.0, X-CUBE-NFC4_V3.0.0, X-CUBE-NFC7_V1.0.1, X-CUBE-SFXS2LP1_V4.0.0, X-CUBE-SUBG2_V5.0.0, X-CUBE-TOF1_V3.3.1]
2023-11-21 16:02:52,046 [INFO] ApiDb:240 - Found 323 in-development CPN: [B-G473E-ZEST1S, B-WB1M-WPAN1, B-WL5M-SUBG1, NUCLEO-C031C6, NUCLEO-H503RB, NUCLEO-H563ZI, NUCLEO-U545RE-Q, NUCLEO-U5A5ZJ-Q, NUCLEO-WBA52CG, STEVAL-PROTEUS1, STEVAL-SMARTAG2, STEVAL-STWINBX1, STM320518-EVAL, STM32C0116-DK, STM32C011D6Y3TR, STM32C011D6Y6TR, STM32C011F4P3, STM32C011F4P6, STM32C011F4U3, STM32C011F4U6TR, STM32C011F6P3, STM32C011F6P6, STM32C011F6U3, STM32C011F6U6TR, STM32C011J4M3, STM32C011J4M6, STM32C011J6M3, STM32C011J6M6, STM32C0316-DK, STM32C031C4T3, STM32C031C4T6, STM32C031C4U3, STM32C031C4U6, STM32C031C6T3, STM32C031C6T6, STM32C031C6U3, STM32C031C6U6, STM32C031F4P3, STM32C031F4P6, STM32C031F6P3, STM32C031F6P6, STM32C031G4U3, STM32C031G4U6, STM32C031G6U3, STM32C031G6U6, STM32C031K4T3, STM32C031K4T6, STM32C031K4U3, STM32C031K4U6, STM32C031K6T3, STM32C031K6T6, STM32C031K6U3, STM32C031K6U6, STM32G071K8TXN, STM32G071K8UXN, STM32G081GBU6N, STM32G081KBT6N, STM32G081KBUXN, STM32G0B1CCT6N, STM32G0B1KCT6, STM32G0B1NEY6TR, STM32G0B1RCT6N, STM32G0C1CCT6, STM32G0C1CCT6N, STM32G0C1CCU6N, STM32G0C1CET6N, STM32G0C1CEU6N, STM32G0C1KCT6, STM32G0C1NEY6TR, STM32G0C1RCI6N, STM32G0C1RCT6N, STM32G0C1REI6N, STM32G0C1RET6N, STM32G0C1VCI6, STM32G0C1VEI6, STM32G471CCT6, STM32G471CCU6, STM32G471CET3, STM32G471CET6, STM32G471CEU3, STM32G471CEU6, STM32G471MCT6, STM32G471MET3, STM32G471MET6, STM32G471MEY6TR, STM32G471QCT6, STM32G471QET3, STM32G471RCT6, STM32G471RET3, STM32G471RET6, STM32G471VCH6, STM32G471VCI6, STM32G471VCT6, STM32G471VEH3, STM32G471VEH6, STM32G471VEI3, STM32G471VEI6, STM32G471VET3, STM32G471VET6, STM32G474CCT6, STM32H503CBT6, STM32H503CBU6, STM32H503EBY6TR, STM32H503KBU6, STM32H503RBT6, STM32H562AGI6, STM32H562AII6, STM32H562IGK6, STM32H562IGT6, STM32H562IIK6, STM32H562IIT6, STM32H562RGT6, STM32H562RGV6, STM32H562RIT6, STM32H562RIV6, STM32H562VGT6, STM32H562VIT6, STM32H562ZGT6, STM32H562ZIT6, STM32H563AGI6, STM32H563AII3Q, STM32H563AII6, STM32H563IGK6, STM32H563IGT6, STM32H563IIK3Q, STM32H563IIK6, STM32H563IIT3Q, STM32H563IIT6, STM32H563MIY3QTR, STM32H563RGT6, STM32H563RGV6, STM32H563RIT6, STM32H563RIV6, STM32H563VGT6, STM32H563VIT3Q, STM32H563VIT6, STM32H563ZGT6, STM32H563ZIT3Q, STM32H563ZIT6, STM32H573AII3Q, STM32H573AII6, STM32H573I-DK, STM32H573IIK3Q, STM32H573IIK6, STM32H573IIT3Q, STM32H573IIT6, STM32H573MIY3QTR, STM32H573RIT6, STM32H573RIV6, STM32H573VIT3Q, STM32H573VIT6, STM32H573ZIT3Q, STM32H573ZIT6, STM32L4R5QGI6STR, STM32MP131AAE3, STM32MP131AAF3, STM32MP131AAG3, STM32MP131CAE3, STM32MP131CAF3, STM32MP131CAG3, STM32MP131DAE7, STM32MP131DAF7, STM32MP131DAG7, STM32MP131FAE7, STM32MP131FAF7, STM32MP131FAG7, STM32MP133AAE3, STM32MP133AAF3, STM32MP133AAG3, STM32MP133CAE3, STM32MP133CAF3, STM32MP133CAG3, STM32MP133DAE7, STM32MP133DAF7, STM32MP133DAG7, STM32MP133FAE7, STM32MP133FAF7, STM32MP133FAG7, STM32MP135AAE3, STM32MP135AAF3, STM32MP135AAG3, STM32MP135CAE3, STM32MP135CAF3, STM32MP135CAG3, STM32MP135DAE7, STM32MP135DAF7, STM32MP135DAG7, STM32MP135F-DK, STM32MP135FAE7, STM32MP135FAF7, STM32MP135FAF7T, STM32MP135FAF7U, STM32MP135FAG7, STM32U535CBT6, STM32U535CBT6Q, STM32U535CBU6, STM32U535CBU6Q, STM32U535CCT6, STM32U535CCT6Q, STM32U535CCU6, STM32U535CCU6Q, STM32U535CET6, STM32U535CET6Q, STM32U535CEU6, STM32U535CEU6Q, STM32U535JEY6QTR, STM32U535NCY6QTR, STM32U535NEY6QTR, STM32U535RBI6, STM32U535RBI6Q, STM32U535RBT6, STM32U535RBT6Q, STM32U535RCI6, STM32U535RCI6Q, STM32U535RCT6, STM32U535RCT6Q, STM32U535REI6, STM32U535REI6Q, STM32U535RET6, STM32U535RET6Q, STM32U535VCI6, STM32U535VCI6Q, STM32U535VCT6, STM32U535VCT6Q, STM32U535VEI6, STM32U535VEI6Q, STM32U535VET6, STM32U535VET6Q, STM32U545CET6, STM32U545CET6Q, STM32U545CEU6, STM32U545CEU6Q, STM32U545JEY6QTR, STM32U545NEY6QTR, STM32U545REI6, STM32U545REI6Q, STM32U545RET6, STM32U545RET6Q, STM32U545VEI6, STM32U545VEI6Q, STM32U545VET6, STM32U545VET6Q, STM32U595AIH6, STM32U595AIH6Q, STM32U595AJH6, STM32U595AJH6Q, STM32U595QII6, STM32U595QII6Q, STM32U595QJI6, STM32U595QJI6Q, STM32U595RIT6, STM32U595RIT6Q, STM32U595RJT6, STM32U595RJT6Q, STM32U595VIT6, STM32U595VIT6Q, STM32U595VJT6, STM32U595VJT6Q, STM32U595ZIT6, STM32U595ZIT6Q, STM32U595ZIY6QTR, STM32U595ZJT6, STM32U595ZJT6Q, STM32U595ZJY6QTR, STM32U599BJY6QTR, STM32U599NIH6Q, STM32U599NJH6Q, STM32U599VIT6Q, STM32U599VJT6, STM32U599VJT6Q, STM32U599ZIT6Q, STM32U599ZIY6QTR, STM32U599ZJT6Q, STM32U599ZJY6QTR, STM32U5A5AJH6, STM32U5A5AJH6Q, STM32U5A5QJI6, STM32U5A5QJI6Q, STM32U5A5RJT6, STM32U5A5RJT6Q, STM32U5A5VJT6, STM32U5A5VJT6Q, STM32U5A5ZJT6, STM32U5A5ZJT6Q, STM32U5A5ZJY6QTR, STM32U5A9BJY6QTR, STM32U5A9J-DK, STM32U5A9NJH6Q, STM32U5A9VJT6Q, STM32U5A9ZJT6Q, STM32U5A9ZJY6QTR, STM32U5F7VIT6, STM32U5F7VIT6Q, STM32U5F7VJT6, STM32U5F7VJT6Q, STM32U5F9BJY6QTR, STM32U5F9NJH6Q, STM32U5F9VIT6Q, STM32U5F9VJT6Q, STM32U5F9ZIJ6QTR, STM32U5F9ZIT6Q, STM32U5F9ZJJ6QTR, STM32U5F9ZJT6Q, STM32U5G7VJT6, STM32U5G7VJT6Q, STM32U5G9BJY6QTR, STM32U5G9J-DK1, STM32U5G9J-DK2, STM32U5G9NJH6Q, STM32U5G9VJT6Q, STM32U5G9ZJJ6QTR, STM32U5G9ZJT6Q, STM32WB1MMCH6, STM32WBA52CEU6, STM32WBA52CEU6T, STM32WBA52CGU6, STM32WBA52CGU6T, STM32WBA52KEU6, STM32WBA52KEU6T, STM32WBA52KGU6, STM32WBA52KGU6T, STM32WL5MOCH6, STM32WL5MOCH6TR]
2023-11-21 16:02:52,050 [INFO] DbMcus:217 - Found 3848 MCUs, 3848 are supported
2023-11-21 16:02:52,051 [INFO] ApiDb:423 - Load user favorites file C:\Users\57310/.stm32cubeide/favorites.mcus.txt: 3 item(s)
2023-11-21 16:02:52,051 [INFO] ApiDb:427 - User favorites MCUs=[STM32C011F6P6TR, STM32F407VGT6, STM32F407VGT7]
2023-11-21 16:02:52,051 [INFO] DbMcus:223 - Set 3 / 3 favorites MCUs
2023-11-21 16:02:52,372 [WARN] ThirdParty:833 - waiting for thirdparty lock release [change project]
2023-11-21 16:02:52,372 [INFO] ThirdParty:835 - entering critical section [change project]
2023-11-21 16:02:52,372 [INFO] ThirdParty:1030 - CMSIS Pack Vendor :STMicroelectronics USBPD 4.1
2023-11-21 16:02:52,372 [INFO] ThirdParty:1030 - CMSIS Pack Vendor :STMicroelectronics X-CUBE-GNSS1 6.0.0
2023-11-21 16:02:52,373 [INFO] ThirdParty:1030 - CMSIS Pack Vendor :STMicroelectronics USB_HOST 2.0.0
2023-11-21 16:02:52,373 [INFO] ThirdParty:1030 - CMSIS Pack Vendor :STMicroelectronics X-CUBE-AZRTOS-F4 1.1.0
2023-11-21 16:02:52,373 [INFO] ThirdParty:1030 - CMSIS Pack Vendor :STMicroelectronics LIBJPEG 8.0.0
2023-11-21 16:02:52,373 [INFO] ThirdParty:1030 - CMSIS Pack Vendor :wolfSSL I-CUBE-wolfSSL 5.6.3
2023-11-21 16:02:52,373 [INFO] ThirdParty:1030 - CMSIS Pack Vendor :STMicroelectronics X-CUBE-SMBUS 2.1.0
2023-11-21 16:02:52,373 [INFO] ThirdParty:1030 - CMSIS Pack Vendor :STMicroelectronics X-CUBE-SUBG2 4.1.0
2023-11-21 16:02:52,373 [INFO] ThirdParty:1030 - CMSIS Pack Vendor :STMicroelectronics X-CUBE-MEMS1 9.2.0
2023-11-21 16:02:52,373 [INFO] ThirdParty:1030 - CMSIS Pack Vendor :STMicroelectronics X-CUBE-BLEMGR 1.2.0
2023-11-21 16:02:52,373 [INFO] ThirdParty:1030 - CMSIS Pack Vendor :STMicroelectronics X-CUBE-AZRTOS-F7 1.1.0
2023-11-21 16:02:52,373 [INFO] ThirdParty:1030 - CMSIS Pack Vendor :STMicroelectronics X-CUBE-AZRTOS-L5 2.0.0
2023-11-21 16:02:52,373 [INFO] ThirdParty:1030 - CMSIS Pack Vendor :STMicroelectronics USB_DEVICE 2.0.0
2023-11-21 16:02:52,373 [INFO] ThirdParty:1030 - CMSIS Pack Vendor :STMicroelectronics X-CUBE-MEMS1 9.6.0
2023-11-21 16:02:52,373 [INFO] ThirdParty:1030 - CMSIS Pack Vendor :STMicroelectronics X-CUBE-EEPRMA1 4.2.0
2023-11-21 16:02:52,373 [INFO] ThirdParty:1030 - CMSIS Pack Vendor :ITTIA_DB I-CUBE-ITTIADB 8.8.0
2023-11-21 16:02:52,373 [INFO] ThirdParty:1030 - CMSIS Pack Vendor :STMicroelectronics X-CUBE-AI 7.1.0
2023-11-21 16:02:52,373 [INFO] ThirdParty:1030 - CMSIS Pack Vendor :STMicroelectronics X-CUBE-TOUCHGFX 4.19.1
2023-11-21 16:02:52,373 [INFO] ThirdParty:1030 - CMSIS Pack Vendor :STMicroelectronics FP-SNS-MOTENV1 4.3.2
2023-11-21 16:02:52,373 [INFO] ThirdParty:1030 - CMSIS Pack Vendor :STMicroelectronics FP-SNS-MOTENV1 4.3.1
2023-11-21 16:02:52,373 [INFO] ThirdParty:1030 - CMSIS Pack Vendor :STMicroelectronics FP-SNS-FLIGHT1 5.0.1
2023-11-21 16:02:52,373 [INFO] ThirdParty:1030 - CMSIS Pack Vendor :STMicroelectronics X-CUBE-BLE1 6.2.3
2023-11-21 16:02:52,373 [INFO] ThirdParty:1030 - CMSIS Pack Vendor :STMicroelectronics X-CUBE-EEPRMA1 3.0.0
2023-11-21 16:02:52,373 [INFO] ThirdParty:1030 - CMSIS Pack Vendor :STMicroelectronics X-CUBE-BLE1 6.2.4
2023-11-21 16:02:52,373 [INFO] ThirdParty:1030 - CMSIS Pack Vendor :STMicroelectronics FreeRTOS 0.0.1
2023-11-21 16:02:52,374 [INFO] ThirdParty:1030 - CMSIS Pack Vendor :STMicroelectronics X-CUBE-BLEMGR 2.0.0
2023-11-21 16:02:52,374 [INFO] ThirdParty:1030 - CMSIS Pack Vendor :STMicroelectronics X-CUBE-BLE1 6.2.0
2023-11-21 16:02:52,374 [INFO] ThirdParty:1030 - CMSIS Pack Vendor :STMicroelectronics FP-SNS-FLIGHT1 5.0.2
2023-11-21 16:02:52,374 [INFO] ThirdParty:1030 - CMSIS Pack Vendor :STMicroelectronics X-CUBE-NFC4 2.0.5
2023-11-21 16:02:52,374 [INFO] ThirdParty:1030 - CMSIS Pack Vendor :STMicroelectronics X-CUBE-BLE2 3.2.2
2023-11-21 16:02:52,374 [INFO] ThirdParty:1030 - CMSIS Pack Vendor :STMicroelectronics X-CUBE-NFC4 2.0.4
2023-11-21 16:02:52,374 [INFO] ThirdParty:1030 - CMSIS Pack Vendor :STMicroelectronics X-CUBE-NFC4 2.0.2
2023-11-21 16:02:52,374 [INFO] ThirdParty:1030 - CMSIS Pack Vendor :STMicroelectronics X-CUBE-AZRTOS-H7 3.1.0
2023-11-21 16:02:52,374 [INFO] ThirdParty:1030 - CMSIS Pack Vendor :STMicroelectronics PDM2PCM 3.3.0
2023-11-21 16:02:52,374 [INFO] ThirdParty:1030 - CMSIS Pack Vendor :STMicroelectronics X-CUBE-BLE2 3.2.0
2023-11-21 16:02:52,374 [INFO] ThirdParty:1030 - CMSIS Pack Vendor :STMicroelectronics X-CUBE-SFXS2LP1 3.1.0
2023-11-21 16:02:52,374 [INFO] ThirdParty:1030 - CMSIS Pack Vendor :STMicroelectronics X-CUBE-DISPLAY 3.0.0
2023-11-21 16:02:52,374 [INFO] ThirdParty:1030 - CMSIS Pack Vendor :STMicroelectronics X-CUBE-AZRTOS-F4 1.0.0
2023-11-21 16:02:52,374 [INFO] ThirdParty:1030 - CMSIS Pack Vendor :STMicroelectronics X-CUBE-BLE1 7.0.0
2023-11-21 16:02:52,374 [INFO] ThirdParty:1030 - CMSIS Pack Vendor :STMicroelectronics HAL Drivers 0.0.0
2023-11-21 16:02:52,374 [INFO] ThirdParty:1030 - CMSIS Pack Vendor :emotas I-CUBE-CANOPEN 1.3.0
2023-11-21 16:02:52,374 [INFO] ThirdParty:1030 - CMSIS Pack Vendor :STMicroelectronics X-CUBE-TOUCHGFX 4.22.0
2023-11-21 16:02:52,374 [INFO] ThirdParty:1030 - CMSIS Pack Vendor :STMicroelectronics X-CUBE-NFC7 1.0.1
2023-11-21 16:02:52,374 [INFO] ThirdParty:1030 - CMSIS Pack Vendor :STMicroelectronics MBEDTLS 2.14.1
2023-11-21 16:02:52,374 [INFO] ThirdParty:1030 - CMSIS Pack Vendor :STMicroelectronics X-CUBE-NFC7 1.0.0
2023-11-21 16:02:52,374 [INFO] ThirdParty:1030 - CMSIS Pack Vendor :STMicroelectronics X-CUBE-TOUCHGFX 4.22.1
2023-11-21 16:02:52,374 [INFO] ThirdParty:1030 - CMSIS Pack Vendor :STMicroelectronics X-CUBE-AZRTOS-H7 1.0.0
2023-11-21 16:02:52,374 [INFO] ThirdParty:1030 - CMSIS Pack Vendor :STMicroelectronics X-CUBE-NFC6 3.0.0
2023-11-21 16:02:52,374 [INFO] ThirdParty:1030 - CMSIS Pack Vendor :STMicroelectronics X-CUBE-MEMS1 9.3.0
2023-11-21 16:02:52,374 [INFO] ThirdParty:1030 - CMSIS Pack Vendor :STMicroelectronics X-CUBE-EEPRMA1 4.1.0
2023-11-21 16:02:52,374 [INFO] ThirdParty:1030 - CMSIS Pack Vendor :STMicroelectronics FP-SNS-SMARTAG2 1.2.0
2023-11-21 16:02:52,375 [INFO] ThirdParty:1030 - CMSIS Pack Vendor :STMicroelectronics X-CUBE-AZRTOS-WL 2.0.0
2023-11-21 16:02:52,375 [INFO] ThirdParty:1030 - CMSIS Pack Vendor :STMicroelectronics X-CUBE-DISPLAY 1.0.0
2023-11-21 16:02:52,375 [INFO] ThirdParty:1030 - CMSIS Pack Vendor :STMicroelectronics USB_DEVICE 1.0.0
2023-11-21 16:02:52,375 [INFO] ThirdParty:1030 - CMSIS Pack Vendor :STMicroelectronics X-CUBE-AI 8.1.0
2023-11-21 16:02:52,375 [INFO] ThirdParty:1030 - CMSIS Pack Vendor :STMicroelectronics X-CUBE-AI 6.0.0
2023-11-21 16:02:52,375 [INFO] ThirdParty:1030 - CMSIS Pack Vendor :STMicroelectronics X-CUBE-ALGOBUILD 1.2.0
2023-11-21 16:02:52,375 [INFO] ThirdParty:1030 - CMSIS Pack Vendor :STMicroelectronics X-CUBE-AZRTOS-G0 1.0.0
2023-11-21 16:02:52,375 [INFO] ThirdParty:1030 - CMSIS Pack Vendor :STMicroelectronics X-CUBE-AZRTOS-L4 2.0.0
2023-11-21 16:02:52,375 [INFO] ThirdParty:1030 - CMSIS Pack Vendor :STMicroelectronics ThreadX 0.0.2
2023-11-21 16:02:52,375 [INFO] ThirdParty:1030 - CMSIS Pack Vendor :WES I-CUBE-Cesium 1.3.0
2023-11-21 16:02:52,375 [INFO] ThirdParty:1030 - CMSIS Pack Vendor :STMicroelectronics lwIP 2.1.2
2023-11-21 16:02:52,375 [INFO] ThirdParty:1030 - CMSIS Pack Vendor :STMicroelectronics X-CUBE-SFXS2LP1 4.0.0
2023-11-21 16:02:52,375 [INFO] ThirdParty:1030 - CMSIS Pack Vendor :STMicroelectronics X-CUBE-BLE2 3.3.0
2023-11-21 16:02:52,375 [INFO] ThirdParty:1030 - CMSIS Pack Vendor :STMicroelectronics X-CUBE-DISPLAY 2.2.0
2023-11-21 16:02:52,375 [INFO] ThirdParty:1030 - CMSIS Pack Vendor :STMicroelectronics X-CUBE-TOF1 3.2.0
2023-11-21 16:02:52,375 [INFO] ThirdParty:1030 - CMSIS Pack Vendor :wolfSSL I-CUBE-wolfSSL 4.7.0
2023-11-21 16:02:52,375 [INFO] ThirdParty:1030 - CMSIS Pack Vendor :STMicroelectronics PDM2PCM 3.2.0
2023-11-21 16:02:52,375 [INFO] ThirdParty:1030 - CMSIS Pack Vendor :STMicroelectronics X-CUBE-AZRTOS-H7 3.0.0
2023-11-21 16:02:52,375 [INFO] ThirdParty:1030 - CMSIS Pack Vendor :STMicroelectronics X-CUBE-ISPU 1.1.0
2023-11-21 16:02:52,375 [INFO] ThirdParty:1030 - CMSIS Pack Vendor :RoweBots I-CUBE-UNISONRTOS 5.5.0-4
2023-11-21 16:02:52,375 [INFO] ThirdParty:1030 - CMSIS Pack Vendor :STMicroelectronics X-CUBE-SFXS2LP1 3.0.0
2023-11-21 16:02:52,375 [INFO] ThirdParty:1030 - CMSIS Pack Vendor :STMicroelectronics X-CUBE-AZRTOS-H7 2.1.0
2023-11-21 16:02:52,375 [INFO] ThirdParty:1030 - CMSIS Pack Vendor :STMicroelectronics USB_DEVICE 3.0.0
2023-11-21 16:02:52,375 [INFO] ThirdParty:1030 - CMSIS Pack Vendor :STMicroelectronics X-CUBE-AI 8.0.0
2023-11-21 16:02:52,376 [INFO] ThirdParty:1030 - CMSIS Pack Vendor :STMicroelectronics X-CUBE-AZRTOS-WB 2.0.0
2023-11-21 16:02:52,376 [INFO] ThirdParty:1030 - CMSIS Pack Vendor :STMicroelectronics X-CUBE-FREERTOS 1.0.0
2023-11-21 16:02:52,376 [INFO] ThirdParty:1030 - CMSIS Pack Vendor :STMicroelectronics X-CUBE-FREERTOS 1.0.1
2023-11-21 16:02:52,376 [INFO] ThirdParty:1030 - CMSIS Pack Vendor :STMicroelectronics X-CUBE-TOUCHGFX 4.21.1
2023-11-21 16:02:52,376 [INFO] ThirdParty:1030 - CMSIS Pack Vendor :STMicroelectronics X-CUBE-TOUCHGFX 4.21.0
2023-11-21 16:02:52,376 [INFO] ThirdParty:1030 - CMSIS Pack Vendor :STMicroelectronics X-CUBE-TOUCHGFX 4.21.4
2023-11-21 16:02:52,376 [INFO] ThirdParty:1030 - CMSIS Pack Vendor :STMicroelectronics X-CUBE-MEMS1 9.4.0
2023-11-21 16:02:52,376 [INFO] ThirdParty:1030 - CMSIS Pack Vendor :STMicroelectronics X-CUBE-AI 7.3.0
2023-11-21 16:02:52,376 [INFO] ThirdParty:1030 - CMSIS Pack Vendor :STMicroelectronics X-CUBE-ALGOBUILD 1.3.0
2023-11-21 16:02:52,376 [INFO] ThirdParty:1030 - CMSIS Pack Vendor :STMicroelectronics X-CUBE-AZRTOS-L5 1.1.0
2023-11-21 16:02:52,376 [INFO] ThirdParty:1030 - CMSIS Pack Vendor :STMicroelectronics X-CUBE-AZRTOS-G0 1.1.0
2023-11-21 16:02:52,376 [INFO] ThirdParty:1030 - CMSIS Pack Vendor :STMicroelectronics X-CUBE-AI 8.0.1
2023-11-21 16:02:52,376 [INFO] ThirdParty:1030 - CMSIS Pack Vendor :STMicroelectronics X-CUBE-NFC4 3.0.0
2023-11-21 16:02:52,376 [INFO] ThirdParty:1030 - CMSIS Pack Vendor :SEGGER I-CUBE-embOS 1.2.0
2023-11-21 16:02:52,376 [INFO] ThirdParty:1030 - CMSIS Pack Vendor :STMicroelectronics X-CUBE-SUBG2 5.0.0
2023-11-21 16:02:52,376 [INFO] ThirdParty:1030 - CMSIS Pack Vendor :STMicroelectronics STM32_WPAN 1.0.0
2023-11-21 16:02:52,376 [INFO] ThirdParty:1030 - CMSIS Pack Vendor :STMicroelectronics lwIP 2.0.3
2023-11-21 16:02:52,376 [INFO] ThirdParty:1030 - CMSIS Pack Vendor :STMicroelectronics USB_HOST 1.0.0
2023-11-21 16:02:52,376 [INFO] ThirdParty:1030 - CMSIS Pack Vendor :STMicroelectronics X-CUBE-TOF1 3.3.1
2023-11-21 16:02:52,376 [INFO] ThirdParty:1030 - CMSIS Pack Vendor :STMicroelectronics X-CUBE-AZRTOS-G4 2.0.0
2023-11-21 16:02:52,376 [INFO] ThirdParty:1030 - CMSIS Pack Vendor :STMicroelectronics PDM2PCM 3.1.0
2023-11-21 16:02:52,376 [INFO] ThirdParty:1030 - CMSIS Pack Vendor :STMicroelectronics X-CUBE-TOF1 3.3.0
2023-11-21 16:02:52,376 [INFO] ThirdParty:1030 - CMSIS Pack Vendor :STMicroelectronics FP-ATR-ASTRA1 1.1.1
2023-11-21 16:02:52,377 [INFO] ThirdParty:1030 - CMSIS Pack Vendor :Infineon AIROC-Wi-Fi-Bluetooth-STM32 1.5.1
2023-11-21 16:02:52,377 [INFO] ThirdParty:1030 - CMSIS Pack Vendor :STMicroelectronics X-CUBE-BLEMGR 3.0.0
2023-11-21 16:02:52,377 [INFO] ThirdParty:1030 - CMSIS Pack Vendor :STMicroelectronics X-CUBE-BLEMGR 1.3.0
2023-11-21 16:02:52,377 [INFO] ThirdParty:1030 - CMSIS Pack Vendor :STMicroelectronics FP-SNS-MOTENVWB1 1.3.0
2023-11-21 16:02:52,377 [INFO] ThirdParty:1030 - CMSIS Pack Vendor :STMicroelectronics FP-ATR-SIGFOX1 3.2.0
2023-11-21 16:02:52,377 [INFO] ThirdParty:1030 - CMSIS Pack Vendor :STMicroelectronics X-CUBE-AZRTOS-G4 1.0.0
2023-11-21 16:02:52,377 [INFO] ThirdParty:1030 - CMSIS Pack Vendor :wolfSSL I-CUBE-wolfSSL 5.3.0
2023-11-21 16:02:52,377 [INFO] ThirdParty:1030 - CMSIS Pack Vendor :STMicroelectronics X-CUBE-AZRTOS-L4 1.0.0
2023-11-21 16:02:52,377 [INFO] ThirdParty:1030 - CMSIS Pack Vendor :STMicroelectronics MBEDTLS 2.16.2
2023-11-21 16:02:52,377 [INFO] ThirdParty:1030 - CMSIS Pack Vendor :emotas I-CUBE-CANOPEN 1.1.2
2023-11-21 16:02:52,377 [INFO] ThirdParty:1030 - CMSIS Pack Vendor :STMicroelectronics X-CUBE-TOUCHGFX 4.20.0
2023-11-21 16:02:52,377 [INFO] ThirdParty:1030 - CMSIS Pack Vendor :STMicroelectronics X-CUBE-MEMS1 10.0.0
2023-11-21 16:02:52,377 [INFO] ThirdParty:1030 - CMSIS Pack Vendor :STMicroelectronics X-CUBE-FREERTOS 1.1.0
2023-11-21 16:02:52,377 [INFO] ThirdParty:1030 - CMSIS Pack Vendor :STMicroelectronics X-CUBE-AZRTOS-F7 1.0.0
2023-11-21 16:02:52,377 [INFO] ThirdParty:1030 - CMSIS Pack Vendor :STMicroelectronics X-CUBE-AZRTOS-WL 1.0.0
2023-11-21 16:02:52,377 [INFO] ThirdParty:1030 - CMSIS Pack Vendor :STMicroelectronics X-CUBE-TOF1 1.0.0
2023-11-21 16:02:52,377 [INFO] ThirdParty:1030 - CMSIS Pack Vendor :portGmbH I-Cube-SoM-uGOAL 1.1.0
2023-11-21 16:02:52,377 [INFO] ThirdParty:1030 - CMSIS Pack Vendor :STMicroelectronics X-CUBE-ALS 1.0.1
2023-11-21 16:02:52,378 [INFO] ThirdParty:1030 - CMSIS Pack Vendor :STMicroelectronics X-CUBE-MEMS1 9.5.0
2023-11-21 16:02:52,378 [INFO] ThirdParty:1030 - CMSIS Pack Vendor :STMicroelectronics ThreadX 1.0.0
2023-11-21 16:02:52,378 [INFO] ThirdParty:1030 - CMSIS Pack Vendor :STMicroelectronics X-CUBE-AZRTOS-WB 1.1.0
2023-11-21 16:02:52,378 [INFO] ThirdParty:1030 - CMSIS Pack Vendor :SEGGER I-CUBE-embOS 1.3.1
2023-11-21 16:02:52,378 [INFO] ThirdParty:1030 - CMSIS Pack Vendor :STMicroelectronics X-CUBE-MEMS1 8.3.0
2023-11-21 16:02:52,378 [INFO] ThirdParty:1030 - CMSIS Pack Vendor :STMicroelectronics X-CUBE-AZRTOS-L5 1.0.0
2023-11-21 16:02:52,378 [INFO] ThirdParty:1030 - CMSIS Pack Vendor :STMicroelectronics X-CUBE-EEPRMA1 3.1.1
2023-11-21 16:02:52,378 [INFO] ThirdParty:1030 - CMSIS Pack Vendor :STMicroelectronics X-CUBE-GNSS1 5.2.0
2023-11-21 16:02:52,378 [INFO] ThirdParty:1030 - CMSIS Pack Vendor :STMicroelectronics FP-ATR-ASTRA1 2.0.0
2023-11-21 16:02:52,378 [INFO] ThirdParty:1030 - CMSIS Pack Vendor :STMicroelectronics X-CUBE-TOUCHGFX 4.16.1
2023-11-21 16:02:52,378 [INFO] ThirdParty:1030 - CMSIS Pack Vendor :STMicroelectronics X-CUBE-TOF1 3.0.0
2023-11-21 16:02:52,378 [INFO] ThirdParty:841 - exiting critical section [change project]
2023-11-21 16:02:52,732 [INFO] PinOutPanel:1499 - setPackage(No Configuration,No Configuration)
2023-11-21 16:02:52,734 [INFO] PinOutPanel:1499 - setPackage(STM32F411RETx,LQFP64)
2023-11-21 16:02:53,132 [INFO] UtilMem:75 - Before build in PCC Used Memory: 331624288 Bytes (447741952)
2023-11-21 16:02:54,177 [INFO] UtilMem:75 - After build in PCC Used Memory: 224726832 Bytes (447741952)
2023-11-21 16:02:54,209 [INFO] IPUIPlugin:80 - create IPUIPlugin
2023-11-21 16:02:54,209 [INFO] IPUIPlugin:80 - create IPUIPlugin
2023-11-21 16:02:54,210 [INFO] IPUIPlugin:80 - create IPUIPlugin
2023-11-21 16:02:54,210 [INFO] IPUIPlugin:80 - create IPUIPlugin
2023-11-21 16:02:54,210 [INFO] IPUIPlugin:80 - create IPUIPlugin
2023-11-21 16:02:54,210 [INFO] IPUIPlugin:80 - create IPUIPlugin
2023-11-21 16:02:54,210 [INFO] IPUIPlugin:80 - create IPUIPlugin
2023-11-21 16:02:54,210 [INFO] IPUIPlugin:80 - create IPUIPlugin
2023-11-21 16:02:54,210 [INFO] IPUIPlugin:80 - create IPUIPlugin
2023-11-21 16:02:54,211 [INFO] IPUIPlugin:80 - create IPUIPlugin
2023-11-21 16:02:54,211 [INFO] IPUIPlugin:80 - create IPUIPlugin
2023-11-21 16:02:54,211 [INFO] IPUIPlugin:80 - create IPUIPlugin
2023-11-21 16:02:54,211 [INFO] IPUIPlugin:80 - create IPUIPlugin
2023-11-21 16:02:54,211 [INFO] IPUIPlugin:80 - create IPUIPlugin
2023-11-21 16:02:54,211 [INFO] IPUIPlugin:80 - create IPUIPlugin
2023-11-21 16:02:54,212 [INFO] IPUIPlugin:80 - create IPUIPlugin
2023-11-21 16:02:54,212 [INFO] IPUIPlugin:80 - create IPUIPlugin
2023-11-21 16:02:54,212 [INFO] IPUIPlugin:80 - create IPUIPlugin
2023-11-21 16:02:54,212 [INFO] IPUIPlugin:80 - create IPUIPlugin
2023-11-21 16:02:54,213 [INFO] IPUIPlugin:80 - create IPUIPlugin
2023-11-21 16:02:54,213 [INFO] IPUIPlugin:80 - create IPUIPlugin
2023-11-21 16:02:54,213 [INFO] IPUIPlugin:80 - create IPUIPlugin
2023-11-21 16:02:54,213 [INFO] IPUIPlugin:80 - create IPUIPlugin
2023-11-21 16:02:54,213 [INFO] IPUIPlugin:80 - create IPUIPlugin
2023-11-21 16:02:54,214 [INFO] IPUIPlugin:80 - create IPUIPlugin
2023-11-21 16:02:54,214 [INFO] IPUIPlugin:80 - create IPUIPlugin
2023-11-21 16:02:54,214 [INFO] IPUIPlugin:80 - create IPUIPlugin
2023-11-21 16:02:54,214 [INFO] IPUIPlugin:80 - create IPUIPlugin
2023-11-21 16:02:54,214 [INFO] IPUIPlugin:80 - create IPUIPlugin
2023-11-21 16:02:54,214 [INFO] IPUIPlugin:80 - create IPUIPlugin
2023-11-21 16:02:54,215 [INFO] IPUIPlugin:80 - create IPUIPlugin
2023-11-21 16:02:54,215 [INFO] IPUIPlugin:80 - create IPUIPlugin
2023-11-21 16:02:54,215 [INFO] IPUIPlugin:80 - create IPUIPlugin
2023-11-21 16:02:54,215 [INFO] IPUIPlugin:80 - create IPUIPlugin
2023-11-21 16:02:54,215 [INFO] IPUIPlugin:80 - create IPUIPlugin
2023-11-21 16:02:54,215 [INFO] IPUIPlugin:80 - create IPUIPlugin
2023-11-21 16:02:54,216 [INFO] IPUIPlugin:80 - create IPUIPlugin
2023-11-21 16:02:54,216 [INFO] IPUIPlugin:80 - create IPUIPlugin
2023-11-21 16:02:54,216 [INFO] IPUIPlugin:80 - create IPUIPlugin
2023-11-21 16:02:54,216 [INFO] IPUIPlugin:80 - create IPUIPlugin
2023-11-21 16:02:54,217 [INFO] IPUIPlugin:80 - create IPUIPlugin
2023-11-21 16:02:54,217 [INFO] IPUIPlugin:80 - create IPUIPlugin
2023-11-21 16:02:54,217 [INFO] IPUIPlugin:80 - create IPUIPlugin
2023-11-21 16:02:54,325 [INFO] ApiDbMcu:507 - Load IP Config File for PDM2PCM
2023-11-21 16:02:54,614 [INFO] CADModel:165 - CPN selected for project levelSTM32F411RET6
2023-11-21 16:02:54,614 [INFO] CADModel:114 - Register for checkConnection events
2023-11-21 16:02:54,667 [INFO] OpenFileManager:328 - Restore cursor
2023-11-21 16:02:59,776 [ERROR] LogOutputStream:75 - [STDERR_REDIRECT] SLF4J: Failed to load class "org.slf4j.impl.StaticLoggerBinder".
2023-11-21 16:02:59,777 [ERROR] LogOutputStream:75 - [STDERR_REDIRECT] SLF4J: Defaulting to no-operation (NOP) logger implementation
2023-11-21 16:02:59,778 [ERROR] LogOutputStream:75 - [STDERR_REDIRECT] SLF4J: See http://www.slf4j.org/codes.html#StaticLoggerBinder for further details.
