2023-10-21 21:17:11,349 [INFO] Activator:176 - 


2023-10-21 21:17:11,354 [INFO] Activator:177 - !SESSION log4j initialized
2023-10-21 21:17:14,018 [INFO] LogOutputStream:77 - [STDOUT_REDIRECT] 
2023-10-21 21:17:16,788 [INFO] ApplicationProperties:184 - Using Application install path: C:\ST\STM32CubeIDE_1.13.2\STM32CubeIDE\plugins\com.st.stm32cube.common.mx_6.9.2.202309101412
2023-10-21 21:17:16,807 [INFO] DbMcusXml:78 - Set database path to: C:\ST\STM32CubeIDE_1.13.2\STM32CubeIDE\plugins\com.st.stm32cube.common.mx_6.9.2.202309101412\\db\/mcu/
2023-10-21 21:17:16,808 [INFO] ApiDb:274 - Set plugin database path to: C:\ST\STM32CubeIDE_1.13.2\STM32CubeIDE\plugins\com.st.stm32cube.common.mx_6.9.2.202309101412\\db\/plugins/boardmanager/
2023-10-21 21:17:16,809 [WARN] ApiDb:259 - Overriding images path with different value:  => C:\ST\STM32CubeIDE_1.13.2\STM32CubeIDE\plugins\com.st.stm32cube.common.mx_6.9.2.202309101412\\db\/plugins/mcufinder/images/
2023-10-21 21:17:16,819 [INFO] ApiDb:250 - Set database path to: C:\Users\57310\.stmcufinder\plugins\mcufinder//mcu/
2023-10-21 21:17:16,821 [INFO] DbMcusAds:125 - Set database path to: C:\Users\57310\.stmcufinder\plugins\mcufinder//mcu/
2023-10-21 21:17:16,823 [INFO] CrossReferenceDbSqlite:203 - Set database path to: C:\Users\57310\.stmcufinder\plugins\mcufinder//mcu/cs/
2023-10-21 21:17:16,926 [INFO] RulesReader:64 - Compatibility file has been processed (293 Rules)
2023-10-21 21:17:17,013 [INFO] DbMcusXml:78 - Set database path to: C:\ST\STM32CubeIDE_1.13.2\STM32CubeIDE\plugins\com.st.stm32cube.common.mx_6.9.2.202309101412\\db\/mcu/
2023-10-21 21:17:17,013 [INFO] ApiDb:274 - Set plugin database path to: C:\ST\STM32CubeIDE_1.13.2\STM32CubeIDE\plugins\com.st.stm32cube.common.mx_6.9.2.202309101412\\db\/plugins/boardmanager/
2023-10-21 21:17:17,013 [INFO] ApiDb:261 - Set plugin images path to: C:\ST\STM32CubeIDE_1.13.2\STM32CubeIDE\plugins\com.st.stm32cube.common.mx_6.9.2.202309101412\\db\/plugins/mcufinder/images/
2023-10-21 21:17:17,013 [WARN] DbFile:41 - Overriding database path with different value: C:\Users\57310\.stmcufinder\plugins\mcufinder/ => C:\Users\57310\.stmcufinder\plugins\mcufinder
2023-10-21 21:17:17,014 [INFO] ApiDb:250 - Set database path to: C:\Users\57310\.stmcufinder\plugins\mcufinder//mcu/
2023-10-21 21:17:17,014 [WARN] DbFile:41 - Overriding database path with different value: C:\Users\57310\.stmcufinder\plugins\mcufinder/ => C:\Users\57310\.stmcufinder\plugins\mcufinder
2023-10-21 21:17:17,014 [INFO] DbMcusAds:125 - Set database path to: C:\Users\57310\.stmcufinder\plugins\mcufinder//mcu/
2023-10-21 21:17:17,014 [WARN] DbFile:41 - Overriding database path with different value: C:\Users\57310\.stmcufinder\plugins\mcufinder/ => C:\Users\57310\.stmcufinder\plugins\mcufinder
2023-10-21 21:17:17,014 [WARN] DbFile:41 - Overriding database path with different value: C:\Users\57310\.stmcufinder\plugins\mcufinder/ => C:\Users\57310\.stmcufinder\plugins\mcufinder
2023-10-21 21:17:17,014 [INFO] CrossReferenceDbSqlite:203 - Set database path to: C:\Users\57310\.stmcufinder\plugins\mcufinder//mcu/cs/
2023-10-21 21:17:17,080 [INFO] MainPanel:262 - HeapMemory: 268435456
2023-10-21 21:17:17,146 [INFO] DbMcusXml:78 - Set database path to: C:\ST\STM32CubeIDE_1.13.2\STM32CubeIDE\plugins\com.st.stm32cube.common.mx_6.9.2.202309101412\\db\/mcu/
2023-10-21 21:17:17,146 [INFO] ApiDb:274 - Set plugin database path to: C:\ST\STM32CubeIDE_1.13.2\STM32CubeIDE\plugins\com.st.stm32cube.common.mx_6.9.2.202309101412\\db\/plugins/boardmanager/
2023-10-21 21:17:17,146 [INFO] ApiDb:261 - Set plugin images path to: C:\ST\STM32CubeIDE_1.13.2\STM32CubeIDE\plugins\com.st.stm32cube.common.mx_6.9.2.202309101412\\db\/plugins/mcufinder/images/
2023-10-21 21:17:17,146 [WARN] DbFile:41 - Overriding database path with different value: C:\Users\57310\.stmcufinder\plugins\mcufinder/ => C:\Users\57310\.stmcufinder\plugins\mcufinder
2023-10-21 21:17:17,147 [INFO] ApiDb:250 - Set database path to: C:\Users\57310\.stmcufinder\plugins\mcufinder//mcu/
2023-10-21 21:17:17,147 [WARN] DbFile:41 - Overriding database path with different value: C:\Users\57310\.stmcufinder\plugins\mcufinder/ => C:\Users\57310\.stmcufinder\plugins\mcufinder
2023-10-21 21:17:17,147 [INFO] DbMcusAds:125 - Set database path to: C:\Users\57310\.stmcufinder\plugins\mcufinder//mcu/
2023-10-21 21:17:17,147 [WARN] DbFile:41 - Overriding database path with different value: C:\Users\57310\.stmcufinder\plugins\mcufinder/ => C:\Users\57310\.stmcufinder\plugins\mcufinder
2023-10-21 21:17:17,147 [WARN] DbFile:41 - Overriding database path with different value: C:\Users\57310\.stmcufinder\plugins\mcufinder/ => C:\Users\57310\.stmcufinder\plugins\mcufinder
2023-10-21 21:17:17,147 [INFO] CrossReferenceDbSqlite:203 - Set database path to: C:\Users\57310\.stmcufinder\plugins\mcufinder//mcu/cs/
2023-10-21 21:17:17,164 [INFO] ApplicationProperties:184 - Using Application install path: C:\ST\STM32CubeIDE_1.13.2\STM32CubeIDE\plugins\com.st.stm32cube.common.mx_6.9.2.202309101412
2023-10-21 21:17:17,165 [INFO] PluginManage:196 - Search for loadable plugins [exclusion list=, ]
2023-10-21 21:17:17,167 [INFO] PluginManage:310 - Check plugin analytics
2023-10-21 21:17:17,353 [INFO] AnalyticsPlugin:253 - Accepted Software Licenses: 
2023-10-21 21:17:17,354 [INFO] AnalyticsPlugin:255 - Accepted CMSIS Pack Licenses: 
2023-10-21 21:17:17,354 [INFO] AnalyticsPlugin:257 - Accepted Firmware Licenses: 
2023-10-21 21:17:17,357 [INFO] PluginManage:359 - Loaded plugin analytics (category:tool,tabindex:-1)
2023-10-21 21:17:17,358 [INFO] PluginManage:310 - Check plugin cadmodel
2023-10-21 21:17:17,365 [INFO] CADModel:105 - Init CAD model plugin
2023-10-21 21:17:17,365 [INFO] PluginManage:359 - Loaded plugin cadmodel (category:power,tabindex:5)
2023-10-21 21:17:17,366 [INFO] PluginManage:310 - Check plugin clock
2023-10-21 21:17:17,376 [INFO] PluginManage:359 - Loaded plugin clock (category:base,tabindex:2)
2023-10-21 21:17:17,376 [INFO] PluginManage:310 - Check plugin ddr
2023-10-21 21:17:17,378 [INFO] PluginManage:359 - Loaded plugin ddr (category:tool,tabindex:6)
2023-10-21 21:17:17,379 [INFO] PluginManage:310 - Check plugin filemanager
2023-10-21 21:17:17,504 [INFO] PluginManage:359 - Loaded plugin filemanager (category:base,tabindex:10)
2023-10-21 21:17:17,504 [INFO] PluginManage:310 - Check plugin ipmanager
2023-10-21 21:17:17,512 [INFO] PluginManage:359 - Loaded plugin ipmanager (category:base,tabindex:5)
2023-10-21 21:17:17,512 [INFO] PluginManage:310 - Check plugin lpbam
2023-10-21 21:17:17,520 [INFO] PluginManage:359 - Loaded plugin lpbam (category:base,tabindex:0)
2023-10-21 21:17:17,520 [INFO] PluginManage:310 - Check plugin memorymap
2023-10-21 21:17:17,535 [INFO] PluginManage:359 - Loaded plugin memorymap (category:base,tabindex:4)
2023-10-21 21:17:17,535 [INFO] PluginManage:310 - Check plugin pinoutandconfiguration
2023-10-21 21:17:17,543 [INFO] PluginManage:359 - Loaded plugin pinoutandconfiguration (category:base,tabindex:1)
2023-10-21 21:17:17,544 [INFO] PluginManage:310 - Check plugin pinoutconfig
2023-10-21 21:17:17,649 [WARN] SupportedApi:132 - Cannot load RTOS API schema: s4s-elt-must-match.1: The content of 'definitions' must match (annotation?, (simpleType | complexType)?, (unique | key | keyref)*)). A problem was found starting at: attribute.
2023-10-21 21:17:17,823 [INFO] PluginManage:359 - Loaded plugin pinoutconfig (category:base,tabindex:0)
2023-10-21 21:17:17,823 [INFO] PluginManage:310 - Check plugin power
2023-10-21 21:17:17,833 [INFO] PluginManage:359 - Loaded plugin power (category:power,tabindex:4)
2023-10-21 21:17:17,833 [INFO] PluginManage:310 - Check plugin projectmanager
2023-10-21 21:17:17,848 [INFO] PluginManage:359 - Loaded plugin projectmanager (category:projectmanager,tabindex:3)
2023-10-21 21:17:17,848 [INFO] PluginManage:310 - Check plugin thirdparty
2023-10-21 21:17:17,995 [WARN] IntegrityCheckThread:84 - waiting for thirdparty lock release [integrity check]
2023-10-21 21:17:17,995 [INFO] IntegrityCheckThread:86 - entering critical section [integrity check]
2023-10-21 21:17:17,995 [INFO] PluginManage:359 - Loaded plugin thirdparty (category:base,tabindex:-1)
2023-10-21 21:17:17,996 [INFO] ThirdPartyUpdaterWithRetryManager:70 - Updater plugin not ready yet. [1/15]
2023-10-21 21:17:17,996 [INFO] PluginManage:310 - Check plugin tools
2023-10-21 21:17:18,002 [INFO] PluginManage:359 - Loaded plugin tools (category:base,tabindex:7)
2023-10-21 21:17:18,002 [INFO] PluginManage:310 - Check plugin tutovideos
2023-10-21 21:17:18,154 [INFO] PluginManage:359 - Loaded plugin tutovideos (category:base,tabindex:-1)
2023-10-21 21:17:18,154 [INFO] PluginManage:310 - Check plugin updater
2023-10-21 21:17:18,168 [INFO] PluginManage:359 - Loaded plugin updater (category:base,tabindex:12)
2023-10-21 21:17:18,168 [INFO] PluginManage:310 - Check plugin userauth
2023-10-21 21:17:18,173 [INFO] UserAuth:113 - Init User Auth plugin
2023-10-21 21:17:18,173 [INFO] PluginManage:359 - Loaded plugin userauth (category:base,tabindex:14)
2023-10-21 21:17:18,173 [INFO] PluginManage:283 - PluginManage : Loaded plugins [17]
2023-10-21 21:17:18,409 [INFO] PinOutPanel:1499 - setPackage(No Configuration,No Configuration)
2023-10-21 21:17:18,583 [INFO] CADModel:165 - CPN selected for project level
2023-10-21 21:17:18,583 [INFO] CADModel:114 - Register for checkConnection events
2023-10-21 21:17:18,610 [INFO] IPUIPlugin:80 - create IPUIPlugin
2023-10-21 21:17:18,610 [INFO] PluginManager:220 - loadIPPluginJar : add adc
2023-10-21 21:17:18,616 [INFO] IPUIPlugin:80 - create IPUIPlugin
2023-10-21 21:17:18,616 [INFO] PluginManager:220 - loadIPPluginJar : add aes
2023-10-21 21:17:18,622 [INFO] IPUIPlugin:80 - create IPUIPlugin
2023-10-21 21:17:18,622 [INFO] PluginManager:220 - loadIPPluginJar : add can
2023-10-21 21:17:18,625 [INFO] IPUIPlugin:80 - create IPUIPlugin
2023-10-21 21:17:18,626 [INFO] PluginManager:220 - loadIPPluginJar : add comp
2023-10-21 21:17:18,631 [INFO] IPUIPlugin:80 - create IPUIPlugin
2023-10-21 21:17:18,631 [INFO] PluginManager:220 - loadIPPluginJar : add cryp
2023-10-21 21:17:18,637 [INFO] IPUIPlugin:80 - create IPUIPlugin
2023-10-21 21:17:18,638 [INFO] PluginManager:220 - loadIPPluginJar : add dfsdm
2023-10-21 21:17:18,647 [INFO] IPUIPlugin:80 - create IPUIPlugin
2023-10-21 21:17:18,648 [INFO] PluginManager:220 - loadIPPluginJar : add dma
2023-10-21 21:17:18,652 [INFO] IPUIPlugin:80 - create IPUIPlugin
2023-10-21 21:17:18,653 [INFO] PluginManager:220 - loadIPPluginJar : add dma3
2023-10-21 21:17:18,655 [INFO] IPUIPlugin:80 - create IPUIPlugin
2023-10-21 21:17:18,655 [INFO] PluginManager:220 - loadIPPluginJar : add fatfs
2023-10-21 21:17:18,665 [INFO] IPUIPlugin:80 - create IPUIPlugin
2023-10-21 21:17:18,665 [INFO] PluginManager:220 - loadIPPluginJar : add fmc
2023-10-21 21:17:18,673 [INFO] IPUIPlugin:80 - create IPUIPlugin
2023-10-21 21:17:18,674 [INFO] PluginManager:220 - loadIPPluginJar : add freertos
2023-10-21 21:17:18,675 [INFO] IPUIPlugin:80 - create IPUIPlugin
2023-10-21 21:17:18,675 [INFO] PluginManager:220 - loadIPPluginJar : add genericplugin
2023-10-21 21:17:18,678 [INFO] IPUIPlugin:80 - create IPUIPlugin
2023-10-21 21:17:18,679 [INFO] PluginManager:220 - loadIPPluginJar : add gfxmmu
2023-10-21 21:17:18,684 [INFO] IPUIPlugin:80 - create IPUIPlugin
2023-10-21 21:17:18,685 [INFO] PluginManager:220 - loadIPPluginJar : add gic
2023-10-21 21:17:18,691 [INFO] IPUIPlugin:80 - create IPUIPlugin
2023-10-21 21:17:18,691 [INFO] PluginManager:220 - loadIPPluginJar : add gpio
2023-10-21 21:17:18,696 [INFO] IPUIPlugin:80 - create IPUIPlugin
2023-10-21 21:17:18,696 [INFO] PluginManager:220 - loadIPPluginJar : add gtzc
2023-10-21 21:17:18,701 [INFO] IPUIPlugin:80 - create IPUIPlugin
2023-10-21 21:17:18,701 [INFO] PluginManager:220 - loadIPPluginJar : add hash
2023-10-21 21:17:18,707 [INFO] IPUIPlugin:80 - create IPUIPlugin
2023-10-21 21:17:18,707 [INFO] PluginManager:220 - loadIPPluginJar : add i2c
2023-10-21 21:17:18,714 [INFO] IPUIPlugin:80 - create IPUIPlugin
2023-10-21 21:17:18,715 [INFO] PluginManager:220 - loadIPPluginJar : add i2s
2023-10-21 21:17:18,720 [INFO] IPUIPlugin:80 - create IPUIPlugin
2023-10-21 21:17:18,720 [INFO] PluginManager:220 - loadIPPluginJar : add i3c
2023-10-21 21:17:18,726 [INFO] IPUIPlugin:80 - create IPUIPlugin
2023-10-21 21:17:18,726 [INFO] PluginManager:220 - loadIPPluginJar : add ipddr
2023-10-21 21:17:18,735 [INFO] IPUIPlugin:80 - create IPUIPlugin
2023-10-21 21:17:18,735 [INFO] PluginManager:220 - loadIPPluginJar : add linkedlist
2023-10-21 21:17:18,739 [INFO] IPUIPlugin:80 - create IPUIPlugin
2023-10-21 21:17:18,740 [INFO] PluginManager:220 - loadIPPluginJar : add lorawan
2023-10-21 21:17:18,742 [INFO] IPUIPlugin:80 - create IPUIPlugin
2023-10-21 21:17:18,742 [INFO] PluginManager:220 - loadIPPluginJar : add ltdc
2023-10-21 21:17:18,750 [INFO] IPUIPlugin:80 - create IPUIPlugin
2023-10-21 21:17:18,750 [INFO] PluginManager:220 - loadIPPluginJar : add mdma
2023-10-21 21:17:18,758 [INFO] IPUIPlugin:80 - create IPUIPlugin
2023-10-21 21:17:18,758 [INFO] PluginManager:220 - loadIPPluginJar : add nvic
2023-10-21 21:17:18,764 [INFO] IPUIPlugin:80 - create IPUIPlugin
2023-10-21 21:17:18,764 [INFO] PluginManager:220 - loadIPPluginJar : add opamp
2023-10-21 21:17:18,769 [INFO] IPUIPlugin:80 - create IPUIPlugin
2023-10-21 21:17:18,769 [INFO] PluginManager:220 - loadIPPluginJar : add openamp
2023-10-21 21:17:18,777 [INFO] IPUIPlugin:80 - create IPUIPlugin
2023-10-21 21:17:18,777 [INFO] PluginManager:220 - loadIPPluginJar : add pdm2pcm
2023-10-21 21:17:18,789 [INFO] IPUIPlugin:80 - create IPUIPlugin
2023-10-21 21:17:18,792 [INFO] PluginManager:220 - loadIPPluginJar : add plateformsettings
2023-10-21 21:17:18,795 [INFO] IPUIPlugin:80 - create IPUIPlugin
2023-10-21 21:17:18,795 [INFO] PluginManager:220 - loadIPPluginJar : add quadspi
2023-10-21 21:17:18,803 [INFO] IPUIPlugin:80 - create IPUIPlugin
2023-10-21 21:17:18,803 [INFO] PluginManager:220 - loadIPPluginJar : add resmgrutility
2023-10-21 21:17:18,811 [INFO] IPUIPlugin:80 - create IPUIPlugin
2023-10-21 21:17:18,811 [INFO] PluginManager:220 - loadIPPluginJar : add sai
2023-10-21 21:17:18,815 [INFO] IPUIPlugin:80 - create IPUIPlugin
2023-10-21 21:17:18,815 [INFO] PluginManager:220 - loadIPPluginJar : add spi
2023-10-21 21:17:18,821 [INFO] IPUIPlugin:80 - create IPUIPlugin
2023-10-21 21:17:18,821 [INFO] PluginManager:220 - loadIPPluginJar : add stm32_wpan
2023-10-21 21:17:18,823 [INFO] IPUIPlugin:80 - create IPUIPlugin
2023-10-21 21:17:18,823 [INFO] PluginManager:220 - loadIPPluginJar : add tim
2023-10-21 21:17:18,827 [INFO] IPUIPlugin:80 - create IPUIPlugin
2023-10-21 21:17:18,827 [INFO] PluginManager:220 - loadIPPluginJar : add touchsensing
2023-10-21 21:17:18,830 [INFO] IPUIPlugin:80 - create IPUIPlugin
2023-10-21 21:17:18,831 [INFO] PluginManager:220 - loadIPPluginJar : add tracer_emb
2023-10-21 21:17:18,833 [INFO] IPUIPlugin:80 - create IPUIPlugin
2023-10-21 21:17:18,833 [INFO] PluginManager:220 - loadIPPluginJar : add ts
2023-10-21 21:17:18,836 [INFO] IPUIPlugin:80 - create IPUIPlugin
2023-10-21 21:17:18,836 [INFO] PluginManager:220 - loadIPPluginJar : add tsc
2023-10-21 21:17:18,839 [INFO] IPUIPlugin:80 - create IPUIPlugin
2023-10-21 21:17:18,840 [INFO] PluginManager:220 - loadIPPluginJar : add ucpd
2023-10-21 21:17:18,844 [INFO] IPUIPlugin:80 - create IPUIPlugin
2023-10-21 21:17:18,844 [INFO] PluginManager:220 - loadIPPluginJar : add usart
2023-10-21 21:17:18,848 [INFO] IPUIPlugin:80 - create IPUIPlugin
2023-10-21 21:17:18,848 [INFO] PluginManager:220 - loadIPPluginJar : add usbx
2023-10-21 21:17:19,352 [INFO] CADModel:165 - CPN selected for project level
2023-10-21 21:17:19,353 [INFO] CADModel:114 - Register for checkConnection events
2023-10-21 21:17:19,353 [FATAL] Updater:308 - Updater called before beeing initialized
2023-10-21 21:17:19,354 [ERROR] CADModel:125 - Updater not yet initialized, retry later 
2023-10-21 21:17:19,499 [INFO] CADModel:165 - CPN selected for project level
2023-10-21 21:17:19,500 [INFO] CADModel:114 - Register for checkConnection events
2023-10-21 21:17:19,500 [FATAL] Updater:308 - Updater called before beeing initialized
2023-10-21 21:17:19,500 [ERROR] CADModel:125 - Updater not yet initialized, retry later 
2023-10-21 21:17:19,502 [FATAL] Updater:308 - Updater called before beeing initialized
2023-10-21 21:17:19,621 [FATAL] Updater:308 - Updater called before beeing initialized
2023-10-21 21:17:19,628 [INFO] DbMcusAds:53 - JSON generation date=Tue Mar 07 03:50:55 COT 2023 (1678179055114)
2023-10-21 21:17:19,629 [FATAL] Updater:308 - Updater called before beeing initialized
2023-10-21 21:17:19,663 [WARN] DetailPanel:346 - Failed to get advertising image, set to default
2023-10-21 21:17:19,911 [FATAL] Updater:308 - Updater called before beeing initialized
2023-10-21 21:17:19,913 [FATAL] Updater:308 - Updater called before beeing initialized
2023-10-21 21:17:19,913 [FATAL] Updater:308 - Updater called before beeing initialized
2023-10-21 21:17:19,913 [WARN] DetailPanel:346 - Failed to get advertising image, set to default
2023-10-21 21:17:19,914 [FATAL] Updater:308 - Updater called before beeing initialized
2023-10-21 21:17:19,957 [ERROR] Updater:1120 - MainUpdater not yet initialized. External WinMGr cannot be set.
2023-10-21 21:17:19,959 [INFO] Updater:1056 - Updater Version found : 6.9.2
2023-10-21 21:17:19,975 [INFO] ApplicationProperties:184 - Using Application install path: C:\ST\STM32CubeIDE_1.13.2\STM32CubeIDE\plugins\com.st.stm32cube.common.mx_6.9.2.202309101412
2023-10-21 21:17:20,226 [INFO] MainUpdater:2868 - connection check result : 10
2023-10-21 21:17:20,226 [INFO] MainUpdater:285 - Updater Check For Update Now.
2023-10-21 21:17:20,227 [INFO] MicroXplorer:498 - Change Database Version : DB.6.0.92
2023-10-21 21:17:20,234 [INFO] McuFinderGlobals:63 - Set McuFinder mode to 2 (CubeIDE integrated)
2023-10-21 21:17:20,412 [INFO] CheckServerUpdateThread:120 - End of CheckServer Thread
2023-10-21 21:17:21,372 [WARN] PackLoader:240 - Cannot read IP mode file for STMicroelectronics.X-CUBE-SMBUS.2.1.0
2023-10-21 21:17:21,395 [WARN] PackLoader:240 - Cannot read IP mode file for STMicroelectronics.X-CUBE-SUBG2.4.1.0
2023-10-21 21:17:21,459 [WARN] PackLoader:240 - Cannot read IP mode file for STMicroelectronics.X-CUBE-MEMS1.9.2.0
2023-10-21 21:17:21,602 [WARN] PackLoader:240 - Cannot read IP mode file for STMicroelectronics.X-CUBE-AZRTOS-F7.1.1.0
2023-10-21 21:17:21,623 [WARN] PackLoader:240 - Cannot read IP mode file for STMicroelectronics.X-CUBE-AI.7.1.0
2023-10-21 21:17:21,628 [WARN] PackLoader:240 - Cannot read IP mode file for STMicroelectronics.X-CUBE-TOUCHGFX.4.19.1
2023-10-21 21:17:21,636 [WARN] PackLoader:240 - Cannot read IP mode file for STMicroelectronics.FP-SNS-MOTENV1.4.3.2
2023-10-21 21:17:21,644 [ERROR] RealEvaluatedCondition:428 - Found unsupported composite condition: CLASS='Data Exchange' GROUP='STM32_MetaDataManager'
2023-10-21 21:17:21,644 [ERROR] RealEvaluatedCondition:428 - Found unsupported composite condition: CLASS='Data Exchange' GROUP='STM32_MetaDataManager'
2023-10-21 21:17:21,646 [WARN] PackLoader:240 - Cannot read IP mode file for STMicroelectronics.FP-SNS-MOTENV1.4.3.1
2023-10-21 21:17:21,655 [WARN] PackLoader:240 - Cannot read IP mode file for STMicroelectronics.FP-SNS-FLIGHT1.5.0.1
2023-10-21 21:17:21,665 [WARN] PackLoader:240 - Cannot read IP mode file for STMicroelectronics.X-CUBE-BLE1.6.2.3
2023-10-21 21:17:21,673 [WARN] PackLoader:240 - Cannot read IP mode file for STMicroelectronics.X-CUBE-EEPRMA1.3.0.0
2023-10-21 21:17:21,679 [WARN] PackLoader:240 - Cannot read IP mode file for STMicroelectronics.X-CUBE-BLE1.6.2.4
2023-10-21 21:17:21,692 [WARN] PackLoader:240 - Cannot read IP mode file for STMicroelectronics.X-CUBE-BLE1.6.2.0
2023-10-21 21:17:21,697 [WARN] PackLoader:240 - Cannot read IP mode file for STMicroelectronics.FP-SNS-FLIGHT1.5.0.2
2023-10-21 21:17:21,705 [WARN] PackLoader:240 - Cannot read IP mode file for STMicroelectronics.X-CUBE-BLE2.3.2.2
2023-10-21 21:17:21,712 [WARN] PackLoader:240 - Cannot read IP mode file for STMicroelectronics.X-CUBE-BLE2.3.2.0
2023-10-21 21:17:21,724 [WARN] PackLoader:240 - Cannot read IP mode file for STMicroelectronics.X-CUBE-DISPLAY.3.0.0
2023-10-21 21:17:21,732 [WARN] PackLoader:240 - Cannot read IP mode file for STMicroelectronics.X-CUBE-BLE1.7.0.0
2023-10-21 21:17:21,739 [WARN] PackLoader:240 - Cannot read IP mode file for emotas.I-CUBE-CANOPEN.1.3.0
2023-10-21 21:17:21,742 [WARN] PackLoader:240 - Cannot read IP mode file for STMicroelectronics.X-CUBE-TOUCHGFX.4.22.0
2023-10-21 21:17:21,746 [WARN] PackLoader:240 - Cannot read IP mode file for STMicroelectronics.X-CUBE-TOUCHGFX.4.22.1
2023-10-21 21:17:21,770 [WARN] PackLoader:240 - Cannot read IP mode file for STMicroelectronics.X-CUBE-AZRTOS-H7.1.0.0
2023-10-21 21:17:21,815 [WARN] PackLoader:240 - Cannot read IP mode file for STMicroelectronics.X-CUBE-MEMS1.9.3.0
2023-10-21 21:17:21,936 [WARN] PackLoader:240 - Cannot read IP mode file for STMicroelectronics.FP-SNS-SMARTAG2.1.2.0
2023-10-21 21:17:21,947 [INFO] LogOutputStream:77 - [STDOUT_REDIRECT] 1 : Invalid condition id : UX_CORESTACK_Condition cause : null
2023-10-21 21:17:21,948 [INFO] LogOutputStream:77 - [STDOUT_REDIRECT] 1 : Invalid condition id : UX_CORESTACK_Condition cause : null
2023-10-21 21:17:21,949 [INFO] LogOutputStream:77 - [STDOUT_REDIRECT] 1 : Invalid condition id : UX_CORESTACK_Condition cause : null
2023-10-21 21:17:21,950 [INFO] LogOutputStream:77 - [STDOUT_REDIRECT] 1 : Invalid condition id : UX_CORESTACK_Condition cause : null
2023-10-21 21:17:21,951 [INFO] LogOutputStream:77 - [STDOUT_REDIRECT] 1 : Invalid condition id : UX_CORESTACK_Condition cause : null
2023-10-21 21:17:21,954 [WARN] PackLoader:240 - Cannot read IP mode file for STMicroelectronics.X-CUBE-AZRTOS-WL.2.0.0
2023-10-21 21:17:21,962 [WARN] PackLoader:240 - Cannot read IP mode file for STMicroelectronics.X-CUBE-ALGOBUILD.1.2.0
2023-10-21 21:17:21,974 [WARN] PackLoader:240 - Cannot read IP mode file for WES.I-CUBE-Cesium.1.3.0
2023-10-21 21:17:21,980 [WARN] PackLoader:240 - Cannot read IP mode file for STMicroelectronics.X-CUBE-BLE2.3.3.0
2023-10-21 21:17:21,985 [WARN] PackLoader:240 - Cannot read IP mode file for STMicroelectronics.X-CUBE-DISPLAY.2.2.0
2023-10-21 21:17:22,000 [WARN] PackLoader:240 - Cannot read IP mode file for STMicroelectronics.X-CUBE-TOF1.3.2.0
2023-10-21 21:17:22,024 [WARN] PackLoader:240 - Cannot read IP mode file for STMicroelectronics.X-CUBE-AZRTOS-H7.2.1.0
2023-10-21 21:17:22,031 [WARN] PackLoader:240 - Cannot read IP mode file for STMicroelectronics.X-CUBE-TOUCHGFX.4.21.1
2023-10-21 21:17:22,035 [WARN] PackLoader:240 - Cannot read IP mode file for STMicroelectronics.X-CUBE-TOUCHGFX.4.21.0
2023-10-21 21:17:22,038 [WARN] PackLoader:240 - Cannot read IP mode file for STMicroelectronics.X-CUBE-TOUCHGFX.4.21.4
2023-10-21 21:17:22,073 [WARN] PackLoader:240 - Cannot read IP mode file for STMicroelectronics.X-CUBE-MEMS1.9.4.0
2023-10-21 21:17:22,202 [WARN] PackLoader:240 - Cannot read IP mode file for STMicroelectronics.X-CUBE-AI.7.3.0
2023-10-21 21:17:22,209 [WARN] PackLoader:240 - Cannot read IP mode file for STMicroelectronics.X-CUBE-ALGOBUILD.1.3.0
2023-10-21 21:17:22,227 [WARN] PackLoader:240 - Cannot read IP mode file for STMicroelectronics.X-CUBE-AZRTOS-G0.1.1.0
2023-10-21 21:17:22,234 [WARN] PackLoader:240 - Cannot read IP mode file for STMicroelectronics.X-CUBE-NFC4.3.0.0
2023-10-21 21:17:22,275 [WARN] PackLoader:240 - Cannot read IP mode file for SEGGER.I-CUBE-embOS.1.2.0
2023-10-21 21:17:22,317 [WARN] PackLoader:240 - Cannot read IP mode file for STMicroelectronics.X-CUBE-BLEMGR.1.3.0
2023-10-21 21:17:22,324 [WARN] PackLoader:240 - Cannot read IP mode file for STMicroelectronics.FP-ATR-SIGFOX1.3.2.0
2023-10-21 21:17:22,330 [WARN] PackLoader:240 - Cannot read IP mode file for emotas.I-CUBE-CANOPEN.1.1.2
2023-10-21 21:17:22,334 [WARN] PackLoader:240 - Cannot read IP mode file for STMicroelectronics.X-CUBE-TOUCHGFX.4.20.0
2023-10-21 21:17:22,369 [WARN] PackLoader:240 - Cannot read IP mode file for STMicroelectronics.X-CUBE-MEMS1.9.5.0
2023-10-21 21:17:22,515 [WARN] PackLoader:240 - Cannot read IP mode file for SEGGER.I-CUBE-embOS.1.3.1
2023-10-21 21:17:22,540 [WARN] PackLoader:240 - Cannot read IP mode file for STMicroelectronics.X-CUBE-TOUCHGFX.4.16.1
2023-10-21 21:17:22,547 [WARN] PackLoader:240 - Cannot read IP mode file for STMicroelectronics.X-CUBE-TOF1.3.0.0
2023-10-21 21:17:22,554 [WARN] PackLoader:240 - Cannot read IP mode file for STMicroelectronics.X-CUBE-GNSS1.6.0.0
2023-10-21 21:17:22,569 [WARN] PackLoader:240 - Cannot read IP mode file for STMicroelectronics.X-CUBE-AZRTOS-F4.1.1.0
2023-10-21 21:17:22,575 [WARN] PackLoader:240 - Cannot read IP mode file for wolfSSL.I-CUBE-wolfSSL.5.6.3
2023-10-21 21:17:22,581 [WARN] PackLoader:240 - Cannot read IP mode file for STMicroelectronics.X-CUBE-BLEMGR.1.2.0
2023-10-21 21:17:22,595 [WARN] PackLoader:240 - Cannot read IP mode file for STMicroelectronics.X-CUBE-AZRTOS-L5.2.0.0
2023-10-21 21:17:22,631 [WARN] PackLoader:240 - Cannot read IP mode file for STMicroelectronics.X-CUBE-MEMS1.9.6.0
2023-10-21 21:17:22,731 [WARN] PackLoader:240 - Cannot read IP mode file for ITTIA_DB.I-CUBE-ITTIADB.8.8.0
2023-10-21 21:17:22,752 [WARN] PackLoader:240 - Cannot read IP mode file for STMicroelectronics.X-CUBE-BLEMGR.2.0.0
2023-10-21 21:17:22,757 [WARN] PackLoader:240 - Cannot read IP mode file for STMicroelectronics.X-CUBE-NFC4.2.0.5
2023-10-21 21:17:22,807 [WARN] PackLoader:240 - Cannot read IP mode file for STMicroelectronics.X-CUBE-NFC4.2.0.4
2023-10-21 21:17:22,812 [WARN] PackLoader:240 - Cannot read IP mode file for STMicroelectronics.X-CUBE-NFC4.2.0.2
2023-10-21 21:17:22,865 [WARN] ConditionMgr:438 - getConditionDescription Invalid condition id : UX DEVICE CLASS RTOS Condition cause : null
2023-10-21 21:17:22,866 [WARN] ConditionMgr:438 - getConditionDescription Invalid condition id : UX DEVICE CLASS RTOS Condition cause : null
2023-10-21 21:17:22,870 [WARN] PackLoader:240 - Cannot read IP mode file for STMicroelectronics.X-CUBE-AZRTOS-H7.3.1.0
2023-10-21 21:17:22,871 [WARN] ConditionMgr:1039 - genDependencies : Invalid condition id : UX DEVICE CLASS RTOS Condition cause : null
2023-10-21 21:17:22,871 [WARN] ConditionMgr:1039 - genDependencies : Invalid condition id : UX DEVICE CLASS RTOS Condition cause : null
2023-10-21 21:17:22,872 [WARN] ConditionMgr:1039 - genDependencies : Invalid condition id : UX DEVICE CLASS RTOS Condition cause : null
2023-10-21 21:17:22,872 [WARN] ConditionMgr:1039 - genDependencies : Invalid condition id : UX DEVICE CLASS RTOS Condition cause : null
2023-10-21 21:17:22,872 [WARN] ConditionMgr:1039 - genDependencies : Invalid condition id : UX DEVICE CLASS RTOS Condition cause : null
2023-10-21 21:17:22,880 [WARN] PackLoader:240 - Cannot read IP mode file for STMicroelectronics.X-CUBE-SFXS2LP1.3.1.0
2023-10-21 21:17:22,892 [WARN] PackLoader:240 - Cannot read IP mode file for STMicroelectronics.X-CUBE-AZRTOS-F4.1.0.0
2023-10-21 21:17:22,898 [WARN] PackLoader:240 - Cannot read IP mode file for STMicroelectronics.X-CUBE-NFC7.1.0.1
2023-10-21 21:17:22,906 [WARN] PackLoader:240 - Cannot read IP mode file for STMicroelectronics.X-CUBE-NFC7.1.0.0
2023-10-21 21:17:22,915 [WARN] PackLoader:240 - Cannot read IP mode file for STMicroelectronics.X-CUBE-NFC6.3.0.0
2023-10-21 21:17:22,921 [WARN] PackLoader:240 - Cannot read IP mode file for STMicroelectronics.X-CUBE-EEPRMA1.4.1.0
2023-10-21 21:17:22,925 [WARN] PackLoader:240 - Cannot read IP mode file for STMicroelectronics.X-CUBE-DISPLAY.1.0.0
2023-10-21 21:17:22,929 [WARN] PackLoader:240 - Cannot read IP mode file for STMicroelectronics.X-CUBE-AI.8.1.0
2023-10-21 21:17:22,932 [WARN] PackLoader:240 - Cannot read IP mode file for STMicroelectronics.X-CUBE-AI.6.0.0
2023-10-21 21:17:22,943 [WARN] PackLoader:240 - Cannot read IP mode file for STMicroelectronics.X-CUBE-AZRTOS-G0.1.0.0
2023-10-21 21:17:22,958 [WARN] ConditionMgr:438 - getConditionDescription Invalid condition id : LAN8742 Phy interface Condition cause : null
2023-10-21 21:17:22,959 [WARN] PackLoader:240 - Cannot read IP mode file for STMicroelectronics.X-CUBE-AZRTOS-L4.2.0.0
2023-10-21 21:17:22,960 [WARN] ConditionMgr:1039 - genDependencies : Invalid condition id : LAN8742 Phy interface Condition cause : null
2023-10-21 21:17:22,960 [WARN] ConditionMgr:1039 - genDependencies : Invalid condition id : LAN8742 Phy interface Condition cause : null
2023-10-21 21:17:22,960 [WARN] ConditionMgr:1039 - genDependencies : Invalid condition id : LAN8742 Phy interface Condition cause : null
2023-10-21 21:17:22,966 [WARN] PackLoader:240 - Cannot read IP mode file for STMicroelectronics.X-CUBE-SFXS2LP1.4.0.0
2023-10-21 21:17:22,970 [WARN] PackLoader:240 - Cannot read IP mode file for wolfSSL.I-CUBE-wolfSSL.4.7.0
2023-10-21 21:17:22,983 [WARN] PackLoader:240 - Cannot read IP mode file for STMicroelectronics.X-CUBE-AZRTOS-H7.3.0.0
2023-10-21 21:17:22,989 [WARN] PackLoader:240 - Cannot read IP mode file for STMicroelectronics.X-CUBE-ISPU.1.1.0
2023-10-21 21:17:22,997 [WARN] PackLoader:240 - Cannot read IP mode file for RoweBots.I-CUBE-UNISONRTOS.5.5.0-4
2023-10-21 21:17:23,010 [WARN] PackLoader:240 - Cannot read IP mode file for STMicroelectronics.X-CUBE-SFXS2LP1.3.0.0
2023-10-21 21:17:23,014 [WARN] PackLoader:240 - Cannot read IP mode file for STMicroelectronics.X-CUBE-AI.8.0.0
2023-10-21 21:17:23,024 [WARN] ConditionMgr:438 - getConditionDescription Invalid condition id : UX DEVICE CLASS RTOS Condition cause : null
2023-10-21 21:17:23,024 [WARN] ConditionMgr:438 - getConditionDescription Invalid condition id : UX DEVICE CLASS RTOS Condition cause : null
2023-10-21 21:17:23,025 [WARN] PackLoader:240 - Cannot read IP mode file for STMicroelectronics.X-CUBE-AZRTOS-WB.2.0.0
2023-10-21 21:17:23,026 [WARN] ConditionMgr:1039 - genDependencies : Invalid condition id : UX DEVICE CLASS RTOS Condition cause : null
2023-10-21 21:17:23,026 [WARN] ConditionMgr:1039 - genDependencies : Invalid condition id : UX DEVICE CLASS RTOS Condition cause : null
2023-10-21 21:17:23,026 [WARN] ConditionMgr:1039 - genDependencies : Invalid condition id : UX DEVICE CLASS RTOS Condition cause : null
2023-10-21 21:17:23,027 [WARN] ConditionMgr:1039 - genDependencies : Invalid condition id : UX DEVICE CLASS RTOS Condition cause : null
2023-10-21 21:17:23,027 [WARN] ConditionMgr:1039 - genDependencies : Invalid condition id : UX DEVICE CLASS RTOS Condition cause : null
2023-10-21 21:17:23,032 [WARN] PackLoader:240 - Cannot read IP mode file for STMicroelectronics.X-CUBE-FREERTOS.1.0.0
2023-10-21 21:17:23,037 [WARN] PackLoader:240 - Cannot read IP mode file for STMicroelectronics.X-CUBE-FREERTOS.1.0.1
2023-10-21 21:17:23,050 [WARN] PackLoader:240 - Cannot read IP mode file for STMicroelectronics.X-CUBE-AZRTOS-L5.1.1.0
2023-10-21 21:17:23,054 [WARN] PackLoader:240 - Cannot read IP mode file for STMicroelectronics.X-CUBE-AI.8.0.1
2023-10-21 21:17:23,061 [WARN] PackLoader:240 - Cannot read IP mode file for STMicroelectronics.X-CUBE-SUBG2.5.0.0
2023-10-21 21:17:23,102 [WARN] PackLoader:240 - Cannot read IP mode file for STMicroelectronics.X-CUBE-TOF1.3.3.1
2023-10-21 21:17:23,117 [WARN] PackLoader:240 - Cannot read IP mode file for STMicroelectronics.X-CUBE-AZRTOS-G4.2.0.0
2023-10-21 21:17:23,125 [WARN] PackLoader:240 - Cannot read IP mode file for STMicroelectronics.X-CUBE-TOF1.3.3.0
2023-10-21 21:17:23,134 [WARN] PackLoader:240 - Cannot read IP mode file for STMicroelectronics.FP-ATR-ASTRA1.1.1.1
2023-10-21 21:17:23,143 [WARN] PackLoader:240 - Cannot read IP mode file for Infineon.AIROC-Wi-Fi-Bluetooth-STM32.1.5.1
2023-10-21 21:17:23,158 [WARN] PackLoader:240 - Cannot read IP mode file for STMicroelectronics.X-CUBE-AZRTOS-G4.1.0.0
2023-10-21 21:17:23,163 [WARN] PackLoader:240 - Cannot read IP mode file for wolfSSL.I-CUBE-wolfSSL.5.3.0
2023-10-21 21:17:23,176 [WARN] PackLoader:240 - Cannot read IP mode file for STMicroelectronics.X-CUBE-AZRTOS-L4.1.0.0
2023-10-21 21:17:23,203 [WARN] PackLoader:240 - Cannot read IP mode file for STMicroelectronics.X-CUBE-MEMS1.10.0.0
2023-10-21 21:17:23,282 [WARN] PackLoader:240 - Cannot read IP mode file for STMicroelectronics.X-CUBE-FREERTOS.1.1.0
2023-10-21 21:17:23,296 [WARN] PackLoader:240 - Cannot read IP mode file for STMicroelectronics.X-CUBE-AZRTOS-F7.1.0.0
2023-10-21 21:17:23,310 [WARN] PackLoader:240 - Cannot read IP mode file for STMicroelectronics.X-CUBE-AZRTOS-WL.1.0.0
2023-10-21 21:17:23,317 [WARN] PackLoader:240 - Cannot read IP mode file for STMicroelectronics.X-CUBE-TOF1.1.0.0
2023-10-21 21:17:23,325 [WARN] PackLoader:240 - Cannot read IP mode file for portGmbH.I-Cube-SoM-uGOAL.1.1.0
2023-10-21 21:17:23,331 [WARN] PackLoader:240 - Cannot read IP mode file for STMicroelectronics.X-CUBE-ALS.1.0.1
2023-10-21 21:17:23,344 [WARN] PackLoader:240 - Cannot read IP mode file for STMicroelectronics.X-CUBE-AZRTOS-WB.1.1.0
2023-10-21 21:17:23,375 [WARN] PackLoader:240 - Cannot read IP mode file for STMicroelectronics.X-CUBE-MEMS1.8.3.0
2023-10-21 21:17:23,443 [WARN] PackLoader:240 - Cannot read IP mode file for STMicroelectronics.X-CUBE-AZRTOS-L5.1.0.0
2023-10-21 21:17:23,449 [WARN] PackLoader:240 - Cannot read IP mode file for STMicroelectronics.X-CUBE-EEPRMA1.3.1.1
2023-10-21 21:17:23,454 [WARN] PackLoader:240 - Cannot read IP mode file for STMicroelectronics.X-CUBE-GNSS1.5.2.0
2023-10-21 21:17:23,457 [WARN] PackLoader:240 - Cannot read IP mode file for STMicroelectronics.FP-ATR-ASTRA1.2.0.0
2023-10-21 21:17:23,458 [INFO] ThirdParty:978 - Integrity check success = true
2023-10-21 21:17:23,458 [INFO] IntegrityCheckThread:100 - exiting critical section [integrity check]
2023-10-21 21:17:23,458 [INFO] IntegrityCheckThread:103 - End integrity checks thread
2023-10-21 21:17:41,294 [ERROR] LogOutputStream:75 - [STDERR_REDIRECT] SLF4J: Failed to load class "org.slf4j.impl.StaticLoggerBinder".
2023-10-21 21:17:41,295 [ERROR] LogOutputStream:75 - [STDERR_REDIRECT] SLF4J: Defaulting to no-operation (NOP) logger implementation
2023-10-21 21:17:41,297 [ERROR] LogOutputStream:75 - [STDERR_REDIRECT] SLF4J: See http://www.slf4j.org/codes.html#StaticLoggerBinder for further details.
2023-10-21 21:17:44,814 [INFO] LogOutputStream:77 - [STDOUT_REDIRECT] Unexpected error loading extension: org.eclipse.equinox.p2.metadata.repository.compositeRepository
2023-10-21 21:17:44,817 [ERROR] LogOutputStream:75 - [STDERR_REDIRECT] java.lang.IllegalStateException: bundle org.eclipse.equinox.p2.repositoryis not started
2023-10-21 21:17:44,819 [ERROR] LogOutputStream:75 - [STDERR_REDIRECT] 	at org.eclipse.equinox.internal.p2.repository.Activator.getContext(Activator.java:65)
2023-10-21 21:17:44,822 [ERROR] LogOutputStream:75 - [STDERR_REDIRECT] 	at org.eclipse.equinox.internal.p2.repository.helpers.AbstractRepositoryManager.restoreFromSystemProperty(AbstractRepositoryManager.java:1013)
2023-10-21 21:17:44,825 [ERROR] LogOutputStream:75 - [STDERR_REDIRECT] 	at org.eclipse.equinox.internal.p2.repository.helpers.AbstractRepositoryManager.restoreRepositories(AbstractRepositoryManager.java:1033)
2023-10-21 21:17:44,828 [ERROR] LogOutputStream:75 - [STDERR_REDIRECT] 	at org.eclipse.equinox.internal.p2.repository.helpers.AbstractRepositoryManager.sortSuffixes(AbstractRepositoryManager.java:1112)
2023-10-21 21:17:44,832 [ERROR] LogOutputStream:75 - [STDERR_REDIRECT] 	at org.eclipse.equinox.internal.p2.repository.helpers.AbstractRepositoryManager.loadRepository(AbstractRepositoryManager.java:676)
2023-10-21 21:17:44,835 [ERROR] LogOutputStream:75 - [STDERR_REDIRECT] 	at org.eclipse.equinox.internal.p2.metadata.repository.MetadataRepositoryManager.loadRepository(MetadataRepositoryManager.java:110)
2023-10-21 21:17:44,838 [ERROR] LogOutputStream:75 - [STDERR_REDIRECT] 	at org.eclipse.equinox.internal.p2.metadata.repository.MetadataRepositoryManager.loadRepository(MetadataRepositoryManager.java:105)
2023-10-21 21:17:44,842 [ERROR] LogOutputStream:75 - [STDERR_REDIRECT] 	at org.eclipse.equinox.internal.p2.metadata.repository.CompositeMetadataRepository.addChild(CompositeMetadataRepository.java:171)
2023-10-21 21:17:44,849 [ERROR] LogOutputStream:75 - [STDERR_REDIRECT] 	at org.eclipse.equinox.internal.p2.metadata.repository.CompositeMetadataRepository.<init>(CompositeMetadataRepository.java:113)
2023-10-21 21:17:44,851 [ERROR] LogOutputStream:75 - [STDERR_REDIRECT] 	at org.eclipse.equinox.internal.p2.metadata.repository.CompositeMetadataRepositoryFactory.load(CompositeMetadataRepositoryFactory.java:124)
2023-10-21 21:17:44,855 [ERROR] LogOutputStream:75 - [STDERR_REDIRECT] 	at org.eclipse.equinox.internal.p2.metadata.repository.MetadataRepositoryManager.factoryLoad(MetadataRepositoryManager.java:63)
2023-10-21 21:17:44,858 [ERROR] LogOutputStream:75 - [STDERR_REDIRECT] 	at org.eclipse.equinox.internal.p2.repository.helpers.AbstractRepositoryManager.loadRepository(AbstractRepositoryManager.java:787)
2023-10-21 21:17:44,861 [ERROR] LogOutputStream:75 - [STDERR_REDIRECT] 	at org.eclipse.equinox.internal.p2.repository.helpers.AbstractRepositoryManager.loadRepository(AbstractRepositoryManager.java:685)
2023-10-21 21:17:44,865 [ERROR] LogOutputStream:75 - [STDERR_REDIRECT] 	at org.eclipse.equinox.internal.p2.metadata.repository.MetadataRepositoryManager.loadRepository(MetadataRepositoryManager.java:110)
2023-10-21 21:17:44,868 [ERROR] LogOutputStream:75 - [STDERR_REDIRECT] 	at org.eclipse.equinox.internal.p2.metadata.repository.MetadataRepositoryManager.loadRepository(MetadataRepositoryManager.java:105)
2023-10-21 21:17:44,870 [ERROR] LogOutputStream:75 - [STDERR_REDIRECT] 	at org.eclipse.equinox.internal.p2.metadata.repository.CompositeMetadataRepository.addChild(CompositeMetadataRepository.java:171)
2023-10-21 21:17:44,872 [ERROR] LogOutputStream:75 - [STDERR_REDIRECT] 	at org.eclipse.equinox.internal.p2.metadata.repository.CompositeMetadataRepository.<init>(CompositeMetadataRepository.java:113)
2023-10-21 21:17:44,883 [ERROR] LogOutputStream:75 - [STDERR_REDIRECT] 	at org.eclipse.equinox.internal.p2.metadata.repository.CompositeMetadataRepositoryFactory.load(CompositeMetadataRepositoryFactory.java:124)
2023-10-21 21:17:44,886 [ERROR] LogOutputStream:75 - [STDERR_REDIRECT] 	at org.eclipse.equinox.internal.p2.metadata.repository.MetadataRepositoryManager.factoryLoad(MetadataRepositoryManager.java:63)
2023-10-21 21:17:44,889 [ERROR] LogOutputStream:75 - [STDERR_REDIRECT] 	at org.eclipse.equinox.internal.p2.repository.helpers.AbstractRepositoryManager.loadRepository(AbstractRepositoryManager.java:787)
2023-10-21 21:17:44,892 [ERROR] LogOutputStream:75 - [STDERR_REDIRECT] 	at org.eclipse.equinox.internal.p2.repository.helpers.AbstractRepositoryManager.loadRepository(AbstractRepositoryManager.java:685)
2023-10-21 21:17:44,895 [ERROR] LogOutputStream:75 - [STDERR_REDIRECT] 	at org.eclipse.equinox.internal.p2.metadata.repository.MetadataRepositoryManager.loadRepository(MetadataRepositoryManager.java:110)
2023-10-21 21:17:44,898 [ERROR] LogOutputStream:75 - [STDERR_REDIRECT] 	at org.eclipse.equinox.internal.p2.metadata.repository.MetadataRepositoryManager.loadRepository(MetadataRepositoryManager.java:105)
2023-10-21 21:17:44,900 [ERROR] LogOutputStream:75 - [STDERR_REDIRECT] 	at org.eclipse.equinox.internal.p2.updatechecker.UpdateChecker.getAvailableRepositories(UpdateChecker.java:152)
2023-10-21 21:17:44,903 [ERROR] LogOutputStream:75 - [STDERR_REDIRECT] 	at org.eclipse.equinox.internal.p2.updatechecker.UpdateChecker.checkForUpdates(UpdateChecker.java:130)
2023-10-21 21:17:44,905 [ERROR] LogOutputStream:75 - [STDERR_REDIRECT] 	at org.eclipse.equinox.internal.p2.updatechecker.UpdateChecker$UpdateCheckThread.run(UpdateChecker.java:78)
