2023-10-21 21:15:52,773 [INFO] Activator:176 - 


2023-10-21 21:15:52,775 [INFO] Activator:177 - !SESSION log4j initialized
2023-10-21 21:15:55,249 [INFO] LogOutputStream:77 - [STDOUT_REDIRECT] 
2023-10-21 21:15:57,863 [INFO] ApplicationProperties:184 - Using Application install path: C:\ST\STM32CubeIDE_1.13.2\STM32CubeIDE\plugins\com.st.stm32cube.common.mx_6.9.2.202309101412
2023-10-21 21:15:57,886 [INFO] DbMcusXml:78 - Set database path to: C:\ST\STM32CubeIDE_1.13.2\STM32CubeIDE\plugins\com.st.stm32cube.common.mx_6.9.2.202309101412\\db\/mcu/
2023-10-21 21:15:57,886 [INFO] ApiDb:274 - Set plugin database path to: C:\ST\STM32CubeIDE_1.13.2\STM32CubeIDE\plugins\com.st.stm32cube.common.mx_6.9.2.202309101412\\db\/plugins/boardmanager/
2023-10-21 21:15:57,887 [WARN] ApiDb:259 - Overriding images path with different value:  => C:\ST\STM32CubeIDE_1.13.2\STM32CubeIDE\plugins\com.st.stm32cube.common.mx_6.9.2.202309101412\\db\/plugins/mcufinder/images/
2023-10-21 21:15:57,900 [INFO] ApiDb:250 - Set database path to: C:\Users\57310\.stmcufinder\plugins\mcufinder//mcu/
2023-10-21 21:15:57,901 [INFO] DbMcusAds:125 - Set database path to: C:\Users\57310\.stmcufinder\plugins\mcufinder//mcu/
2023-10-21 21:15:57,904 [INFO] CrossReferenceDbSqlite:203 - Set database path to: C:\Users\57310\.stmcufinder\plugins\mcufinder//mcu/cs/
2023-10-21 21:15:58,016 [INFO] RulesReader:64 - Compatibility file has been processed (293 Rules)
2023-10-21 21:15:58,104 [INFO] DbMcusXml:78 - Set database path to: C:\ST\STM32CubeIDE_1.13.2\STM32CubeIDE\plugins\com.st.stm32cube.common.mx_6.9.2.202309101412\\db\/mcu/
2023-10-21 21:15:58,105 [INFO] ApiDb:274 - Set plugin database path to: C:\ST\STM32CubeIDE_1.13.2\STM32CubeIDE\plugins\com.st.stm32cube.common.mx_6.9.2.202309101412\\db\/plugins/boardmanager/
2023-10-21 21:15:58,105 [INFO] ApiDb:261 - Set plugin images path to: C:\ST\STM32CubeIDE_1.13.2\STM32CubeIDE\plugins\com.st.stm32cube.common.mx_6.9.2.202309101412\\db\/plugins/mcufinder/images/
2023-10-21 21:15:58,105 [WARN] DbFile:41 - Overriding database path with different value: C:\Users\57310\.stmcufinder\plugins\mcufinder/ => C:\Users\57310\.stmcufinder\plugins\mcufinder
2023-10-21 21:15:58,105 [INFO] ApiDb:250 - Set database path to: C:\Users\57310\.stmcufinder\plugins\mcufinder//mcu/
2023-10-21 21:15:58,105 [WARN] DbFile:41 - Overriding database path with different value: C:\Users\57310\.stmcufinder\plugins\mcufinder/ => C:\Users\57310\.stmcufinder\plugins\mcufinder
2023-10-21 21:15:58,105 [INFO] DbMcusAds:125 - Set database path to: C:\Users\57310\.stmcufinder\plugins\mcufinder//mcu/
2023-10-21 21:15:58,106 [WARN] DbFile:41 - Overriding database path with different value: C:\Users\57310\.stmcufinder\plugins\mcufinder/ => C:\Users\57310\.stmcufinder\plugins\mcufinder
2023-10-21 21:15:58,106 [WARN] DbFile:41 - Overriding database path with different value: C:\Users\57310\.stmcufinder\plugins\mcufinder/ => C:\Users\57310\.stmcufinder\plugins\mcufinder
2023-10-21 21:15:58,106 [INFO] CrossReferenceDbSqlite:203 - Set database path to: C:\Users\57310\.stmcufinder\plugins\mcufinder//mcu/cs/
2023-10-21 21:15:58,177 [INFO] MainPanel:262 - HeapMemory: 268435456
2023-10-21 21:15:58,251 [INFO] DbMcusXml:78 - Set database path to: C:\ST\STM32CubeIDE_1.13.2\STM32CubeIDE\plugins\com.st.stm32cube.common.mx_6.9.2.202309101412\\db\/mcu/
2023-10-21 21:15:58,251 [INFO] ApiDb:274 - Set plugin database path to: C:\ST\STM32CubeIDE_1.13.2\STM32CubeIDE\plugins\com.st.stm32cube.common.mx_6.9.2.202309101412\\db\/plugins/boardmanager/
2023-10-21 21:15:58,251 [INFO] ApiDb:261 - Set plugin images path to: C:\ST\STM32CubeIDE_1.13.2\STM32CubeIDE\plugins\com.st.stm32cube.common.mx_6.9.2.202309101412\\db\/plugins/mcufinder/images/
2023-10-21 21:15:58,252 [WARN] DbFile:41 - Overriding database path with different value: C:\Users\57310\.stmcufinder\plugins\mcufinder/ => C:\Users\57310\.stmcufinder\plugins\mcufinder
2023-10-21 21:15:58,252 [INFO] ApiDb:250 - Set database path to: C:\Users\57310\.stmcufinder\plugins\mcufinder//mcu/
2023-10-21 21:15:58,252 [WARN] DbFile:41 - Overriding database path with different value: C:\Users\57310\.stmcufinder\plugins\mcufinder/ => C:\Users\57310\.stmcufinder\plugins\mcufinder
2023-10-21 21:15:58,252 [INFO] DbMcusAds:125 - Set database path to: C:\Users\57310\.stmcufinder\plugins\mcufinder//mcu/
2023-10-21 21:15:58,252 [WARN] DbFile:41 - Overriding database path with different value: C:\Users\57310\.stmcufinder\plugins\mcufinder/ => C:\Users\57310\.stmcufinder\plugins\mcufinder
2023-10-21 21:15:58,252 [WARN] DbFile:41 - Overriding database path with different value: C:\Users\57310\.stmcufinder\plugins\mcufinder/ => C:\Users\57310\.stmcufinder\plugins\mcufinder
2023-10-21 21:15:58,252 [INFO] CrossReferenceDbSqlite:203 - Set database path to: C:\Users\57310\.stmcufinder\plugins\mcufinder//mcu/cs/
2023-10-21 21:15:58,272 [INFO] ApplicationProperties:184 - Using Application install path: C:\ST\STM32CubeIDE_1.13.2\STM32CubeIDE\plugins\com.st.stm32cube.common.mx_6.9.2.202309101412
2023-10-21 21:15:58,274 [INFO] PluginManage:196 - Search for loadable plugins [exclusion list=, ]
2023-10-21 21:15:58,275 [INFO] PluginManage:310 - Check plugin analytics
2023-10-21 21:15:58,472 [INFO] AnalyticsPlugin:253 - Accepted Software Licenses: 
2023-10-21 21:15:58,472 [INFO] AnalyticsPlugin:255 - Accepted CMSIS Pack Licenses: 
2023-10-21 21:15:58,472 [INFO] AnalyticsPlugin:257 - Accepted Firmware Licenses: 
2023-10-21 21:15:58,475 [INFO] PluginManage:359 - Loaded plugin analytics (category:tool,tabindex:-1)
2023-10-21 21:15:58,476 [INFO] PluginManage:310 - Check plugin cadmodel
2023-10-21 21:15:58,482 [INFO] CADModel:105 - Init CAD model plugin
2023-10-21 21:15:58,482 [INFO] PluginManage:359 - Loaded plugin cadmodel (category:power,tabindex:5)
2023-10-21 21:15:58,482 [INFO] PluginManage:310 - Check plugin clock
2023-10-21 21:15:58,492 [INFO] PluginManage:359 - Loaded plugin clock (category:base,tabindex:2)
2023-10-21 21:15:58,492 [INFO] PluginManage:310 - Check plugin ddr
2023-10-21 21:15:58,495 [INFO] PluginManage:359 - Loaded plugin ddr (category:tool,tabindex:6)
2023-10-21 21:15:58,495 [INFO] PluginManage:310 - Check plugin filemanager
2023-10-21 21:15:58,697 [INFO] PluginManage:359 - Loaded plugin filemanager (category:base,tabindex:10)
2023-10-21 21:15:58,698 [INFO] PluginManage:310 - Check plugin ipmanager
2023-10-21 21:15:58,706 [INFO] PluginManage:359 - Loaded plugin ipmanager (category:base,tabindex:5)
2023-10-21 21:15:58,706 [INFO] PluginManage:310 - Check plugin lpbam
2023-10-21 21:15:58,716 [INFO] PluginManage:359 - Loaded plugin lpbam (category:base,tabindex:0)
2023-10-21 21:15:58,716 [INFO] PluginManage:310 - Check plugin memorymap
2023-10-21 21:15:58,730 [INFO] PluginManage:359 - Loaded plugin memorymap (category:base,tabindex:4)
2023-10-21 21:15:58,731 [INFO] PluginManage:310 - Check plugin pinoutandconfiguration
2023-10-21 21:15:58,739 [INFO] PluginManage:359 - Loaded plugin pinoutandconfiguration (category:base,tabindex:1)
2023-10-21 21:15:58,739 [INFO] PluginManage:310 - Check plugin pinoutconfig
2023-10-21 21:15:58,835 [WARN] SupportedApi:132 - Cannot load RTOS API schema: s4s-elt-must-match.1: The content of 'definitions' must match (annotation?, (simpleType | complexType)?, (unique | key | keyref)*)). A problem was found starting at: attribute.
2023-10-21 21:15:59,015 [INFO] PluginManage:359 - Loaded plugin pinoutconfig (category:base,tabindex:0)
2023-10-21 21:15:59,015 [INFO] PluginManage:310 - Check plugin power
2023-10-21 21:15:59,024 [INFO] PluginManage:359 - Loaded plugin power (category:power,tabindex:4)
2023-10-21 21:15:59,025 [INFO] PluginManage:310 - Check plugin projectmanager
2023-10-21 21:15:59,041 [INFO] PluginManage:359 - Loaded plugin projectmanager (category:projectmanager,tabindex:3)
2023-10-21 21:15:59,041 [INFO] PluginManage:310 - Check plugin thirdparty
2023-10-21 21:15:59,187 [INFO] PluginManage:359 - Loaded plugin thirdparty (category:base,tabindex:-1)
2023-10-21 21:15:59,187 [INFO] PluginManage:310 - Check plugin tools
2023-10-21 21:15:59,187 [WARN] IntegrityCheckThread:84 - waiting for thirdparty lock release [integrity check]
2023-10-21 21:15:59,187 [INFO] IntegrityCheckThread:86 - entering critical section [integrity check]
2023-10-21 21:15:59,187 [INFO] ThirdPartyUpdaterWithRetryManager:70 - Updater plugin not ready yet. [1/15]
2023-10-21 21:15:59,190 [INFO] PluginManage:359 - Loaded plugin tools (category:base,tabindex:7)
2023-10-21 21:15:59,190 [INFO] PluginManage:310 - Check plugin tutovideos
2023-10-21 21:15:59,362 [INFO] PluginManage:359 - Loaded plugin tutovideos (category:base,tabindex:-1)
2023-10-21 21:15:59,363 [INFO] PluginManage:310 - Check plugin updater
2023-10-21 21:15:59,373 [INFO] PluginManage:359 - Loaded plugin updater (category:base,tabindex:12)
2023-10-21 21:15:59,373 [INFO] PluginManage:310 - Check plugin userauth
2023-10-21 21:15:59,379 [INFO] UserAuth:113 - Init User Auth plugin
2023-10-21 21:15:59,379 [INFO] PluginManage:359 - Loaded plugin userauth (category:base,tabindex:14)
2023-10-21 21:15:59,380 [INFO] PluginManage:283 - PluginManage : Loaded plugins [17]
2023-10-21 21:15:59,637 [INFO] PinOutPanel:1499 - setPackage(No Configuration,No Configuration)
2023-10-21 21:15:59,762 [INFO] CADModel:165 - CPN selected for project level
2023-10-21 21:15:59,763 [INFO] CADModel:114 - Register for checkConnection events
2023-10-21 21:15:59,781 [INFO] IPUIPlugin:80 - create IPUIPlugin
2023-10-21 21:15:59,782 [INFO] PluginManager:220 - loadIPPluginJar : add adc
2023-10-21 21:15:59,785 [INFO] IPUIPlugin:80 - create IPUIPlugin
2023-10-21 21:15:59,786 [INFO] PluginManager:220 - loadIPPluginJar : add aes
2023-10-21 21:15:59,789 [INFO] IPUIPlugin:80 - create IPUIPlugin
2023-10-21 21:15:59,789 [INFO] PluginManager:220 - loadIPPluginJar : add can
2023-10-21 21:15:59,791 [INFO] IPUIPlugin:80 - create IPUIPlugin
2023-10-21 21:15:59,791 [INFO] PluginManager:220 - loadIPPluginJar : add comp
2023-10-21 21:15:59,795 [INFO] IPUIPlugin:80 - create IPUIPlugin
2023-10-21 21:15:59,795 [INFO] PluginManager:220 - loadIPPluginJar : add cryp
2023-10-21 21:15:59,798 [INFO] IPUIPlugin:80 - create IPUIPlugin
2023-10-21 21:15:59,798 [INFO] PluginManager:220 - loadIPPluginJar : add dfsdm
2023-10-21 21:15:59,804 [INFO] IPUIPlugin:80 - create IPUIPlugin
2023-10-21 21:15:59,804 [INFO] PluginManager:220 - loadIPPluginJar : add dma
2023-10-21 21:15:59,808 [INFO] IPUIPlugin:80 - create IPUIPlugin
2023-10-21 21:15:59,808 [INFO] PluginManager:220 - loadIPPluginJar : add dma3
2023-10-21 21:15:59,811 [INFO] IPUIPlugin:80 - create IPUIPlugin
2023-10-21 21:15:59,812 [INFO] PluginManager:220 - loadIPPluginJar : add fatfs
2023-10-21 21:15:59,818 [INFO] IPUIPlugin:80 - create IPUIPlugin
2023-10-21 21:15:59,818 [INFO] PluginManager:220 - loadIPPluginJar : add fmc
2023-10-21 21:15:59,823 [INFO] IPUIPlugin:80 - create IPUIPlugin
2023-10-21 21:15:59,823 [INFO] PluginManager:220 - loadIPPluginJar : add freertos
2023-10-21 21:15:59,824 [INFO] IPUIPlugin:80 - create IPUIPlugin
2023-10-21 21:15:59,825 [INFO] PluginManager:220 - loadIPPluginJar : add genericplugin
2023-10-21 21:15:59,828 [INFO] IPUIPlugin:80 - create IPUIPlugin
2023-10-21 21:15:59,828 [INFO] PluginManager:220 - loadIPPluginJar : add gfxmmu
2023-10-21 21:15:59,833 [INFO] IPUIPlugin:80 - create IPUIPlugin
2023-10-21 21:15:59,833 [INFO] PluginManager:220 - loadIPPluginJar : add gic
2023-10-21 21:15:59,838 [INFO] IPUIPlugin:80 - create IPUIPlugin
2023-10-21 21:15:59,838 [INFO] PluginManager:220 - loadIPPluginJar : add gpio
2023-10-21 21:15:59,842 [INFO] IPUIPlugin:80 - create IPUIPlugin
2023-10-21 21:15:59,842 [INFO] PluginManager:220 - loadIPPluginJar : add gtzc
2023-10-21 21:15:59,847 [INFO] IPUIPlugin:80 - create IPUIPlugin
2023-10-21 21:15:59,847 [INFO] PluginManager:220 - loadIPPluginJar : add hash
2023-10-21 21:15:59,851 [INFO] IPUIPlugin:80 - create IPUIPlugin
2023-10-21 21:15:59,851 [INFO] PluginManager:220 - loadIPPluginJar : add i2c
2023-10-21 21:15:59,854 [INFO] IPUIPlugin:80 - create IPUIPlugin
2023-10-21 21:15:59,854 [INFO] PluginManager:220 - loadIPPluginJar : add i2s
2023-10-21 21:15:59,858 [INFO] IPUIPlugin:80 - create IPUIPlugin
2023-10-21 21:15:59,858 [INFO] PluginManager:220 - loadIPPluginJar : add i3c
2023-10-21 21:15:59,862 [INFO] IPUIPlugin:80 - create IPUIPlugin
2023-10-21 21:15:59,862 [INFO] PluginManager:220 - loadIPPluginJar : add ipddr
2023-10-21 21:15:59,869 [INFO] IPUIPlugin:80 - create IPUIPlugin
2023-10-21 21:15:59,870 [INFO] PluginManager:220 - loadIPPluginJar : add linkedlist
2023-10-21 21:15:59,874 [INFO] IPUIPlugin:80 - create IPUIPlugin
2023-10-21 21:15:59,874 [INFO] PluginManager:220 - loadIPPluginJar : add lorawan
2023-10-21 21:15:59,877 [INFO] IPUIPlugin:80 - create IPUIPlugin
2023-10-21 21:15:59,877 [INFO] PluginManager:220 - loadIPPluginJar : add ltdc
2023-10-21 21:15:59,885 [INFO] IPUIPlugin:80 - create IPUIPlugin
2023-10-21 21:15:59,886 [INFO] PluginManager:220 - loadIPPluginJar : add mdma
2023-10-21 21:15:59,890 [INFO] IPUIPlugin:80 - create IPUIPlugin
2023-10-21 21:15:59,891 [INFO] PluginManager:220 - loadIPPluginJar : add nvic
2023-10-21 21:15:59,895 [INFO] IPUIPlugin:80 - create IPUIPlugin
2023-10-21 21:15:59,896 [INFO] PluginManager:220 - loadIPPluginJar : add opamp
2023-10-21 21:15:59,900 [INFO] IPUIPlugin:80 - create IPUIPlugin
2023-10-21 21:15:59,900 [INFO] PluginManager:220 - loadIPPluginJar : add openamp
2023-10-21 21:15:59,904 [INFO] IPUIPlugin:80 - create IPUIPlugin
2023-10-21 21:15:59,904 [INFO] PluginManager:220 - loadIPPluginJar : add pdm2pcm
2023-10-21 21:15:59,914 [INFO] IPUIPlugin:80 - create IPUIPlugin
2023-10-21 21:15:59,918 [INFO] PluginManager:220 - loadIPPluginJar : add plateformsettings
2023-10-21 21:15:59,921 [INFO] IPUIPlugin:80 - create IPUIPlugin
2023-10-21 21:15:59,921 [INFO] PluginManager:220 - loadIPPluginJar : add quadspi
2023-10-21 21:15:59,927 [INFO] IPUIPlugin:80 - create IPUIPlugin
2023-10-21 21:15:59,927 [INFO] PluginManager:220 - loadIPPluginJar : add resmgrutility
2023-10-21 21:15:59,932 [INFO] IPUIPlugin:80 - create IPUIPlugin
2023-10-21 21:15:59,932 [INFO] PluginManager:220 - loadIPPluginJar : add sai
2023-10-21 21:15:59,937 [INFO] IPUIPlugin:80 - create IPUIPlugin
2023-10-21 21:15:59,937 [INFO] PluginManager:220 - loadIPPluginJar : add spi
2023-10-21 21:15:59,944 [INFO] IPUIPlugin:80 - create IPUIPlugin
2023-10-21 21:15:59,944 [INFO] PluginManager:220 - loadIPPluginJar : add stm32_wpan
2023-10-21 21:15:59,947 [INFO] IPUIPlugin:80 - create IPUIPlugin
2023-10-21 21:15:59,947 [INFO] PluginManager:220 - loadIPPluginJar : add tim
2023-10-21 21:15:59,952 [INFO] IPUIPlugin:80 - create IPUIPlugin
2023-10-21 21:15:59,952 [INFO] PluginManager:220 - loadIPPluginJar : add touchsensing
2023-10-21 21:15:59,956 [INFO] IPUIPlugin:80 - create IPUIPlugin
2023-10-21 21:15:59,957 [INFO] PluginManager:220 - loadIPPluginJar : add tracer_emb
2023-10-21 21:15:59,961 [INFO] IPUIPlugin:80 - create IPUIPlugin
2023-10-21 21:15:59,961 [INFO] PluginManager:220 - loadIPPluginJar : add ts
2023-10-21 21:15:59,965 [INFO] IPUIPlugin:80 - create IPUIPlugin
2023-10-21 21:15:59,965 [INFO] PluginManager:220 - loadIPPluginJar : add tsc
2023-10-21 21:15:59,967 [INFO] IPUIPlugin:80 - create IPUIPlugin
2023-10-21 21:15:59,967 [INFO] PluginManager:220 - loadIPPluginJar : add ucpd
2023-10-21 21:15:59,971 [INFO] IPUIPlugin:80 - create IPUIPlugin
2023-10-21 21:15:59,971 [INFO] PluginManager:220 - loadIPPluginJar : add usart
2023-10-21 21:15:59,975 [INFO] IPUIPlugin:80 - create IPUIPlugin
2023-10-21 21:15:59,976 [INFO] PluginManager:220 - loadIPPluginJar : add usbx
2023-10-21 21:16:00,119 [INFO] CADModel:165 - CPN selected for project level
2023-10-21 21:16:00,119 [INFO] CADModel:114 - Register for checkConnection events
2023-10-21 21:16:00,120 [FATAL] Updater:308 - Updater called before beeing initialized
2023-10-21 21:16:00,120 [ERROR] CADModel:125 - Updater not yet initialized, retry later 
2023-10-21 21:16:00,250 [INFO] CADModel:165 - CPN selected for project level
2023-10-21 21:16:00,250 [INFO] CADModel:114 - Register for checkConnection events
2023-10-21 21:16:00,250 [FATAL] Updater:308 - Updater called before beeing initialized
2023-10-21 21:16:00,250 [ERROR] CADModel:125 - Updater not yet initialized, retry later 
2023-10-21 21:16:00,253 [FATAL] Updater:308 - Updater called before beeing initialized
2023-10-21 21:16:00,364 [FATAL] Updater:308 - Updater called before beeing initialized
2023-10-21 21:16:00,371 [INFO] DbMcusAds:53 - JSON generation date=Tue Mar 07 03:50:55 COT 2023 (1678179055114)
2023-10-21 21:16:00,371 [FATAL] Updater:308 - Updater called before beeing initialized
2023-10-21 21:16:00,406 [WARN] DetailPanel:346 - Failed to get advertising image, set to default
2023-10-21 21:16:00,518 [FATAL] Updater:308 - Updater called before beeing initialized
2023-10-21 21:16:00,520 [FATAL] Updater:308 - Updater called before beeing initialized
2023-10-21 21:16:00,520 [FATAL] Updater:308 - Updater called before beeing initialized
2023-10-21 21:16:00,520 [WARN] DetailPanel:346 - Failed to get advertising image, set to default
2023-10-21 21:16:00,521 [FATAL] Updater:308 - Updater called before beeing initialized
2023-10-21 21:16:00,567 [ERROR] Updater:1120 - MainUpdater not yet initialized. External WinMGr cannot be set.
2023-10-21 21:16:00,569 [INFO] Updater:1056 - Updater Version found : 6.9.2
2023-10-21 21:16:00,584 [INFO] ApplicationProperties:184 - Using Application install path: C:\ST\STM32CubeIDE_1.13.2\STM32CubeIDE\plugins\com.st.stm32cube.common.mx_6.9.2.202309101412
2023-10-21 21:16:00,887 [INFO] MainUpdater:2868 - connection check result : 10
2023-10-21 21:16:00,889 [INFO] MainUpdater:285 - Updater Check For Update Now.
2023-10-21 21:16:00,889 [INFO] MicroXplorer:498 - Change Database Version : DB.6.0.92
2023-10-21 21:16:00,898 [INFO] McuFinderGlobals:63 - Set McuFinder mode to 2 (CubeIDE integrated)
2023-10-21 21:16:01,065 [INFO] CheckServerUpdateThread:120 - End of CheckServer Thread
2023-10-21 21:16:02,575 [WARN] PackLoader:240 - Cannot read IP mode file for STMicroelectronics.X-CUBE-SMBUS.2.1.0
2023-10-21 21:16:02,611 [WARN] PackLoader:240 - Cannot read IP mode file for STMicroelectronics.X-CUBE-SUBG2.4.1.0
2023-10-21 21:16:02,701 [WARN] PackLoader:240 - Cannot read IP mode file for STMicroelectronics.X-CUBE-MEMS1.9.2.0
2023-10-21 21:16:02,854 [WARN] PackLoader:240 - Cannot read IP mode file for STMicroelectronics.X-CUBE-AZRTOS-F7.1.1.0
2023-10-21 21:16:02,863 [WARN] PackLoader:240 - Cannot read IP mode file for STMicroelectronics.X-CUBE-AI.7.1.0
2023-10-21 21:16:02,868 [WARN] PackLoader:240 - Cannot read IP mode file for STMicroelectronics.X-CUBE-TOUCHGFX.4.19.1
2023-10-21 21:16:02,874 [WARN] PackLoader:240 - Cannot read IP mode file for STMicroelectronics.FP-SNS-MOTENV1.4.3.2
2023-10-21 21:16:02,879 [ERROR] RealEvaluatedCondition:428 - Found unsupported composite condition: CLASS='Data Exchange' GROUP='STM32_MetaDataManager'
2023-10-21 21:16:02,879 [ERROR] RealEvaluatedCondition:428 - Found unsupported composite condition: GROUP='STM32_MetaDataManager' CLASS='Data Exchange'
2023-10-21 21:16:02,880 [WARN] PackLoader:240 - Cannot read IP mode file for STMicroelectronics.FP-SNS-MOTENV1.4.3.1
2023-10-21 21:16:02,891 [WARN] PackLoader:240 - Cannot read IP mode file for STMicroelectronics.FP-SNS-FLIGHT1.5.0.1
2023-10-21 21:16:02,900 [WARN] PackLoader:240 - Cannot read IP mode file for STMicroelectronics.X-CUBE-BLE1.6.2.3
2023-10-21 21:16:02,907 [WARN] PackLoader:240 - Cannot read IP mode file for STMicroelectronics.X-CUBE-EEPRMA1.3.0.0
2023-10-21 21:16:02,913 [WARN] PackLoader:240 - Cannot read IP mode file for STMicroelectronics.X-CUBE-BLE1.6.2.4
2023-10-21 21:16:02,954 [WARN] PackLoader:240 - Cannot read IP mode file for STMicroelectronics.X-CUBE-BLE1.6.2.0
2023-10-21 21:16:02,959 [WARN] PackLoader:240 - Cannot read IP mode file for STMicroelectronics.FP-SNS-FLIGHT1.5.0.2
2023-10-21 21:16:02,967 [WARN] PackLoader:240 - Cannot read IP mode file for STMicroelectronics.X-CUBE-BLE2.3.2.2
2023-10-21 21:16:02,971 [WARN] PackLoader:240 - Cannot read IP mode file for STMicroelectronics.X-CUBE-BLE2.3.2.0
2023-10-21 21:16:02,980 [WARN] PackLoader:240 - Cannot read IP mode file for STMicroelectronics.X-CUBE-DISPLAY.3.0.0
2023-10-21 21:16:02,988 [WARN] PackLoader:240 - Cannot read IP mode file for STMicroelectronics.X-CUBE-BLE1.7.0.0
2023-10-21 21:16:03,002 [WARN] PackLoader:240 - Cannot read IP mode file for emotas.I-CUBE-CANOPEN.1.3.0
2023-10-21 21:16:03,005 [WARN] PackLoader:240 - Cannot read IP mode file for STMicroelectronics.X-CUBE-TOUCHGFX.4.22.0
2023-10-21 21:16:03,009 [WARN] PackLoader:240 - Cannot read IP mode file for STMicroelectronics.X-CUBE-TOUCHGFX.4.22.1
2023-10-21 21:16:03,029 [WARN] PackLoader:240 - Cannot read IP mode file for STMicroelectronics.X-CUBE-AZRTOS-H7.1.0.0
2023-10-21 21:16:03,062 [WARN] PackLoader:240 - Cannot read IP mode file for STMicroelectronics.X-CUBE-MEMS1.9.3.0
2023-10-21 21:16:03,158 [WARN] PackLoader:240 - Cannot read IP mode file for STMicroelectronics.FP-SNS-SMARTAG2.1.2.0
2023-10-21 21:16:03,167 [INFO] LogOutputStream:77 - [STDOUT_REDIRECT] 1 : Invalid condition id : UX_CORESTACK_Condition cause : null
2023-10-21 21:16:03,168 [INFO] LogOutputStream:77 - [STDOUT_REDIRECT] 1 : Invalid condition id : UX_CORESTACK_Condition cause : null
2023-10-21 21:16:03,169 [INFO] LogOutputStream:77 - [STDOUT_REDIRECT] 1 : Invalid condition id : UX_CORESTACK_Condition cause : null
2023-10-21 21:16:03,170 [INFO] LogOutputStream:77 - [STDOUT_REDIRECT] 1 : Invalid condition id : UX_CORESTACK_Condition cause : null
2023-10-21 21:16:03,171 [INFO] LogOutputStream:77 - [STDOUT_REDIRECT] 1 : Invalid condition id : UX_CORESTACK_Condition cause : null
2023-10-21 21:16:03,173 [WARN] PackLoader:240 - Cannot read IP mode file for STMicroelectronics.X-CUBE-AZRTOS-WL.2.0.0
2023-10-21 21:16:03,179 [WARN] PackLoader:240 - Cannot read IP mode file for STMicroelectronics.X-CUBE-ALGOBUILD.1.2.0
2023-10-21 21:16:03,187 [WARN] PackLoader:240 - Cannot read IP mode file for WES.I-CUBE-Cesium.1.3.0
2023-10-21 21:16:03,191 [WARN] PackLoader:240 - Cannot read IP mode file for STMicroelectronics.X-CUBE-BLE2.3.3.0
2023-10-21 21:16:03,198 [WARN] PackLoader:240 - Cannot read IP mode file for STMicroelectronics.X-CUBE-DISPLAY.2.2.0
2023-10-21 21:16:03,212 [WARN] PackLoader:240 - Cannot read IP mode file for STMicroelectronics.X-CUBE-TOF1.3.2.0
2023-10-21 21:16:03,231 [WARN] PackLoader:240 - Cannot read IP mode file for STMicroelectronics.X-CUBE-AZRTOS-H7.2.1.0
2023-10-21 21:16:03,236 [WARN] PackLoader:240 - Cannot read IP mode file for STMicroelectronics.X-CUBE-TOUCHGFX.4.21.1
2023-10-21 21:16:03,240 [WARN] PackLoader:240 - Cannot read IP mode file for STMicroelectronics.X-CUBE-TOUCHGFX.4.21.0
2023-10-21 21:16:03,244 [WARN] PackLoader:240 - Cannot read IP mode file for STMicroelectronics.X-CUBE-TOUCHGFX.4.21.4
2023-10-21 21:16:03,281 [WARN] PackLoader:240 - Cannot read IP mode file for STMicroelectronics.X-CUBE-MEMS1.9.4.0
2023-10-21 21:16:03,375 [WARN] PackLoader:240 - Cannot read IP mode file for STMicroelectronics.X-CUBE-AI.7.3.0
2023-10-21 21:16:03,379 [WARN] PackLoader:240 - Cannot read IP mode file for STMicroelectronics.X-CUBE-ALGOBUILD.1.3.0
2023-10-21 21:16:03,391 [WARN] PackLoader:240 - Cannot read IP mode file for STMicroelectronics.X-CUBE-AZRTOS-G0.1.1.0
2023-10-21 21:16:03,430 [WARN] PackLoader:240 - Cannot read IP mode file for STMicroelectronics.X-CUBE-NFC4.3.0.0
2023-10-21 21:16:03,455 [WARN] PackLoader:240 - Cannot read IP mode file for SEGGER.I-CUBE-embOS.1.2.0
2023-10-21 21:16:03,488 [WARN] PackLoader:240 - Cannot read IP mode file for STMicroelectronics.X-CUBE-BLEMGR.1.3.0
2023-10-21 21:16:03,493 [WARN] PackLoader:240 - Cannot read IP mode file for STMicroelectronics.FP-ATR-SIGFOX1.3.2.0
2023-10-21 21:16:03,498 [WARN] PackLoader:240 - Cannot read IP mode file for emotas.I-CUBE-CANOPEN.1.1.2
2023-10-21 21:16:03,501 [WARN] PackLoader:240 - Cannot read IP mode file for STMicroelectronics.X-CUBE-TOUCHGFX.4.20.0
2023-10-21 21:16:03,530 [WARN] PackLoader:240 - Cannot read IP mode file for STMicroelectronics.X-CUBE-MEMS1.9.5.0
2023-10-21 21:16:03,633 [WARN] PackLoader:240 - Cannot read IP mode file for SEGGER.I-CUBE-embOS.1.3.1
2023-10-21 21:16:03,661 [WARN] PackLoader:240 - Cannot read IP mode file for STMicroelectronics.X-CUBE-TOUCHGFX.4.16.1
2023-10-21 21:16:03,667 [WARN] PackLoader:240 - Cannot read IP mode file for STMicroelectronics.X-CUBE-TOF1.3.0.0
2023-10-21 21:16:03,674 [WARN] PackLoader:240 - Cannot read IP mode file for STMicroelectronics.X-CUBE-GNSS1.6.0.0
2023-10-21 21:16:03,692 [WARN] PackLoader:240 - Cannot read IP mode file for STMicroelectronics.X-CUBE-AZRTOS-F4.1.1.0
2023-10-21 21:16:03,707 [WARN] PackLoader:240 - Cannot read IP mode file for wolfSSL.I-CUBE-wolfSSL.5.6.3
2023-10-21 21:16:03,715 [WARN] PackLoader:240 - Cannot read IP mode file for STMicroelectronics.X-CUBE-BLEMGR.1.2.0
2023-10-21 21:16:03,735 [WARN] PackLoader:240 - Cannot read IP mode file for STMicroelectronics.X-CUBE-AZRTOS-L5.2.0.0
2023-10-21 21:16:03,762 [WARN] PackLoader:240 - Cannot read IP mode file for STMicroelectronics.X-CUBE-MEMS1.9.6.0
2023-10-21 21:16:03,874 [WARN] PackLoader:240 - Cannot read IP mode file for ITTIA_DB.I-CUBE-ITTIADB.8.8.0
2023-10-21 21:16:03,880 [WARN] PackLoader:240 - Cannot read IP mode file for STMicroelectronics.X-CUBE-BLEMGR.2.0.0
2023-10-21 21:16:03,886 [WARN] PackLoader:240 - Cannot read IP mode file for STMicroelectronics.X-CUBE-NFC4.2.0.5
2023-10-21 21:16:03,892 [WARN] PackLoader:240 - Cannot read IP mode file for STMicroelectronics.X-CUBE-NFC4.2.0.4
2023-10-21 21:16:03,897 [WARN] PackLoader:240 - Cannot read IP mode file for STMicroelectronics.X-CUBE-NFC4.2.0.2
2023-10-21 21:16:03,915 [WARN] ConditionMgr:438 - getConditionDescription Invalid condition id : UX DEVICE CLASS RTOS Condition cause : null
2023-10-21 21:16:03,915 [WARN] ConditionMgr:438 - getConditionDescription Invalid condition id : UX DEVICE CLASS RTOS Condition cause : null
2023-10-21 21:16:03,918 [WARN] PackLoader:240 - Cannot read IP mode file for STMicroelectronics.X-CUBE-AZRTOS-H7.3.1.0
2023-10-21 21:16:03,919 [WARN] ConditionMgr:1039 - genDependencies : Invalid condition id : UX DEVICE CLASS RTOS Condition cause : null
2023-10-21 21:16:03,919 [WARN] ConditionMgr:1039 - genDependencies : Invalid condition id : UX DEVICE CLASS RTOS Condition cause : null
2023-10-21 21:16:03,920 [WARN] ConditionMgr:1039 - genDependencies : Invalid condition id : UX DEVICE CLASS RTOS Condition cause : null
2023-10-21 21:16:03,920 [WARN] ConditionMgr:1039 - genDependencies : Invalid condition id : UX DEVICE CLASS RTOS Condition cause : null
2023-10-21 21:16:03,920 [WARN] ConditionMgr:1039 - genDependencies : Invalid condition id : UX DEVICE CLASS RTOS Condition cause : null
2023-10-21 21:16:03,927 [WARN] PackLoader:240 - Cannot read IP mode file for STMicroelectronics.X-CUBE-SFXS2LP1.3.1.0
2023-10-21 21:16:03,938 [WARN] PackLoader:240 - Cannot read IP mode file for STMicroelectronics.X-CUBE-AZRTOS-F4.1.0.0
2023-10-21 21:16:03,946 [WARN] PackLoader:240 - Cannot read IP mode file for STMicroelectronics.X-CUBE-NFC7.1.0.1
2023-10-21 21:16:03,950 [WARN] PackLoader:240 - Cannot read IP mode file for STMicroelectronics.X-CUBE-NFC7.1.0.0
2023-10-21 21:16:03,957 [WARN] PackLoader:240 - Cannot read IP mode file for STMicroelectronics.X-CUBE-NFC6.3.0.0
2023-10-21 21:16:03,962 [WARN] PackLoader:240 - Cannot read IP mode file for STMicroelectronics.X-CUBE-EEPRMA1.4.1.0
2023-10-21 21:16:03,966 [WARN] PackLoader:240 - Cannot read IP mode file for STMicroelectronics.X-CUBE-DISPLAY.1.0.0
2023-10-21 21:16:03,992 [WARN] PackLoader:240 - Cannot read IP mode file for STMicroelectronics.X-CUBE-AI.8.1.0
2023-10-21 21:16:03,996 [WARN] PackLoader:240 - Cannot read IP mode file for STMicroelectronics.X-CUBE-AI.6.0.0
2023-10-21 21:16:04,005 [WARN] PackLoader:240 - Cannot read IP mode file for STMicroelectronics.X-CUBE-AZRTOS-G0.1.0.0
2023-10-21 21:16:04,025 [WARN] ConditionMgr:438 - getConditionDescription Invalid condition id : LAN8742 Phy interface Condition cause : null
2023-10-21 21:16:04,027 [WARN] PackLoader:240 - Cannot read IP mode file for STMicroelectronics.X-CUBE-AZRTOS-L4.2.0.0
2023-10-21 21:16:04,028 [WARN] ConditionMgr:1039 - genDependencies : Invalid condition id : LAN8742 Phy interface Condition cause : null
2023-10-21 21:16:04,029 [WARN] ConditionMgr:1039 - genDependencies : Invalid condition id : LAN8742 Phy interface Condition cause : null
2023-10-21 21:16:04,030 [WARN] ConditionMgr:1039 - genDependencies : Invalid condition id : LAN8742 Phy interface Condition cause : null
2023-10-21 21:16:04,036 [WARN] PackLoader:240 - Cannot read IP mode file for STMicroelectronics.X-CUBE-SFXS2LP1.4.0.0
2023-10-21 21:16:04,041 [WARN] PackLoader:240 - Cannot read IP mode file for wolfSSL.I-CUBE-wolfSSL.4.7.0
2023-10-21 21:16:04,066 [WARN] PackLoader:240 - Cannot read IP mode file for STMicroelectronics.X-CUBE-AZRTOS-H7.3.0.0
2023-10-21 21:16:04,077 [WARN] PackLoader:240 - Cannot read IP mode file for STMicroelectronics.X-CUBE-ISPU.1.1.0
2023-10-21 21:16:04,093 [WARN] PackLoader:240 - Cannot read IP mode file for RoweBots.I-CUBE-UNISONRTOS.5.5.0-4
2023-10-21 21:16:04,127 [WARN] PackLoader:240 - Cannot read IP mode file for STMicroelectronics.X-CUBE-SFXS2LP1.3.0.0
2023-10-21 21:16:04,131 [WARN] PackLoader:240 - Cannot read IP mode file for STMicroelectronics.X-CUBE-AI.8.0.0
2023-10-21 21:16:04,142 [WARN] ConditionMgr:438 - getConditionDescription Invalid condition id : UX DEVICE CLASS RTOS Condition cause : null
2023-10-21 21:16:04,143 [WARN] ConditionMgr:438 - getConditionDescription Invalid condition id : UX DEVICE CLASS RTOS Condition cause : null
2023-10-21 21:16:04,145 [WARN] PackLoader:240 - Cannot read IP mode file for STMicroelectronics.X-CUBE-AZRTOS-WB.2.0.0
2023-10-21 21:16:04,145 [WARN] ConditionMgr:1039 - genDependencies : Invalid condition id : UX DEVICE CLASS RTOS Condition cause : null
2023-10-21 21:16:04,145 [WARN] ConditionMgr:1039 - genDependencies : Invalid condition id : UX DEVICE CLASS RTOS Condition cause : null
2023-10-21 21:16:04,146 [WARN] ConditionMgr:1039 - genDependencies : Invalid condition id : UX DEVICE CLASS RTOS Condition cause : null
2023-10-21 21:16:04,146 [WARN] ConditionMgr:1039 - genDependencies : Invalid condition id : UX DEVICE CLASS RTOS Condition cause : null
2023-10-21 21:16:04,146 [WARN] ConditionMgr:1039 - genDependencies : Invalid condition id : UX DEVICE CLASS RTOS Condition cause : null
2023-10-21 21:16:04,151 [WARN] PackLoader:240 - Cannot read IP mode file for STMicroelectronics.X-CUBE-FREERTOS.1.0.0
2023-10-21 21:16:04,155 [WARN] PackLoader:240 - Cannot read IP mode file for STMicroelectronics.X-CUBE-FREERTOS.1.0.1
2023-10-21 21:16:04,168 [WARN] PackLoader:240 - Cannot read IP mode file for STMicroelectronics.X-CUBE-AZRTOS-L5.1.1.0
2023-10-21 21:16:04,174 [WARN] PackLoader:240 - Cannot read IP mode file for STMicroelectronics.X-CUBE-AI.8.0.1
2023-10-21 21:16:04,182 [WARN] PackLoader:240 - Cannot read IP mode file for STMicroelectronics.X-CUBE-SUBG2.5.0.0
2023-10-21 21:16:04,194 [WARN] PackLoader:240 - Cannot read IP mode file for STMicroelectronics.X-CUBE-TOF1.3.3.1
2023-10-21 21:16:04,217 [WARN] PackLoader:240 - Cannot read IP mode file for STMicroelectronics.X-CUBE-AZRTOS-G4.2.0.0
2023-10-21 21:16:04,231 [WARN] PackLoader:240 - Cannot read IP mode file for STMicroelectronics.X-CUBE-TOF1.3.3.0
2023-10-21 21:16:04,242 [WARN] PackLoader:240 - Cannot read IP mode file for STMicroelectronics.FP-ATR-ASTRA1.1.1.1
2023-10-21 21:16:04,253 [WARN] PackLoader:240 - Cannot read IP mode file for Infineon.AIROC-Wi-Fi-Bluetooth-STM32.1.5.1
2023-10-21 21:16:04,267 [WARN] PackLoader:240 - Cannot read IP mode file for STMicroelectronics.X-CUBE-AZRTOS-G4.1.0.0
2023-10-21 21:16:04,272 [WARN] PackLoader:240 - Cannot read IP mode file for wolfSSL.I-CUBE-wolfSSL.5.3.0
2023-10-21 21:16:04,285 [WARN] PackLoader:240 - Cannot read IP mode file for STMicroelectronics.X-CUBE-AZRTOS-L4.1.0.0
2023-10-21 21:16:04,319 [WARN] PackLoader:240 - Cannot read IP mode file for STMicroelectronics.X-CUBE-MEMS1.10.0.0
2023-10-21 21:16:04,415 [WARN] PackLoader:240 - Cannot read IP mode file for STMicroelectronics.X-CUBE-FREERTOS.1.1.0
2023-10-21 21:16:04,428 [WARN] PackLoader:240 - Cannot read IP mode file for STMicroelectronics.X-CUBE-AZRTOS-F7.1.0.0
2023-10-21 21:16:04,438 [WARN] PackLoader:240 - Cannot read IP mode file for STMicroelectronics.X-CUBE-AZRTOS-WL.1.0.0
2023-10-21 21:16:04,443 [WARN] PackLoader:240 - Cannot read IP mode file for STMicroelectronics.X-CUBE-TOF1.1.0.0
2023-10-21 21:16:04,449 [WARN] PackLoader:240 - Cannot read IP mode file for portGmbH.I-Cube-SoM-uGOAL.1.1.0
2023-10-21 21:16:04,453 [WARN] PackLoader:240 - Cannot read IP mode file for STMicroelectronics.X-CUBE-ALS.1.0.1
2023-10-21 21:16:04,464 [WARN] PackLoader:240 - Cannot read IP mode file for STMicroelectronics.X-CUBE-AZRTOS-WB.1.1.0
2023-10-21 21:16:04,489 [WARN] PackLoader:240 - Cannot read IP mode file for STMicroelectronics.X-CUBE-MEMS1.8.3.0
2023-10-21 21:16:04,551 [WARN] PackLoader:240 - Cannot read IP mode file for STMicroelectronics.X-CUBE-AZRTOS-L5.1.0.0
2023-10-21 21:16:04,556 [WARN] PackLoader:240 - Cannot read IP mode file for STMicroelectronics.X-CUBE-EEPRMA1.3.1.1
2023-10-21 21:16:04,560 [WARN] PackLoader:240 - Cannot read IP mode file for STMicroelectronics.X-CUBE-GNSS1.5.2.0
2023-10-21 21:16:04,563 [WARN] PackLoader:240 - Cannot read IP mode file for STMicroelectronics.FP-ATR-ASTRA1.2.0.0
2023-10-21 21:16:04,563 [INFO] ThirdParty:978 - Integrity check success = true
2023-10-21 21:16:04,563 [INFO] IntegrityCheckThread:100 - exiting critical section [integrity check]
2023-10-21 21:16:04,563 [INFO] IntegrityCheckThread:103 - End integrity checks thread
2023-10-21 21:16:22,148 [ERROR] LogOutputStream:75 - [STDERR_REDIRECT] SLF4J: Failed to load class "org.slf4j.impl.StaticLoggerBinder".
2023-10-21 21:16:22,148 [ERROR] LogOutputStream:75 - [STDERR_REDIRECT] SLF4J: Defaulting to no-operation (NOP) logger implementation
2023-10-21 21:16:22,149 [ERROR] LogOutputStream:75 - [STDERR_REDIRECT] SLF4J: See http://www.slf4j.org/codes.html#StaticLoggerBinder for further details.
2023-10-21 21:17:00,201 [ERROR] ConfigurationRetriever:142 - IOException on connection: Read timed out
2023-10-21 21:17:04,236 [INFO] LogOutputStream:77 - [STDOUT_REDIRECT] Unexpected error loading extension: org.eclipse.equinox.p2.metadata.repository.compositeRepository
2023-10-21 21:17:04,239 [ERROR] LogOutputStream:75 - [STDERR_REDIRECT] java.lang.IllegalStateException: bundle org.eclipse.equinox.p2.repositoryis not started
2023-10-21 21:17:04,241 [ERROR] LogOutputStream:75 - [STDERR_REDIRECT] 	at org.eclipse.equinox.internal.p2.repository.Activator.getContext(Activator.java:65)
2023-10-21 21:17:04,244 [ERROR] LogOutputStream:75 - [STDERR_REDIRECT] 	at org.eclipse.equinox.internal.p2.repository.helpers.AbstractRepositoryManager.restoreFromSystemProperty(AbstractRepositoryManager.java:1013)
2023-10-21 21:17:04,246 [ERROR] LogOutputStream:75 - [STDERR_REDIRECT] 	at org.eclipse.equinox.internal.p2.repository.helpers.AbstractRepositoryManager.restoreRepositories(AbstractRepositoryManager.java:1033)
2023-10-21 21:17:04,249 [ERROR] LogOutputStream:75 - [STDERR_REDIRECT] 	at org.eclipse.equinox.internal.p2.repository.helpers.AbstractRepositoryManager.sortSuffixes(AbstractRepositoryManager.java:1112)
2023-10-21 21:17:04,251 [ERROR] LogOutputStream:75 - [STDERR_REDIRECT] 	at org.eclipse.equinox.internal.p2.repository.helpers.AbstractRepositoryManager.loadRepository(AbstractRepositoryManager.java:676)
2023-10-21 21:17:04,254 [ERROR] LogOutputStream:75 - [STDERR_REDIRECT] 	at org.eclipse.equinox.internal.p2.metadata.repository.MetadataRepositoryManager.loadRepository(MetadataRepositoryManager.java:110)
2023-10-21 21:17:04,257 [ERROR] LogOutputStream:75 - [STDERR_REDIRECT] 	at org.eclipse.equinox.internal.p2.metadata.repository.MetadataRepositoryManager.loadRepository(MetadataRepositoryManager.java:105)
2023-10-21 21:17:04,259 [ERROR] LogOutputStream:75 - [STDERR_REDIRECT] 	at org.eclipse.equinox.internal.p2.metadata.repository.CompositeMetadataRepository.addChild(CompositeMetadataRepository.java:171)
2023-10-21 21:17:04,263 [ERROR] LogOutputStream:75 - [STDERR_REDIRECT] 	at org.eclipse.equinox.internal.p2.metadata.repository.CompositeMetadataRepository.<init>(CompositeMetadataRepository.java:113)
2023-10-21 21:17:04,267 [ERROR] LogOutputStream:75 - [STDERR_REDIRECT] 	at org.eclipse.equinox.internal.p2.metadata.repository.CompositeMetadataRepositoryFactory.load(CompositeMetadataRepositoryFactory.java:124)
2023-10-21 21:17:04,269 [ERROR] LogOutputStream:75 - [STDERR_REDIRECT] 	at org.eclipse.equinox.internal.p2.metadata.repository.MetadataRepositoryManager.factoryLoad(MetadataRepositoryManager.java:63)
2023-10-21 21:17:04,271 [ERROR] LogOutputStream:75 - [STDERR_REDIRECT] 	at org.eclipse.equinox.internal.p2.repository.helpers.AbstractRepositoryManager.loadRepository(AbstractRepositoryManager.java:787)
2023-10-21 21:17:04,274 [ERROR] LogOutputStream:75 - [STDERR_REDIRECT] 	at org.eclipse.equinox.internal.p2.repository.helpers.AbstractRepositoryManager.loadRepository(AbstractRepositoryManager.java:685)
2023-10-21 21:17:04,276 [ERROR] LogOutputStream:75 - [STDERR_REDIRECT] 	at org.eclipse.equinox.internal.p2.metadata.repository.MetadataRepositoryManager.loadRepository(MetadataRepositoryManager.java:110)
2023-10-21 21:17:04,278 [ERROR] LogOutputStream:75 - [STDERR_REDIRECT] 	at org.eclipse.equinox.internal.p2.metadata.repository.MetadataRepositoryManager.loadRepository(MetadataRepositoryManager.java:105)
2023-10-21 21:17:04,280 [ERROR] LogOutputStream:75 - [STDERR_REDIRECT] 	at org.eclipse.equinox.internal.p2.metadata.repository.CompositeMetadataRepository.addChild(CompositeMetadataRepository.java:171)
2023-10-21 21:17:04,282 [ERROR] LogOutputStream:75 - [STDERR_REDIRECT] 	at org.eclipse.equinox.internal.p2.metadata.repository.CompositeMetadataRepository.<init>(CompositeMetadataRepository.java:113)
2023-10-21 21:17:04,284 [ERROR] LogOutputStream:75 - [STDERR_REDIRECT] 	at org.eclipse.equinox.internal.p2.metadata.repository.CompositeMetadataRepositoryFactory.load(CompositeMetadataRepositoryFactory.java:124)
2023-10-21 21:17:04,285 [ERROR] LogOutputStream:75 - [STDERR_REDIRECT] 	at org.eclipse.equinox.internal.p2.metadata.repository.MetadataRepositoryManager.factoryLoad(MetadataRepositoryManager.java:63)
2023-10-21 21:17:04,287 [ERROR] LogOutputStream:75 - [STDERR_REDIRECT] 	at org.eclipse.equinox.internal.p2.repository.helpers.AbstractRepositoryManager.loadRepository(AbstractRepositoryManager.java:787)
2023-10-21 21:17:04,289 [ERROR] LogOutputStream:75 - [STDERR_REDIRECT] 	at org.eclipse.equinox.internal.p2.repository.helpers.AbstractRepositoryManager.loadRepository(AbstractRepositoryManager.java:685)
2023-10-21 21:17:04,290 [ERROR] LogOutputStream:75 - [STDERR_REDIRECT] 	at org.eclipse.equinox.internal.p2.metadata.repository.MetadataRepositoryManager.loadRepository(MetadataRepositoryManager.java:110)
2023-10-21 21:17:04,292 [ERROR] LogOutputStream:75 - [STDERR_REDIRECT] 	at org.eclipse.equinox.internal.p2.metadata.repository.MetadataRepositoryManager.loadRepository(MetadataRepositoryManager.java:105)
2023-10-21 21:17:04,294 [ERROR] LogOutputStream:75 - [STDERR_REDIRECT] 	at org.eclipse.equinox.internal.p2.metadata.repository.CompositeMetadataRepository.addChild(CompositeMetadataRepository.java:171)
2023-10-21 21:17:04,296 [ERROR] LogOutputStream:75 - [STDERR_REDIRECT] 	at org.eclipse.equinox.internal.p2.metadata.repository.CompositeMetadataRepository.<init>(CompositeMetadataRepository.java:113)
2023-10-21 21:17:04,298 [ERROR] LogOutputStream:75 - [STDERR_REDIRECT] 	at org.eclipse.equinox.internal.p2.metadata.repository.CompositeMetadataRepositoryFactory.load(CompositeMetadataRepositoryFactory.java:124)
2023-10-21 21:17:04,299 [ERROR] LogOutputStream:75 - [STDERR_REDIRECT] 	at org.eclipse.equinox.internal.p2.metadata.repository.MetadataRepositoryManager.factoryLoad(MetadataRepositoryManager.java:63)
2023-10-21 21:17:04,301 [ERROR] LogOutputStream:75 - [STDERR_REDIRECT] 	at org.eclipse.equinox.internal.p2.repository.helpers.AbstractRepositoryManager.loadRepository(AbstractRepositoryManager.java:787)
2023-10-21 21:17:04,303 [ERROR] LogOutputStream:75 - [STDERR_REDIRECT] 	at org.eclipse.equinox.internal.p2.repository.helpers.AbstractRepositoryManager.loadRepository(AbstractRepositoryManager.java:685)
2023-10-21 21:17:04,305 [ERROR] LogOutputStream:75 - [STDERR_REDIRECT] 	at org.eclipse.equinox.internal.p2.metadata.repository.MetadataRepositoryManager.loadRepository(MetadataRepositoryManager.java:110)
2023-10-21 21:17:04,308 [ERROR] LogOutputStream:75 - [STDERR_REDIRECT] 	at org.eclipse.equinox.internal.p2.metadata.repository.MetadataRepositoryManager.loadRepository(MetadataRepositoryManager.java:105)
