2023-10-18 22:08:39,162 [INFO] Activator:176 - 


2023-10-18 22:08:39,167 [INFO] Activator:177 - !SESSION log4j initialized
2023-10-18 22:08:44,950 [INFO] LogOutputStream:77 - [STDOUT_REDIRECT] 
2023-10-18 22:08:53,095 [INFO] ApplicationProperties:184 - Using Application install path: C:\ST\STM32CubeIDE_1.13.2\STM32CubeIDE\plugins\com.st.stm32cube.common.mx_6.9.2.202309101412
2023-10-18 22:08:53,113 [INFO] DbMcusXml:78 - Set database path to: C:\ST\STM32CubeIDE_1.13.2\STM32CubeIDE\plugins\com.st.stm32cube.common.mx_6.9.2.202309101412\\db\/mcu/
2023-10-18 22:08:53,113 [INFO] ApiDb:274 - Set plugin database path to: C:\ST\STM32CubeIDE_1.13.2\STM32CubeIDE\plugins\com.st.stm32cube.common.mx_6.9.2.202309101412\\db\/plugins/boardmanager/
2023-10-18 22:08:53,114 [WARN] ApiDb:259 - Overriding images path with different value:  => C:\ST\STM32CubeIDE_1.13.2\STM32CubeIDE\plugins\com.st.stm32cube.common.mx_6.9.2.202309101412\\db\/plugins/mcufinder/images/
2023-10-18 22:08:53,123 [INFO] ApiDb:250 - Set database path to: C:\Users\57310\.stmcufinder\plugins\mcufinder//mcu/
2023-10-18 22:08:53,124 [INFO] DbMcusAds:125 - Set database path to: C:\Users\57310\.stmcufinder\plugins\mcufinder//mcu/
2023-10-18 22:08:53,128 [INFO] CrossReferenceDbSqlite:203 - Set database path to: C:\Users\57310\.stmcufinder\plugins\mcufinder//mcu/cs/
2023-10-18 22:08:53,250 [INFO] RulesReader:64 - Compatibility file has been processed (293 Rules)
2023-10-18 22:08:53,457 [INFO] DbMcusXml:78 - Set database path to: C:\ST\STM32CubeIDE_1.13.2\STM32CubeIDE\plugins\com.st.stm32cube.common.mx_6.9.2.202309101412\\db\/mcu/
2023-10-18 22:08:53,457 [INFO] ApiDb:274 - Set plugin database path to: C:\ST\STM32CubeIDE_1.13.2\STM32CubeIDE\plugins\com.st.stm32cube.common.mx_6.9.2.202309101412\\db\/plugins/boardmanager/
2023-10-18 22:08:53,458 [INFO] ApiDb:261 - Set plugin images path to: C:\ST\STM32CubeIDE_1.13.2\STM32CubeIDE\plugins\com.st.stm32cube.common.mx_6.9.2.202309101412\\db\/plugins/mcufinder/images/
2023-10-18 22:08:53,458 [WARN] DbFile:41 - Overriding database path with different value: C:\Users\57310\.stmcufinder\plugins\mcufinder/ => C:\Users\57310\.stmcufinder\plugins\mcufinder
2023-10-18 22:08:53,458 [INFO] ApiDb:250 - Set database path to: C:\Users\57310\.stmcufinder\plugins\mcufinder//mcu/
2023-10-18 22:08:53,459 [WARN] DbFile:41 - Overriding database path with different value: C:\Users\57310\.stmcufinder\plugins\mcufinder/ => C:\Users\57310\.stmcufinder\plugins\mcufinder
2023-10-18 22:08:53,459 [INFO] DbMcusAds:125 - Set database path to: C:\Users\57310\.stmcufinder\plugins\mcufinder//mcu/
2023-10-18 22:08:53,459 [WARN] DbFile:41 - Overriding database path with different value: C:\Users\57310\.stmcufinder\plugins\mcufinder/ => C:\Users\57310\.stmcufinder\plugins\mcufinder
2023-10-18 22:08:53,459 [WARN] DbFile:41 - Overriding database path with different value: C:\Users\57310\.stmcufinder\plugins\mcufinder/ => C:\Users\57310\.stmcufinder\plugins\mcufinder
2023-10-18 22:08:53,459 [INFO] CrossReferenceDbSqlite:203 - Set database path to: C:\Users\57310\.stmcufinder\plugins\mcufinder//mcu/cs/
2023-10-18 22:08:53,545 [INFO] MainPanel:262 - HeapMemory: 268435456
2023-10-18 22:08:53,645 [INFO] DbMcusXml:78 - Set database path to: C:\ST\STM32CubeIDE_1.13.2\STM32CubeIDE\plugins\com.st.stm32cube.common.mx_6.9.2.202309101412\\db\/mcu/
2023-10-18 22:08:53,645 [INFO] ApiDb:274 - Set plugin database path to: C:\ST\STM32CubeIDE_1.13.2\STM32CubeIDE\plugins\com.st.stm32cube.common.mx_6.9.2.202309101412\\db\/plugins/boardmanager/
2023-10-18 22:08:53,645 [INFO] ApiDb:261 - Set plugin images path to: C:\ST\STM32CubeIDE_1.13.2\STM32CubeIDE\plugins\com.st.stm32cube.common.mx_6.9.2.202309101412\\db\/plugins/mcufinder/images/
2023-10-18 22:08:53,646 [WARN] DbFile:41 - Overriding database path with different value: C:\Users\57310\.stmcufinder\plugins\mcufinder/ => C:\Users\57310\.stmcufinder\plugins\mcufinder
2023-10-18 22:08:53,646 [INFO] ApiDb:250 - Set database path to: C:\Users\57310\.stmcufinder\plugins\mcufinder//mcu/
2023-10-18 22:08:53,646 [WARN] DbFile:41 - Overriding database path with different value: C:\Users\57310\.stmcufinder\plugins\mcufinder/ => C:\Users\57310\.stmcufinder\plugins\mcufinder
2023-10-18 22:08:53,646 [INFO] DbMcusAds:125 - Set database path to: C:\Users\57310\.stmcufinder\plugins\mcufinder//mcu/
2023-10-18 22:08:53,646 [WARN] DbFile:41 - Overriding database path with different value: C:\Users\57310\.stmcufinder\plugins\mcufinder/ => C:\Users\57310\.stmcufinder\plugins\mcufinder
2023-10-18 22:08:53,646 [WARN] DbFile:41 - Overriding database path with different value: C:\Users\57310\.stmcufinder\plugins\mcufinder/ => C:\Users\57310\.stmcufinder\plugins\mcufinder
2023-10-18 22:08:53,646 [INFO] CrossReferenceDbSqlite:203 - Set database path to: C:\Users\57310\.stmcufinder\plugins\mcufinder//mcu/cs/
2023-10-18 22:08:53,669 [INFO] ApplicationProperties:184 - Using Application install path: C:\ST\STM32CubeIDE_1.13.2\STM32CubeIDE\plugins\com.st.stm32cube.common.mx_6.9.2.202309101412
2023-10-18 22:08:53,671 [INFO] PluginManage:196 - Search for loadable plugins [exclusion list=, ]
2023-10-18 22:08:53,672 [INFO] PluginManage:310 - Check plugin analytics
2023-10-18 22:08:58,439 [INFO] AnalyticsPlugin:253 - Accepted Software Licenses: 
2023-10-18 22:08:58,439 [INFO] AnalyticsPlugin:255 - Accepted CMSIS Pack Licenses: 
2023-10-18 22:08:58,439 [INFO] AnalyticsPlugin:257 - Accepted Firmware Licenses: 
2023-10-18 22:08:58,442 [INFO] PluginManage:359 - Loaded plugin analytics (category:tool,tabindex:-1)
2023-10-18 22:08:58,442 [INFO] PluginManage:310 - Check plugin cadmodel
2023-10-18 22:08:58,449 [INFO] CADModel:105 - Init CAD model plugin
2023-10-18 22:08:58,449 [INFO] PluginManage:359 - Loaded plugin cadmodel (category:power,tabindex:5)
2023-10-18 22:08:58,449 [INFO] PluginManage:310 - Check plugin clock
2023-10-18 22:08:58,457 [INFO] PluginManage:359 - Loaded plugin clock (category:base,tabindex:2)
2023-10-18 22:08:58,458 [INFO] PluginManage:310 - Check plugin ddr
2023-10-18 22:08:58,460 [INFO] PluginManage:359 - Loaded plugin ddr (category:tool,tabindex:6)
2023-10-18 22:08:58,460 [INFO] PluginManage:310 - Check plugin filemanager
2023-10-18 22:08:58,580 [INFO] PluginManage:359 - Loaded plugin filemanager (category:base,tabindex:10)
2023-10-18 22:08:58,580 [INFO] PluginManage:310 - Check plugin ipmanager
2023-10-18 22:08:58,591 [INFO] PluginManage:359 - Loaded plugin ipmanager (category:base,tabindex:5)
2023-10-18 22:08:58,591 [INFO] PluginManage:310 - Check plugin lpbam
2023-10-18 22:08:58,599 [INFO] PluginManage:359 - Loaded plugin lpbam (category:base,tabindex:0)
2023-10-18 22:08:58,600 [INFO] PluginManage:310 - Check plugin memorymap
2023-10-18 22:08:58,615 [INFO] PluginManage:359 - Loaded plugin memorymap (category:base,tabindex:4)
2023-10-18 22:08:58,615 [INFO] PluginManage:310 - Check plugin pinoutandconfiguration
2023-10-18 22:08:58,624 [INFO] PluginManage:359 - Loaded plugin pinoutandconfiguration (category:base,tabindex:1)
2023-10-18 22:08:58,624 [INFO] PluginManage:310 - Check plugin pinoutconfig
2023-10-18 22:08:58,731 [WARN] SupportedApi:132 - Cannot load RTOS API schema: s4s-elt-must-match.1: The content of 'definitions' must match (annotation?, (simpleType | complexType)?, (unique | key | keyref)*)). A problem was found starting at: attribute.
2023-10-18 22:08:58,884 [INFO] PluginManage:359 - Loaded plugin pinoutconfig (category:base,tabindex:0)
2023-10-18 22:08:58,884 [INFO] PluginManage:310 - Check plugin power
2023-10-18 22:08:58,897 [INFO] PluginManage:359 - Loaded plugin power (category:power,tabindex:4)
2023-10-18 22:08:58,897 [INFO] PluginManage:310 - Check plugin projectmanager
2023-10-18 22:08:58,916 [INFO] PluginManage:359 - Loaded plugin projectmanager (category:projectmanager,tabindex:3)
2023-10-18 22:08:58,917 [INFO] PluginManage:310 - Check plugin thirdparty
2023-10-18 22:08:59,069 [WARN] IntegrityCheckThread:84 - waiting for thirdparty lock release [integrity check]
2023-10-18 22:08:59,069 [INFO] IntegrityCheckThread:86 - entering critical section [integrity check]
2023-10-18 22:08:59,069 [INFO] PluginManage:359 - Loaded plugin thirdparty (category:base,tabindex:-1)
2023-10-18 22:08:59,069 [INFO] PluginManage:310 - Check plugin tools
2023-10-18 22:08:59,069 [INFO] ThirdPartyUpdaterWithRetryManager:70 - Updater plugin not ready yet. [1/15]
2023-10-18 22:08:59,073 [INFO] PluginManage:359 - Loaded plugin tools (category:base,tabindex:7)
2023-10-18 22:08:59,073 [INFO] PluginManage:310 - Check plugin tutovideos
2023-10-18 22:08:59,227 [INFO] PluginManage:359 - Loaded plugin tutovideos (category:base,tabindex:-1)
2023-10-18 22:08:59,227 [INFO] PluginManage:310 - Check plugin updater
2023-10-18 22:08:59,240 [INFO] PluginManage:359 - Loaded plugin updater (category:base,tabindex:12)
2023-10-18 22:08:59,240 [INFO] PluginManage:310 - Check plugin userauth
2023-10-18 22:08:59,246 [INFO] UserAuth:113 - Init User Auth plugin
2023-10-18 22:08:59,246 [INFO] PluginManage:359 - Loaded plugin userauth (category:base,tabindex:14)
2023-10-18 22:08:59,246 [INFO] PluginManage:283 - PluginManage : Loaded plugins [17]
2023-10-18 22:08:59,444 [INFO] PinOutPanel:1499 - setPackage(No Configuration,No Configuration)
2023-10-18 22:08:59,797 [INFO] CADModel:165 - CPN selected for project level
2023-10-18 22:08:59,798 [INFO] CADModel:114 - Register for checkConnection events
2023-10-18 22:08:59,820 [INFO] IPUIPlugin:80 - create IPUIPlugin
2023-10-18 22:08:59,820 [INFO] PluginManager:220 - loadIPPluginJar : add adc
2023-10-18 22:08:59,824 [INFO] IPUIPlugin:80 - create IPUIPlugin
2023-10-18 22:08:59,824 [INFO] PluginManager:220 - loadIPPluginJar : add aes
2023-10-18 22:08:59,829 [INFO] IPUIPlugin:80 - create IPUIPlugin
2023-10-18 22:08:59,829 [INFO] PluginManager:220 - loadIPPluginJar : add can
2023-10-18 22:08:59,832 [INFO] IPUIPlugin:80 - create IPUIPlugin
2023-10-18 22:08:59,832 [INFO] PluginManager:220 - loadIPPluginJar : add comp
2023-10-18 22:08:59,837 [INFO] IPUIPlugin:80 - create IPUIPlugin
2023-10-18 22:08:59,837 [INFO] PluginManager:220 - loadIPPluginJar : add cryp
2023-10-18 22:08:59,841 [INFO] IPUIPlugin:80 - create IPUIPlugin
2023-10-18 22:08:59,842 [INFO] PluginManager:220 - loadIPPluginJar : add dfsdm
2023-10-18 22:08:59,848 [INFO] IPUIPlugin:80 - create IPUIPlugin
2023-10-18 22:08:59,849 [INFO] PluginManager:220 - loadIPPluginJar : add dma
2023-10-18 22:08:59,853 [INFO] IPUIPlugin:80 - create IPUIPlugin
2023-10-18 22:08:59,853 [INFO] PluginManager:220 - loadIPPluginJar : add dma3
2023-10-18 22:08:59,856 [INFO] IPUIPlugin:80 - create IPUIPlugin
2023-10-18 22:08:59,856 [INFO] PluginManager:220 - loadIPPluginJar : add fatfs
2023-10-18 22:08:59,864 [INFO] IPUIPlugin:80 - create IPUIPlugin
2023-10-18 22:08:59,864 [INFO] PluginManager:220 - loadIPPluginJar : add fmc
2023-10-18 22:08:59,870 [INFO] IPUIPlugin:80 - create IPUIPlugin
2023-10-18 22:08:59,870 [INFO] PluginManager:220 - loadIPPluginJar : add freertos
2023-10-18 22:08:59,872 [INFO] IPUIPlugin:80 - create IPUIPlugin
2023-10-18 22:08:59,872 [INFO] PluginManager:220 - loadIPPluginJar : add genericplugin
2023-10-18 22:08:59,876 [INFO] IPUIPlugin:80 - create IPUIPlugin
2023-10-18 22:08:59,876 [INFO] PluginManager:220 - loadIPPluginJar : add gfxmmu
2023-10-18 22:08:59,883 [INFO] IPUIPlugin:80 - create IPUIPlugin
2023-10-18 22:08:59,883 [INFO] PluginManager:220 - loadIPPluginJar : add gic
2023-10-18 22:08:59,890 [INFO] IPUIPlugin:80 - create IPUIPlugin
2023-10-18 22:08:59,890 [INFO] PluginManager:220 - loadIPPluginJar : add gpio
2023-10-18 22:08:59,895 [INFO] IPUIPlugin:80 - create IPUIPlugin
2023-10-18 22:08:59,895 [INFO] PluginManager:220 - loadIPPluginJar : add gtzc
2023-10-18 22:08:59,899 [INFO] IPUIPlugin:80 - create IPUIPlugin
2023-10-18 22:08:59,899 [INFO] PluginManager:220 - loadIPPluginJar : add hash
2023-10-18 22:08:59,903 [INFO] IPUIPlugin:80 - create IPUIPlugin
2023-10-18 22:08:59,903 [INFO] PluginManager:220 - loadIPPluginJar : add i2c
2023-10-18 22:08:59,907 [INFO] IPUIPlugin:80 - create IPUIPlugin
2023-10-18 22:08:59,907 [INFO] PluginManager:220 - loadIPPluginJar : add i2s
2023-10-18 22:08:59,911 [INFO] IPUIPlugin:80 - create IPUIPlugin
2023-10-18 22:08:59,912 [INFO] PluginManager:220 - loadIPPluginJar : add i3c
2023-10-18 22:08:59,915 [INFO] IPUIPlugin:80 - create IPUIPlugin
2023-10-18 22:08:59,915 [INFO] PluginManager:220 - loadIPPluginJar : add ipddr
2023-10-18 22:08:59,923 [INFO] IPUIPlugin:80 - create IPUIPlugin
2023-10-18 22:08:59,924 [INFO] PluginManager:220 - loadIPPluginJar : add linkedlist
2023-10-18 22:08:59,928 [INFO] IPUIPlugin:80 - create IPUIPlugin
2023-10-18 22:08:59,928 [INFO] PluginManager:220 - loadIPPluginJar : add lorawan
2023-10-18 22:08:59,930 [INFO] IPUIPlugin:80 - create IPUIPlugin
2023-10-18 22:08:59,930 [INFO] PluginManager:220 - loadIPPluginJar : add ltdc
2023-10-18 22:08:59,937 [INFO] IPUIPlugin:80 - create IPUIPlugin
2023-10-18 22:08:59,937 [INFO] PluginManager:220 - loadIPPluginJar : add mdma
2023-10-18 22:08:59,943 [INFO] IPUIPlugin:80 - create IPUIPlugin
2023-10-18 22:08:59,944 [INFO] PluginManager:220 - loadIPPluginJar : add nvic
2023-10-18 22:08:59,948 [INFO] IPUIPlugin:80 - create IPUIPlugin
2023-10-18 22:08:59,948 [INFO] PluginManager:220 - loadIPPluginJar : add opamp
2023-10-18 22:08:59,954 [INFO] IPUIPlugin:80 - create IPUIPlugin
2023-10-18 22:08:59,954 [INFO] PluginManager:220 - loadIPPluginJar : add openamp
2023-10-18 22:08:59,960 [INFO] IPUIPlugin:80 - create IPUIPlugin
2023-10-18 22:08:59,961 [INFO] PluginManager:220 - loadIPPluginJar : add pdm2pcm
2023-10-18 22:08:59,970 [INFO] IPUIPlugin:80 - create IPUIPlugin
2023-10-18 22:08:59,972 [INFO] PluginManager:220 - loadIPPluginJar : add plateformsettings
2023-10-18 22:08:59,975 [INFO] IPUIPlugin:80 - create IPUIPlugin
2023-10-18 22:08:59,976 [INFO] PluginManager:220 - loadIPPluginJar : add quadspi
2023-10-18 22:08:59,981 [INFO] IPUIPlugin:80 - create IPUIPlugin
2023-10-18 22:08:59,981 [INFO] PluginManager:220 - loadIPPluginJar : add resmgrutility
2023-10-18 22:08:59,986 [INFO] IPUIPlugin:80 - create IPUIPlugin
2023-10-18 22:08:59,986 [INFO] PluginManager:220 - loadIPPluginJar : add sai
2023-10-18 22:08:59,989 [INFO] IPUIPlugin:80 - create IPUIPlugin
2023-10-18 22:08:59,990 [INFO] PluginManager:220 - loadIPPluginJar : add spi
2023-10-18 22:08:59,996 [INFO] IPUIPlugin:80 - create IPUIPlugin
2023-10-18 22:08:59,996 [INFO] PluginManager:220 - loadIPPluginJar : add stm32_wpan
2023-10-18 22:08:59,999 [INFO] IPUIPlugin:80 - create IPUIPlugin
2023-10-18 22:08:59,999 [INFO] PluginManager:220 - loadIPPluginJar : add tim
2023-10-18 22:09:00,003 [INFO] IPUIPlugin:80 - create IPUIPlugin
2023-10-18 22:09:00,003 [INFO] PluginManager:220 - loadIPPluginJar : add touchsensing
2023-10-18 22:09:00,008 [INFO] IPUIPlugin:80 - create IPUIPlugin
2023-10-18 22:09:00,008 [INFO] PluginManager:220 - loadIPPluginJar : add tracer_emb
2023-10-18 22:09:00,011 [INFO] IPUIPlugin:80 - create IPUIPlugin
2023-10-18 22:09:00,011 [INFO] PluginManager:220 - loadIPPluginJar : add ts
2023-10-18 22:09:00,015 [INFO] IPUIPlugin:80 - create IPUIPlugin
2023-10-18 22:09:00,015 [INFO] PluginManager:220 - loadIPPluginJar : add tsc
2023-10-18 22:09:00,020 [INFO] IPUIPlugin:80 - create IPUIPlugin
2023-10-18 22:09:00,020 [INFO] PluginManager:220 - loadIPPluginJar : add ucpd
2023-10-18 22:09:00,026 [INFO] IPUIPlugin:80 - create IPUIPlugin
2023-10-18 22:09:00,027 [INFO] PluginManager:220 - loadIPPluginJar : add usart
2023-10-18 22:09:00,033 [INFO] IPUIPlugin:80 - create IPUIPlugin
2023-10-18 22:09:00,033 [INFO] PluginManager:220 - loadIPPluginJar : add usbx
2023-10-18 22:09:00,249 [INFO] CADModel:165 - CPN selected for project level
2023-10-18 22:09:00,249 [INFO] CADModel:114 - Register for checkConnection events
2023-10-18 22:09:00,249 [FATAL] Updater:308 - Updater called before beeing initialized
2023-10-18 22:09:00,249 [ERROR] CADModel:125 - Updater not yet initialized, retry later 
2023-10-18 22:09:00,408 [INFO] CADModel:165 - CPN selected for project level
2023-10-18 22:09:00,408 [INFO] CADModel:114 - Register for checkConnection events
2023-10-18 22:09:00,408 [FATAL] Updater:308 - Updater called before beeing initialized
2023-10-18 22:09:00,408 [ERROR] CADModel:125 - Updater not yet initialized, retry later 
2023-10-18 22:09:00,412 [FATAL] Updater:308 - Updater called before beeing initialized
2023-10-18 22:09:00,515 [FATAL] Updater:308 - Updater called before beeing initialized
2023-10-18 22:09:00,522 [INFO] DbMcusAds:53 - JSON generation date=Tue Mar 07 03:50:55 COT 2023 (1678179055114)
2023-10-18 22:09:00,522 [FATAL] Updater:308 - Updater called before beeing initialized
2023-10-18 22:09:00,558 [WARN] DetailPanel:346 - Failed to get advertising image, set to default
2023-10-18 22:09:00,673 [FATAL] Updater:308 - Updater called before beeing initialized
2023-10-18 22:09:00,676 [FATAL] Updater:308 - Updater called before beeing initialized
2023-10-18 22:09:00,676 [FATAL] Updater:308 - Updater called before beeing initialized
2023-10-18 22:09:00,676 [WARN] DetailPanel:346 - Failed to get advertising image, set to default
2023-10-18 22:09:00,677 [FATAL] Updater:308 - Updater called before beeing initialized
2023-10-18 22:09:00,740 [ERROR] Updater:1120 - MainUpdater not yet initialized. External WinMGr cannot be set.
2023-10-18 22:09:00,743 [INFO] Updater:1056 - Updater Version found : 6.9.2
2023-10-18 22:09:00,765 [INFO] ApplicationProperties:184 - Using Application install path: C:\ST\STM32CubeIDE_1.13.2\STM32CubeIDE\plugins\com.st.stm32cube.common.mx_6.9.2.202309101412
2023-10-18 22:09:01,192 [INFO] MainUpdater:2868 - connection check result : 10
2023-10-18 22:09:01,193 [INFO] MainUpdater:285 - Updater Check For Update Now.
2023-10-18 22:09:01,193 [INFO] MicroXplorer:498 - Change Database Version : DB.6.0.92
2023-10-18 22:09:01,204 [INFO] McuFinderGlobals:63 - Set McuFinder mode to 2 (CubeIDE integrated)
2023-10-18 22:09:01,205 [INFO] UserAuth:179 - activating auth plugin
2023-10-18 22:09:01,207 [INFO] UserAuth:393 - Internet connection configuration mode: 1
2023-10-18 22:09:01,231 [INFO] JxBrowserEngine:151 - Initiate JxBrowser Engine with user profile folder
2023-10-18 22:09:01,378 [INFO] CheckServerUpdateThread:120 - End of CheckServer Thread
2023-10-18 22:09:02,295 [WARN] PackLoader:240 - Cannot read IP mode file for STMicroelectronics.X-CUBE-SMBUS.2.1.0
2023-10-18 22:09:02,336 [WARN] PackLoader:240 - Cannot read IP mode file for STMicroelectronics.X-CUBE-SUBG2.4.1.0
2023-10-18 22:09:02,490 [WARN] PackLoader:240 - Cannot read IP mode file for STMicroelectronics.X-CUBE-MEMS1.9.2.0
2023-10-18 22:09:02,686 [WARN] PackLoader:240 - Cannot read IP mode file for STMicroelectronics.X-CUBE-AZRTOS-F7.1.1.0
2023-10-18 22:09:02,700 [WARN] PackLoader:240 - Cannot read IP mode file for STMicroelectronics.X-CUBE-AI.7.1.0
2023-10-18 22:09:02,713 [WARN] PackLoader:240 - Cannot read IP mode file for STMicroelectronics.X-CUBE-TOUCHGFX.4.19.1
2023-10-18 22:09:02,726 [WARN] PackLoader:240 - Cannot read IP mode file for STMicroelectronics.FP-SNS-MOTENV1.4.3.2
2023-10-18 22:09:02,732 [ERROR] RealEvaluatedCondition:428 - Found unsupported composite condition: CLASS='Data Exchange' GROUP='STM32_MetaDataManager'
2023-10-18 22:09:02,733 [ERROR] RealEvaluatedCondition:428 - Found unsupported composite condition: CLASS='Data Exchange' GROUP='STM32_MetaDataManager'
2023-10-18 22:09:02,735 [WARN] PackLoader:240 - Cannot read IP mode file for STMicroelectronics.FP-SNS-MOTENV1.4.3.1
2023-10-18 22:09:02,744 [WARN] PackLoader:240 - Cannot read IP mode file for STMicroelectronics.FP-SNS-FLIGHT1.5.0.1
2023-10-18 22:09:02,752 [WARN] PackLoader:240 - Cannot read IP mode file for STMicroelectronics.X-CUBE-BLE1.6.2.3
2023-10-18 22:09:02,760 [WARN] PackLoader:240 - Cannot read IP mode file for STMicroelectronics.X-CUBE-EEPRMA1.3.0.0
2023-10-18 22:09:02,767 [WARN] PackLoader:240 - Cannot read IP mode file for STMicroelectronics.X-CUBE-BLE1.6.2.4
2023-10-18 22:09:02,794 [INFO] WebApp:157 - Instantiating new browser for Auth
2023-10-18 22:09:02,805 [WARN] PackLoader:240 - Cannot read IP mode file for STMicroelectronics.X-CUBE-BLE1.6.2.0
2023-10-18 22:09:02,811 [WARN] PackLoader:240 - Cannot read IP mode file for STMicroelectronics.FP-SNS-FLIGHT1.5.0.2
2023-10-18 22:09:02,820 [WARN] PackLoader:240 - Cannot read IP mode file for STMicroelectronics.X-CUBE-BLE2.3.2.2
2023-10-18 22:09:02,826 [WARN] PackLoader:240 - Cannot read IP mode file for STMicroelectronics.X-CUBE-BLE2.3.2.0
2023-10-18 22:09:02,835 [WARN] PackLoader:240 - Cannot read IP mode file for STMicroelectronics.X-CUBE-DISPLAY.3.0.0
2023-10-18 22:09:02,844 [WARN] PackLoader:240 - Cannot read IP mode file for STMicroelectronics.X-CUBE-BLE1.7.0.0
2023-10-18 22:09:02,850 [WARN] PackLoader:240 - Cannot read IP mode file for emotas.I-CUBE-CANOPEN.1.3.0
2023-10-18 22:09:02,852 [WARN] PackLoader:240 - Cannot read IP mode file for STMicroelectronics.X-CUBE-TOUCHGFX.4.22.0
2023-10-18 22:09:02,959 [WARN] PackLoader:240 - Cannot read IP mode file for STMicroelectronics.X-CUBE-TOUCHGFX.4.22.1
2023-10-18 22:09:03,361 [WARN] PackLoader:240 - Cannot read IP mode file for STMicroelectronics.X-CUBE-AZRTOS-H7.1.0.0
2023-10-18 22:09:03,416 [WARN] PackLoader:240 - Cannot read IP mode file for STMicroelectronics.X-CUBE-MEMS1.9.3.0
2023-10-18 22:09:03,507 [WARN] PackLoader:240 - Cannot read IP mode file for STMicroelectronics.FP-SNS-SMARTAG2.1.2.0
2023-10-18 22:09:03,707 [INFO] LogOutputStream:77 - [STDOUT_REDIRECT] 1 : Invalid condition id : UX_CORESTACK_Condition cause : null
2023-10-18 22:09:03,708 [INFO] LogOutputStream:77 - [STDOUT_REDIRECT] 1 : Invalid condition id : UX_CORESTACK_Condition cause : null
2023-10-18 22:09:03,709 [INFO] LogOutputStream:77 - [STDOUT_REDIRECT] 1 : Invalid condition id : UX_CORESTACK_Condition cause : null
2023-10-18 22:09:03,711 [INFO] LogOutputStream:77 - [STDOUT_REDIRECT] 1 : Invalid condition id : UX_CORESTACK_Condition cause : null
2023-10-18 22:09:03,713 [INFO] LogOutputStream:77 - [STDOUT_REDIRECT] 1 : Invalid condition id : UX_CORESTACK_Condition cause : null
2023-10-18 22:09:03,715 [WARN] PackLoader:240 - Cannot read IP mode file for STMicroelectronics.X-CUBE-AZRTOS-WL.2.0.0
2023-10-18 22:09:03,908 [WARN] PackLoader:240 - Cannot read IP mode file for STMicroelectronics.X-CUBE-ALGOBUILD.1.2.0
2023-10-18 22:09:04,290 [INFO] WebApp:753 - Register for checkConnection events
2023-10-18 22:09:04,290 [INFO] WebApp:390 - Apply proxy settings
2023-10-18 22:09:04,290 [INFO] WebApp:475 - Chromium requires no authentication
2023-10-18 22:09:04,298 [INFO] WebApp:418 - Direct internet connection detected
2023-10-18 22:09:04,413 [WARN] PackLoader:240 - Cannot read IP mode file for WES.I-CUBE-Cesium.1.3.0
2023-10-18 22:09:04,501 [INFO] WebApp:188 - Starting web application
2023-10-18 22:09:04,501 [INFO] WebApp:520 - Web application path used C:\ST\STM32CubeIDE_1.13.2\STM32CubeIDE\plugins\com.st.stm32cube.common.mx_6.9.2.202309101412\db\plugins\mcufinder\reactClient1\index.html
2023-10-18 22:09:04,731 [WARN] PackLoader:240 - Cannot read IP mode file for STMicroelectronics.X-CUBE-BLE2.3.3.0
2023-10-18 22:09:07,614 [WARN] PackLoader:240 - Cannot read IP mode file for STMicroelectronics.X-CUBE-DISPLAY.2.2.0
2023-10-18 22:09:07,968 [WARN] PackLoader:240 - Cannot read IP mode file for STMicroelectronics.X-CUBE-TOF1.3.2.0
2023-10-18 22:09:08,500 [WARN] PackLoader:240 - Cannot read IP mode file for STMicroelectronics.X-CUBE-AZRTOS-H7.2.1.0
2023-10-18 22:09:08,899 [WARN] PackLoader:240 - Cannot read IP mode file for STMicroelectronics.X-CUBE-TOUCHGFX.4.21.1
2023-10-18 22:09:09,241 [WARN] PackLoader:240 - Cannot read IP mode file for STMicroelectronics.X-CUBE-TOUCHGFX.4.21.0
2023-10-18 22:09:09,975 [WARN] PackLoader:240 - Cannot read IP mode file for STMicroelectronics.X-CUBE-TOUCHGFX.4.21.4
2023-10-18 22:09:10,334 [WARN] PackLoader:240 - Cannot read IP mode file for STMicroelectronics.X-CUBE-MEMS1.9.4.0
2023-10-18 22:09:11,026 [WARN] PackLoader:240 - Cannot read IP mode file for STMicroelectronics.X-CUBE-AI.7.3.0
2023-10-18 22:09:11,304 [WARN] PackLoader:240 - Cannot read IP mode file for STMicroelectronics.X-CUBE-ALGOBUILD.1.3.0
2023-10-18 22:09:11,886 [WARN] PackLoader:240 - Cannot read IP mode file for STMicroelectronics.X-CUBE-AZRTOS-G0.1.1.0
2023-10-18 22:09:12,137 [WARN] PackLoader:240 - Cannot read IP mode file for STMicroelectronics.X-CUBE-NFC4.3.0.0
2023-10-18 22:09:12,516 [WARN] PackLoader:240 - Cannot read IP mode file for SEGGER.I-CUBE-embOS.1.2.0
2023-10-18 22:09:12,714 [WARN] PackLoader:240 - Cannot read IP mode file for STMicroelectronics.X-CUBE-BLEMGR.1.3.0
2023-10-18 22:09:12,783 [WARN] PackLoader:240 - Cannot read IP mode file for STMicroelectronics.FP-ATR-SIGFOX1.3.2.0
2023-10-18 22:09:13,073 [WARN] PackLoader:240 - Cannot read IP mode file for emotas.I-CUBE-CANOPEN.1.1.2
2023-10-18 22:09:13,260 [WARN] PackLoader:240 - Cannot read IP mode file for STMicroelectronics.X-CUBE-TOUCHGFX.4.20.0
2023-10-18 22:09:13,803 [WARN] PackLoader:240 - Cannot read IP mode file for STMicroelectronics.X-CUBE-MEMS1.9.5.0
2023-10-18 22:09:14,020 [WARN] PackLoader:240 - Cannot read IP mode file for SEGGER.I-CUBE-embOS.1.3.1
2023-10-18 22:09:14,075 [WARN] PackLoader:240 - Cannot read IP mode file for STMicroelectronics.X-CUBE-TOUCHGFX.4.16.1
2023-10-18 22:09:14,131 [WARN] PackLoader:240 - Cannot read IP mode file for STMicroelectronics.X-CUBE-TOF1.3.0.0
2023-10-18 22:09:14,178 [WARN] PackLoader:240 - Cannot read IP mode file for STMicroelectronics.X-CUBE-GNSS1.6.0.0
2023-10-18 22:09:14,220 [WARN] PackLoader:240 - Cannot read IP mode file for STMicroelectronics.X-CUBE-AZRTOS-F4.1.1.0
2023-10-18 22:09:14,264 [WARN] PackLoader:240 - Cannot read IP mode file for wolfSSL.I-CUBE-wolfSSL.5.6.3
2023-10-18 22:09:14,296 [WARN] PackLoader:240 - Cannot read IP mode file for STMicroelectronics.X-CUBE-BLEMGR.1.2.0
2023-10-18 22:09:14,338 [WARN] PackLoader:240 - Cannot read IP mode file for STMicroelectronics.X-CUBE-AZRTOS-L5.2.0.0
2023-10-18 22:09:14,370 [WARN] PackLoader:240 - Cannot read IP mode file for STMicroelectronics.X-CUBE-MEMS1.9.6.0
2023-10-18 22:09:14,476 [WARN] PackLoader:240 - Cannot read IP mode file for ITTIA_DB.I-CUBE-ITTIADB.8.8.0
2023-10-18 22:09:14,495 [WARN] PackLoader:240 - Cannot read IP mode file for STMicroelectronics.X-CUBE-BLEMGR.2.0.0
2023-10-18 22:09:14,519 [WARN] PackLoader:240 - Cannot read IP mode file for STMicroelectronics.X-CUBE-NFC4.2.0.5
2023-10-18 22:09:14,535 [WARN] PackLoader:240 - Cannot read IP mode file for STMicroelectronics.X-CUBE-NFC4.2.0.4
2023-10-18 22:09:14,559 [WARN] PackLoader:240 - Cannot read IP mode file for STMicroelectronics.X-CUBE-NFC4.2.0.2
2023-10-18 22:09:14,583 [WARN] ConditionMgr:438 - getConditionDescription Invalid condition id : UX DEVICE CLASS RTOS Condition cause : null
2023-10-18 22:09:14,583 [WARN] ConditionMgr:438 - getConditionDescription Invalid condition id : UX DEVICE CLASS RTOS Condition cause : null
2023-10-18 22:09:14,585 [WARN] PackLoader:240 - Cannot read IP mode file for STMicroelectronics.X-CUBE-AZRTOS-H7.3.1.0
2023-10-18 22:09:14,586 [WARN] ConditionMgr:1039 - genDependencies : Invalid condition id : UX DEVICE CLASS RTOS Condition cause : null
2023-10-18 22:09:14,586 [WARN] ConditionMgr:1039 - genDependencies : Invalid condition id : UX DEVICE CLASS RTOS Condition cause : null
2023-10-18 22:09:14,586 [WARN] ConditionMgr:1039 - genDependencies : Invalid condition id : UX DEVICE CLASS RTOS Condition cause : null
2023-10-18 22:09:14,587 [WARN] ConditionMgr:1039 - genDependencies : Invalid condition id : UX DEVICE CLASS RTOS Condition cause : null
2023-10-18 22:09:14,587 [WARN] ConditionMgr:1039 - genDependencies : Invalid condition id : UX DEVICE CLASS RTOS Condition cause : null
2023-10-18 22:09:14,617 [WARN] PackLoader:240 - Cannot read IP mode file for STMicroelectronics.X-CUBE-SFXS2LP1.3.1.0
2023-10-18 22:09:14,655 [WARN] PackLoader:240 - Cannot read IP mode file for STMicroelectronics.X-CUBE-AZRTOS-F4.1.0.0
2023-10-18 22:09:14,675 [WARN] PackLoader:240 - Cannot read IP mode file for STMicroelectronics.X-CUBE-NFC7.1.0.1
2023-10-18 22:09:14,694 [WARN] PackLoader:240 - Cannot read IP mode file for STMicroelectronics.X-CUBE-NFC7.1.0.0
2023-10-18 22:09:14,710 [WARN] PackLoader:240 - Cannot read IP mode file for STMicroelectronics.X-CUBE-NFC6.3.0.0
2023-10-18 22:09:14,724 [WARN] PackLoader:240 - Cannot read IP mode file for STMicroelectronics.X-CUBE-EEPRMA1.4.1.0
2023-10-18 22:09:14,738 [WARN] PackLoader:240 - Cannot read IP mode file for STMicroelectronics.X-CUBE-DISPLAY.1.0.0
2023-10-18 22:09:14,747 [WARN] PackLoader:240 - Cannot read IP mode file for STMicroelectronics.X-CUBE-AI.8.1.0
2023-10-18 22:09:14,791 [WARN] PackLoader:240 - Cannot read IP mode file for STMicroelectronics.X-CUBE-AI.6.0.0
2023-10-18 22:09:14,817 [WARN] PackLoader:240 - Cannot read IP mode file for STMicroelectronics.X-CUBE-AZRTOS-G0.1.0.0
2023-10-18 22:09:14,852 [WARN] ConditionMgr:438 - getConditionDescription Invalid condition id : LAN8742 Phy interface Condition cause : null
2023-10-18 22:09:14,853 [WARN] PackLoader:240 - Cannot read IP mode file for STMicroelectronics.X-CUBE-AZRTOS-L4.2.0.0
2023-10-18 22:09:14,853 [WARN] ConditionMgr:1039 - genDependencies : Invalid condition id : LAN8742 Phy interface Condition cause : null
2023-10-18 22:09:14,854 [WARN] ConditionMgr:1039 - genDependencies : Invalid condition id : LAN8742 Phy interface Condition cause : null
2023-10-18 22:09:14,854 [WARN] ConditionMgr:1039 - genDependencies : Invalid condition id : LAN8742 Phy interface Condition cause : null
2023-10-18 22:09:14,876 [WARN] PackLoader:240 - Cannot read IP mode file for STMicroelectronics.X-CUBE-SFXS2LP1.4.0.0
2023-10-18 22:09:14,889 [WARN] PackLoader:240 - Cannot read IP mode file for wolfSSL.I-CUBE-wolfSSL.4.7.0
2023-10-18 22:09:14,970 [WARN] PackLoader:240 - Cannot read IP mode file for STMicroelectronics.X-CUBE-AZRTOS-H7.3.0.0
2023-10-18 22:09:15,023 [WARN] PackLoader:240 - Cannot read IP mode file for STMicroelectronics.X-CUBE-ISPU.1.1.0
2023-10-18 22:09:15,041 [WARN] PackLoader:240 - Cannot read IP mode file for RoweBots.I-CUBE-UNISONRTOS.5.5.0-4
2023-10-18 22:09:15,062 [WARN] PackLoader:240 - Cannot read IP mode file for STMicroelectronics.X-CUBE-SFXS2LP1.3.0.0
2023-10-18 22:09:15,079 [WARN] PackLoader:240 - Cannot read IP mode file for STMicroelectronics.X-CUBE-AI.8.0.0
2023-10-18 22:09:15,096 [WARN] ConditionMgr:438 - getConditionDescription Invalid condition id : UX DEVICE CLASS RTOS Condition cause : null
2023-10-18 22:09:15,096 [WARN] ConditionMgr:438 - getConditionDescription Invalid condition id : UX DEVICE CLASS RTOS Condition cause : null
2023-10-18 22:09:15,098 [WARN] PackLoader:240 - Cannot read IP mode file for STMicroelectronics.X-CUBE-AZRTOS-WB.2.0.0
2023-10-18 22:09:15,098 [WARN] ConditionMgr:1039 - genDependencies : Invalid condition id : UX DEVICE CLASS RTOS Condition cause : null
2023-10-18 22:09:15,098 [WARN] ConditionMgr:1039 - genDependencies : Invalid condition id : UX DEVICE CLASS RTOS Condition cause : null
2023-10-18 22:09:15,098 [WARN] ConditionMgr:1039 - genDependencies : Invalid condition id : UX DEVICE CLASS RTOS Condition cause : null
2023-10-18 22:09:15,098 [WARN] ConditionMgr:1039 - genDependencies : Invalid condition id : UX DEVICE CLASS RTOS Condition cause : null
2023-10-18 22:09:15,098 [WARN] ConditionMgr:1039 - genDependencies : Invalid condition id : UX DEVICE CLASS RTOS Condition cause : null
2023-10-18 22:09:15,138 [WARN] PackLoader:240 - Cannot read IP mode file for STMicroelectronics.X-CUBE-FREERTOS.1.0.0
2023-10-18 22:09:15,154 [WARN] PackLoader:240 - Cannot read IP mode file for STMicroelectronics.X-CUBE-FREERTOS.1.0.1
2023-10-18 22:09:15,174 [WARN] PackLoader:240 - Cannot read IP mode file for STMicroelectronics.X-CUBE-AZRTOS-L5.1.1.0
2023-10-18 22:09:15,189 [WARN] PackLoader:240 - Cannot read IP mode file for STMicroelectronics.X-CUBE-AI.8.0.1
2023-10-18 22:09:15,205 [WARN] PackLoader:240 - Cannot read IP mode file for STMicroelectronics.X-CUBE-SUBG2.5.0.0
2023-10-18 22:09:15,227 [WARN] PackLoader:240 - Cannot read IP mode file for STMicroelectronics.X-CUBE-TOF1.3.3.1
2023-10-18 22:09:15,269 [WARN] PackLoader:240 - Cannot read IP mode file for STMicroelectronics.X-CUBE-AZRTOS-G4.2.0.0
2023-10-18 22:09:15,288 [WARN] PackLoader:240 - Cannot read IP mode file for STMicroelectronics.X-CUBE-TOF1.3.3.0
2023-10-18 22:09:15,318 [WARN] PackLoader:240 - Cannot read IP mode file for STMicroelectronics.FP-ATR-ASTRA1.1.1.1
2023-10-18 22:09:15,394 [WARN] PackLoader:240 - Cannot read IP mode file for Infineon.AIROC-Wi-Fi-Bluetooth-STM32.1.5.1
2023-10-18 22:09:15,493 [WARN] PackLoader:240 - Cannot read IP mode file for STMicroelectronics.X-CUBE-AZRTOS-G4.1.0.0
2023-10-18 22:09:15,647 [WARN] PackLoader:240 - Cannot read IP mode file for wolfSSL.I-CUBE-wolfSSL.5.3.0
2023-10-18 22:09:15,699 [WARN] PackLoader:240 - Cannot read IP mode file for STMicroelectronics.X-CUBE-AZRTOS-L4.1.0.0
2023-10-18 22:09:15,714 [WARN] PackLoader:240 - Cannot read IP mode file for STMicroelectronics.X-CUBE-FREERTOS.1.1.0
2023-10-18 22:09:15,742 [WARN] PackLoader:240 - Cannot read IP mode file for STMicroelectronics.X-CUBE-AZRTOS-F7.1.0.0
2023-10-18 22:09:15,773 [WARN] PackLoader:240 - Cannot read IP mode file for STMicroelectronics.X-CUBE-AZRTOS-WL.1.0.0
2023-10-18 22:09:15,813 [WARN] PackLoader:240 - Cannot read IP mode file for STMicroelectronics.X-CUBE-TOF1.1.0.0
2023-10-18 22:09:15,832 [WARN] PackLoader:240 - Cannot read IP mode file for portGmbH.I-Cube-SoM-uGOAL.1.1.0
2023-10-18 22:09:15,851 [WARN] PackLoader:240 - Cannot read IP mode file for STMicroelectronics.X-CUBE-ALS.1.0.1
2023-10-18 22:09:15,892 [WARN] PackLoader:240 - Cannot read IP mode file for STMicroelectronics.X-CUBE-AZRTOS-WB.1.1.0
2023-10-18 22:09:15,929 [WARN] PackLoader:240 - Cannot read IP mode file for STMicroelectronics.X-CUBE-MEMS1.8.3.0
2023-10-18 22:09:16,008 [WARN] PackLoader:240 - Cannot read IP mode file for STMicroelectronics.X-CUBE-AZRTOS-L5.1.0.0
2023-10-18 22:09:16,026 [WARN] PackLoader:240 - Cannot read IP mode file for STMicroelectronics.X-CUBE-EEPRMA1.3.1.1
2023-10-18 22:09:16,044 [WARN] PackLoader:240 - Cannot read IP mode file for STMicroelectronics.X-CUBE-GNSS1.5.2.0
2023-10-18 22:09:16,063 [WARN] PackLoader:240 - Cannot read IP mode file for STMicroelectronics.FP-ATR-ASTRA1.2.0.0
2023-10-18 22:09:16,063 [INFO] ThirdParty:978 - Integrity check success = true
2023-10-18 22:09:16,063 [INFO] IntegrityCheckThread:100 - exiting critical section [integrity check]
2023-10-18 22:09:16,063 [INFO] IntegrityCheckThread:103 - End integrity checks thread
2023-10-18 22:09:25,482 [ERROR] LogOutputStream:75 - [STDERR_REDIRECT] SLF4J: Failed to load class "org.slf4j.impl.StaticLoggerBinder".
2023-10-18 22:09:25,483 [ERROR] LogOutputStream:75 - [STDERR_REDIRECT] SLF4J: Defaulting to no-operation (NOP) logger implementation
2023-10-18 22:09:25,484 [ERROR] LogOutputStream:75 - [STDERR_REDIRECT] SLF4J: See http://www.slf4j.org/codes.html#StaticLoggerBinder for further details.
2023-10-18 22:21:06,689 [ERROR] LogOutputStream:75 - [STDERR_REDIRECT] 
