2023-09-30 22:22:45,483 [INFO] Activator:176 - 


2023-09-30 22:22:45,485 [INFO] Activator:177 - !SESSION log4j initialized
2023-09-30 22:22:47,714 [INFO] LogOutputStream:77 - [STDOUT_REDIRECT] 
2023-09-30 22:22:54,647 [INFO] ApplicationProperties:184 - Using Application install path: C:\ST\STM32CubeIDE_1.13.2\STM32CubeIDE\plugins\com.st.stm32cube.common.mx_6.9.2.202309101412
2023-09-30 22:22:54,663 [INFO] DbMcusXml:78 - Set database path to: C:\ST\STM32CubeIDE_1.13.2\STM32CubeIDE\plugins\com.st.stm32cube.common.mx_6.9.2.202309101412\\db\/mcu/
2023-09-30 22:22:54,664 [INFO] ApiDb:274 - Set plugin database path to: C:\ST\STM32CubeIDE_1.13.2\STM32CubeIDE\plugins\com.st.stm32cube.common.mx_6.9.2.202309101412\\db\/plugins/boardmanager/
2023-09-30 22:22:54,664 [WARN] ApiDb:259 - Overriding images path with different value:  => C:\ST\STM32CubeIDE_1.13.2\STM32CubeIDE\plugins\com.st.stm32cube.common.mx_6.9.2.202309101412\\db\/plugins/mcufinder/images/
2023-09-30 22:22:54,674 [INFO] ApiDb:250 - Set database path to: C:\Users\57310\.stmcufinder\plugins\mcufinder//mcu/
2023-09-30 22:22:54,675 [INFO] DbMcusAds:125 - Set database path to: C:\Users\57310\.stmcufinder\plugins\mcufinder//mcu/
2023-09-30 22:22:54,677 [INFO] CrossReferenceDbSqlite:203 - Set database path to: C:\Users\57310\.stmcufinder\plugins\mcufinder//mcu/cs/
2023-09-30 22:22:54,761 [INFO] RulesReader:64 - Compatibility file has been processed (293 Rules)
2023-09-30 22:22:54,838 [INFO] DbMcusXml:78 - Set database path to: C:\ST\STM32CubeIDE_1.13.2\STM32CubeIDE\plugins\com.st.stm32cube.common.mx_6.9.2.202309101412\\db\/mcu/
2023-09-30 22:22:54,838 [INFO] ApiDb:274 - Set plugin database path to: C:\ST\STM32CubeIDE_1.13.2\STM32CubeIDE\plugins\com.st.stm32cube.common.mx_6.9.2.202309101412\\db\/plugins/boardmanager/
2023-09-30 22:22:54,838 [INFO] ApiDb:261 - Set plugin images path to: C:\ST\STM32CubeIDE_1.13.2\STM32CubeIDE\plugins\com.st.stm32cube.common.mx_6.9.2.202309101412\\db\/plugins/mcufinder/images/
2023-09-30 22:22:54,838 [WARN] DbFile:41 - Overriding database path with different value: C:\Users\57310\.stmcufinder\plugins\mcufinder/ => C:\Users\57310\.stmcufinder\plugins\mcufinder
2023-09-30 22:22:54,839 [INFO] ApiDb:250 - Set database path to: C:\Users\57310\.stmcufinder\plugins\mcufinder//mcu/
2023-09-30 22:22:54,839 [WARN] DbFile:41 - Overriding database path with different value: C:\Users\57310\.stmcufinder\plugins\mcufinder/ => C:\Users\57310\.stmcufinder\plugins\mcufinder
2023-09-30 22:22:54,839 [INFO] DbMcusAds:125 - Set database path to: C:\Users\57310\.stmcufinder\plugins\mcufinder//mcu/
2023-09-30 22:22:54,839 [WARN] DbFile:41 - Overriding database path with different value: C:\Users\57310\.stmcufinder\plugins\mcufinder/ => C:\Users\57310\.stmcufinder\plugins\mcufinder
2023-09-30 22:22:54,839 [WARN] DbFile:41 - Overriding database path with different value: C:\Users\57310\.stmcufinder\plugins\mcufinder/ => C:\Users\57310\.stmcufinder\plugins\mcufinder
2023-09-30 22:22:54,839 [INFO] CrossReferenceDbSqlite:203 - Set database path to: C:\Users\57310\.stmcufinder\plugins\mcufinder//mcu/cs/
2023-09-30 22:22:54,895 [INFO] MainPanel:262 - HeapMemory: 268435456
2023-09-30 22:22:54,949 [INFO] DbMcusXml:78 - Set database path to: C:\ST\STM32CubeIDE_1.13.2\STM32CubeIDE\plugins\com.st.stm32cube.common.mx_6.9.2.202309101412\\db\/mcu/
2023-09-30 22:22:54,949 [INFO] ApiDb:274 - Set plugin database path to: C:\ST\STM32CubeIDE_1.13.2\STM32CubeIDE\plugins\com.st.stm32cube.common.mx_6.9.2.202309101412\\db\/plugins/boardmanager/
2023-09-30 22:22:54,949 [INFO] ApiDb:261 - Set plugin images path to: C:\ST\STM32CubeIDE_1.13.2\STM32CubeIDE\plugins\com.st.stm32cube.common.mx_6.9.2.202309101412\\db\/plugins/mcufinder/images/
2023-09-30 22:22:54,949 [WARN] DbFile:41 - Overriding database path with different value: C:\Users\57310\.stmcufinder\plugins\mcufinder/ => C:\Users\57310\.stmcufinder\plugins\mcufinder
2023-09-30 22:22:54,949 [INFO] ApiDb:250 - Set database path to: C:\Users\57310\.stmcufinder\plugins\mcufinder//mcu/
2023-09-30 22:22:54,949 [WARN] DbFile:41 - Overriding database path with different value: C:\Users\57310\.stmcufinder\plugins\mcufinder/ => C:\Users\57310\.stmcufinder\plugins\mcufinder
2023-09-30 22:22:54,949 [INFO] DbMcusAds:125 - Set database path to: C:\Users\57310\.stmcufinder\plugins\mcufinder//mcu/
2023-09-30 22:22:54,950 [WARN] DbFile:41 - Overriding database path with different value: C:\Users\57310\.stmcufinder\plugins\mcufinder/ => C:\Users\57310\.stmcufinder\plugins\mcufinder
2023-09-30 22:22:54,950 [WARN] DbFile:41 - Overriding database path with different value: C:\Users\57310\.stmcufinder\plugins\mcufinder/ => C:\Users\57310\.stmcufinder\plugins\mcufinder
2023-09-30 22:22:54,950 [INFO] CrossReferenceDbSqlite:203 - Set database path to: C:\Users\57310\.stmcufinder\plugins\mcufinder//mcu/cs/
2023-09-30 22:22:54,962 [INFO] ApplicationProperties:184 - Using Application install path: C:\ST\STM32CubeIDE_1.13.2\STM32CubeIDE\plugins\com.st.stm32cube.common.mx_6.9.2.202309101412
2023-09-30 22:22:54,964 [INFO] PluginManage:196 - Search for loadable plugins [exclusion list=, ]
2023-09-30 22:22:54,965 [INFO] PluginManage:310 - Check plugin analytics
2023-09-30 22:22:59,643 [INFO] AnalyticsPlugin:253 - Accepted Software Licenses: 
2023-09-30 22:22:59,644 [INFO] AnalyticsPlugin:255 - Accepted CMSIS Pack Licenses: 
2023-09-30 22:22:59,644 [INFO] AnalyticsPlugin:257 - Accepted Firmware Licenses: 
2023-09-30 22:22:59,647 [INFO] PluginManage:359 - Loaded plugin analytics (category:tool,tabindex:-1)
2023-09-30 22:22:59,647 [INFO] PluginManage:310 - Check plugin cadmodel
2023-09-30 22:22:59,652 [INFO] CADModel:105 - Init CAD model plugin
2023-09-30 22:22:59,652 [INFO] PluginManage:359 - Loaded plugin cadmodel (category:power,tabindex:5)
2023-09-30 22:22:59,653 [INFO] PluginManage:310 - Check plugin clock
2023-09-30 22:22:59,662 [INFO] PluginManage:359 - Loaded plugin clock (category:base,tabindex:2)
2023-09-30 22:22:59,663 [INFO] PluginManage:310 - Check plugin ddr
2023-09-30 22:22:59,665 [INFO] PluginManage:359 - Loaded plugin ddr (category:tool,tabindex:6)
2023-09-30 22:22:59,665 [INFO] PluginManage:310 - Check plugin filemanager
2023-09-30 22:22:59,789 [INFO] PluginManage:359 - Loaded plugin filemanager (category:base,tabindex:10)
2023-09-30 22:22:59,789 [INFO] PluginManage:310 - Check plugin ipmanager
2023-09-30 22:22:59,796 [INFO] PluginManage:359 - Loaded plugin ipmanager (category:base,tabindex:5)
2023-09-30 22:22:59,796 [INFO] PluginManage:310 - Check plugin lpbam
2023-09-30 22:22:59,807 [INFO] PluginManage:359 - Loaded plugin lpbam (category:base,tabindex:0)
2023-09-30 22:22:59,807 [INFO] PluginManage:310 - Check plugin memorymap
2023-09-30 22:22:59,824 [INFO] PluginManage:359 - Loaded plugin memorymap (category:base,tabindex:4)
2023-09-30 22:22:59,825 [INFO] PluginManage:310 - Check plugin pinoutandconfiguration
2023-09-30 22:22:59,835 [INFO] PluginManage:359 - Loaded plugin pinoutandconfiguration (category:base,tabindex:1)
2023-09-30 22:22:59,835 [INFO] PluginManage:310 - Check plugin pinoutconfig
2023-09-30 22:22:59,969 [WARN] SupportedApi:132 - Cannot load RTOS API schema: s4s-elt-must-match.1: The content of 'definitions' must match (annotation?, (simpleType | complexType)?, (unique | key | keyref)*)). A problem was found starting at: attribute.
2023-09-30 22:23:00,135 [INFO] PluginManage:359 - Loaded plugin pinoutconfig (category:base,tabindex:0)
2023-09-30 22:23:00,135 [INFO] PluginManage:310 - Check plugin power
2023-09-30 22:23:00,144 [INFO] PluginManage:359 - Loaded plugin power (category:power,tabindex:4)
2023-09-30 22:23:00,144 [INFO] PluginManage:310 - Check plugin projectmanager
2023-09-30 22:23:00,159 [INFO] PluginManage:359 - Loaded plugin projectmanager (category:projectmanager,tabindex:3)
2023-09-30 22:23:00,160 [INFO] PluginManage:310 - Check plugin thirdparty
2023-09-30 22:23:00,270 [INFO] PluginManage:359 - Loaded plugin thirdparty (category:base,tabindex:-1)
2023-09-30 22:23:00,270 [INFO] PluginManage:310 - Check plugin tools
2023-09-30 22:23:00,270 [WARN] IntegrityCheckThread:84 - waiting for thirdparty lock release [integrity check]
2023-09-30 22:23:00,270 [INFO] IntegrityCheckThread:86 - entering critical section [integrity check]
2023-09-30 22:23:00,271 [INFO] ThirdPartyUpdaterWithRetryManager:70 - Updater plugin not ready yet. [1/15]
2023-09-30 22:23:00,273 [INFO] PluginManage:359 - Loaded plugin tools (category:base,tabindex:7)
2023-09-30 22:23:00,273 [INFO] PluginManage:310 - Check plugin tutovideos
2023-09-30 22:23:00,413 [INFO] PluginManage:359 - Loaded plugin tutovideos (category:base,tabindex:-1)
2023-09-30 22:23:00,413 [INFO] PluginManage:310 - Check plugin updater
2023-09-30 22:23:00,422 [INFO] PluginManage:359 - Loaded plugin updater (category:base,tabindex:12)
2023-09-30 22:23:00,422 [INFO] PluginManage:310 - Check plugin userauth
2023-09-30 22:23:00,427 [INFO] UserAuth:113 - Init User Auth plugin
2023-09-30 22:23:00,427 [INFO] PluginManage:359 - Loaded plugin userauth (category:base,tabindex:14)
2023-09-30 22:23:00,427 [INFO] PluginManage:283 - PluginManage : Loaded plugins [17]
2023-09-30 22:23:00,594 [INFO] PinOutPanel:1499 - setPackage(No Configuration,No Configuration)
2023-09-30 22:23:00,685 [INFO] CADModel:165 - CPN selected for project level
2023-09-30 22:23:00,686 [INFO] CADModel:114 - Register for checkConnection events
2023-09-30 22:23:00,700 [INFO] IPUIPlugin:80 - create IPUIPlugin
2023-09-30 22:23:00,700 [INFO] PluginManager:220 - loadIPPluginJar : add adc
2023-09-30 22:23:00,702 [INFO] IPUIPlugin:80 - create IPUIPlugin
2023-09-30 22:23:00,703 [INFO] PluginManager:220 - loadIPPluginJar : add aes
2023-09-30 22:23:00,705 [INFO] IPUIPlugin:80 - create IPUIPlugin
2023-09-30 22:23:00,706 [INFO] PluginManager:220 - loadIPPluginJar : add can
2023-09-30 22:23:00,707 [INFO] IPUIPlugin:80 - create IPUIPlugin
2023-09-30 22:23:00,707 [INFO] PluginManager:220 - loadIPPluginJar : add comp
2023-09-30 22:23:00,710 [INFO] IPUIPlugin:80 - create IPUIPlugin
2023-09-30 22:23:00,710 [INFO] PluginManager:220 - loadIPPluginJar : add cryp
2023-09-30 22:23:00,712 [INFO] IPUIPlugin:80 - create IPUIPlugin
2023-09-30 22:23:00,712 [INFO] PluginManager:220 - loadIPPluginJar : add dfsdm
2023-09-30 22:23:00,718 [INFO] IPUIPlugin:80 - create IPUIPlugin
2023-09-30 22:23:00,718 [INFO] PluginManager:220 - loadIPPluginJar : add dma
2023-09-30 22:23:00,721 [INFO] IPUIPlugin:80 - create IPUIPlugin
2023-09-30 22:23:00,721 [INFO] PluginManager:220 - loadIPPluginJar : add dma3
2023-09-30 22:23:00,723 [INFO] IPUIPlugin:80 - create IPUIPlugin
2023-09-30 22:23:00,723 [INFO] PluginManager:220 - loadIPPluginJar : add fatfs
2023-09-30 22:23:00,727 [INFO] IPUIPlugin:80 - create IPUIPlugin
2023-09-30 22:23:00,727 [INFO] PluginManager:220 - loadIPPluginJar : add fmc
2023-09-30 22:23:00,732 [INFO] IPUIPlugin:80 - create IPUIPlugin
2023-09-30 22:23:00,732 [INFO] PluginManager:220 - loadIPPluginJar : add freertos
2023-09-30 22:23:00,734 [INFO] IPUIPlugin:80 - create IPUIPlugin
2023-09-30 22:23:00,734 [INFO] PluginManager:220 - loadIPPluginJar : add genericplugin
2023-09-30 22:23:00,737 [INFO] IPUIPlugin:80 - create IPUIPlugin
2023-09-30 22:23:00,737 [INFO] PluginManager:220 - loadIPPluginJar : add gfxmmu
2023-09-30 22:23:00,741 [INFO] IPUIPlugin:80 - create IPUIPlugin
2023-09-30 22:23:00,742 [INFO] PluginManager:220 - loadIPPluginJar : add gic
2023-09-30 22:23:00,746 [INFO] IPUIPlugin:80 - create IPUIPlugin
2023-09-30 22:23:00,746 [INFO] PluginManager:220 - loadIPPluginJar : add gpio
2023-09-30 22:23:00,748 [INFO] IPUIPlugin:80 - create IPUIPlugin
2023-09-30 22:23:00,749 [INFO] PluginManager:220 - loadIPPluginJar : add gtzc
2023-09-30 22:23:00,751 [INFO] IPUIPlugin:80 - create IPUIPlugin
2023-09-30 22:23:00,751 [INFO] PluginManager:220 - loadIPPluginJar : add hash
2023-09-30 22:23:00,754 [INFO] IPUIPlugin:80 - create IPUIPlugin
2023-09-30 22:23:00,754 [INFO] PluginManager:220 - loadIPPluginJar : add i2c
2023-09-30 22:23:00,757 [INFO] IPUIPlugin:80 - create IPUIPlugin
2023-09-30 22:23:00,757 [INFO] PluginManager:220 - loadIPPluginJar : add i2s
2023-09-30 22:23:00,760 [INFO] IPUIPlugin:80 - create IPUIPlugin
2023-09-30 22:23:00,760 [INFO] PluginManager:220 - loadIPPluginJar : add i3c
2023-09-30 22:23:00,763 [INFO] IPUIPlugin:80 - create IPUIPlugin
2023-09-30 22:23:00,763 [INFO] PluginManager:220 - loadIPPluginJar : add ipddr
2023-09-30 22:23:00,769 [INFO] IPUIPlugin:80 - create IPUIPlugin
2023-09-30 22:23:00,770 [INFO] PluginManager:220 - loadIPPluginJar : add linkedlist
2023-09-30 22:23:00,773 [INFO] IPUIPlugin:80 - create IPUIPlugin
2023-09-30 22:23:00,773 [INFO] PluginManager:220 - loadIPPluginJar : add lorawan
2023-09-30 22:23:00,774 [INFO] IPUIPlugin:80 - create IPUIPlugin
2023-09-30 22:23:00,774 [INFO] PluginManager:220 - loadIPPluginJar : add ltdc
2023-09-30 22:23:00,779 [INFO] IPUIPlugin:80 - create IPUIPlugin
2023-09-30 22:23:00,780 [INFO] PluginManager:220 - loadIPPluginJar : add mdma
2023-09-30 22:23:00,783 [INFO] IPUIPlugin:80 - create IPUIPlugin
2023-09-30 22:23:00,783 [INFO] PluginManager:220 - loadIPPluginJar : add nvic
2023-09-30 22:23:00,787 [INFO] IPUIPlugin:80 - create IPUIPlugin
2023-09-30 22:23:00,787 [INFO] PluginManager:220 - loadIPPluginJar : add opamp
2023-09-30 22:23:00,793 [INFO] IPUIPlugin:80 - create IPUIPlugin
2023-09-30 22:23:00,793 [INFO] PluginManager:220 - loadIPPluginJar : add openamp
2023-09-30 22:23:00,799 [INFO] IPUIPlugin:80 - create IPUIPlugin
2023-09-30 22:23:00,799 [INFO] PluginManager:220 - loadIPPluginJar : add pdm2pcm
2023-09-30 22:23:00,806 [INFO] IPUIPlugin:80 - create IPUIPlugin
2023-09-30 22:23:00,808 [INFO] PluginManager:220 - loadIPPluginJar : add plateformsettings
2023-09-30 22:23:00,810 [INFO] IPUIPlugin:80 - create IPUIPlugin
2023-09-30 22:23:00,810 [INFO] PluginManager:220 - loadIPPluginJar : add quadspi
2023-09-30 22:23:00,815 [INFO] IPUIPlugin:80 - create IPUIPlugin
2023-09-30 22:23:00,815 [INFO] PluginManager:220 - loadIPPluginJar : add resmgrutility
2023-09-30 22:23:00,818 [INFO] IPUIPlugin:80 - create IPUIPlugin
2023-09-30 22:23:00,818 [INFO] PluginManager:220 - loadIPPluginJar : add sai
2023-09-30 22:23:00,821 [INFO] IPUIPlugin:80 - create IPUIPlugin
2023-09-30 22:23:00,821 [INFO] PluginManager:220 - loadIPPluginJar : add spi
2023-09-30 22:23:00,826 [INFO] IPUIPlugin:80 - create IPUIPlugin
2023-09-30 22:23:00,826 [INFO] PluginManager:220 - loadIPPluginJar : add stm32_wpan
2023-09-30 22:23:00,828 [INFO] IPUIPlugin:80 - create IPUIPlugin
2023-09-30 22:23:00,828 [INFO] PluginManager:220 - loadIPPluginJar : add tim
2023-09-30 22:23:00,831 [INFO] IPUIPlugin:80 - create IPUIPlugin
2023-09-30 22:23:00,832 [INFO] PluginManager:220 - loadIPPluginJar : add touchsensing
2023-09-30 22:23:00,834 [INFO] IPUIPlugin:80 - create IPUIPlugin
2023-09-30 22:23:00,834 [INFO] PluginManager:220 - loadIPPluginJar : add tracer_emb
2023-09-30 22:23:00,836 [INFO] IPUIPlugin:80 - create IPUIPlugin
2023-09-30 22:23:00,836 [INFO] PluginManager:220 - loadIPPluginJar : add ts
2023-09-30 22:23:00,837 [INFO] IPUIPlugin:80 - create IPUIPlugin
2023-09-30 22:23:00,837 [INFO] PluginManager:220 - loadIPPluginJar : add tsc
2023-09-30 22:23:00,839 [INFO] IPUIPlugin:80 - create IPUIPlugin
2023-09-30 22:23:00,839 [INFO] PluginManager:220 - loadIPPluginJar : add ucpd
2023-09-30 22:23:00,842 [INFO] IPUIPlugin:80 - create IPUIPlugin
2023-09-30 22:23:00,843 [INFO] PluginManager:220 - loadIPPluginJar : add usart
2023-09-30 22:23:00,845 [INFO] IPUIPlugin:80 - create IPUIPlugin
2023-09-30 22:23:00,846 [INFO] PluginManager:220 - loadIPPluginJar : add usbx
2023-09-30 22:23:00,957 [INFO] CADModel:165 - CPN selected for project level
2023-09-30 22:23:00,957 [INFO] CADModel:114 - Register for checkConnection events
2023-09-30 22:23:00,958 [FATAL] Updater:308 - Updater called before beeing initialized
2023-09-30 22:23:00,958 [ERROR] CADModel:125 - Updater not yet initialized, retry later 
2023-09-30 22:23:01,063 [INFO] CADModel:165 - CPN selected for project level
2023-09-30 22:23:01,063 [INFO] CADModel:114 - Register for checkConnection events
2023-09-30 22:23:01,063 [FATAL] Updater:308 - Updater called before beeing initialized
2023-09-30 22:23:01,063 [ERROR] CADModel:125 - Updater not yet initialized, retry later 
2023-09-30 22:23:01,066 [FATAL] Updater:308 - Updater called before beeing initialized
2023-09-30 22:23:01,160 [FATAL] Updater:308 - Updater called before beeing initialized
2023-09-30 22:23:01,165 [INFO] DbMcusAds:53 - JSON generation date=Tue Mar 07 03:50:55 COT 2023 (1678179055114)
2023-09-30 22:23:01,165 [FATAL] Updater:308 - Updater called before beeing initialized
2023-09-30 22:23:01,198 [WARN] DetailPanel:346 - Failed to get advertising image, set to default
2023-09-30 22:23:01,348 [FATAL] Updater:308 - Updater called before beeing initialized
2023-09-30 22:23:01,350 [FATAL] Updater:308 - Updater called before beeing initialized
2023-09-30 22:23:01,350 [FATAL] Updater:308 - Updater called before beeing initialized
2023-09-30 22:23:01,350 [WARN] DetailPanel:346 - Failed to get advertising image, set to default
2023-09-30 22:23:01,351 [FATAL] Updater:308 - Updater called before beeing initialized
2023-09-30 22:23:01,387 [ERROR] Updater:1120 - MainUpdater not yet initialized. External WinMGr cannot be set.
2023-09-30 22:23:01,390 [INFO] Updater:1056 - Updater Version found : 6.9.2
2023-09-30 22:23:01,407 [INFO] ApplicationProperties:184 - Using Application install path: C:\ST\STM32CubeIDE_1.13.2\STM32CubeIDE\plugins\com.st.stm32cube.common.mx_6.9.2.202309101412
2023-09-30 22:23:01,680 [INFO] MainUpdater:2868 - connection check result : 10
2023-09-30 22:23:01,681 [INFO] MainUpdater:285 - Updater Check For Update Now.
2023-09-30 22:23:01,681 [INFO] MicroXplorer:498 - Change Database Version : DB.6.0.92
2023-09-30 22:23:01,687 [INFO] McuFinderGlobals:63 - Set McuFinder mode to 2 (CubeIDE integrated)
2023-09-30 22:23:01,687 [INFO] UserAuth:179 - activating auth plugin
2023-09-30 22:23:01,690 [INFO] UserAuth:393 - Internet connection configuration mode: 1
2023-09-30 22:23:01,708 [INFO] JxBrowserEngine:151 - Initiate JxBrowser Engine with user profile folder
2023-09-30 22:23:01,874 [INFO] CheckServerUpdateThread:120 - End of CheckServer Thread
2023-09-30 22:23:02,949 [INFO] WebApp:157 - Instantiating new browser for Auth
2023-09-30 22:23:03,621 [WARN] PackLoader:240 - Cannot read IP mode file for STMicroelectronics.X-CUBE-SMBUS.2.1.0
2023-09-30 22:23:03,643 [WARN] PackLoader:240 - Cannot read IP mode file for STMicroelectronics.X-CUBE-SUBG2.4.1.0
2023-09-30 22:23:04,042 [WARN] PackLoader:240 - Cannot read IP mode file for STMicroelectronics.X-CUBE-MEMS1.9.2.0
2023-09-30 22:23:04,236 [WARN] PackLoader:240 - Cannot read IP mode file for STMicroelectronics.X-CUBE-AZRTOS-F7.1.1.0
2023-09-30 22:23:04,248 [WARN] PackLoader:240 - Cannot read IP mode file for STMicroelectronics.X-CUBE-AI.7.1.0
2023-09-30 22:23:04,269 [WARN] PackLoader:240 - Cannot read IP mode file for STMicroelectronics.X-CUBE-TOUCHGFX.4.19.1
2023-09-30 22:23:04,280 [WARN] PackLoader:240 - Cannot read IP mode file for STMicroelectronics.FP-SNS-MOTENV1.4.3.2
2023-09-30 22:23:04,287 [ERROR] RealEvaluatedCondition:428 - Found unsupported composite condition: CLASS='Data Exchange' GROUP='STM32_MetaDataManager'
2023-09-30 22:23:04,287 [ERROR] RealEvaluatedCondition:428 - Found unsupported composite condition: CLASS='Data Exchange' GROUP='STM32_MetaDataManager'
2023-09-30 22:23:04,289 [WARN] PackLoader:240 - Cannot read IP mode file for STMicroelectronics.FP-SNS-MOTENV1.4.3.1
2023-09-30 22:23:04,298 [WARN] PackLoader:240 - Cannot read IP mode file for STMicroelectronics.FP-SNS-FLIGHT1.5.0.1
2023-09-30 22:23:04,328 [WARN] PackLoader:240 - Cannot read IP mode file for STMicroelectronics.X-CUBE-BLE1.6.2.3
2023-09-30 22:23:04,333 [WARN] PackLoader:240 - Cannot read IP mode file for STMicroelectronics.X-CUBE-EEPRMA1.3.0.0
2023-09-30 22:23:04,340 [WARN] PackLoader:240 - Cannot read IP mode file for STMicroelectronics.X-CUBE-BLE1.6.2.4
2023-09-30 22:23:04,379 [WARN] PackLoader:240 - Cannot read IP mode file for STMicroelectronics.X-CUBE-BLE1.6.2.0
2023-09-30 22:23:04,407 [INFO] WebApp:753 - Register for checkConnection events
2023-09-30 22:23:04,407 [INFO] WebApp:390 - Apply proxy settings
2023-09-30 22:23:04,408 [INFO] WebApp:475 - Chromium requires no authentication
2023-09-30 22:23:04,414 [INFO] WebApp:418 - Direct internet connection detected
2023-09-30 22:23:04,572 [INFO] WebApp:188 - Starting web application
2023-09-30 22:23:04,573 [INFO] WebApp:520 - Web application path used C:\ST\STM32CubeIDE_1.13.2\STM32CubeIDE\plugins\com.st.stm32cube.common.mx_6.9.2.202309101412\db\plugins\mcufinder\reactClient1\index.html
2023-09-30 22:23:04,603 [WARN] PackLoader:240 - Cannot read IP mode file for STMicroelectronics.FP-SNS-FLIGHT1.5.0.2
2023-09-30 22:23:04,611 [WARN] PackLoader:240 - Cannot read IP mode file for STMicroelectronics.X-CUBE-BLE2.3.2.2
2023-09-30 22:23:04,617 [WARN] PackLoader:240 - Cannot read IP mode file for STMicroelectronics.X-CUBE-BLE2.3.2.0
2023-09-30 22:23:04,626 [WARN] PackLoader:240 - Cannot read IP mode file for STMicroelectronics.X-CUBE-DISPLAY.3.0.0
2023-09-30 22:23:04,634 [WARN] PackLoader:240 - Cannot read IP mode file for STMicroelectronics.X-CUBE-BLE1.7.0.0
2023-09-30 22:23:04,640 [WARN] PackLoader:240 - Cannot read IP mode file for emotas.I-CUBE-CANOPEN.1.3.0
2023-09-30 22:23:04,644 [WARN] PackLoader:240 - Cannot read IP mode file for STMicroelectronics.X-CUBE-TOUCHGFX.4.22.0
2023-09-30 22:23:04,658 [WARN] PackLoader:240 - Cannot read IP mode file for STMicroelectronics.X-CUBE-AZRTOS-H7.1.0.0
2023-09-30 22:23:04,885 [WARN] PackLoader:240 - Cannot read IP mode file for STMicroelectronics.X-CUBE-MEMS1.9.3.0
2023-09-30 22:23:04,941 [INFO] McuFinderGlobals:63 - Set McuFinder mode to 2 (CubeIDE integrated)
2023-09-30 22:23:04,947 [INFO] MainUpdater:2868 - connection check result : 10
2023-09-30 22:23:05,188 [WARN] PackLoader:240 - Cannot read IP mode file for STMicroelectronics.FP-SNS-SMARTAG2.1.2.0
2023-09-30 22:23:05,480 [INFO] LogOutputStream:77 - [STDOUT_REDIRECT] 1 : Invalid condition id : UX_CORESTACK_Condition cause : null
2023-09-30 22:23:05,481 [INFO] LogOutputStream:77 - [STDOUT_REDIRECT] 1 : Invalid condition id : UX_CORESTACK_Condition cause : null
2023-09-30 22:23:05,482 [INFO] LogOutputStream:77 - [STDOUT_REDIRECT] 1 : Invalid condition id : UX_CORESTACK_Condition cause : null
2023-09-30 22:23:05,483 [INFO] LogOutputStream:77 - [STDOUT_REDIRECT] 1 : Invalid condition id : UX_CORESTACK_Condition cause : null
2023-09-30 22:23:05,485 [INFO] LogOutputStream:77 - [STDOUT_REDIRECT] 1 : Invalid condition id : UX_CORESTACK_Condition cause : null
2023-09-30 22:23:05,488 [WARN] PackLoader:240 - Cannot read IP mode file for STMicroelectronics.X-CUBE-AZRTOS-WL.2.0.0
2023-09-30 22:23:05,630 [WARN] PackLoader:240 - Cannot read IP mode file for STMicroelectronics.X-CUBE-ALGOBUILD.1.2.0
2023-09-30 22:23:05,881 [WARN] PackLoader:240 - Cannot read IP mode file for WES.I-CUBE-Cesium.1.3.0
2023-09-30 22:23:06,485 [WARN] PackLoader:240 - Cannot read IP mode file for STMicroelectronics.X-CUBE-BLE2.3.3.0
2023-09-30 22:23:06,537 [INFO] ApiDb:581 - Connected to CubeFinder SQLite database (C:\Users\57310\.stmcufinder\plugins\mcufinder\mcu\cube-finder-db.db)
2023-09-30 22:23:06,654 [WARN] PackLoader:240 - Cannot read IP mode file for STMicroelectronics.X-CUBE-DISPLAY.2.2.0
2023-09-30 22:23:06,713 [INFO] ApiDb:668 - CubeFinder database Data Model version=2.1
2023-09-30 22:23:06,713 [INFO] ApiDb:669 - CubeFinder database Configuration version=3.0.37
2023-09-30 22:23:06,713 [INFO] ApiDb:670 - CubeFinder database generation date=2023-08-09 (1691586011)
2023-09-30 22:23:06,713 [INFO] ApiDb:671 - CubeFinder database FW Pack versions=[FP-ATR-ASTRA1_V2.0.0, FP-SNS-FLIGHT1_V5.0.1, FP-SNS-FLIGHT1_V5.0.2, FP-SNS-MOTENV1_V4.3.1, FP-SNS-MOTENV1_V4.3.2, STM32Cube_FW_C0_V1.1.0, STM32Cube_FW_F4_V1.27.1, STM32Cube_FW_F7_V1.17.0, STM32Cube_FW_G0_V1.6.1, STM32Cube_FW_G4_V1.5.1, STM32Cube_FW_H5_V0.5.1, STM32Cube_FW_H5_V1.1.0, STM32Cube_FW_H7_V1.11.0, STM32Cube_FW_L0_V1.12.2, STM32Cube_FW_L5_V1.5.0, STM32Cube_FW_U5_V1.3.0, STM32Cube_FW_U5_V1.3.0RC4, STM32Cube_FW_WBA_V1.0.0RC1, STM32Cube_FW_WBA_V1.1.0, STM32Cube_FW_WBA_V1.1.0RC1, STM32Cube_FW_WB_V1.15.0RC1, STM32Cube_FW_WB_V1.16.0, STM32Cube_FW_WB_V1.16.0RC2, STM32Cube_FW_WB_V1.17.0, STM32Cube_FW_WL_V1.3.0, X-CUBE-ALGOBUILD_V1.3.0, X-CUBE-ALS_V1.0.1, X-CUBE-AZRTOS-F4_V1.1.0, X-CUBE-AZRTOS-F7_V1.1.0, X-CUBE-AZRTOS-G0_V1.1.0, X-CUBE-AZRTOS-G4_V2.0.0, X-CUBE-AZRTOS-H7_V3.1.0, X-CUBE-AZRTOS-L4_V1.0.0, X-CUBE-AZRTOS-L4_V2.0.0, X-CUBE-AZRTOS-L5_V1.1.0, X-CUBE-AZRTOS-WB_V1.1.0, X-CUBE-AZRTOS-WL_V2.0.0, X-CUBE-BLE1_V7.0.0, X-CUBE-BLE2_V3.3.0, X-CUBE-BLEMGR_V2.0.0, X-CUBE-EEPRMA1_V4.1.0, X-CUBE-FREERTOS_V1.1.0, X-CUBE-GNSS1_V6.0.0, X-CUBE-MEMS1_V9.1.0, X-CUBE-MEMS1_V9.4.0, X-CUBE-MEMS1_V9.6.0, X-CUBE-NFC4_V3.0.0, X-CUBE-NFC7_V1.0.0, X-CUBE-SFXS2LP1_V4.0.0, X-CUBE-SUBG2_V5.0.0, X-CUBE-TOF1_V3.3.1]
2023-09-30 22:23:06,779 [INFO] DbBoardsSqlite:226 - include board P-NUCLEO-WB55-NUCLEO as a kit item of type 'Nucleo-64'
2023-09-30 22:23:06,779 [INFO] DbBoardsSqlite:226 - include board P-NUCLEO-WB55-USBDONGLE as a kit item of type 'Nucleo USB Dongle'
2023-09-30 22:23:06,779 [INFO] DbBoardsSqlite:226 - include board STEVAL-IDP005V1 as a kit item of type 'Evaluation Board'
2023-09-30 22:23:06,780 [INFO] DbBoardsSqlite:226 - include board STEVAL-IDP005V2 as a kit item of type 'Evaluation Board'
2023-09-30 22:23:06,824 [WARN] PackLoader:240 - Cannot read IP mode file for STMicroelectronics.X-CUBE-TOF1.3.2.0
2023-09-30 22:23:06,836 [INFO] ApiDb:240 - Found 323 in-development CPN: [B-G473E-ZEST1S, B-WB1M-WPAN1, B-WL5M-SUBG1, NUCLEO-C031C6, NUCLEO-H503RB, NUCLEO-H563ZI, NUCLEO-U545RE-Q, NUCLEO-U5A5ZJ-Q, NUCLEO-WBA52CG, STEVAL-PROTEUS1, STEVAL-SMARTAG2, STEVAL-STWINBX1, STM320518-EVAL, STM32C0116-DK, STM32C011D6Y3TR, STM32C011D6Y6TR, STM32C011F4P3, STM32C011F4P6, STM32C011F4U3, STM32C011F4U6TR, STM32C011F6P3, STM32C011F6P6, STM32C011F6U3, STM32C011F6U6TR, STM32C011J4M3, STM32C011J4M6, STM32C011J6M3, STM32C011J6M6, STM32C0316-DK, STM32C031C4T3, STM32C031C4T6, STM32C031C4U3, STM32C031C4U6, STM32C031C6T3, STM32C031C6T6, STM32C031C6U3, STM32C031C6U6, STM32C031F4P3, STM32C031F4P6, STM32C031F6P3, STM32C031F6P6, STM32C031G4U3, STM32C031G4U6, STM32C031G6U3, STM32C031G6U6, STM32C031K4T3, STM32C031K4T6, STM32C031K4U3, STM32C031K4U6, STM32C031K6T3, STM32C031K6T6, STM32C031K6U3, STM32C031K6U6, STM32G071K8TXN, STM32G071K8UXN, STM32G081GBU6N, STM32G081KBT6N, STM32G081KBUXN, STM32G0B1CCT6N, STM32G0B1KCT6, STM32G0B1NEY6TR, STM32G0B1RCT6N, STM32G0C1CCT6, STM32G0C1CCT6N, STM32G0C1CCU6N, STM32G0C1CET6N, STM32G0C1CEU6N, STM32G0C1KCT6, STM32G0C1NEY6TR, STM32G0C1RCI6N, STM32G0C1RCT6N, STM32G0C1REI6N, STM32G0C1RET6N, STM32G0C1VCI6, STM32G0C1VEI6, STM32G471CCT6, STM32G471CCU6, STM32G471CET3, STM32G471CET6, STM32G471CEU3, STM32G471CEU6, STM32G471MCT6, STM32G471MET3, STM32G471MET6, STM32G471MEY6TR, STM32G471QCT6, STM32G471QET3, STM32G471RCT6, STM32G471RET3, STM32G471RET6, STM32G471VCH6, STM32G471VCI6, STM32G471VCT6, STM32G471VEH3, STM32G471VEH6, STM32G471VEI3, STM32G471VEI6, STM32G471VET3, STM32G471VET6, STM32G474CCT6, STM32H503CBT6, STM32H503CBU6, STM32H503EBY6TR, STM32H503KBU6, STM32H503RBT6, STM32H562AGI6, STM32H562AII6, STM32H562IGK6, STM32H562IGT6, STM32H562IIK6, STM32H562IIT6, STM32H562RGT6, STM32H562RGV6, STM32H562RIT6, STM32H562RIV6, STM32H562VGT6, STM32H562VIT6, STM32H562ZGT6, STM32H562ZIT6, STM32H563AGI6, STM32H563AII3Q, STM32H563AII6, STM32H563IGK6, STM32H563IGT6, STM32H563IIK3Q, STM32H563IIK6, STM32H563IIT3Q, STM32H563IIT6, STM32H563MIY3QTR, STM32H563RGT6, STM32H563RGV6, STM32H563RIT6, STM32H563RIV6, STM32H563VGT6, STM32H563VIT3Q, STM32H563VIT6, STM32H563ZGT6, STM32H563ZIT3Q, STM32H563ZIT6, STM32H573AII3Q, STM32H573AII6, STM32H573I-DK, STM32H573IIK3Q, STM32H573IIK6, STM32H573IIT3Q, STM32H573IIT6, STM32H573MIY3QTR, STM32H573RIT6, STM32H573RIV6, STM32H573VIT3Q, STM32H573VIT6, STM32H573ZIT3Q, STM32H573ZIT6, STM32L4R5QGI6STR, STM32MP131AAE3, STM32MP131AAF3, STM32MP131AAG3, STM32MP131CAE3, STM32MP131CAF3, STM32MP131CAG3, STM32MP131DAE7, STM32MP131DAF7, STM32MP131DAG7, STM32MP131FAE7, STM32MP131FAF7, STM32MP131FAG7, STM32MP133AAE3, STM32MP133AAF3, STM32MP133AAG3, STM32MP133CAE3, STM32MP133CAF3, STM32MP133CAG3, STM32MP133DAE7, STM32MP133DAF7, STM32MP133DAG7, STM32MP133FAE7, STM32MP133FAF7, STM32MP133FAG7, STM32MP135AAE3, STM32MP135AAF3, STM32MP135AAG3, STM32MP135CAE3, STM32MP135CAF3, STM32MP135CAG3, STM32MP135DAE7, STM32MP135DAF7, STM32MP135DAG7, STM32MP135F-DK, STM32MP135FAE7, STM32MP135FAF7, STM32MP135FAF7T, STM32MP135FAF7U, STM32MP135FAG7, STM32U535CBT6, STM32U535CBT6Q, STM32U535CBU6, STM32U535CBU6Q, STM32U535CCT6, STM32U535CCT6Q, STM32U535CCU6, STM32U535CCU6Q, STM32U535CET6, STM32U535CET6Q, STM32U535CEU6, STM32U535CEU6Q, STM32U535JEY6QTR, STM32U535NCY6QTR, STM32U535NEY6QTR, STM32U535RBI6, STM32U535RBI6Q, STM32U535RBT6, STM32U535RBT6Q, STM32U535RCI6, STM32U535RCI6Q, STM32U535RCT6, STM32U535RCT6Q, STM32U535REI6, STM32U535REI6Q, STM32U535RET6, STM32U535RET6Q, STM32U535VCI6, STM32U535VCI6Q, STM32U535VCT6, STM32U535VCT6Q, STM32U535VEI6, STM32U535VEI6Q, STM32U535VET6, STM32U535VET6Q, STM32U545CET6, STM32U545CET6Q, STM32U545CEU6, STM32U545CEU6Q, STM32U545JEY6QTR, STM32U545NEY6QTR, STM32U545REI6, STM32U545REI6Q, STM32U545RET6, STM32U545RET6Q, STM32U545VEI6, STM32U545VEI6Q, STM32U545VET6, STM32U545VET6Q, STM32U595AIH6, STM32U595AIH6Q, STM32U595AJH6, STM32U595AJH6Q, STM32U595QII6, STM32U595QII6Q, STM32U595QJI6, STM32U595QJI6Q, STM32U595RIT6, STM32U595RIT6Q, STM32U595RJT6, STM32U595RJT6Q, STM32U595VIT6, STM32U595VIT6Q, STM32U595VJT6, STM32U595VJT6Q, STM32U595ZIT6, STM32U595ZIT6Q, STM32U595ZIY6QTR, STM32U595ZJT6, STM32U595ZJT6Q, STM32U595ZJY6QTR, STM32U599BJY6QTR, STM32U599NIH6Q, STM32U599NJH6Q, STM32U599VIT6Q, STM32U599VJT6, STM32U599VJT6Q, STM32U599ZIT6Q, STM32U599ZIY6QTR, STM32U599ZJT6Q, STM32U599ZJY6QTR, STM32U5A5AJH6, STM32U5A5AJH6Q, STM32U5A5QJI6, STM32U5A5QJI6Q, STM32U5A5RJT6, STM32U5A5RJT6Q, STM32U5A5VJT6, STM32U5A5VJT6Q, STM32U5A5ZJT6, STM32U5A5ZJT6Q, STM32U5A5ZJY6QTR, STM32U5A9BJY6QTR, STM32U5A9J-DK, STM32U5A9NJH6Q, STM32U5A9VJT6Q, STM32U5A9ZJT6Q, STM32U5A9ZJY6QTR, STM32U5F7VIT6, STM32U5F7VIT6Q, STM32U5F7VJT6, STM32U5F7VJT6Q, STM32U5F9BJY6QTR, STM32U5F9NJH6Q, STM32U5F9VIT6Q, STM32U5F9VJT6Q, STM32U5F9ZIJ6QTR, STM32U5F9ZIT6Q, STM32U5F9ZJJ6QTR, STM32U5F9ZJT6Q, STM32U5G7VJT6, STM32U5G7VJT6Q, STM32U5G9BJY6QTR, STM32U5G9J-DK1, STM32U5G9J-DK2, STM32U5G9NJH6Q, STM32U5G9VJT6Q, STM32U5G9ZJJ6QTR, STM32U5G9ZJT6Q, STM32WB1MMCH6, STM32WBA52CEU6, STM32WBA52CEU6T, STM32WBA52CGU6, STM32WBA52CGU6T, STM32WBA52KEU6, STM32WBA52KEU6T, STM32WBA52KGU6, STM32WBA52KGU6T, STM32WL5MOCH6, STM32WL5MOCH6TR]
2023-09-30 22:23:06,866 [WARN] PackLoader:240 - Cannot read IP mode file for STMicroelectronics.X-CUBE-AZRTOS-H7.2.1.0
2023-09-30 22:23:06,939 [INFO] BoardInfo:880 - No configuration file found for board P-NUCLEO-WB55
2023-09-30 22:23:06,939 [INFO] DbBoards:157 - Kit is not supported: P-NUCLEO-WB55
2023-09-30 22:23:06,943 [INFO] BoardInfo:880 - No configuration file found for board STEVAL-BFA001V1B
2023-09-30 22:23:06,944 [INFO] DbBoards:157 - Kit is not supported: STEVAL-BFA001V1B
2023-09-30 22:23:06,945 [INFO] BoardInfo:880 - No configuration file found for board STEVAL-BFA001V2B
2023-09-30 22:23:06,945 [INFO] DbBoards:157 - Kit is not supported: STEVAL-BFA001V2B
2023-09-30 22:23:07,051 [INFO] DbBoards:161 - Found 190 boards, 187 are supported
2023-09-30 22:23:07,053 [INFO] ApiDb:668 - CubeFinder database Data Model version=2.1
2023-09-30 22:23:07,053 [INFO] ApiDb:669 - CubeFinder database Configuration version=3.0.37
2023-09-30 22:23:07,053 [INFO] ApiDb:670 - CubeFinder database generation date=2023-08-09 (1691586011)
2023-09-30 22:23:07,054 [INFO] ApiDb:671 - CubeFinder database FW Pack versions=[FP-ATR-ASTRA1_V2.0.0, FP-SNS-FLIGHT1_V5.0.1, FP-SNS-FLIGHT1_V5.0.2, FP-SNS-MOTENV1_V4.3.1, FP-SNS-MOTENV1_V4.3.2, STM32Cube_FW_C0_V1.1.0, STM32Cube_FW_F4_V1.27.1, STM32Cube_FW_F7_V1.17.0, STM32Cube_FW_G0_V1.6.1, STM32Cube_FW_G4_V1.5.1, STM32Cube_FW_H5_V0.5.1, STM32Cube_FW_H5_V1.1.0, STM32Cube_FW_H7_V1.11.0, STM32Cube_FW_L0_V1.12.2, STM32Cube_FW_L5_V1.5.0, STM32Cube_FW_U5_V1.3.0, STM32Cube_FW_U5_V1.3.0RC4, STM32Cube_FW_WBA_V1.0.0RC1, STM32Cube_FW_WBA_V1.1.0, STM32Cube_FW_WBA_V1.1.0RC1, STM32Cube_FW_WB_V1.15.0RC1, STM32Cube_FW_WB_V1.16.0, STM32Cube_FW_WB_V1.16.0RC2, STM32Cube_FW_WB_V1.17.0, STM32Cube_FW_WL_V1.3.0, X-CUBE-ALGOBUILD_V1.3.0, X-CUBE-ALS_V1.0.1, X-CUBE-AZRTOS-F4_V1.1.0, X-CUBE-AZRTOS-F7_V1.1.0, X-CUBE-AZRTOS-G0_V1.1.0, X-CUBE-AZRTOS-G4_V2.0.0, X-CUBE-AZRTOS-H7_V3.1.0, X-CUBE-AZRTOS-L4_V1.0.0, X-CUBE-AZRTOS-L4_V2.0.0, X-CUBE-AZRTOS-L5_V1.1.0, X-CUBE-AZRTOS-WB_V1.1.0, X-CUBE-AZRTOS-WL_V2.0.0, X-CUBE-BLE1_V7.0.0, X-CUBE-BLE2_V3.3.0, X-CUBE-BLEMGR_V2.0.0, X-CUBE-EEPRMA1_V4.1.0, X-CUBE-FREERTOS_V1.1.0, X-CUBE-GNSS1_V6.0.0, X-CUBE-MEMS1_V9.1.0, X-CUBE-MEMS1_V9.4.0, X-CUBE-MEMS1_V9.6.0, X-CUBE-NFC4_V3.0.0, X-CUBE-NFC7_V1.0.0, X-CUBE-SFXS2LP1_V4.0.0, X-CUBE-SUBG2_V5.0.0, X-CUBE-TOF1_V3.3.1]
2023-09-30 22:23:07,203 [WARN] PackLoader:240 - Cannot read IP mode file for STMicroelectronics.X-CUBE-TOUCHGFX.4.21.1
2023-09-30 22:23:07,365 [WARN] PackLoader:240 - Cannot read IP mode file for STMicroelectronics.X-CUBE-TOUCHGFX.4.21.0
2023-09-30 22:23:07,367 [WARN] PackLoader:240 - Cannot read IP mode file for STMicroelectronics.X-CUBE-TOUCHGFX.4.21.4
2023-09-30 22:23:07,511 [WARN] PackLoader:240 - Cannot read IP mode file for STMicroelectronics.X-CUBE-MEMS1.9.4.0
2023-09-30 22:23:07,670 [WARN] PackLoader:240 - Cannot read IP mode file for STMicroelectronics.X-CUBE-AI.7.3.0
2023-09-30 22:23:07,674 [WARN] PackLoader:240 - Cannot read IP mode file for STMicroelectronics.X-CUBE-ALGOBUILD.1.3.0
2023-09-30 22:23:07,738 [WARN] PackLoader:240 - Cannot read IP mode file for STMicroelectronics.X-CUBE-AZRTOS-G0.1.1.0
2023-09-30 22:23:07,862 [WARN] PackLoader:240 - Cannot read IP mode file for STMicroelectronics.X-CUBE-NFC4.3.0.0
2023-09-30 22:23:08,056 [WARN] PackLoader:240 - Cannot read IP mode file for SEGGER.I-CUBE-embOS.1.2.0
2023-09-30 22:23:08,116 [WARN] PackLoader:240 - Cannot read IP mode file for STMicroelectronics.X-CUBE-BLEMGR.1.3.0
2023-09-30 22:23:08,123 [WARN] PackLoader:240 - Cannot read IP mode file for STMicroelectronics.FP-ATR-SIGFOX1.3.2.0
2023-09-30 22:23:08,204 [WARN] PackLoader:240 - Cannot read IP mode file for emotas.I-CUBE-CANOPEN.1.1.2
2023-09-30 22:23:08,209 [WARN] PackLoader:240 - Cannot read IP mode file for STMicroelectronics.X-CUBE-TOUCHGFX.4.20.0
2023-09-30 22:23:08,234 [WARN] PackLoader:240 - Cannot read IP mode file for STMicroelectronics.X-CUBE-MEMS1.9.5.0
2023-09-30 22:23:08,368 [WARN] PackLoader:240 - Cannot read IP mode file for SEGGER.I-CUBE-embOS.1.3.1
2023-09-30 22:23:08,401 [WARN] PackLoader:240 - Cannot read IP mode file for STMicroelectronics.X-CUBE-TOUCHGFX.4.16.1
2023-09-30 22:23:08,407 [WARN] PackLoader:240 - Cannot read IP mode file for STMicroelectronics.X-CUBE-TOF1.3.0.0
2023-09-30 22:23:08,414 [WARN] PackLoader:240 - Cannot read IP mode file for STMicroelectronics.X-CUBE-GNSS1.6.0.0
2023-09-30 22:23:08,466 [WARN] PackLoader:240 - Cannot read IP mode file for STMicroelectronics.X-CUBE-AZRTOS-F4.1.1.0
2023-09-30 22:23:08,544 [WARN] PackLoader:240 - Cannot read IP mode file for wolfSSL.I-CUBE-wolfSSL.5.6.3
2023-09-30 22:23:08,554 [WARN] PackLoader:240 - Cannot read IP mode file for STMicroelectronics.X-CUBE-BLEMGR.1.2.0
2023-09-30 22:23:08,601 [WARN] PackLoader:240 - Cannot read IP mode file for STMicroelectronics.X-CUBE-AZRTOS-L5.2.0.0
2023-09-30 22:23:08,683 [WARN] PackLoader:240 - Cannot read IP mode file for STMicroelectronics.X-CUBE-MEMS1.9.6.0
2023-09-30 22:23:08,798 [WARN] PackLoader:240 - Cannot read IP mode file for STMicroelectronics.X-CUBE-BLEMGR.2.0.0
2023-09-30 22:23:08,889 [WARN] PackLoader:240 - Cannot read IP mode file for STMicroelectronics.X-CUBE-NFC4.2.0.5
2023-09-30 22:23:08,939 [WARN] PackLoader:240 - Cannot read IP mode file for STMicroelectronics.X-CUBE-NFC4.2.0.4
2023-09-30 22:23:08,942 [WARN] PackLoader:240 - Cannot read IP mode file for STMicroelectronics.X-CUBE-NFC4.2.0.2
2023-09-30 22:23:08,986 [INFO] ApiDb:240 - Found 323 in-development CPN: [B-G473E-ZEST1S, B-WB1M-WPAN1, B-WL5M-SUBG1, NUCLEO-C031C6, NUCLEO-H503RB, NUCLEO-H563ZI, NUCLEO-U545RE-Q, NUCLEO-U5A5ZJ-Q, NUCLEO-WBA52CG, STEVAL-PROTEUS1, STEVAL-SMARTAG2, STEVAL-STWINBX1, STM320518-EVAL, STM32C0116-DK, STM32C011D6Y3TR, STM32C011D6Y6TR, STM32C011F4P3, STM32C011F4P6, STM32C011F4U3, STM32C011F4U6TR, STM32C011F6P3, STM32C011F6P6, STM32C011F6U3, STM32C011F6U6TR, STM32C011J4M3, STM32C011J4M6, STM32C011J6M3, STM32C011J6M6, STM32C0316-DK, STM32C031C4T3, STM32C031C4T6, STM32C031C4U3, STM32C031C4U6, STM32C031C6T3, STM32C031C6T6, STM32C031C6U3, STM32C031C6U6, STM32C031F4P3, STM32C031F4P6, STM32C031F6P3, STM32C031F6P6, STM32C031G4U3, STM32C031G4U6, STM32C031G6U3, STM32C031G6U6, STM32C031K4T3, STM32C031K4T6, STM32C031K4U3, STM32C031K4U6, STM32C031K6T3, STM32C031K6T6, STM32C031K6U3, STM32C031K6U6, STM32G071K8TXN, STM32G071K8UXN, STM32G081GBU6N, STM32G081KBT6N, STM32G081KBUXN, STM32G0B1CCT6N, STM32G0B1KCT6, STM32G0B1NEY6TR, STM32G0B1RCT6N, STM32G0C1CCT6, STM32G0C1CCT6N, STM32G0C1CCU6N, STM32G0C1CET6N, STM32G0C1CEU6N, STM32G0C1KCT6, STM32G0C1NEY6TR, STM32G0C1RCI6N, STM32G0C1RCT6N, STM32G0C1REI6N, STM32G0C1RET6N, STM32G0C1VCI6, STM32G0C1VEI6, STM32G471CCT6, STM32G471CCU6, STM32G471CET3, STM32G471CET6, STM32G471CEU3, STM32G471CEU6, STM32G471MCT6, STM32G471MET3, STM32G471MET6, STM32G471MEY6TR, STM32G471QCT6, STM32G471QET3, STM32G471RCT6, STM32G471RET3, STM32G471RET6, STM32G471VCH6, STM32G471VCI6, STM32G471VCT6, STM32G471VEH3, STM32G471VEH6, STM32G471VEI3, STM32G471VEI6, STM32G471VET3, STM32G471VET6, STM32G474CCT6, STM32H503CBT6, STM32H503CBU6, STM32H503EBY6TR, STM32H503KBU6, STM32H503RBT6, STM32H562AGI6, STM32H562AII6, STM32H562IGK6, STM32H562IGT6, STM32H562IIK6, STM32H562IIT6, STM32H562RGT6, STM32H562RGV6, STM32H562RIT6, STM32H562RIV6, STM32H562VGT6, STM32H562VIT6, STM32H562ZGT6, STM32H562ZIT6, STM32H563AGI6, STM32H563AII3Q, STM32H563AII6, STM32H563IGK6, STM32H563IGT6, STM32H563IIK3Q, STM32H563IIK6, STM32H563IIT3Q, STM32H563IIT6, STM32H563MIY3QTR, STM32H563RGT6, STM32H563RGV6, STM32H563RIT6, STM32H563RIV6, STM32H563VGT6, STM32H563VIT3Q, STM32H563VIT6, STM32H563ZGT6, STM32H563ZIT3Q, STM32H563ZIT6, STM32H573AII3Q, STM32H573AII6, STM32H573I-DK, STM32H573IIK3Q, STM32H573IIK6, STM32H573IIT3Q, STM32H573IIT6, STM32H573MIY3QTR, STM32H573RIT6, STM32H573RIV6, STM32H573VIT3Q, STM32H573VIT6, STM32H573ZIT3Q, STM32H573ZIT6, STM32L4R5QGI6STR, STM32MP131AAE3, STM32MP131AAF3, STM32MP131AAG3, STM32MP131CAE3, STM32MP131CAF3, STM32MP131CAG3, STM32MP131DAE7, STM32MP131DAF7, STM32MP131DAG7, STM32MP131FAE7, STM32MP131FAF7, STM32MP131FAG7, STM32MP133AAE3, STM32MP133AAF3, STM32MP133AAG3, STM32MP133CAE3, STM32MP133CAF3, STM32MP133CAG3, STM32MP133DAE7, STM32MP133DAF7, STM32MP133DAG7, STM32MP133FAE7, STM32MP133FAF7, STM32MP133FAG7, STM32MP135AAE3, STM32MP135AAF3, STM32MP135AAG3, STM32MP135CAE3, STM32MP135CAF3, STM32MP135CAG3, STM32MP135DAE7, STM32MP135DAF7, STM32MP135DAG7, STM32MP135F-DK, STM32MP135FAE7, STM32MP135FAF7, STM32MP135FAF7T, STM32MP135FAF7U, STM32MP135FAG7, STM32U535CBT6, STM32U535CBT6Q, STM32U535CBU6, STM32U535CBU6Q, STM32U535CCT6, STM32U535CCT6Q, STM32U535CCU6, STM32U535CCU6Q, STM32U535CET6, STM32U535CET6Q, STM32U535CEU6, STM32U535CEU6Q, STM32U535JEY6QTR, STM32U535NCY6QTR, STM32U535NEY6QTR, STM32U535RBI6, STM32U535RBI6Q, STM32U535RBT6, STM32U535RBT6Q, STM32U535RCI6, STM32U535RCI6Q, STM32U535RCT6, STM32U535RCT6Q, STM32U535REI6, STM32U535REI6Q, STM32U535RET6, STM32U535RET6Q, STM32U535VCI6, STM32U535VCI6Q, STM32U535VCT6, STM32U535VCT6Q, STM32U535VEI6, STM32U535VEI6Q, STM32U535VET6, STM32U535VET6Q, STM32U545CET6, STM32U545CET6Q, STM32U545CEU6, STM32U545CEU6Q, STM32U545JEY6QTR, STM32U545NEY6QTR, STM32U545REI6, STM32U545REI6Q, STM32U545RET6, STM32U545RET6Q, STM32U545VEI6, STM32U545VEI6Q, STM32U545VET6, STM32U545VET6Q, STM32U595AIH6, STM32U595AIH6Q, STM32U595AJH6, STM32U595AJH6Q, STM32U595QII6, STM32U595QII6Q, STM32U595QJI6, STM32U595QJI6Q, STM32U595RIT6, STM32U595RIT6Q, STM32U595RJT6, STM32U595RJT6Q, STM32U595VIT6, STM32U595VIT6Q, STM32U595VJT6, STM32U595VJT6Q, STM32U595ZIT6, STM32U595ZIT6Q, STM32U595ZIY6QTR, STM32U595ZJT6, STM32U595ZJT6Q, STM32U595ZJY6QTR, STM32U599BJY6QTR, STM32U599NIH6Q, STM32U599NJH6Q, STM32U599VIT6Q, STM32U599VJT6, STM32U599VJT6Q, STM32U599ZIT6Q, STM32U599ZIY6QTR, STM32U599ZJT6Q, STM32U599ZJY6QTR, STM32U5A5AJH6, STM32U5A5AJH6Q, STM32U5A5QJI6, STM32U5A5QJI6Q, STM32U5A5RJT6, STM32U5A5RJT6Q, STM32U5A5VJT6, STM32U5A5VJT6Q, STM32U5A5ZJT6, STM32U5A5ZJT6Q, STM32U5A5ZJY6QTR, STM32U5A9BJY6QTR, STM32U5A9J-DK, STM32U5A9NJH6Q, STM32U5A9VJT6Q, STM32U5A9ZJT6Q, STM32U5A9ZJY6QTR, STM32U5F7VIT6, STM32U5F7VIT6Q, STM32U5F7VJT6, STM32U5F7VJT6Q, STM32U5F9BJY6QTR, STM32U5F9NJH6Q, STM32U5F9VIT6Q, STM32U5F9VJT6Q, STM32U5F9ZIJ6QTR, STM32U5F9ZIT6Q, STM32U5F9ZJJ6QTR, STM32U5F9ZJT6Q, STM32U5G7VJT6, STM32U5G7VJT6Q, STM32U5G9BJY6QTR, STM32U5G9J-DK1, STM32U5G9J-DK2, STM32U5G9NJH6Q, STM32U5G9VJT6Q, STM32U5G9ZJJ6QTR, STM32U5G9ZJT6Q, STM32WB1MMCH6, STM32WBA52CEU6, STM32WBA52CEU6T, STM32WBA52CGU6, STM32WBA52CGU6T, STM32WBA52KEU6, STM32WBA52KEU6T, STM32WBA52KGU6, STM32WBA52KGU6T, STM32WL5MOCH6, STM32WL5MOCH6TR]
2023-09-30 22:23:08,990 [WARN] ConditionMgr:438 - getConditionDescription Invalid condition id : UX DEVICE CLASS RTOS Condition cause : null
2023-09-30 22:23:08,990 [WARN] ConditionMgr:438 - getConditionDescription Invalid condition id : UX DEVICE CLASS RTOS Condition cause : null
2023-09-30 22:23:08,991 [WARN] PackLoader:240 - Cannot read IP mode file for STMicroelectronics.X-CUBE-AZRTOS-H7.3.1.0
2023-09-30 22:23:08,992 [INFO] DbMcus:217 - Found 3848 MCUs, 3848 are supported
2023-09-30 22:23:08,992 [WARN] ConditionMgr:1039 - genDependencies : Invalid condition id : UX DEVICE CLASS RTOS Condition cause : null
2023-09-30 22:23:08,992 [WARN] ConditionMgr:1039 - genDependencies : Invalid condition id : UX DEVICE CLASS RTOS Condition cause : null
2023-09-30 22:23:08,993 [WARN] ConditionMgr:1039 - genDependencies : Invalid condition id : UX DEVICE CLASS RTOS Condition cause : null
2023-09-30 22:23:08,993 [INFO] ApiDb:423 - Load user favorites file C:\Users\57310/.stm32cubeide/favorites.mcus.txt: 3 item(s)
2023-09-30 22:23:08,993 [INFO] ApiDb:427 - User favorites MCUs=[STM32C011F6P6TR, STM32F407VGT6, STM32F407VGT7]
2023-09-30 22:23:08,993 [INFO] DbMcus:223 - Set 3 / 3 favorites MCUs
2023-09-30 22:23:08,993 [WARN] ConditionMgr:1039 - genDependencies : Invalid condition id : UX DEVICE CLASS RTOS Condition cause : null
2023-09-30 22:23:08,993 [WARN] ConditionMgr:1039 - genDependencies : Invalid condition id : UX DEVICE CLASS RTOS Condition cause : null
2023-09-30 22:23:09,015 [WARN] PackLoader:240 - Cannot read IP mode file for STMicroelectronics.X-CUBE-SFXS2LP1.3.1.0
2023-09-30 22:23:09,030 [WARN] PackLoader:240 - Cannot read IP mode file for STMicroelectronics.X-CUBE-AZRTOS-F4.1.0.0
2023-09-30 22:23:09,077 [WARN] PackLoader:240 - Cannot read IP mode file for STMicroelectronics.X-CUBE-NFC7.1.0.1
2023-09-30 22:23:09,083 [WARN] PackLoader:240 - Cannot read IP mode file for STMicroelectronics.X-CUBE-NFC7.1.0.0
2023-09-30 22:23:09,095 [WARN] PackLoader:240 - Cannot read IP mode file for STMicroelectronics.X-CUBE-NFC6.3.0.0
2023-09-30 22:23:09,147 [WARN] PackLoader:240 - Cannot read IP mode file for STMicroelectronics.X-CUBE-EEPRMA1.4.1.0
2023-09-30 22:23:09,151 [WARN] PackLoader:240 - Cannot read IP mode file for STMicroelectronics.X-CUBE-DISPLAY.1.0.0
2023-09-30 22:23:09,154 [WARN] PackLoader:240 - Cannot read IP mode file for STMicroelectronics.X-CUBE-AI.8.1.0
2023-09-30 22:23:09,157 [WARN] PackLoader:240 - Cannot read IP mode file for STMicroelectronics.X-CUBE-AI.6.0.0
2023-09-30 22:23:09,167 [WARN] PackLoader:240 - Cannot read IP mode file for STMicroelectronics.X-CUBE-AZRTOS-G0.1.0.0
2023-09-30 22:23:09,182 [WARN] ConditionMgr:438 - getConditionDescription Invalid condition id : LAN8742 Phy interface Condition cause : null
2023-09-30 22:23:09,183 [WARN] PackLoader:240 - Cannot read IP mode file for STMicroelectronics.X-CUBE-AZRTOS-L4.2.0.0
2023-09-30 22:23:09,184 [WARN] ConditionMgr:1039 - genDependencies : Invalid condition id : LAN8742 Phy interface Condition cause : null
2023-09-30 22:23:09,185 [WARN] ConditionMgr:1039 - genDependencies : Invalid condition id : LAN8742 Phy interface Condition cause : null
2023-09-30 22:23:09,185 [WARN] ConditionMgr:1039 - genDependencies : Invalid condition id : LAN8742 Phy interface Condition cause : null
2023-09-30 22:23:09,192 [WARN] PackLoader:240 - Cannot read IP mode file for STMicroelectronics.X-CUBE-SFXS2LP1.4.0.0
2023-09-30 22:23:09,198 [WARN] PackLoader:240 - Cannot read IP mode file for wolfSSL.I-CUBE-wolfSSL.4.7.0
2023-09-30 22:23:09,211 [WARN] PackLoader:240 - Cannot read IP mode file for STMicroelectronics.X-CUBE-AZRTOS-H7.3.0.0
2023-09-30 22:23:09,217 [WARN] PackLoader:240 - Cannot read IP mode file for STMicroelectronics.X-CUBE-ISPU.1.1.0
2023-09-30 22:23:09,225 [WARN] PackLoader:240 - Cannot read IP mode file for RoweBots.I-CUBE-UNISONRTOS.5.5.0-4
2023-09-30 22:23:09,229 [INFO] ApiDb:423 - Load user favorites file C:\Users\57310/.stm32cubeide/favorites.boards.txt: 2 item(s)
2023-09-30 22:23:09,230 [INFO] ApiDb:427 - User favorites Boards=[NUCLEO-F411RE, STM32F407G-DISC1]
2023-09-30 22:23:09,230 [INFO] DbBoards:190 - Set 2 / 2 favorites Boards
2023-09-30 22:23:09,230 [INFO] McuFinderGlobals:76 - Set McuFinderConnectedMode to true
2023-09-30 22:23:09,231 [WARN] PackLoader:240 - Cannot read IP mode file for STMicroelectronics.X-CUBE-SFXS2LP1.3.0.0
2023-09-30 22:23:09,234 [WARN] PackLoader:240 - Cannot read IP mode file for STMicroelectronics.X-CUBE-AI.8.0.0
2023-09-30 22:23:09,238 [INFO] MultiScanPanel:200 - Auto-refresh data requested => check proxy status ongoing
2023-09-30 22:23:09,242 [INFO] FinderPluginLoader:95 - Searching for filters in installed packs
2023-09-30 22:23:09,243 [WARN] ConditionMgr:438 - getConditionDescription Invalid condition id : UX DEVICE CLASS RTOS Condition cause : null
2023-09-30 22:23:09,243 [WARN] ConditionMgr:438 - getConditionDescription Invalid condition id : UX DEVICE CLASS RTOS Condition cause : null
2023-09-30 22:23:09,244 [WARN] PackLoader:240 - Cannot read IP mode file for STMicroelectronics.X-CUBE-AZRTOS-WB.2.0.0
2023-09-30 22:23:09,245 [WARN] ConditionMgr:1039 - genDependencies : Invalid condition id : UX DEVICE CLASS RTOS Condition cause : null
2023-09-30 22:23:09,245 [WARN] ConditionMgr:1039 - genDependencies : Invalid condition id : UX DEVICE CLASS RTOS Condition cause : null
2023-09-30 22:23:09,245 [WARN] ConditionMgr:1039 - genDependencies : Invalid condition id : UX DEVICE CLASS RTOS Condition cause : null
2023-09-30 22:23:09,245 [WARN] ConditionMgr:1039 - genDependencies : Invalid condition id : UX DEVICE CLASS RTOS Condition cause : null
2023-09-30 22:23:09,246 [WARN] ConditionMgr:1039 - genDependencies : Invalid condition id : UX DEVICE CLASS RTOS Condition cause : null
2023-09-30 22:23:09,252 [WARN] PackLoader:240 - Cannot read IP mode file for STMicroelectronics.X-CUBE-FREERTOS.1.0.0
2023-09-30 22:23:09,256 [WARN] PackLoader:240 - Cannot read IP mode file for STMicroelectronics.X-CUBE-FREERTOS.1.0.1
2023-09-30 22:23:09,266 [WARN] PackLoader:240 - Cannot read IP mode file for STMicroelectronics.X-CUBE-AZRTOS-L5.1.1.0
2023-09-30 22:23:09,273 [WARN] PackLoader:240 - Cannot read IP mode file for STMicroelectronics.X-CUBE-AI.8.0.1
2023-09-30 22:23:09,283 [WARN] PackLoader:240 - Cannot read IP mode file for STMicroelectronics.X-CUBE-SUBG2.5.0.0
2023-09-30 22:23:09,430 [WARN] PackLoader:240 - Cannot read IP mode file for STMicroelectronics.X-CUBE-TOF1.3.3.1
2023-09-30 22:23:09,527 [WARN] PackLoader:240 - Cannot read IP mode file for STMicroelectronics.X-CUBE-AZRTOS-G4.2.0.0
2023-09-30 22:23:09,543 [WARN] PackLoader:240 - Cannot read IP mode file for STMicroelectronics.X-CUBE-TOF1.3.3.0
2023-09-30 22:23:09,559 [WARN] PackLoader:240 - Cannot read IP mode file for STMicroelectronics.FP-ATR-ASTRA1.1.1.1
2023-09-30 22:23:09,567 [WARN] PackLoader:240 - Cannot read IP mode file for STMicroelectronics.X-CUBE-AZRTOS-G4.1.0.0
2023-09-30 22:23:09,640 [WARN] PackLoader:240 - Cannot read IP mode file for wolfSSL.I-CUBE-wolfSSL.5.3.0
2023-09-30 22:23:09,648 [WARN] PackLoader:240 - Cannot read IP mode file for STMicroelectronics.X-CUBE-AZRTOS-L4.1.0.0
2023-09-30 22:23:09,652 [WARN] PackLoader:240 - Cannot read IP mode file for STMicroelectronics.X-CUBE-FREERTOS.1.1.0
2023-09-30 22:23:09,661 [WARN] PackLoader:240 - Cannot read IP mode file for STMicroelectronics.X-CUBE-AZRTOS-F7.1.0.0
2023-09-30 22:23:09,669 [WARN] PackLoader:240 - Cannot read IP mode file for STMicroelectronics.X-CUBE-AZRTOS-WL.1.0.0
2023-09-30 22:23:09,673 [WARN] PackLoader:240 - Cannot read IP mode file for STMicroelectronics.X-CUBE-TOF1.1.0.0
2023-09-30 22:23:09,679 [WARN] PackLoader:240 - Cannot read IP mode file for portGmbH.I-Cube-SoM-uGOAL.1.1.0
2023-09-30 22:23:09,683 [WARN] PackLoader:240 - Cannot read IP mode file for STMicroelectronics.X-CUBE-ALS.1.0.1
2023-09-30 22:23:09,690 [WARN] PackLoader:240 - Cannot read IP mode file for STMicroelectronics.X-CUBE-AZRTOS-WB.1.1.0
2023-09-30 22:23:09,707 [WARN] PackLoader:240 - Cannot read IP mode file for STMicroelectronics.X-CUBE-MEMS1.8.3.0
2023-09-30 22:23:09,760 [WARN] PackLoader:240 - Cannot read IP mode file for STMicroelectronics.X-CUBE-AZRTOS-L5.1.0.0
2023-09-30 22:23:09,765 [WARN] PackLoader:240 - Cannot read IP mode file for STMicroelectronics.X-CUBE-EEPRMA1.3.1.1
2023-09-30 22:23:09,770 [WARN] PackLoader:240 - Cannot read IP mode file for STMicroelectronics.X-CUBE-GNSS1.5.2.0
2023-09-30 22:23:09,774 [WARN] PackLoader:240 - Cannot read IP mode file for STMicroelectronics.FP-ATR-ASTRA1.2.0.0
2023-09-30 22:23:09,775 [INFO] ThirdParty:978 - Integrity check success = true
2023-09-30 22:23:09,775 [INFO] IntegrityCheckThread:100 - exiting critical section [integrity check]
2023-09-30 22:23:09,776 [INFO] IntegrityCheckThread:103 - End integrity checks thread
2023-09-30 22:23:10,719 [INFO] LoadUrlFilesThread:185 - End of LoadServerUrlFiles without Thread
2023-09-30 22:23:10,728 [INFO] DetailPanel:341 - Set advertising image to C:/Users/57310/STM32Cube/Repository/\en.prom-stm32h5-mcu-finder.jpg
2023-09-30 22:23:25,501 [ERROR] LogOutputStream:75 - [STDERR_REDIRECT] SLF4J: Failed to load class "org.slf4j.impl.StaticLoggerBinder".
2023-09-30 22:23:25,501 [ERROR] LogOutputStream:75 - [STDERR_REDIRECT] SLF4J: Defaulting to no-operation (NOP) logger implementation
2023-09-30 22:23:25,502 [ERROR] LogOutputStream:75 - [STDERR_REDIRECT] SLF4J: See http://www.slf4j.org/codes.html#StaticLoggerBinder for further details.
2023-09-30 22:23:25,733 [INFO] McuFinderGlobals:76 - Set McuFinderConnectedMode to true
2023-09-30 22:23:26,307 [INFO] ApiDb:448 - Save user favorites file C:\Users\57310/.stm32cubeide/favorites.mcus.txt: 3 item(s)
2023-09-30 22:23:26,307 [INFO] ApiDb:452 - User favorites MCUs=[STM32C011F6P6TR, STM32F407VGT6, STM32F407VGT7]
2023-09-30 22:25:19,759 [INFO] MainUpdater:2868 - connection check result : 10
2023-09-30 22:25:19,759 [INFO] MainUpdater:2868 - connection check result : 10
2023-09-30 22:25:19,774 [INFO] MicroXplorer:468 - Change Database Path : 
2023-09-30 22:25:19,774 [INFO] MicroXplorer:498 - Change Database Version : DB.6.0.92
2023-09-30 22:25:19,779 [WARN] ThirdParty:871 - waiting for thirdparty lock release [close project]
2023-09-30 22:25:19,779 [INFO] ThirdParty:873 - entering critical section [close project]
2023-09-30 22:25:19,780 [INFO] ThirdParty:883 - exiting critical section [close project]
2023-09-30 22:25:19,783 [INFO] PinOutPanel:1499 - setPackage(No Configuration,No Configuration)
2023-09-30 22:25:19,789 [INFO] UtilMem:75 - Begin LoadConfig() Used Memory: 614775680 Bytes (942669824)
2023-09-30 22:25:19,812 [INFO] MicroXplorer:468 - Change Database Path : C:/Users/57310/.stm32cubemx/databases/DB.6.0.60/db/
2023-09-30 22:25:19,813 [INFO] MicroXplorer:498 - Change Database Version : DB.6.0.60
2023-09-30 22:25:20,969 [INFO] MicroXplorer:468 - Change Database Path : 
2023-09-30 22:25:20,969 [INFO] MicroXplorer:498 - Change Database Version : DB.6.0.92
2023-09-30 22:25:20,970 [INFO] OpenFileManager:308 - Change cursor
2023-09-30 22:25:20,994 [INFO] Mcu:1946 - Initializing MCU STM32F411R(C-E)Tx STM32F411RETx STM32F411RET6
2023-09-30 22:25:22,080 [INFO] Context:659 - Trying to add GPIOservice into a context  which must be forbidden
2023-09-30 22:25:22,343 [INFO] Rule:228 - rule WakeUp0 Mode is applicable
2023-09-30 22:25:22,343 [INFO] Rule:228 - rule WakeUp0 SIGNAL is applicable
2023-09-30 22:25:22,343 [INFO] Rule:228 - rule WakeUp1 Mode is applicable
2023-09-30 22:25:22,343 [INFO] Rule:228 - rule WakeUp1 SIGNAL is applicable
2023-09-30 22:25:22,343 [INFO] Rule:228 - rule WakeUp2 Mode is applicable
2023-09-30 22:25:22,344 [INFO] Rule:228 - rule WakeUp2 SIGNAL is applicable
2023-09-30 22:25:22,344 [INFO] Rule:228 - rule WakeUp4 Mode is applicable
2023-09-30 22:25:22,344 [INFO] Rule:228 - rule WakeUp4 SIGNAL is applicable
2023-09-30 22:25:22,344 [INFO] Rule:228 - rule WakeUp5 Mode is applicable
2023-09-30 22:25:22,344 [INFO] Rule:228 - rule WakeUp5 SIGNAL is applicable
2023-09-30 22:25:22,344 [INFO] Rule:228 - rule Change Default Value for LSE Drive Capability for WB family is applicable
2023-09-30 22:25:22,345 [INFO] DbConfProperties:307 - Apply Compatibility (0/11 Rules)
2023-09-30 22:25:22,590 [INFO] RtosManager:555 - Registered RTOS mode: class=CMSIS, group=RTOS, mode=CMSIS_V1, owner=FREERTOS
2023-09-30 22:25:22,591 [INFO] RtosManager:555 - Registered RTOS mode: class=CMSIS, group=RTOS2, mode=CMSIS_V2, owner=FREERTOS
2023-09-30 22:25:22,591 [INFO] RtosManager:555 - Registered RTOS mode: class=RTOS, group=Core, mode=CMSIS_V1, owner=FREERTOS
2023-09-30 22:25:22,591 [INFO] RtosManager:555 - Registered RTOS mode: class=RTOS, group=Core, mode=CMSIS_V2, owner=FREERTOS
2023-09-30 22:25:22,591 [WARN] ModelIntegratedComponent:184 - Missing modes for component STMicroelectronics:FreeRTOS:0.0.1:STMicroelectronics:RTOS:FreeRTOS:Core:::10.2.0:
2023-09-30 22:25:22,598 [WARN] ModelIntegratedComponent:63 - No mode defined for component null
2023-09-30 22:25:22,598 [WARN] ModelIntegratedComponent:63 - No mode defined for component null
2023-09-30 22:25:22,598 [WARN] ModelIntegratedComponent:63 - No mode defined for component null
2023-09-30 22:25:22,598 [WARN] ModelIntegratedComponent:63 - No mode defined for component null
2023-09-30 22:25:22,598 [WARN] ModelIntegratedComponent:63 - No mode defined for component null
2023-09-30 22:25:22,598 [WARN] ModelIntegratedComponent:63 - No mode defined for component null
2023-09-30 22:25:22,598 [WARN] ModelIntegratedComponent:63 - No mode defined for component null
2023-09-30 22:25:22,598 [WARN] ModelIntegratedComponent:63 - No mode defined for component null
2023-09-30 22:25:22,598 [WARN] ModelIntegratedComponent:63 - No mode defined for component null
2023-09-30 22:25:22,598 [WARN] ModelIntegratedComponent:63 - No mode defined for component null
2023-09-30 22:25:22,598 [WARN] ModelIntegratedComponent:63 - No mode defined for component null
2023-09-30 22:25:22,598 [WARN] ModelIntegratedComponent:63 - No mode defined for component null
2023-09-30 22:25:22,598 [WARN] ModelIntegratedComponent:63 - No mode defined for component null
2023-09-30 22:25:22,599 [WARN] ModelIntegratedComponent:63 - No mode defined for component null
2023-09-30 22:25:22,599 [WARN] ModelIntegratedComponent:63 - No mode defined for component null
2023-09-30 22:25:22,599 [WARN] ModelIntegratedComponent:63 - No mode defined for component null
2023-09-30 22:25:22,599 [WARN] ModelIntegratedComponent:63 - No mode defined for component null
2023-09-30 22:25:22,599 [WARN] ModelIntegratedComponent:63 - No mode defined for component null
2023-09-30 22:25:22,599 [WARN] ModelIntegratedComponent:63 - No mode defined for component null
2023-09-30 22:25:22,599 [WARN] ModelIntegratedComponent:63 - No mode defined for component null
2023-09-30 22:25:22,599 [WARN] ModelIntegratedComponent:63 - No mode defined for component null
2023-09-30 22:25:22,599 [WARN] ModelIntegratedComponent:63 - No mode defined for component null
2023-09-30 22:25:22,599 [WARN] ModelIntegratedComponent:63 - No mode defined for component null
2023-09-30 22:25:22,599 [WARN] ModelIntegratedComponent:63 - No mode defined for component null
2023-09-30 22:25:22,599 [WARN] ModelIntegratedComponent:63 - No mode defined for component null
2023-09-30 22:25:22,599 [WARN] ModelIntegratedComponent:63 - No mode defined for component null
2023-09-30 22:25:22,599 [WARN] ModelIntegratedComponent:63 - No mode defined for component null
2023-09-30 22:25:22,599 [WARN] ModelIntegratedComponent:63 - No mode defined for component null
2023-09-30 22:25:22,599 [WARN] ModelIntegratedComponent:63 - No mode defined for component null
2023-09-30 22:25:22,599 [WARN] ModelIntegratedComponent:63 - No mode defined for component null
2023-09-30 22:25:22,599 [WARN] ModelIntegratedComponent:63 - No mode defined for component null
2023-09-30 22:25:22,599 [WARN] ModelIntegratedComponent:63 - No mode defined for component null
2023-09-30 22:25:22,599 [WARN] ModelIntegratedComponent:63 - No mode defined for component null
2023-09-30 22:25:22,666 [WARN] ModelIntegratedComponent:182 - Modes not found for component STMicroelectronics:USB_DEVICE:1.0.0:STMicroelectronics:USB::USB Device:Audio HS::1.0:USB_DEVICE_1_0_RESTRICTED_HS
2023-09-30 22:25:22,666 [WARN] ModelIntegratedComponent:188 - Modes not found for component STMicroelectronics:USB_DEVICE:1.0.0:STMicroelectronics:USB::USB Device:Audio HS::1.0:USB_DEVICE_1_0_RESTRICTED_HS
2023-09-30 22:25:22,666 [WARN] ModelIntegratedComponent:182 - Modes not found for component STMicroelectronics:USB_DEVICE:1.0.0:STMicroelectronics:USB::USB Device:CDC HS::1.0:USB_DEVICE_1_0_RESTRICTED_HS
2023-09-30 22:25:22,666 [WARN] ModelIntegratedComponent:188 - Modes not found for component STMicroelectronics:USB_DEVICE:1.0.0:STMicroelectronics:USB::USB Device:CDC HS::1.0:USB_DEVICE_1_0_RESTRICTED_HS
2023-09-30 22:25:22,666 [WARN] ModelIntegratedComponent:182 - Modes not found for component STMicroelectronics:USB_DEVICE:1.0.0:STMicroelectronics:USB::USB Device:DFU HS::1.0:USB_DEVICE_1_0_RESTRICTED_HS
2023-09-30 22:25:22,666 [WARN] ModelIntegratedComponent:188 - Modes not found for component STMicroelectronics:USB_DEVICE:1.0.0:STMicroelectronics:USB::USB Device:DFU HS::1.0:USB_DEVICE_1_0_RESTRICTED_HS
2023-09-30 22:25:22,666 [WARN] ModelIntegratedComponent:182 - Modes not found for component STMicroelectronics:USB_DEVICE:1.0.0:STMicroelectronics:USB::USB Device:HID HS::1.0:USB_DEVICE_1_0_RESTRICTED_HS
2023-09-30 22:25:22,666 [WARN] ModelIntegratedComponent:188 - Modes not found for component STMicroelectronics:USB_DEVICE:1.0.0:STMicroelectronics:USB::USB Device:HID HS::1.0:USB_DEVICE_1_0_RESTRICTED_HS
2023-09-30 22:25:22,666 [WARN] ModelIntegratedComponent:182 - Modes not found for component STMicroelectronics:USB_DEVICE:1.0.0:STMicroelectronics:USB::USB Device:Custom HID HS::1.0:USB_DEVICE_1_0_RESTRICTED_HS
2023-09-30 22:25:22,666 [WARN] ModelIntegratedComponent:188 - Modes not found for component STMicroelectronics:USB_DEVICE:1.0.0:STMicroelectronics:USB::USB Device:Custom HID HS::1.0:USB_DEVICE_1_0_RESTRICTED_HS
2023-09-30 22:25:22,666 [WARN] ModelIntegratedComponent:182 - Modes not found for component STMicroelectronics:USB_DEVICE:1.0.0:STMicroelectronics:USB::USB Device:MSC HS::1.0:USB_DEVICE_1_0_RESTRICTED_HS
2023-09-30 22:25:22,666 [WARN] ModelIntegratedComponent:188 - Modes not found for component STMicroelectronics:USB_DEVICE:1.0.0:STMicroelectronics:USB::USB Device:MSC HS::1.0:USB_DEVICE_1_0_RESTRICTED_HS
2023-09-30 22:25:22,751 [WARN] ModelIntegratedComponent:182 - Modes not found for component STMicroelectronics:USB_HOST:1.0.0:STMicroelectronics:USB::USB Host:Audio HS::1.0:USB_HOST_1_0_RESTRICTED_HS
2023-09-30 22:25:22,752 [WARN] ModelIntegratedComponent:188 - Modes not found for component STMicroelectronics:USB_HOST:1.0.0:STMicroelectronics:USB::USB Host:Audio HS::1.0:USB_HOST_1_0_RESTRICTED_HS
2023-09-30 22:25:22,752 [WARN] ModelIntegratedComponent:182 - Modes not found for component STMicroelectronics:USB_HOST:1.0.0:STMicroelectronics:USB::USB Host:CDC HS::1.0:USB_HOST_1_0_RESTRICTED_HS
2023-09-30 22:25:22,752 [WARN] ModelIntegratedComponent:188 - Modes not found for component STMicroelectronics:USB_HOST:1.0.0:STMicroelectronics:USB::USB Host:CDC HS::1.0:USB_HOST_1_0_RESTRICTED_HS
2023-09-30 22:25:22,752 [WARN] ModelIntegratedComponent:182 - Modes not found for component STMicroelectronics:USB_HOST:1.0.0:STMicroelectronics:USB::USB Host:MSC HS::1.0:USB_HOST_1_0_RESTRICTED_HS
2023-09-30 22:25:22,752 [WARN] ModelIntegratedComponent:188 - Modes not found for component STMicroelectronics:USB_HOST:1.0.0:STMicroelectronics:USB::USB Host:MSC HS::1.0:USB_HOST_1_0_RESTRICTED_HS
2023-09-30 22:25:22,752 [WARN] ModelIntegratedComponent:182 - Modes not found for component STMicroelectronics:USB_HOST:1.0.0:STMicroelectronics:USB::USB Host:HID HS::1.0:USB_HOST_1_0_RESTRICTED_HS
2023-09-30 22:25:22,752 [WARN] ModelIntegratedComponent:188 - Modes not found for component STMicroelectronics:USB_HOST:1.0.0:STMicroelectronics:USB::USB Host:HID HS::1.0:USB_HOST_1_0_RESTRICTED_HS
2023-09-30 22:25:22,752 [WARN] ModelIntegratedComponent:182 - Modes not found for component STMicroelectronics:USB_HOST:1.0.0:STMicroelectronics:USB::USB Host:MTP HS::1.0:USB_HOST_1_0_RESTRICTED_HS
2023-09-30 22:25:22,752 [WARN] ModelIntegratedComponent:188 - Modes not found for component STMicroelectronics:USB_HOST:1.0.0:STMicroelectronics:USB::USB Host:MTP HS::1.0:USB_HOST_1_0_RESTRICTED_HS
2023-09-30 22:25:22,902 [INFO] ThirdPartyModel:298 - Start build external matchings
2023-09-30 22:25:25,873 [INFO] ThirdPartyModel:316 - End build external matchings
2023-09-30 22:25:26,194 [INFO] UtilMem:75 - End LoadConfig() Used Memory: 838634848 Bytes (1073741824)
2023-09-30 22:25:26,319 [WARN] ThirdParty:833 - waiting for thirdparty lock release [change project]
2023-09-30 22:25:26,319 [INFO] ThirdParty:835 - entering critical section [change project]
2023-09-30 22:25:26,319 [INFO] ThirdParty:1030 - CMSIS Pack Vendor :STMicroelectronics USBPD 4.1
2023-09-30 22:25:26,319 [INFO] ThirdParty:1030 - CMSIS Pack Vendor :STMicroelectronics X-CUBE-GNSS1 6.0.0
2023-09-30 22:25:26,320 [INFO] ThirdParty:1030 - CMSIS Pack Vendor :STMicroelectronics USB_HOST 2.0.0
2023-09-30 22:25:26,320 [INFO] ThirdParty:1030 - CMSIS Pack Vendor :STMicroelectronics X-CUBE-AZRTOS-F4 1.1.0
2023-09-30 22:25:26,320 [INFO] ThirdParty:1030 - CMSIS Pack Vendor :STMicroelectronics LIBJPEG 8.0.0
2023-09-30 22:25:26,320 [INFO] ThirdParty:1030 - CMSIS Pack Vendor :wolfSSL I-CUBE-wolfSSL 5.6.3
2023-09-30 22:25:26,320 [INFO] ThirdParty:1030 - CMSIS Pack Vendor :STMicroelectronics X-CUBE-SMBUS 2.1.0
2023-09-30 22:25:26,320 [INFO] ThirdParty:1030 - CMSIS Pack Vendor :STMicroelectronics X-CUBE-SUBG2 4.1.0
2023-09-30 22:25:26,320 [INFO] ThirdParty:1030 - CMSIS Pack Vendor :STMicroelectronics X-CUBE-MEMS1 9.2.0
2023-09-30 22:25:26,320 [INFO] ThirdParty:1030 - CMSIS Pack Vendor :STMicroelectronics X-CUBE-BLEMGR 1.2.0
2023-09-30 22:25:26,320 [INFO] ThirdParty:1030 - CMSIS Pack Vendor :STMicroelectronics X-CUBE-AZRTOS-F7 1.1.0
2023-09-30 22:25:26,320 [INFO] ThirdParty:1030 - CMSIS Pack Vendor :STMicroelectronics X-CUBE-AZRTOS-L5 2.0.0
2023-09-30 22:25:26,320 [INFO] ThirdParty:1030 - CMSIS Pack Vendor :STMicroelectronics USB_DEVICE 2.0.0
2023-09-30 22:25:26,320 [INFO] ThirdParty:1030 - CMSIS Pack Vendor :STMicroelectronics X-CUBE-MEMS1 9.6.0
2023-09-30 22:25:26,320 [INFO] ThirdParty:1030 - CMSIS Pack Vendor :STMicroelectronics X-CUBE-AI 7.1.0
2023-09-30 22:25:26,320 [INFO] ThirdParty:1030 - CMSIS Pack Vendor :STMicroelectronics X-CUBE-TOUCHGFX 4.19.1
2023-09-30 22:25:26,320 [INFO] ThirdParty:1030 - CMSIS Pack Vendor :STMicroelectronics FP-SNS-MOTENV1 4.3.2
2023-09-30 22:25:26,320 [INFO] ThirdParty:1030 - CMSIS Pack Vendor :STMicroelectronics FP-SNS-MOTENV1 4.3.1
2023-09-30 22:25:26,320 [INFO] ThirdParty:1030 - CMSIS Pack Vendor :STMicroelectronics FP-SNS-FLIGHT1 5.0.1
2023-09-30 22:25:26,320 [INFO] ThirdParty:1030 - CMSIS Pack Vendor :STMicroelectronics X-CUBE-BLE1 6.2.3
2023-09-30 22:25:26,320 [INFO] ThirdParty:1030 - CMSIS Pack Vendor :STMicroelectronics X-CUBE-EEPRMA1 3.0.0
2023-09-30 22:25:26,320 [INFO] ThirdParty:1030 - CMSIS Pack Vendor :STMicroelectronics X-CUBE-BLE1 6.2.4
2023-09-30 22:25:26,320 [INFO] ThirdParty:1030 - CMSIS Pack Vendor :STMicroelectronics FreeRTOS 0.0.1
2023-09-30 22:25:26,320 [INFO] ThirdParty:1030 - CMSIS Pack Vendor :STMicroelectronics X-CUBE-BLEMGR 2.0.0
2023-09-30 22:25:26,320 [INFO] ThirdParty:1030 - CMSIS Pack Vendor :STMicroelectronics X-CUBE-BLE1 6.2.0
2023-09-30 22:25:26,320 [INFO] ThirdParty:1030 - CMSIS Pack Vendor :STMicroelectronics FP-SNS-FLIGHT1 5.0.2
2023-09-30 22:25:26,320 [INFO] ThirdParty:1030 - CMSIS Pack Vendor :STMicroelectronics X-CUBE-NFC4 2.0.5
2023-09-30 22:25:26,320 [INFO] ThirdParty:1030 - CMSIS Pack Vendor :STMicroelectronics X-CUBE-BLE2 3.2.2
2023-09-30 22:25:26,320 [INFO] ThirdParty:1030 - CMSIS Pack Vendor :STMicroelectronics X-CUBE-NFC4 2.0.4
2023-09-30 22:25:26,321 [INFO] ThirdParty:1030 - CMSIS Pack Vendor :STMicroelectronics X-CUBE-NFC4 2.0.2
2023-09-30 22:25:26,321 [INFO] ThirdParty:1030 - CMSIS Pack Vendor :STMicroelectronics X-CUBE-AZRTOS-H7 3.1.0
2023-09-30 22:25:26,321 [INFO] ThirdParty:1030 - CMSIS Pack Vendor :STMicroelectronics PDM2PCM 3.3.0
2023-09-30 22:25:26,321 [INFO] ThirdParty:1030 - CMSIS Pack Vendor :STMicroelectronics X-CUBE-BLE2 3.2.0
2023-09-30 22:25:26,321 [INFO] ThirdParty:1030 - CMSIS Pack Vendor :STMicroelectronics X-CUBE-SFXS2LP1 3.1.0
2023-09-30 22:25:26,321 [INFO] ThirdParty:1030 - CMSIS Pack Vendor :STMicroelectronics X-CUBE-DISPLAY 3.0.0
2023-09-30 22:25:26,321 [INFO] ThirdParty:1030 - CMSIS Pack Vendor :STMicroelectronics X-CUBE-AZRTOS-F4 1.0.0
2023-09-30 22:25:26,321 [INFO] ThirdParty:1030 - CMSIS Pack Vendor :STMicroelectronics X-CUBE-BLE1 7.0.0
2023-09-30 22:25:26,321 [INFO] ThirdParty:1030 - CMSIS Pack Vendor :STMicroelectronics HAL Drivers 0.0.0
2023-09-30 22:25:26,321 [INFO] ThirdParty:1030 - CMSIS Pack Vendor :emotas I-CUBE-CANOPEN 1.3.0
2023-09-30 22:25:26,321 [INFO] ThirdParty:1030 - CMSIS Pack Vendor :STMicroelectronics X-CUBE-TOUCHGFX 4.22.0
2023-09-30 22:25:26,321 [INFO] ThirdParty:1030 - CMSIS Pack Vendor :STMicroelectronics X-CUBE-NFC7 1.0.1
2023-09-30 22:25:26,321 [INFO] ThirdParty:1030 - CMSIS Pack Vendor :STMicroelectronics MBEDTLS 2.14.1
2023-09-30 22:25:26,321 [INFO] ThirdParty:1030 - CMSIS Pack Vendor :STMicroelectronics X-CUBE-NFC7 1.0.0
2023-09-30 22:25:26,321 [INFO] ThirdParty:1030 - CMSIS Pack Vendor :STMicroelectronics X-CUBE-AZRTOS-H7 1.0.0
2023-09-30 22:25:26,321 [INFO] ThirdParty:1030 - CMSIS Pack Vendor :STMicroelectronics X-CUBE-NFC6 3.0.0
2023-09-30 22:25:26,321 [INFO] ThirdParty:1030 - CMSIS Pack Vendor :STMicroelectronics X-CUBE-MEMS1 9.3.0
2023-09-30 22:25:26,321 [INFO] ThirdParty:1030 - CMSIS Pack Vendor :STMicroelectronics X-CUBE-EEPRMA1 4.1.0
2023-09-30 22:25:26,321 [INFO] ThirdParty:1030 - CMSIS Pack Vendor :STMicroelectronics FP-SNS-SMARTAG2 1.2.0
2023-09-30 22:25:26,321 [INFO] ThirdParty:1030 - CMSIS Pack Vendor :STMicroelectronics X-CUBE-AZRTOS-WL 2.0.0
2023-09-30 22:25:26,321 [INFO] ThirdParty:1030 - CMSIS Pack Vendor :STMicroelectronics X-CUBE-DISPLAY 1.0.0
2023-09-30 22:25:26,321 [INFO] ThirdParty:1030 - CMSIS Pack Vendor :STMicroelectronics USB_DEVICE 1.0.0
2023-09-30 22:25:26,321 [INFO] ThirdParty:1030 - CMSIS Pack Vendor :STMicroelectronics X-CUBE-AI 8.1.0
2023-09-30 22:25:26,321 [INFO] ThirdParty:1030 - CMSIS Pack Vendor :STMicroelectronics X-CUBE-AI 6.0.0
2023-09-30 22:25:26,321 [INFO] ThirdParty:1030 - CMSIS Pack Vendor :STMicroelectronics X-CUBE-ALGOBUILD 1.2.0
2023-09-30 22:25:26,321 [INFO] ThirdParty:1030 - CMSIS Pack Vendor :STMicroelectronics X-CUBE-AZRTOS-G0 1.0.0
2023-09-30 22:25:26,322 [INFO] ThirdParty:1030 - CMSIS Pack Vendor :STMicroelectronics X-CUBE-AZRTOS-L4 2.0.0
2023-09-30 22:25:26,322 [INFO] ThirdParty:1030 - CMSIS Pack Vendor :STMicroelectronics ThreadX 0.0.2
2023-09-30 22:25:26,322 [INFO] ThirdParty:1030 - CMSIS Pack Vendor :WES I-CUBE-Cesium 1.3.0
2023-09-30 22:25:26,322 [INFO] ThirdParty:1030 - CMSIS Pack Vendor :STMicroelectronics lwIP 2.1.2
2023-09-30 22:25:26,322 [INFO] ThirdParty:1030 - CMSIS Pack Vendor :STMicroelectronics X-CUBE-SFXS2LP1 4.0.0
2023-09-30 22:25:26,322 [INFO] ThirdParty:1030 - CMSIS Pack Vendor :STMicroelectronics X-CUBE-BLE2 3.3.0
2023-09-30 22:25:26,322 [INFO] ThirdParty:1030 - CMSIS Pack Vendor :STMicroelectronics X-CUBE-DISPLAY 2.2.0
2023-09-30 22:25:26,322 [INFO] ThirdParty:1030 - CMSIS Pack Vendor :STMicroelectronics X-CUBE-TOF1 3.2.0
2023-09-30 22:25:26,322 [INFO] ThirdParty:1030 - CMSIS Pack Vendor :wolfSSL I-CUBE-wolfSSL 4.7.0
2023-09-30 22:25:26,322 [INFO] ThirdParty:1030 - CMSIS Pack Vendor :STMicroelectronics PDM2PCM 3.2.0
2023-09-30 22:25:26,322 [INFO] ThirdParty:1030 - CMSIS Pack Vendor :STMicroelectronics X-CUBE-AZRTOS-H7 3.0.0
2023-09-30 22:25:26,322 [INFO] ThirdParty:1030 - CMSIS Pack Vendor :STMicroelectronics X-CUBE-ISPU 1.1.0
2023-09-30 22:25:26,322 [INFO] ThirdParty:1030 - CMSIS Pack Vendor :RoweBots I-CUBE-UNISONRTOS 5.5.0-4
2023-09-30 22:25:26,322 [INFO] ThirdParty:1030 - CMSIS Pack Vendor :STMicroelectronics X-CUBE-SFXS2LP1 3.0.0
2023-09-30 22:25:26,322 [INFO] ThirdParty:1030 - CMSIS Pack Vendor :STMicroelectronics X-CUBE-AZRTOS-H7 2.1.0
2023-09-30 22:25:26,322 [INFO] ThirdParty:1030 - CMSIS Pack Vendor :STMicroelectronics USB_DEVICE 3.0.0
2023-09-30 22:25:26,322 [INFO] ThirdParty:1030 - CMSIS Pack Vendor :STMicroelectronics X-CUBE-AI 8.0.0
2023-09-30 22:25:26,322 [INFO] ThirdParty:1030 - CMSIS Pack Vendor :STMicroelectronics X-CUBE-AZRTOS-WB 2.0.0
2023-09-30 22:25:26,322 [INFO] ThirdParty:1030 - CMSIS Pack Vendor :STMicroelectronics X-CUBE-FREERTOS 1.0.0
2023-09-30 22:25:26,322 [INFO] ThirdParty:1030 - CMSIS Pack Vendor :STMicroelectronics X-CUBE-FREERTOS 1.0.1
2023-09-30 22:25:26,322 [INFO] ThirdParty:1030 - CMSIS Pack Vendor :STMicroelectronics X-CUBE-TOUCHGFX 4.21.1
2023-09-30 22:25:26,322 [INFO] ThirdParty:1030 - CMSIS Pack Vendor :STMicroelectronics X-CUBE-TOUCHGFX 4.21.0
2023-09-30 22:25:26,323 [INFO] ThirdParty:1030 - CMSIS Pack Vendor :STMicroelectronics X-CUBE-TOUCHGFX 4.21.4
2023-09-30 22:25:26,323 [INFO] ThirdParty:1030 - CMSIS Pack Vendor :STMicroelectronics X-CUBE-MEMS1 9.4.0
2023-09-30 22:25:26,323 [INFO] ThirdParty:1030 - CMSIS Pack Vendor :STMicroelectronics X-CUBE-AI 7.3.0
2023-09-30 22:25:26,323 [INFO] ThirdParty:1030 - CMSIS Pack Vendor :STMicroelectronics X-CUBE-ALGOBUILD 1.3.0
2023-09-30 22:25:26,323 [INFO] ThirdParty:1030 - CMSIS Pack Vendor :STMicroelectronics X-CUBE-AZRTOS-L5 1.1.0
2023-09-30 22:25:26,323 [INFO] ThirdParty:1030 - CMSIS Pack Vendor :STMicroelectronics X-CUBE-AZRTOS-G0 1.1.0
2023-09-30 22:25:26,323 [INFO] ThirdParty:1030 - CMSIS Pack Vendor :STMicroelectronics X-CUBE-AI 8.0.1
2023-09-30 22:25:26,323 [INFO] ThirdParty:1030 - CMSIS Pack Vendor :STMicroelectronics X-CUBE-NFC4 3.0.0
2023-09-30 22:25:26,323 [INFO] ThirdParty:1030 - CMSIS Pack Vendor :SEGGER I-CUBE-embOS 1.2.0
2023-09-30 22:25:26,323 [INFO] ThirdParty:1030 - CMSIS Pack Vendor :STMicroelectronics X-CUBE-SUBG2 5.0.0
2023-09-30 22:25:26,323 [INFO] ThirdParty:1030 - CMSIS Pack Vendor :STMicroelectronics STM32_WPAN 1.0.0
2023-09-30 22:25:26,323 [INFO] ThirdParty:1030 - CMSIS Pack Vendor :STMicroelectronics lwIP 2.0.3
2023-09-30 22:25:26,323 [INFO] ThirdParty:1030 - CMSIS Pack Vendor :STMicroelectronics USB_HOST 1.0.0
2023-09-30 22:25:26,323 [INFO] ThirdParty:1030 - CMSIS Pack Vendor :STMicroelectronics X-CUBE-TOF1 3.3.1
2023-09-30 22:25:26,323 [INFO] ThirdParty:1030 - CMSIS Pack Vendor :STMicroelectronics X-CUBE-AZRTOS-G4 2.0.0
2023-09-30 22:25:26,323 [INFO] ThirdParty:1030 - CMSIS Pack Vendor :STMicroelectronics PDM2PCM 3.1.0
2023-09-30 22:25:26,323 [INFO] ThirdParty:1030 - CMSIS Pack Vendor :STMicroelectronics X-CUBE-TOF1 3.3.0
2023-09-30 22:25:26,323 [INFO] ThirdParty:1030 - CMSIS Pack Vendor :STMicroelectronics FP-ATR-ASTRA1 1.1.1
2023-09-30 22:25:26,323 [INFO] ThirdParty:1030 - CMSIS Pack Vendor :STMicroelectronics X-CUBE-BLEMGR 1.3.0
2023-09-30 22:25:26,323 [INFO] ThirdParty:1030 - CMSIS Pack Vendor :STMicroelectronics FP-ATR-SIGFOX1 3.2.0
2023-09-30 22:25:26,323 [INFO] ThirdParty:1030 - CMSIS Pack Vendor :STMicroelectronics X-CUBE-AZRTOS-G4 1.0.0
2023-09-30 22:25:26,323 [INFO] ThirdParty:1030 - CMSIS Pack Vendor :wolfSSL I-CUBE-wolfSSL 5.3.0
2023-09-30 22:25:26,323 [INFO] ThirdParty:1030 - CMSIS Pack Vendor :STMicroelectronics X-CUBE-AZRTOS-L4 1.0.0
2023-09-30 22:25:26,323 [INFO] ThirdParty:1030 - CMSIS Pack Vendor :STMicroelectronics MBEDTLS 2.16.2
2023-09-30 22:25:26,323 [INFO] ThirdParty:1030 - CMSIS Pack Vendor :emotas I-CUBE-CANOPEN 1.1.2
2023-09-30 22:25:26,323 [INFO] ThirdParty:1030 - CMSIS Pack Vendor :STMicroelectronics X-CUBE-TOUCHGFX 4.20.0
2023-09-30 22:25:26,324 [INFO] ThirdParty:1030 - CMSIS Pack Vendor :STMicroelectronics X-CUBE-FREERTOS 1.1.0
2023-09-30 22:25:26,324 [INFO] ThirdParty:1030 - CMSIS Pack Vendor :STMicroelectronics X-CUBE-AZRTOS-F7 1.0.0
2023-09-30 22:25:26,324 [INFO] ThirdParty:1030 - CMSIS Pack Vendor :STMicroelectronics X-CUBE-AZRTOS-WL 1.0.0
2023-09-30 22:25:26,324 [INFO] ThirdParty:1030 - CMSIS Pack Vendor :STMicroelectronics X-CUBE-TOF1 1.0.0
2023-09-30 22:25:26,324 [INFO] ThirdParty:1030 - CMSIS Pack Vendor :portGmbH I-Cube-SoM-uGOAL 1.1.0
2023-09-30 22:25:26,324 [INFO] ThirdParty:1030 - CMSIS Pack Vendor :STMicroelectronics X-CUBE-ALS 1.0.1
2023-09-30 22:25:26,324 [INFO] ThirdParty:1030 - CMSIS Pack Vendor :STMicroelectronics X-CUBE-MEMS1 9.5.0
2023-09-30 22:25:26,324 [INFO] ThirdParty:1030 - CMSIS Pack Vendor :STMicroelectronics ThreadX 1.0.0
2023-09-30 22:25:26,324 [INFO] ThirdParty:1030 - CMSIS Pack Vendor :STMicroelectronics X-CUBE-AZRTOS-WB 1.1.0
2023-09-30 22:25:26,324 [INFO] ThirdParty:1030 - CMSIS Pack Vendor :SEGGER I-CUBE-embOS 1.3.1
2023-09-30 22:25:26,324 [INFO] ThirdParty:1030 - CMSIS Pack Vendor :STMicroelectronics X-CUBE-MEMS1 8.3.0
2023-09-30 22:25:26,324 [INFO] ThirdParty:1030 - CMSIS Pack Vendor :STMicroelectronics X-CUBE-AZRTOS-L5 1.0.0
2023-09-30 22:25:26,324 [INFO] ThirdParty:1030 - CMSIS Pack Vendor :STMicroelectronics X-CUBE-EEPRMA1 3.1.1
2023-09-30 22:25:26,324 [INFO] ThirdParty:1030 - CMSIS Pack Vendor :STMicroelectronics X-CUBE-GNSS1 5.2.0
2023-09-30 22:25:26,324 [INFO] ThirdParty:1030 - CMSIS Pack Vendor :STMicroelectronics FP-ATR-ASTRA1 2.0.0
2023-09-30 22:25:26,324 [INFO] ThirdParty:1030 - CMSIS Pack Vendor :STMicroelectronics X-CUBE-TOUCHGFX 4.16.1
2023-09-30 22:25:26,324 [INFO] ThirdParty:1030 - CMSIS Pack Vendor :STMicroelectronics X-CUBE-TOF1 3.0.0
2023-09-30 22:25:26,324 [INFO] ThirdParty:841 - exiting critical section [change project]
2023-09-30 22:25:26,603 [INFO] PinOutPanel:1499 - setPackage(No Configuration,No Configuration)
2023-09-30 22:25:26,605 [INFO] PinOutPanel:1499 - setPackage(STM32F411RETx,LQFP64)
2023-09-30 22:25:27,004 [INFO] UtilMem:75 - Before build in PCC Used Memory: 541006408 Bytes (1073741824)
2023-09-30 22:25:27,574 [INFO] UtilMem:75 - After build in PCC Used Memory: 620698184 Bytes (1073741824)
2023-09-30 22:25:27,603 [INFO] IPUIPlugin:80 - create IPUIPlugin
2023-09-30 22:25:27,603 [INFO] IPUIPlugin:80 - create IPUIPlugin
2023-09-30 22:25:27,603 [INFO] IPUIPlugin:80 - create IPUIPlugin
2023-09-30 22:25:27,603 [INFO] IPUIPlugin:80 - create IPUIPlugin
2023-09-30 22:25:27,603 [INFO] IPUIPlugin:80 - create IPUIPlugin
2023-09-30 22:25:27,603 [INFO] IPUIPlugin:80 - create IPUIPlugin
2023-09-30 22:25:27,603 [INFO] IPUIPlugin:80 - create IPUIPlugin
2023-09-30 22:25:27,603 [INFO] IPUIPlugin:80 - create IPUIPlugin
2023-09-30 22:25:27,604 [INFO] IPUIPlugin:80 - create IPUIPlugin
2023-09-30 22:25:27,604 [INFO] IPUIPlugin:80 - create IPUIPlugin
2023-09-30 22:25:27,604 [INFO] IPUIPlugin:80 - create IPUIPlugin
2023-09-30 22:25:27,604 [INFO] IPUIPlugin:80 - create IPUIPlugin
2023-09-30 22:25:27,604 [INFO] IPUIPlugin:80 - create IPUIPlugin
2023-09-30 22:25:27,604 [INFO] IPUIPlugin:80 - create IPUIPlugin
2023-09-30 22:25:27,604 [INFO] IPUIPlugin:80 - create IPUIPlugin
2023-09-30 22:25:27,604 [INFO] IPUIPlugin:80 - create IPUIPlugin
2023-09-30 22:25:27,605 [INFO] IPUIPlugin:80 - create IPUIPlugin
2023-09-30 22:25:27,605 [INFO] IPUIPlugin:80 - create IPUIPlugin
2023-09-30 22:25:27,605 [INFO] IPUIPlugin:80 - create IPUIPlugin
2023-09-30 22:25:27,605 [INFO] IPUIPlugin:80 - create IPUIPlugin
2023-09-30 22:25:27,605 [INFO] IPUIPlugin:80 - create IPUIPlugin
2023-09-30 22:25:27,605 [INFO] IPUIPlugin:80 - create IPUIPlugin
2023-09-30 22:25:27,606 [INFO] IPUIPlugin:80 - create IPUIPlugin
2023-09-30 22:25:27,606 [INFO] IPUIPlugin:80 - create IPUIPlugin
2023-09-30 22:25:27,606 [INFO] IPUIPlugin:80 - create IPUIPlugin
2023-09-30 22:25:27,606 [INFO] IPUIPlugin:80 - create IPUIPlugin
2023-09-30 22:25:27,607 [INFO] IPUIPlugin:80 - create IPUIPlugin
2023-09-30 22:25:27,607 [INFO] IPUIPlugin:80 - create IPUIPlugin
2023-09-30 22:25:27,607 [INFO] IPUIPlugin:80 - create IPUIPlugin
2023-09-30 22:25:27,607 [INFO] IPUIPlugin:80 - create IPUIPlugin
2023-09-30 22:25:27,607 [INFO] IPUIPlugin:80 - create IPUIPlugin
2023-09-30 22:25:27,607 [INFO] IPUIPlugin:80 - create IPUIPlugin
2023-09-30 22:25:27,608 [INFO] IPUIPlugin:80 - create IPUIPlugin
2023-09-30 22:25:27,608 [INFO] IPUIPlugin:80 - create IPUIPlugin
2023-09-30 22:25:27,608 [INFO] IPUIPlugin:80 - create IPUIPlugin
2023-09-30 22:25:27,608 [INFO] IPUIPlugin:80 - create IPUIPlugin
2023-09-30 22:25:27,609 [INFO] IPUIPlugin:80 - create IPUIPlugin
2023-09-30 22:25:27,609 [INFO] IPUIPlugin:80 - create IPUIPlugin
2023-09-30 22:25:27,609 [INFO] IPUIPlugin:80 - create IPUIPlugin
2023-09-30 22:25:27,610 [INFO] IPUIPlugin:80 - create IPUIPlugin
2023-09-30 22:25:27,610 [INFO] IPUIPlugin:80 - create IPUIPlugin
2023-09-30 22:25:27,611 [INFO] IPUIPlugin:80 - create IPUIPlugin
2023-09-30 22:25:27,611 [INFO] IPUIPlugin:80 - create IPUIPlugin
2023-09-30 22:25:27,664 [INFO] ApiDbMcu:507 - Load IP Config File for PDM2PCM
2023-09-30 22:25:27,928 [INFO] CADModel:165 - CPN selected for project levelSTM32F411RET6
2023-09-30 22:25:27,928 [INFO] CADModel:114 - Register for checkConnection events
2023-09-30 22:25:27,982 [INFO] OpenFileManager:328 - Restore cursor
2023-09-30 22:26:30,743 [INFO] Gpio:273 - dependency for GPIO [RCC, SYS]
2023-09-30 22:26:35,213 [INFO] Gpio:273 - dependency for GPIO [RCC, SYS]
2023-09-30 22:27:18,933 [INFO] UtilMem:75 - End SaveConfig() Used Memory: 846462224 Bytes (1073741824)
2023-09-30 22:27:22,255 [INFO] UtilMem:75 - End SaveConfig() Used Memory: 584190584 Bytes (1073741824)
2023-09-30 22:27:22,806 [INFO] BlockDiagram:2759 - set Specific Code input for plugin: NVIC
2023-09-30 22:27:22,806 [INFO] BlockDiagram:2759 - set Specific Code input for plugin: TIM1_8
2023-09-30 22:27:22,806 [INFO] BlockDiagram:2759 - set Specific Code input for plugin: TIM1_8
2023-09-30 22:27:22,806 [INFO] BlockDiagram:2759 - set Specific Code input for plugin: SYS
2023-09-30 22:27:22,807 [INFO] BlockDiagram:2759 - set Specific Code input for plugin: GPIO
2023-09-30 22:27:22,807 [INFO] BlockDiagram:2759 - set Specific Code input for plugin: RCC
2023-09-30 22:27:22,809 [INFO] CodeGenerator:799 - code generatio: config db path: C:\ST\STM32CubeIDE_1.13.2\STM32CubeIDE\plugins\com.st.stm32cube.common.mx_6.9.2.202309101412\\db\
2023-09-30 22:27:23,040 [INFO] CodeEngine:255 - oldGeneratedFile, C:\Users\57310\STM32CubeIDE\workspace_1.10.1_411\Laboratorio_1.7_TIMER_1_1\MXTmpFiles\license.tmp_save
2023-09-30 22:27:23,388 [INFO] CodeEngine:279 - Generated code: C:\Users\57310\STM32CubeIDE\workspace_1.10.1_411\Laboratorio_1.7_TIMER_1_1\MXTmpFiles\license.tmp
2023-09-30 22:27:23,453 [INFO] CodeEngine:255 - oldGeneratedFile, C:\Users\57310\STM32CubeIDE\workspace_1.10.1_411\Laboratorio_1.7_TIMER_1_1\MXTmpFiles\gpio.tmp_save
2023-09-30 22:27:23,569 [INFO] CodeEngine:279 - Generated code: C:\Users\57310\STM32CubeIDE\workspace_1.10.1_411\Laboratorio_1.7_TIMER_1_1\MXTmpFiles\gpio.tmp
2023-09-30 22:27:23,667 [INFO] CodeEngine:255 - oldGeneratedFile, C:\Users\57310\STM32CubeIDE\workspace_1.10.1_411\Laboratorio_1.7_TIMER_1_1\Core\Src\stm32f4xx_it.c_save
2023-09-30 22:27:23,802 [INFO] CodeEngine:279 - Generated code: C:\Users\57310\STM32CubeIDE\workspace_1.10.1_411\Laboratorio_1.7_TIMER_1_1\Core\Src\stm32f4xx_it.c
2023-09-30 22:27:23,812 [INFO] CodeEngine:255 - oldGeneratedFile, C:\Users\57310\STM32CubeIDE\workspace_1.10.1_411\Laboratorio_1.7_TIMER_1_1\Core\Inc\stm32f4xx_it.h_save
2023-09-30 22:27:23,888 [INFO] CodeEngine:279 - Generated code: C:\Users\57310\STM32CubeIDE\workspace_1.10.1_411\Laboratorio_1.7_TIMER_1_1\Core\Inc\stm32f4xx_it.h
2023-09-30 22:27:23,908 [INFO] CodeEngine:255 - oldGeneratedFile, C:\Users\57310\STM32CubeIDE\workspace_1.10.1_411\Laboratorio_1.7_TIMER_1_1\Core\Src\stm32f4xx_hal_msp.c_save
2023-09-30 22:27:24,021 [INFO] CodeEngine:279 - Generated code: C:\Users\57310\STM32CubeIDE\workspace_1.10.1_411\Laboratorio_1.7_TIMER_1_1\Core\Src\stm32f4xx_hal_msp.c
2023-09-30 22:27:24,028 [INFO] CodeEngine:255 - oldGeneratedFile, C:\Users\57310\STM32CubeIDE\workspace_1.10.1_411\Laboratorio_1.7_TIMER_1_1\MXTmpFiles\system.tmp_save
2023-09-30 22:27:24,086 [INFO] CodeEngine:279 - Generated code: C:\Users\57310\STM32CubeIDE\workspace_1.10.1_411\Laboratorio_1.7_TIMER_1_1\MXTmpFiles\system.tmp
2023-09-30 22:27:24,100 [INFO] CodeEngine:311 - oldGeneratedFile, C:\Users\57310\STM32CubeIDE\workspace_1.10.1_411\Laboratorio_1.7_TIMER_1_1\Core\Inc\stm32f4xx_hal_conf.h_save
2023-09-30 22:27:24,175 [INFO] CodeEngine:335 - Generated code: C:\Users\57310\STM32CubeIDE\workspace_1.10.1_411\Laboratorio_1.7_TIMER_1_1\Core\Inc\stm32f4xx_hal_conf.h
2023-09-30 22:27:24,202 [WARN] IPConfigManager:3431 - IP not found : TIM
2023-09-30 22:27:24,203 [WARN] CodeGenerator:3764 - IP not found : null
2023-09-30 22:27:24,214 [INFO] CodeEngine:255 - oldGeneratedFile, C:\Users\57310\STM32CubeIDE\workspace_1.10.1_411\Laboratorio_1.7_TIMER_1_1\Core\Inc\main.h_save
2023-09-30 22:27:24,293 [INFO] CodeEngine:279 - Generated code: C:\Users\57310\STM32CubeIDE\workspace_1.10.1_411\Laboratorio_1.7_TIMER_1_1\Core\Inc\main.h
2023-09-30 22:27:24,305 [INFO] CodeEngine:255 - oldGeneratedFile, C:\Users\57310\STM32CubeIDE\workspace_1.10.1_411\Laboratorio_1.7_TIMER_1_1\Core\Src\main.c_save
2023-09-30 22:27:24,448 [INFO] CodeEngine:279 - Generated code: C:\Users\57310\STM32CubeIDE\workspace_1.10.1_411\Laboratorio_1.7_TIMER_1_1\Core\Src\main.c
2023-09-30 22:27:25,147 [INFO] ProjectBuilder:3064 - Time for Copy HAL[1] : 261mS.
2023-09-30 22:27:25,156 [INFO] ProjectBuilder:4404 - Project Generator version: 4.1.0
2023-09-30 22:27:25,469 [INFO] ConfigFileManager:1457 - The Die is : DIE431
2023-09-30 22:27:25,476 [INFO] ApiDbMcu:507 - Load IP Config File for FATFS
2023-09-30 22:27:25,480 [INFO] ApiDbMcu:507 - Load IP Config File for FREERTOS
2023-09-30 22:27:25,483 [INFO] ApiDbMcu:507 - Load IP Config File for LIBJPEG
2023-09-30 22:27:25,488 [INFO] ApiDbMcu:507 - Load IP Config File for MBEDTLS
2023-09-30 22:27:25,495 [INFO] ApiDbMcu:507 - Load IP Config File for USB_DEVICE
2023-09-30 22:27:25,498 [INFO] ApiDbMcu:507 - Load IP Config File for USB_HOST
2023-09-30 22:27:26,370 [INFO] LogOutputStream:77 - [STDOUT_REDIRECT] 
2023-09-30 22:27:27,660 [INFO] ProjectBuilder:4626 - Time for Generating toolchain IDE Files: 2504mS.
2023-09-30 22:27:27,662 [INFO] ProjectBuilder:2935 - Time for Copy CMSIS : 1mS.
2023-09-30 22:27:27,677 [INFO] ProjectBuilder:2935 - Time for Copy CMSIS : 0mS.
2023-09-30 22:32:35,632 [INFO] UtilMem:75 - End SaveConfig() Used Memory: 571176776 Bytes (1073741824)
2023-09-30 22:32:38,610 [INFO] UtilMem:75 - End SaveConfig() Used Memory: 638807880 Bytes (1073741824)
2023-09-30 22:32:38,902 [INFO] BlockDiagram:2759 - set Specific Code input for plugin: NVIC
2023-09-30 22:32:38,902 [INFO] BlockDiagram:2759 - set Specific Code input for plugin: TIM1_8
2023-09-30 22:32:38,902 [INFO] BlockDiagram:2759 - set Specific Code input for plugin: TIM1_8
2023-09-30 22:32:38,902 [INFO] BlockDiagram:2759 - set Specific Code input for plugin: SYS
2023-09-30 22:32:38,903 [INFO] BlockDiagram:2759 - set Specific Code input for plugin: GPIO
2023-09-30 22:32:38,903 [INFO] BlockDiagram:2759 - set Specific Code input for plugin: RCC
2023-09-30 22:32:38,904 [INFO] CodeGenerator:799 - code generatio: config db path: C:\ST\STM32CubeIDE_1.13.2\STM32CubeIDE\plugins\com.st.stm32cube.common.mx_6.9.2.202309101412\\db\
2023-09-30 22:32:39,034 [INFO] CodeEngine:255 - oldGeneratedFile, C:\Users\57310\STM32CubeIDE\workspace_1.10.1_411\Laboratorio_1.7_TIMER_1_1\MXTmpFiles\license.tmp_save
2023-09-30 22:32:39,116 [INFO] CodeEngine:279 - Generated code: C:\Users\57310\STM32CubeIDE\workspace_1.10.1_411\Laboratorio_1.7_TIMER_1_1\MXTmpFiles\license.tmp
2023-09-30 22:32:39,139 [INFO] CodeEngine:255 - oldGeneratedFile, C:\Users\57310\STM32CubeIDE\workspace_1.10.1_411\Laboratorio_1.7_TIMER_1_1\MXTmpFiles\gpio.tmp_save
2023-09-30 22:32:39,200 [INFO] CodeEngine:279 - Generated code: C:\Users\57310\STM32CubeIDE\workspace_1.10.1_411\Laboratorio_1.7_TIMER_1_1\MXTmpFiles\gpio.tmp
2023-09-30 22:32:39,284 [INFO] CodeEngine:255 - oldGeneratedFile, C:\Users\57310\STM32CubeIDE\workspace_1.10.1_411\Laboratorio_1.7_TIMER_1_1\Core\Src\stm32f4xx_it.c_save
2023-09-30 22:32:39,407 [INFO] CodeEngine:279 - Generated code: C:\Users\57310\STM32CubeIDE\workspace_1.10.1_411\Laboratorio_1.7_TIMER_1_1\Core\Src\stm32f4xx_it.c
2023-09-30 22:32:39,415 [INFO] CodeEngine:255 - oldGeneratedFile, C:\Users\57310\STM32CubeIDE\workspace_1.10.1_411\Laboratorio_1.7_TIMER_1_1\Core\Inc\stm32f4xx_it.h_save
2023-09-30 22:32:39,471 [INFO] CodeEngine:279 - Generated code: C:\Users\57310\STM32CubeIDE\workspace_1.10.1_411\Laboratorio_1.7_TIMER_1_1\Core\Inc\stm32f4xx_it.h
2023-09-30 22:32:39,488 [INFO] CodeEngine:255 - oldGeneratedFile, C:\Users\57310\STM32CubeIDE\workspace_1.10.1_411\Laboratorio_1.7_TIMER_1_1\Core\Src\stm32f4xx_hal_msp.c_save
2023-09-30 22:32:39,649 [INFO] CodeEngine:279 - Generated code: C:\Users\57310\STM32CubeIDE\workspace_1.10.1_411\Laboratorio_1.7_TIMER_1_1\Core\Src\stm32f4xx_hal_msp.c
2023-09-30 22:32:39,655 [INFO] CodeEngine:255 - oldGeneratedFile, C:\Users\57310\STM32CubeIDE\workspace_1.10.1_411\Laboratorio_1.7_TIMER_1_1\MXTmpFiles\system.tmp_save
2023-09-30 22:32:39,703 [INFO] CodeEngine:279 - Generated code: C:\Users\57310\STM32CubeIDE\workspace_1.10.1_411\Laboratorio_1.7_TIMER_1_1\MXTmpFiles\system.tmp
2023-09-30 22:32:39,717 [INFO] CodeEngine:311 - oldGeneratedFile, C:\Users\57310\STM32CubeIDE\workspace_1.10.1_411\Laboratorio_1.7_TIMER_1_1\Core\Inc\stm32f4xx_hal_conf.h_save
2023-09-30 22:32:39,773 [INFO] CodeEngine:335 - Generated code: C:\Users\57310\STM32CubeIDE\workspace_1.10.1_411\Laboratorio_1.7_TIMER_1_1\Core\Inc\stm32f4xx_hal_conf.h
2023-09-30 22:32:39,792 [WARN] IPConfigManager:3431 - IP not found : TIM
2023-09-30 22:32:39,793 [WARN] CodeGenerator:3764 - IP not found : null
2023-09-30 22:32:39,805 [INFO] CodeEngine:255 - oldGeneratedFile, C:\Users\57310\STM32CubeIDE\workspace_1.10.1_411\Laboratorio_1.7_TIMER_1_1\Core\Inc\main.h_save
2023-09-30 22:32:39,862 [INFO] CodeEngine:279 - Generated code: C:\Users\57310\STM32CubeIDE\workspace_1.10.1_411\Laboratorio_1.7_TIMER_1_1\Core\Inc\main.h
2023-09-30 22:32:39,870 [INFO] CodeEngine:255 - oldGeneratedFile, C:\Users\57310\STM32CubeIDE\workspace_1.10.1_411\Laboratorio_1.7_TIMER_1_1\Core\Src\main.c_save
2023-09-30 22:32:39,954 [INFO] CodeEngine:279 - Generated code: C:\Users\57310\STM32CubeIDE\workspace_1.10.1_411\Laboratorio_1.7_TIMER_1_1\Core\Src\main.c
2023-09-30 22:32:40,584 [INFO] ProjectBuilder:3064 - Time for Copy HAL[1] : 246mS.
2023-09-30 22:32:40,588 [INFO] ProjectBuilder:4404 - Project Generator version: 4.1.0
2023-09-30 22:32:40,806 [INFO] ConfigFileManager:1457 - The Die is : DIE431
2023-09-30 22:32:42,461 [INFO] ProjectBuilder:4626 - Time for Generating toolchain IDE Files: 1873mS.
2023-09-30 22:32:42,463 [INFO] ProjectBuilder:2935 - Time for Copy CMSIS : 2mS.
2023-09-30 22:32:42,469 [INFO] ProjectBuilder:2935 - Time for Copy CMSIS : 0mS.
2023-09-30 22:36:17,957 [INFO] Gpio:273 - dependency for GPIO [RCC, SYS]
2023-09-30 22:37:01,017 [INFO] NvicIntPanel:101 - NVIC parent = com.st.microxplorer.plugins.ip.nvic.MultiNvicIntPanel[,0,0,473x274,layout=javax.swing.BoxLayout,alignmentX=0.0,alignmentY=0.0,border=,flags=9,maximumSize=,minimumSize=,preferredSize=]
2023-09-30 22:37:13,471 [INFO] NvicIntPanel:101 - NVIC parent = com.st.microxplorer.plugins.ip.nvic.MultiNvicIntPanel[,0,0,0x0,invalid,layout=javax.swing.BoxLayout,alignmentX=0.0,alignmentY=0.0,border=,flags=9,maximumSize=,minimumSize=,preferredSize=]
2023-09-30 22:38:05,572 [INFO] Gpio:273 - dependency for GPIO [RCC, SYS]
2023-09-30 22:39:17,735 [INFO] UtilMem:75 - End SaveConfig() Used Memory: 888751728 Bytes (1073741824)
2023-09-30 22:39:20,158 [INFO] UtilMem:75 - End SaveConfig() Used Memory: 383438528 Bytes (1073741824)
2023-09-30 22:39:20,471 [INFO] BlockDiagram:2759 - set Specific Code input for plugin: NVIC
2023-09-30 22:39:20,471 [INFO] BlockDiagram:2759 - set Specific Code input for plugin: TIM1_8
2023-09-30 22:39:20,471 [INFO] BlockDiagram:2759 - set Specific Code input for plugin: TIM1_8
2023-09-30 22:39:20,471 [INFO] BlockDiagram:2759 - set Specific Code input for plugin: SYS
2023-09-30 22:39:20,471 [INFO] BlockDiagram:2759 - set Specific Code input for plugin: GPIO
2023-09-30 22:39:20,471 [INFO] BlockDiagram:2759 - set Specific Code input for plugin: RCC
2023-09-30 22:39:20,472 [INFO] CodeGenerator:799 - code generatio: config db path: C:\ST\STM32CubeIDE_1.13.2\STM32CubeIDE\plugins\com.st.stm32cube.common.mx_6.9.2.202309101412\\db\
2023-09-30 22:39:20,632 [INFO] CodeEngine:255 - oldGeneratedFile, C:\Users\57310\STM32CubeIDE\workspace_1.10.1_411\Laboratorio_1.7_TIMER_1_1\MXTmpFiles\license.tmp_save
2023-09-30 22:39:20,679 [INFO] CodeEngine:279 - Generated code: C:\Users\57310\STM32CubeIDE\workspace_1.10.1_411\Laboratorio_1.7_TIMER_1_1\MXTmpFiles\license.tmp
2023-09-30 22:39:20,695 [INFO] CodeEngine:255 - oldGeneratedFile, C:\Users\57310\STM32CubeIDE\workspace_1.10.1_411\Laboratorio_1.7_TIMER_1_1\MXTmpFiles\gpio.tmp_save
2023-09-30 22:39:20,743 [INFO] CodeEngine:279 - Generated code: C:\Users\57310\STM32CubeIDE\workspace_1.10.1_411\Laboratorio_1.7_TIMER_1_1\MXTmpFiles\gpio.tmp
2023-09-30 22:39:20,797 [INFO] CodeEngine:255 - oldGeneratedFile, C:\Users\57310\STM32CubeIDE\workspace_1.10.1_411\Laboratorio_1.7_TIMER_1_1\Core\Src\stm32f4xx_it.c_save
2023-09-30 22:39:20,884 [INFO] CodeEngine:279 - Generated code: C:\Users\57310\STM32CubeIDE\workspace_1.10.1_411\Laboratorio_1.7_TIMER_1_1\Core\Src\stm32f4xx_it.c
2023-09-30 22:39:20,892 [INFO] CodeEngine:255 - oldGeneratedFile, C:\Users\57310\STM32CubeIDE\workspace_1.10.1_411\Laboratorio_1.7_TIMER_1_1\Core\Inc\stm32f4xx_it.h_save
2023-09-30 22:39:20,947 [INFO] CodeEngine:279 - Generated code: C:\Users\57310\STM32CubeIDE\workspace_1.10.1_411\Laboratorio_1.7_TIMER_1_1\Core\Inc\stm32f4xx_it.h
2023-09-30 22:39:20,962 [INFO] CodeEngine:255 - oldGeneratedFile, C:\Users\57310\STM32CubeIDE\workspace_1.10.1_411\Laboratorio_1.7_TIMER_1_1\Core\Src\stm32f4xx_hal_msp.c_save
2023-09-30 22:39:21,039 [INFO] CodeEngine:279 - Generated code: C:\Users\57310\STM32CubeIDE\workspace_1.10.1_411\Laboratorio_1.7_TIMER_1_1\Core\Src\stm32f4xx_hal_msp.c
2023-09-30 22:39:21,044 [INFO] CodeEngine:255 - oldGeneratedFile, C:\Users\57310\STM32CubeIDE\workspace_1.10.1_411\Laboratorio_1.7_TIMER_1_1\MXTmpFiles\system.tmp_save
2023-09-30 22:39:21,091 [INFO] CodeEngine:279 - Generated code: C:\Users\57310\STM32CubeIDE\workspace_1.10.1_411\Laboratorio_1.7_TIMER_1_1\MXTmpFiles\system.tmp
2023-09-30 22:39:21,105 [INFO] CodeEngine:311 - oldGeneratedFile, C:\Users\57310\STM32CubeIDE\workspace_1.10.1_411\Laboratorio_1.7_TIMER_1_1\Core\Inc\stm32f4xx_hal_conf.h_save
2023-09-30 22:39:21,171 [INFO] CodeEngine:335 - Generated code: C:\Users\57310\STM32CubeIDE\workspace_1.10.1_411\Laboratorio_1.7_TIMER_1_1\Core\Inc\stm32f4xx_hal_conf.h
2023-09-30 22:39:21,192 [WARN] IPConfigManager:3431 - IP not found : TIM
2023-09-30 22:39:21,193 [WARN] CodeGenerator:3764 - IP not found : null
2023-09-30 22:39:21,204 [INFO] CodeEngine:255 - oldGeneratedFile, C:\Users\57310\STM32CubeIDE\workspace_1.10.1_411\Laboratorio_1.7_TIMER_1_1\Core\Inc\main.h_save
2023-09-30 22:39:21,262 [INFO] CodeEngine:279 - Generated code: C:\Users\57310\STM32CubeIDE\workspace_1.10.1_411\Laboratorio_1.7_TIMER_1_1\Core\Inc\main.h
2023-09-30 22:39:21,270 [INFO] CodeEngine:255 - oldGeneratedFile, C:\Users\57310\STM32CubeIDE\workspace_1.10.1_411\Laboratorio_1.7_TIMER_1_1\Core\Src\main.c_save
2023-09-30 22:39:21,351 [INFO] CodeEngine:279 - Generated code: C:\Users\57310\STM32CubeIDE\workspace_1.10.1_411\Laboratorio_1.7_TIMER_1_1\Core\Src\main.c
2023-09-30 22:39:21,861 [INFO] ProjectBuilder:3064 - Time for Copy HAL[1] : 234mS.
2023-09-30 22:39:21,866 [INFO] ProjectBuilder:4404 - Project Generator version: 4.1.0
2023-09-30 22:39:22,317 [INFO] ConfigFileManager:1457 - The Die is : DIE431
2023-09-30 22:39:23,573 [INFO] ProjectBuilder:4626 - Time for Generating toolchain IDE Files: 1707mS.
2023-09-30 22:39:23,574 [INFO] ProjectBuilder:2935 - Time for Copy CMSIS : 1mS.
2023-09-30 22:39:23,578 [INFO] ProjectBuilder:2935 - Time for Copy CMSIS : 0mS.
